[0.257s] DEBUG:colcon:Command line arguments: ['/usr/bin/colcon', 'build', '--packages-select', 'rrt_planner', '--symlink-install']
[0.258s] DEBUG:colcon:Parsed command line arguments: Namespace(allow_overriding=[], ament_cmake_args=None, base_paths=['.'], build_base='build', catkin_cmake_args=None, catkin_skip_building_tests=False, cmake_args=None, cmake_clean_cache=False, cmake_clean_first=False, cmake_force_configure=False, cmake_target=None, cmake_target_skip_unavailable=False, continue_on_error=False, event_handlers=None, executor='parallel', ignore_user_meta=False, install_base='install', log_base=None, log_level=None, main=<bound method BuildVerb.main of <colcon_core.verb.build.BuildVerb object at 0x7f4c57254490>>, merge_install=False, metas=['./colcon.meta'], packages_above=None, packages_above_and_dependencies=None, packages_above_depth=None, packages_end=None, packages_ignore=None, packages_ignore_regex=None, packages_select=['rrt_planner'], packages_select_build_failed=False, packages_select_by_dep=None, packages_select_regex=None, packages_select_test_failures=False, packages_skip=None, packages_skip_build_finished=False, packages_skip_by_dep=None, packages_skip_regex=None, packages_skip_test_passed=False, packages_skip_up_to=None, packages_start=None, packages_up_to=None, packages_up_to_regex=None, parallel_workers=7, paths=None, symlink_install=True, test_result_base=None, verb_extension=<colcon_core.verb.build.BuildVerb object at 0x7f4c57254490>, verb_name='build', verb_parser=<colcon_defaults.argument_parser.defaults.DefaultArgumentsDecorator object at 0x7f4c572549d0>)
[0.287s] Level 1:colcon.colcon_core.package_discovery:discover_packages(colcon_meta) check parameters
[0.287s] Level 1:colcon.colcon_core.package_discovery:discover_packages(recursive) check parameters
[0.287s] Level 1:colcon.colcon_core.package_discovery:discover_packages(ignore) check parameters
[0.287s] Level 1:colcon.colcon_core.package_discovery:discover_packages(path) check parameters
[0.287s] Level 1:colcon.colcon_core.package_discovery:discover_packages(colcon_meta) discover
[0.287s] Level 1:colcon.colcon_core.package_discovery:discover_packages(recursive) discover
[0.288s] INFO:colcon.colcon_core.package_discovery:Crawling recursively for packages in '/home/m076em/my_ws/src/minidrone'
[0.288s] Level 1:colcon.colcon_core.package_identification:_identify(.) by extensions ['ignore', 'ignore_ament_install']
[0.288s] Level 1:colcon.colcon_core.package_identification:_identify(.) by extension 'ignore'
[0.288s] Level 1:colcon.colcon_core.package_identification:_identify(.) by extension 'ignore_ament_install'
[0.288s] Level 1:colcon.colcon_core.package_identification:_identify(.) by extensions ['colcon_pkg']
[0.288s] Level 1:colcon.colcon_core.package_identification:_identify(.) by extension 'colcon_pkg'
[0.288s] Level 1:colcon.colcon_core.package_identification:_identify(.) by extensions ['colcon_meta']
[0.288s] Level 1:colcon.colcon_core.package_identification:_identify(.) by extension 'colcon_meta'
[0.288s] Level 1:colcon.colcon_core.package_identification:_identify(.) by extensions ['ros']
[0.288s] Level 1:colcon.colcon_core.package_identification:_identify(.) by extension 'ros'
[0.302s] Level 1:colcon.colcon_core.package_identification:_identify(.) by extensions ['cmake', 'python']
[0.302s] Level 1:colcon.colcon_core.package_identification:_identify(.) by extension 'cmake'
[0.302s] Level 1:colcon.colcon_core.package_identification:_identify(.) by extension 'python'
[0.302s] Level 1:colcon.colcon_core.package_identification:_identify(.) by extensions ['python_setup_py']
[0.302s] Level 1:colcon.colcon_core.package_identification:_identify(.) by extension 'python_setup_py'
[0.302s] Level 1:colcon.colcon_core.package_identification:_identify(build) by extensions ['ignore', 'ignore_ament_install']
[0.302s] Level 1:colcon.colcon_core.package_identification:_identify(build) by extension 'ignore'
[0.303s] Level 1:colcon.colcon_core.package_identification:_identify(build) ignored
[0.303s] Level 1:colcon.colcon_core.package_identification:_identify(docker) by extensions ['ignore', 'ignore_ament_install']
[0.303s] Level 1:colcon.colcon_core.package_identification:_identify(docker) by extension 'ignore'
[0.303s] Level 1:colcon.colcon_core.package_identification:_identify(docker) by extension 'ignore_ament_install'
[0.303s] Level 1:colcon.colcon_core.package_identification:_identify(docker) by extensions ['colcon_pkg']
[0.303s] Level 1:colcon.colcon_core.package_identification:_identify(docker) by extension 'colcon_pkg'
[0.303s] Level 1:colcon.colcon_core.package_identification:_identify(docker) by extensions ['colcon_meta']
[0.303s] Level 1:colcon.colcon_core.package_identification:_identify(docker) by extension 'colcon_meta'
[0.303s] Level 1:colcon.colcon_core.package_identification:_identify(docker) by extensions ['ros']
[0.303s] Level 1:colcon.colcon_core.package_identification:_identify(docker) by extension 'ros'
[0.303s] Level 1:colcon.colcon_core.package_identification:_identify(docker) by extensions ['cmake', 'python']
[0.303s] Level 1:colcon.colcon_core.package_identification:_identify(docker) by extension 'cmake'
[0.304s] Level 1:colcon.colcon_core.package_identification:_identify(docker) by extension 'python'
[0.304s] Level 1:colcon.colcon_core.package_identification:_identify(docker) by extensions ['python_setup_py']
[0.304s] Level 1:colcon.colcon_core.package_identification:_identify(docker) by extension 'python_setup_py'
[0.304s] Level 1:colcon.colcon_core.package_identification:_identify(install) by extensions ['ignore', 'ignore_ament_install']
[0.304s] Level 1:colcon.colcon_core.package_identification:_identify(install) by extension 'ignore'
[0.304s] Level 1:colcon.colcon_core.package_identification:_identify(install) ignored
[0.304s] Level 1:colcon.colcon_core.package_identification:_identify(log) by extensions ['ignore', 'ignore_ament_install']
[0.304s] Level 1:colcon.colcon_core.package_identification:_identify(log) by extension 'ignore'
[0.304s] Level 1:colcon.colcon_core.package_identification:_identify(log) ignored
[0.305s] Level 1:colcon.colcon_core.package_identification:_identify(minidrone_bringup) by extensions ['ignore', 'ignore_ament_install']
[0.305s] Level 1:colcon.colcon_core.package_identification:_identify(minidrone_bringup) by extension 'ignore'
[0.305s] Level 1:colcon.colcon_core.package_identification:_identify(minidrone_bringup) by extension 'ignore_ament_install'
[0.305s] Level 1:colcon.colcon_core.package_identification:_identify(minidrone_bringup) by extensions ['colcon_pkg']
[0.305s] Level 1:colcon.colcon_core.package_identification:_identify(minidrone_bringup) by extension 'colcon_pkg'
[0.305s] Level 1:colcon.colcon_core.package_identification:_identify(minidrone_bringup) by extensions ['colcon_meta']
[0.305s] Level 1:colcon.colcon_core.package_identification:_identify(minidrone_bringup) by extension 'colcon_meta'
[0.305s] Level 1:colcon.colcon_core.package_identification:_identify(minidrone_bringup) by extensions ['ros']
[0.305s] Level 1:colcon.colcon_core.package_identification:_identify(minidrone_bringup) by extension 'ros'
[0.325s] DEBUG:colcon.colcon_core.package_identification:Package 'minidrone_bringup' with type 'ros.ament_python' and name 'minidrone_bringup'
[0.325s] Level 1:colcon.colcon_core.package_identification:_identify(rrt_planner) by extensions ['ignore', 'ignore_ament_install']
[0.325s] Level 1:colcon.colcon_core.package_identification:_identify(rrt_planner) by extension 'ignore'
[0.325s] Level 1:colcon.colcon_core.package_identification:_identify(rrt_planner) by extension 'ignore_ament_install'
[0.325s] Level 1:colcon.colcon_core.package_identification:_identify(rrt_planner) by extensions ['colcon_pkg']
[0.326s] Level 1:colcon.colcon_core.package_identification:_identify(rrt_planner) by extension 'colcon_pkg'
[0.326s] Level 1:colcon.colcon_core.package_identification:_identify(rrt_planner) by extensions ['colcon_meta']
[0.350s] Level 1:colcon.colcon_core.package_identification:_identify(rrt_planner) by extension 'colcon_meta'
[0.350s] Level 1:colcon.colcon_core.package_identification:_identify(rrt_planner) by extensions ['ros']
[0.350s] Level 1:colcon.colcon_core.package_identification:_identify(rrt_planner) by extension 'ros'
[0.351s] DEBUG:colcon.colcon_core.package_identification:Package 'rrt_planner' with type 'ros.ament_python' and name 'rrt_planner'
[0.352s] Level 1:colcon.colcon_core.package_discovery:discover_packages(recursive) using defaults
[0.352s] Level 1:colcon.colcon_core.package_discovery:discover_packages(ignore) discover
[0.352s] Level 1:colcon.colcon_core.package_discovery:discover_packages(ignore) using defaults
[0.352s] Level 1:colcon.colcon_core.package_discovery:discover_packages(path) discover
[0.352s] Level 1:colcon.colcon_core.package_discovery:discover_packages(path) using defaults
[0.386s] INFO:colcon.colcon_core.package_selection:Skipping not selected package 'minidrone_bringup' in 'minidrone_bringup'
[0.387s] Level 1:colcon.colcon_core.package_discovery:discover_packages(prefix_path) check parameters
[0.387s] Level 1:colcon.colcon_core.package_discovery:discover_packages(prefix_path) discover
[0.392s] DEBUG:colcon.colcon_installed_package_information.package_discovery:Found 1 installed packages in /home/m076em/my_ws/src/minidrone/install
[0.393s] DEBUG:colcon.colcon_installed_package_information.package_discovery:Found 7 installed packages in /home/m076em/my_ws/install
[0.400s] DEBUG:colcon.colcon_installed_package_information.package_discovery:Found 319 installed packages in /opt/ros/foxy
[0.402s] Level 1:colcon.colcon_core.package_discovery:discover_packages(prefix_path) using defaults
[0.469s] Level 5:colcon.colcon_core.verb:set package 'rrt_planner' build argument 'cmake_args' from command line to 'None'
[0.473s] Level 5:colcon.colcon_core.verb:set package 'rrt_planner' build argument 'cmake_target' from command line to 'None'
[0.473s] Level 5:colcon.colcon_core.verb:set package 'rrt_planner' build argument 'cmake_target_skip_unavailable' from command line to 'False'
[0.473s] Level 5:colcon.colcon_core.verb:set package 'rrt_planner' build argument 'cmake_clean_cache' from command line to 'False'
[0.473s] Level 5:colcon.colcon_core.verb:set package 'rrt_planner' build argument 'cmake_clean_first' from command line to 'False'
[0.473s] Level 5:colcon.colcon_core.verb:set package 'rrt_planner' build argument 'cmake_force_configure' from command line to 'False'
[0.473s] Level 5:colcon.colcon_core.verb:set package 'rrt_planner' build argument 'ament_cmake_args' from command line to 'None'
[0.473s] Level 5:colcon.colcon_core.verb:set package 'rrt_planner' build argument 'catkin_cmake_args' from command line to 'None'
[0.474s] Level 5:colcon.colcon_core.verb:set package 'rrt_planner' build argument 'catkin_skip_building_tests' from command line to 'False'
[0.474s] DEBUG:colcon.colcon_core.verb:Building package 'rrt_planner' with the following arguments: {'ament_cmake_args': None, 'build_base': '/home/m076em/my_ws/src/minidrone/build/rrt_planner', 'catkin_cmake_args': None, 'catkin_skip_building_tests': False, 'cmake_args': None, 'cmake_clean_cache': False, 'cmake_clean_first': False, 'cmake_force_configure': False, 'cmake_target': None, 'cmake_target_skip_unavailable': False, 'install_base': '/home/m076em/my_ws/src/minidrone/install/rrt_planner', 'merge_install': False, 'path': '/home/m076em/my_ws/src/minidrone/rrt_planner', 'symlink_install': True, 'test_result_base': None}
[0.474s] INFO:colcon.colcon_core.executor:Executing jobs using 'parallel' executor
[0.479s] DEBUG:colcon.colcon_parallel_executor.executor.parallel:run_until_complete
[0.480s] INFO:colcon.colcon_ros.task.ament_python.build:Building ROS package in '/home/m076em/my_ws/src/minidrone/rrt_planner' with build type 'ament_python'
[0.480s] Level 1:colcon.colcon_core.shell:create_environment_hook('rrt_planner', 'ament_prefix_path')
[0.488s] INFO:colcon.colcon_core.plugin_system:Skipping extension 'colcon_core.shell.bat': Not used on non-Windows systems
[0.488s] INFO:colcon.colcon_core.shell:Creating environment hook '/home/m076em/my_ws/src/minidrone/install/rrt_planner/share/rrt_planner/hook/ament_prefix_path.ps1'
[0.489s] INFO:colcon.colcon_core.shell:Creating environment descriptor '/home/m076em/my_ws/src/minidrone/install/rrt_planner/share/rrt_planner/hook/ament_prefix_path.dsv'
[0.490s] INFO:colcon.colcon_core.shell:Creating environment hook '/home/m076em/my_ws/src/minidrone/install/rrt_planner/share/rrt_planner/hook/ament_prefix_path.sh'
[0.492s] INFO:colcon.colcon_core.shell:Skip shell extension 'powershell' for command environment: Not usable outside of PowerShell
[0.492s] DEBUG:colcon.colcon_core.shell:Skip shell extension 'dsv' for command environment
[0.759s] INFO:colcon.colcon_core.task.python.build:Building Python package in '/home/m076em/my_ws/src/minidrone/rrt_planner'
[0.760s] INFO:colcon.colcon_core.shell:Skip shell extension 'powershell' for command environment: Not usable outside of PowerShell
[0.761s] DEBUG:colcon.colcon_core.shell:Skip shell extension 'dsv' for command environment
[1.226s] DEBUG:colcon.colcon_core.event_handler.log_command:Invoking command in '/home/m076em/my_ws/src/minidrone/build/rrt_planner': PYTHONPATH=/home/m076em/my_ws/src/minidrone/build/rrt_planner/prefix_override:/home/m076em/my_ws/src/minidrone/install/rrt_planner/lib/python3.8/site-packages:${PYTHONPATH} /usr/bin/python3 setup.py develop --editable --build-directory /home/m076em/my_ws/src/minidrone/build/rrt_planner/build --no-deps install_data
[1.816s] Level 1:colcon.colcon_core.shell:create_environment_hook('rrt_planner', 'pythonpath_develop')
[1.818s] INFO:colcon.colcon_core.shell:Creating environment hook '/home/m076em/my_ws/src/minidrone/build/rrt_planner/share/rrt_planner/hook/pythonpath_develop.ps1'
[1.820s] DEBUG:colcon.colcon_core.event_handler.log_command:Invoked command in '/home/m076em/my_ws/src/minidrone/build/rrt_planner' returned '0': PYTHONPATH=/home/m076em/my_ws/src/minidrone/build/rrt_planner/prefix_override:/home/m076em/my_ws/src/minidrone/install/rrt_planner/lib/python3.8/site-packages:${PYTHONPATH} /usr/bin/python3 setup.py develop --editable --build-directory /home/m076em/my_ws/src/minidrone/build/rrt_planner/build --no-deps install_data
[1.820s] INFO:colcon.colcon_core.shell:Creating environment descriptor '/home/m076em/my_ws/src/minidrone/build/rrt_planner/share/rrt_planner/hook/pythonpath_develop.dsv'
[1.822s] INFO:colcon.colcon_core.shell:Creating environment hook '/home/m076em/my_ws/src/minidrone/build/rrt_planner/share/rrt_planner/hook/pythonpath_develop.sh'
[1.837s] Level 1:colcon.colcon_core.environment:checking '/home/m076em/my_ws/src/minidrone/install/rrt_planner' for CMake module files
[1.839s] Level 1:colcon.colcon_core.environment:checking '/home/m076em/my_ws/src/minidrone/install/rrt_planner' for CMake config files
[1.840s] Level 1:colcon.colcon_core.environment:checking '/home/m076em/my_ws/src/minidrone/install/rrt_planner/lib'
[1.841s] Level 1:colcon.colcon_core.environment:checking '/home/m076em/my_ws/src/minidrone/install/rrt_planner/bin'
[1.841s] Level 1:colcon.colcon_core.environment:checking '/home/m076em/my_ws/src/minidrone/install/rrt_planner/lib/pkgconfig/rrt_planner.pc'
[1.843s] Level 1:colcon.colcon_core.environment:checking '/home/m076em/my_ws/src/minidrone/install/rrt_planner/lib/python3.8/site-packages'
[1.843s] Level 1:colcon.colcon_core.shell:create_environment_hook('rrt_planner', 'pythonpath')
[1.844s] INFO:colcon.colcon_core.shell:Creating environment hook '/home/m076em/my_ws/src/minidrone/install/rrt_planner/share/rrt_planner/hook/pythonpath.ps1'
[1.845s] INFO:colcon.colcon_core.shell:Creating environment descriptor '/home/m076em/my_ws/src/minidrone/install/rrt_planner/share/rrt_planner/hook/pythonpath.dsv'
[1.846s] INFO:colcon.colcon_core.shell:Creating environment hook '/home/m076em/my_ws/src/minidrone/install/rrt_planner/share/rrt_planner/hook/pythonpath.sh'
[1.851s] Level 1:colcon.colcon_core.environment:checking '/home/m076em/my_ws/src/minidrone/install/rrt_planner/bin'
[1.855s] Level 1:colcon.colcon_core.environment:create_environment_scripts_only(rrt_planner)
[1.858s] INFO:colcon.colcon_core.shell:Creating package script '/home/m076em/my_ws/src/minidrone/install/rrt_planner/share/rrt_planner/package.ps1'
[1.860s] INFO:colcon.colcon_core.shell:Creating package descriptor '/home/m076em/my_ws/src/minidrone/install/rrt_planner/share/rrt_planner/package.dsv'
[1.862s] INFO:colcon.colcon_core.shell:Creating package script '/home/m076em/my_ws/src/minidrone/install/rrt_planner/share/rrt_planner/package.sh'
[1.867s] INFO:colcon.colcon_core.shell:Creating package script '/home/m076em/my_ws/src/minidrone/install/rrt_planner/share/rrt_planner/package.bash'
[1.868s] INFO:colcon.colcon_core.shell:Creating package script '/home/m076em/my_ws/src/minidrone/install/rrt_planner/share/rrt_planner/package.zsh'
[1.872s] Level 1:colcon.colcon_core.environment:create_file_with_runtime_dependencies(/home/m076em/my_ws/src/minidrone/install/rrt_planner/share/colcon-core/packages/rrt_planner)
[1.873s] DEBUG:colcon.colcon_parallel_executor.executor.parallel:closing loop
[1.873s] DEBUG:colcon.colcon_parallel_executor.executor.parallel:loop closed
[1.875s] DEBUG:colcon.colcon_parallel_executor.executor.parallel:run_until_complete finished with '0'
[1.875s] DEBUG:colcon.colcon_core.event_reactor:joining thread
[1.887s] INFO:colcon.colcon_core.plugin_system:Skipping extension 'colcon_notification.desktop_notification.terminal_notifier': Not used on non-Darwin systems
[1.887s] INFO:colcon.colcon_core.plugin_system:Skipping extension 'colcon_notification.desktop_notification.win32': Not used on non-Windows systems
[1.887s] INFO:colcon.colcon_notification.desktop_notification:Sending desktop notification using 'notify2'
[1.921s] DEBUG:colcon.colcon_core.event_reactor:joined thread
[1.924s] INFO:colcon.colcon_core.shell:Creating prefix script '/home/m076em/my_ws/src/minidrone/install/local_setup.ps1'
[1.927s] INFO:colcon.colcon_core.shell:Creating prefix util module '/home/m076em/my_ws/src/minidrone/install/_local_setup_util_ps1.py'
[1.929s] INFO:colcon.colcon_core.shell:Creating prefix chain script '/home/m076em/my_ws/src/minidrone/install/setup.ps1'
[1.930s] INFO:colcon.colcon_core.shell:Creating prefix script '/home/m076em/my_ws/src/minidrone/install/local_setup.sh'
[1.931s] INFO:colcon.colcon_core.shell:Creating prefix util module '/home/m076em/my_ws/src/minidrone/install/_local_setup_util_sh.py'
[1.932s] INFO:colcon.colcon_core.shell:Creating prefix chain script '/home/m076em/my_ws/src/minidrone/install/setup.sh'
[1.933s] INFO:colcon.colcon_core.shell:Creating prefix script '/home/m076em/my_ws/src/minidrone/install/local_setup.bash'
[1.934s] INFO:colcon.colcon_core.shell:Creating prefix chain script '/home/m076em/my_ws/src/minidrone/install/setup.bash'
[1.940s] INFO:colcon.colcon_core.shell:Creating prefix script '/home/m076em/my_ws/src/minidrone/install/local_setup.zsh'
[1.947s] INFO:colcon.colcon_core.shell:Creating prefix chain script '/home/m076em/my_ws/src/minidrone/install/setup.zsh'
