[0.601s] Invoking command in '/home/m076em/my_ws/src/minidrone/rrt_planner': PYTHONPATH=/home/m076em/my_ws/src/minidrone/build/rrt_planner/prefix_override:/home/m076em/my_ws/src/minidrone/install/rrt_planner/lib/python3.8/site-packages:${PYTHONPATH} /usr/bin/python3 setup.py egg_info --egg-base ../build/rrt_planner build --build-base /home/m076em/my_ws/src/minidrone/build/rrt_planner/build install --record /home/m076em/my_ws/src/minidrone/build/rrt_planner/install.log --single-version-externally-managed
[0.817s] running egg_info
[0.817s] writing ../build/rrt_planner/rrt_planner.egg-info/PKG-INFO
[0.817s] writing dependency_links to ../build/rrt_planner/rrt_planner.egg-info/dependency_links.txt
[0.817s] writing entry points to ../build/rrt_planner/rrt_planner.egg-info/entry_points.txt
[0.820s] writing requirements to ../build/rrt_planner/rrt_planner.egg-info/requires.txt
[0.820s] writing top-level names to ../build/rrt_planner/rrt_planner.egg-info/top_level.txt
[0.853s] reading manifest file '../build/rrt_planner/rrt_planner.egg-info/SOURCES.txt'
[0.856s] writing manifest file '../build/rrt_planner/rrt_planner.egg-info/SOURCES.txt'
[0.856s] running build
[0.856s] running build_py
[0.856s] copying rrt_planner/Og_manager.py -> /home/m076em/my_ws/src/minidrone/build/rrt_planner/build/lib/rrt_planner
[0.857s] running install
[0.857s] running install_lib
[0.858s] copying /home/m076em/my_ws/src/minidrone/build/rrt_planner/build/lib/rrt_planner/Og_manager.py -> /home/m076em/my_ws/src/minidrone/install/rrt_planner/lib/python3.8/site-packages/rrt_planner
[0.859s] byte-compiling /home/m076em/my_ws/src/minidrone/install/rrt_planner/lib/python3.8/site-packages/rrt_planner/Og_manager.py to Og_manager.cpython-38.pyc
[0.861s] running install_data
[0.862s] running install_egg_info
[0.863s] removing '/home/m076em/my_ws/src/minidrone/install/rrt_planner/lib/python3.8/site-packages/rrt_planner-0.0.0-py3.8.egg-info' (and everything under it)
[0.863s] Copying ../build/rrt_planner/rrt_planner.egg-info to /home/m076em/my_ws/src/minidrone/install/rrt_planner/lib/python3.8/site-packages/rrt_planner-0.0.0-py3.8.egg-info
[0.864s] running install_scripts
[0.882s] Installing og_manager script to /home/m076em/my_ws/src/minidrone/install/rrt_planner/lib/rrt_planner
[0.883s] Installing path_creator script to /home/m076em/my_ws/src/minidrone/install/rrt_planner/lib/rrt_planner
[0.883s] writing list of installed files to '/home/m076em/my_ws/src/minidrone/build/rrt_planner/install.log'
[0.903s] Invoked command in '/home/m076em/my_ws/src/minidrone/rrt_planner' returned '0': PYTHONPATH=/home/m076em/my_ws/src/minidrone/build/rrt_planner/prefix_override:/home/m076em/my_ws/src/minidrone/install/rrt_planner/lib/python3.8/site-packages:${PYTHONPATH} /usr/bin/python3 setup.py egg_info --egg-base ../build/rrt_planner build --build-base /home/m076em/my_ws/src/minidrone/build/rrt_planner/build install --record /home/m076em/my_ws/src/minidrone/build/rrt_planner/install.log --single-version-externally-managed
