[0.021s] Invoking command in '/home/mcav/robot_localisation_ws/minidrone/robot_localisation_pkg/build/robot_localisation_pkg': CMAKE_PREFIX_PATH=${CMAKE_PREFIX_PATH}:/opt/ros/foxy /usr/bin/cmake --build /home/mcav/robot_localisation_ws/minidrone/robot_localisation_pkg/build/robot_localisation_pkg -- -j8 -l8
[0.059s] -- Found ament_cmake: 0.9.9 (/opt/ros/foxy/share/ament_cmake/cmake)
[0.090s] -- Using PYTHON_EXECUTABLE: /usr/bin/python3
[0.403s] -- Found ament_lint_auto: 0.9.6 (/opt/ros/foxy/share/ament_lint_auto/cmake)
[0.508s] -- Added test 'copyright' to check source files copyright and LICENSE
[0.521s] -- Added test 'cppcheck' to perform static code analysis on C / C++ code
[0.521s] -- Configured cppcheck include dirs: 
[0.521s] -- Configured cppcheck exclude dirs and/or files: 
[0.534s] -- Added test 'cpplint' to check C / C++ code against the Google style
[0.535s] -- Configured cpplint exclude dirs and/or files: 
[0.539s] -- Added test 'flake8' to check Python code syntax and style conventions
[0.543s] -- Added test 'lint_cmake' to check CMake code style
[0.544s] -- Added test 'pep257' to check Python code against some of the style conventions in PEP 257
[0.557s] -- Added test 'uncrustify' to check C / C++ code style
[0.557s] -- Configured uncrustify additional arguments: 
[0.559s] -- Added test 'xmllint' to check XML markup files
[0.560s] -- Configuring done
[0.563s] -- Generating done
[0.564s] -- Build files have been written to: /home/mcav/robot_localisation_ws/minidrone/robot_localisation_pkg/build/robot_localisation_pkg
[0.595s] Invoked command in '/home/mcav/robot_localisation_ws/minidrone/robot_localisation_pkg/build/robot_localisation_pkg' returned '0': CMAKE_PREFIX_PATH=${CMAKE_PREFIX_PATH}:/opt/ros/foxy /usr/bin/cmake --build /home/mcav/robot_localisation_ws/minidrone/robot_localisation_pkg/build/robot_localisation_pkg -- -j8 -l8
[0.645s] Invoking command in '/home/mcav/robot_localisation_ws/minidrone/robot_localisation_pkg/build/robot_localisation_pkg': CMAKE_PREFIX_PATH=${CMAKE_PREFIX_PATH}:/opt/ros/foxy /usr/bin/cmake --install /home/mcav/robot_localisation_ws/minidrone/robot_localisation_pkg/build/robot_localisation_pkg
[0.655s] -- Install configuration: ""
[0.656s] -- Up-to-date: /home/mcav/robot_localisation_ws/minidrone/robot_localisation_pkg/install/robot_localisation_pkg/share/robot_localisation_pkg/launch
[0.656s] -- Up-to-date: /home/mcav/robot_localisation_ws/minidrone/robot_localisation_pkg/install/robot_localisation_pkg/share/robot_localisation_pkg/launch/robot_localisation_launch.py
[0.656s] CMake Error at cmake_install.cmake:41 (file):
[0.656s]   file INSTALL cannot find
[0.656s]   "/home/mcav/robot_localisation_ws/minidrone/robot_localisation_pkg/DIRECTORY":
[0.656s]   No such file or directory.
[0.656s] 
[0.656s] 
[0.657s] Invoked command in '/home/mcav/robot_localisation_ws/minidrone/robot_localisation_pkg/build/robot_localisation_pkg' returned '1': CMAKE_PREFIX_PATH=${CMAKE_PREFIX_PATH}:/opt/ros/foxy /usr/bin/cmake --install /home/mcav/robot_localisation_ws/minidrone/robot_localisation_pkg/build/robot_localisation_pkg
