[0.135s] DEBUG:colcon:Command line arguments: ['/usr/bin/colcon', 'build', '--symlink-install']
[0.136s] DEBUG:colcon:Parsed command line arguments: Namespace(allow_overriding=[], ament_cmake_args=None, base_paths=['.'], build_base='build', catkin_cmake_args=None, catkin_skip_building_tests=False, cmake_args=None, cmake_clean_cache=False, cmake_clean_first=False, cmake_force_configure=False, cmake_target=None, cmake_target_skip_unavailable=False, continue_on_error=False, event_handlers=None, executor='parallel', ignore_user_meta=False, install_base='install', log_base=None, log_level=None, main=<bound method BuildVerb.main of <colcon_core.verb.build.BuildVerb object at 0x7f1cd8645490>>, merge_install=False, metas=['./colcon.meta'], packages_above=None, packages_above_and_dependencies=None, packages_above_depth=None, packages_end=None, packages_ignore=None, packages_ignore_regex=None, packages_select=None, packages_select_build_failed=False, packages_select_by_dep=None, packages_select_regex=None, packages_select_test_failures=False, packages_skip=None, packages_skip_build_finished=False, packages_skip_by_dep=None, packages_skip_regex=None, packages_skip_test_passed=False, packages_skip_up_to=None, packages_start=None, packages_up_to=None, packages_up_to_regex=None, parallel_workers=7, paths=None, symlink_install=True, test_result_base=None, verb_extension=<colcon_core.verb.build.BuildVerb object at 0x7f1cd8645490>, verb_name='build', verb_parser=<colcon_defaults.argument_parser.defaults.DefaultArgumentsDecorator object at 0x7f1cd86459d0>)
[0.191s] Level 1:colcon.colcon_core.package_discovery:discover_packages(colcon_meta) check parameters
[0.191s] Level 1:colcon.colcon_core.package_discovery:discover_packages(recursive) check parameters
[0.191s] Level 1:colcon.colcon_core.package_discovery:discover_packages(ignore) check parameters
[0.191s] Level 1:colcon.colcon_core.package_discovery:discover_packages(path) check parameters
[0.191s] Level 1:colcon.colcon_core.package_discovery:discover_packages(colcon_meta) discover
[0.191s] Level 1:colcon.colcon_core.package_discovery:discover_packages(recursive) discover
[0.191s] INFO:colcon.colcon_core.package_discovery:Crawling recursively for packages in '/home/m076em/my_ws/src/minidrone'
[0.191s] Level 1:colcon.colcon_core.package_identification:_identify(.) by extensions ['ignore', 'ignore_ament_install']
[0.191s] Level 1:colcon.colcon_core.package_identification:_identify(.) by extension 'ignore'
[0.191s] Level 1:colcon.colcon_core.package_identification:_identify(.) by extension 'ignore_ament_install'
[0.192s] Level 1:colcon.colcon_core.package_identification:_identify(.) by extensions ['colcon_pkg']
[0.192s] Level 1:colcon.colcon_core.package_identification:_identify(.) by extension 'colcon_pkg'
[0.192s] Level 1:colcon.colcon_core.package_identification:_identify(.) by extensions ['colcon_meta']
[0.192s] Level 1:colcon.colcon_core.package_identification:_identify(.) by extension 'colcon_meta'
[0.192s] Level 1:colcon.colcon_core.package_identification:_identify(.) by extensions ['ros']
[0.192s] Level 1:colcon.colcon_core.package_identification:_identify(.) by extension 'ros'
[0.207s] Level 1:colcon.colcon_core.package_identification:_identify(.) by extensions ['cmake', 'python']
[0.207s] Level 1:colcon.colcon_core.package_identification:_identify(.) by extension 'cmake'
[0.207s] Level 1:colcon.colcon_core.package_identification:_identify(.) by extension 'python'
[0.207s] Level 1:colcon.colcon_core.package_identification:_identify(.) by extensions ['python_setup_py']
[0.207s] Level 1:colcon.colcon_core.package_identification:_identify(.) by extension 'python_setup_py'
[0.207s] Level 1:colcon.colcon_core.package_identification:_identify(build) by extensions ['ignore', 'ignore_ament_install']
[0.207s] Level 1:colcon.colcon_core.package_identification:_identify(build) by extension 'ignore'
[0.208s] Level 1:colcon.colcon_core.package_identification:_identify(build) ignored
[0.208s] Level 1:colcon.colcon_core.package_identification:_identify(docker) by extensions ['ignore', 'ignore_ament_install']
[0.208s] Level 1:colcon.colcon_core.package_identification:_identify(docker) by extension 'ignore'
[0.208s] Level 1:colcon.colcon_core.package_identification:_identify(docker) by extension 'ignore_ament_install'
[0.208s] Level 1:colcon.colcon_core.package_identification:_identify(docker) by extensions ['colcon_pkg']
[0.208s] Level 1:colcon.colcon_core.package_identification:_identify(docker) by extension 'colcon_pkg'
[0.210s] Level 1:colcon.colcon_core.package_identification:_identify(docker) by extensions ['colcon_meta']
[0.212s] Level 1:colcon.colcon_core.package_identification:_identify(docker) by extension 'colcon_meta'
[0.214s] Level 1:colcon.colcon_core.package_identification:_identify(docker) by extensions ['ros']
[0.214s] Level 1:colcon.colcon_core.package_identification:_identify(docker) by extension 'ros'
[0.214s] Level 1:colcon.colcon_core.package_identification:_identify(docker) by extensions ['cmake', 'python']
[0.214s] Level 1:colcon.colcon_core.package_identification:_identify(docker) by extension 'cmake'
[0.215s] Level 1:colcon.colcon_core.package_identification:_identify(docker) by extension 'python'
[0.215s] Level 1:colcon.colcon_core.package_identification:_identify(docker) by extensions ['python_setup_py']
[0.215s] Level 1:colcon.colcon_core.package_identification:_identify(docker) by extension 'python_setup_py'
[0.215s] Level 1:colcon.colcon_core.package_identification:_identify(install) by extensions ['ignore', 'ignore_ament_install']
[0.215s] Level 1:colcon.colcon_core.package_identification:_identify(install) by extension 'ignore'
[0.215s] Level 1:colcon.colcon_core.package_identification:_identify(install) ignored
[0.216s] Level 1:colcon.colcon_core.package_identification:_identify(log) by extensions ['ignore', 'ignore_ament_install']
[0.216s] Level 1:colcon.colcon_core.package_identification:_identify(log) by extension 'ignore'
[0.216s] Level 1:colcon.colcon_core.package_identification:_identify(log) ignored
[0.216s] Level 1:colcon.colcon_core.package_identification:_identify(minidrone_bringup) by extensions ['ignore', 'ignore_ament_install']
[0.216s] Level 1:colcon.colcon_core.package_identification:_identify(minidrone_bringup) by extension 'ignore'
[0.216s] Level 1:colcon.colcon_core.package_identification:_identify(minidrone_bringup) by extension 'ignore_ament_install'
[0.217s] Level 1:colcon.colcon_core.package_identification:_identify(minidrone_bringup) by extensions ['colcon_pkg']
[0.217s] Level 1:colcon.colcon_core.package_identification:_identify(minidrone_bringup) by extension 'colcon_pkg'
[0.217s] Level 1:colcon.colcon_core.package_identification:_identify(minidrone_bringup) by extensions ['colcon_meta']
[0.217s] Level 1:colcon.colcon_core.package_identification:_identify(minidrone_bringup) by extension 'colcon_meta'
[0.217s] Level 1:colcon.colcon_core.package_identification:_identify(minidrone_bringup) by extensions ['ros']
[0.217s] Level 1:colcon.colcon_core.package_identification:_identify(minidrone_bringup) by extension 'ros'
[0.227s] DEBUG:colcon.colcon_core.package_identification:Package 'minidrone_bringup' with type 'ros.ament_python' and name 'minidrone_bringup'
[0.228s] Level 1:colcon.colcon_core.package_identification:_identify(rrt_planner) by extensions ['ignore', 'ignore_ament_install']
[0.229s] Level 1:colcon.colcon_core.package_identification:_identify(rrt_planner) by extension 'ignore'
[0.229s] Level 1:colcon.colcon_core.package_identification:_identify(rrt_planner) by extension 'ignore_ament_install'
[0.229s] Level 1:colcon.colcon_core.package_identification:_identify(rrt_planner) by extensions ['colcon_pkg']
[0.229s] Level 1:colcon.colcon_core.package_identification:_identify(rrt_planner) by extension 'colcon_pkg'
[0.229s] Level 1:colcon.colcon_core.package_identification:_identify(rrt_planner) by extensions ['colcon_meta']
[0.229s] Level 1:colcon.colcon_core.package_identification:_identify(rrt_planner) by extension 'colcon_meta'
[0.229s] Level 1:colcon.colcon_core.package_identification:_identify(rrt_planner) by extensions ['ros']
[0.229s] Level 1:colcon.colcon_core.package_identification:_identify(rrt_planner) by extension 'ros'
[0.230s] DEBUG:colcon.colcon_core.package_identification:Package 'rrt_planner' with type 'ros.ament_python' and name 'rrt_planner'
[0.230s] Level 1:colcon.colcon_core.package_discovery:discover_packages(recursive) using defaults
[0.230s] Level 1:colcon.colcon_core.package_discovery:discover_packages(ignore) discover
[0.230s] Level 1:colcon.colcon_core.package_discovery:discover_packages(ignore) using defaults
[0.230s] Level 1:colcon.colcon_core.package_discovery:discover_packages(path) discover
[0.230s] Level 1:colcon.colcon_core.package_discovery:discover_packages(path) using defaults
[0.280s] Level 1:colcon.colcon_core.package_discovery:discover_packages(prefix_path) check parameters
[0.280s] Level 1:colcon.colcon_core.package_discovery:discover_packages(prefix_path) discover
[0.283s] DEBUG:colcon.colcon_installed_package_information.package_discovery:Found 2 installed packages in /home/m076em/my_ws/src/minidrone/install
[0.283s] DEBUG:colcon.colcon_installed_package_information.package_discovery:Found 1 installed packages in /home/m076em/my_ws/src/install
[0.285s] DEBUG:colcon.colcon_installed_package_information.package_discovery:Found 319 installed packages in /opt/ros/foxy
[0.286s] Level 1:colcon.colcon_core.package_discovery:discover_packages(prefix_path) using defaults
[0.405s] Level 5:colcon.colcon_core.verb:set package 'minidrone_bringup' build argument 'cmake_args' from command line to 'None'
[0.406s] Level 5:colcon.colcon_core.verb:set package 'minidrone_bringup' build argument 'cmake_target' from command line to 'None'
[0.406s] Level 5:colcon.colcon_core.verb:set package 'minidrone_bringup' build argument 'cmake_target_skip_unavailable' from command line to 'False'
[0.406s] Level 5:colcon.colcon_core.verb:set package 'minidrone_bringup' build argument 'cmake_clean_cache' from command line to 'False'
[0.406s] Level 5:colcon.colcon_core.verb:set package 'minidrone_bringup' build argument 'cmake_clean_first' from command line to 'False'
[0.406s] Level 5:colcon.colcon_core.verb:set package 'minidrone_bringup' build argument 'cmake_force_configure' from command line to 'False'
[0.406s] Level 5:colcon.colcon_core.verb:set package 'minidrone_bringup' build argument 'ament_cmake_args' from command line to 'None'
[0.406s] Level 5:colcon.colcon_core.verb:set package 'minidrone_bringup' build argument 'catkin_cmake_args' from command line to 'None'
[0.406s] Level 5:colcon.colcon_core.verb:set package 'minidrone_bringup' build argument 'catkin_skip_building_tests' from command line to 'False'
[0.406s] DEBUG:colcon.colcon_core.verb:Building package 'minidrone_bringup' with the following arguments: {'ament_cmake_args': None, 'build_base': '/home/m076em/my_ws/src/minidrone/build/minidrone_bringup', 'catkin_cmake_args': None, 'catkin_skip_building_tests': False, 'cmake_args': None, 'cmake_clean_cache': False, 'cmake_clean_first': False, 'cmake_force_configure': False, 'cmake_target': None, 'cmake_target_skip_unavailable': False, 'install_base': '/home/m076em/my_ws/src/minidrone/install/minidrone_bringup', 'merge_install': False, 'path': '/home/m076em/my_ws/src/minidrone/minidrone_bringup', 'symlink_install': True, 'test_result_base': None}
[0.407s] Level 5:colcon.colcon_core.verb:set package 'rrt_planner' build argument 'cmake_args' from command line to 'None'
[0.407s] Level 5:colcon.colcon_core.verb:set package 'rrt_planner' build argument 'cmake_target' from command line to 'None'
[0.407s] Level 5:colcon.colcon_core.verb:set package 'rrt_planner' build argument 'cmake_target_skip_unavailable' from command line to 'False'
[0.407s] Level 5:colcon.colcon_core.verb:set package 'rrt_planner' build argument 'cmake_clean_cache' from command line to 'False'
[0.407s] Level 5:colcon.colcon_core.verb:set package 'rrt_planner' build argument 'cmake_clean_first' from command line to 'False'
[0.407s] Level 5:colcon.colcon_core.verb:set package 'rrt_planner' build argument 'cmake_force_configure' from command line to 'False'
[0.407s] Level 5:colcon.colcon_core.verb:set package 'rrt_planner' build argument 'ament_cmake_args' from command line to 'None'
[0.407s] Level 5:colcon.colcon_core.verb:set package 'rrt_planner' build argument 'catkin_cmake_args' from command line to 'None'
[0.407s] Level 5:colcon.colcon_core.verb:set package 'rrt_planner' build argument 'catkin_skip_building_tests' from command line to 'False'
[0.407s] DEBUG:colcon.colcon_core.verb:Building package 'rrt_planner' with the following arguments: {'ament_cmake_args': None, 'build_base': '/home/m076em/my_ws/src/minidrone/build/rrt_planner', 'catkin_cmake_args': None, 'catkin_skip_building_tests': False, 'cmake_args': None, 'cmake_clean_cache': False, 'cmake_clean_first': False, 'cmake_force_configure': False, 'cmake_target': None, 'cmake_target_skip_unavailable': False, 'install_base': '/home/m076em/my_ws/src/minidrone/install/rrt_planner', 'merge_install': False, 'path': '/home/m076em/my_ws/src/minidrone/rrt_planner', 'symlink_install': True, 'test_result_base': None}
[0.409s] INFO:colcon.colcon_core.executor:Executing jobs using 'parallel' executor
[0.415s] DEBUG:colcon.colcon_parallel_executor.executor.parallel:run_until_complete
[0.415s] INFO:colcon.colcon_ros.task.ament_python.build:Building ROS package in '/home/m076em/my_ws/src/minidrone/minidrone_bringup' with build type 'ament_python'
[0.416s] Level 1:colcon.colcon_core.shell:create_environment_hook('minidrone_bringup', 'ament_prefix_path')
[0.421s] INFO:colcon.colcon_core.plugin_system:Skipping extension 'colcon_core.shell.bat': Not used on non-Windows systems
[0.421s] INFO:colcon.colcon_core.shell:Creating environment hook '/home/m076em/my_ws/src/minidrone/install/minidrone_bringup/share/minidrone_bringup/hook/ament_prefix_path.ps1'
[0.423s] INFO:colcon.colcon_core.shell:Creating environment descriptor '/home/m076em/my_ws/src/minidrone/install/minidrone_bringup/share/minidrone_bringup/hook/ament_prefix_path.dsv'
[0.428s] INFO:colcon.colcon_core.shell:Creating environment hook '/home/m076em/my_ws/src/minidrone/install/minidrone_bringup/share/minidrone_bringup/hook/ament_prefix_path.sh'
[0.440s] INFO:colcon.colcon_core.shell:Skip shell extension 'powershell' for command environment: Not usable outside of PowerShell
[0.440s] DEBUG:colcon.colcon_core.shell:Skip shell extension 'dsv' for command environment
[0.454s] INFO:colcon.colcon_ros.task.ament_python.build:Building ROS package in '/home/m076em/my_ws/src/minidrone/rrt_planner' with build type 'ament_python'
[0.455s] Level 1:colcon.colcon_core.shell:create_environment_hook('rrt_planner', 'ament_prefix_path')
[0.460s] INFO:colcon.colcon_core.shell:Creating environment hook '/home/m076em/my_ws/src/minidrone/install/rrt_planner/share/rrt_planner/hook/ament_prefix_path.ps1'
[0.463s] INFO:colcon.colcon_core.shell:Creating environment descriptor '/home/m076em/my_ws/src/minidrone/install/rrt_planner/share/rrt_planner/hook/ament_prefix_path.dsv'
[0.471s] INFO:colcon.colcon_core.shell:Creating environment hook '/home/m076em/my_ws/src/minidrone/install/rrt_planner/share/rrt_planner/hook/ament_prefix_path.sh'
[0.478s] INFO:colcon.colcon_core.shell:Skip shell extension 'powershell' for command environment: Not usable outside of PowerShell
[0.479s] DEBUG:colcon.colcon_core.shell:Skip shell extension 'dsv' for command environment
[0.799s] INFO:colcon.colcon_core.task.python.build:Building Python package in '/home/m076em/my_ws/src/minidrone/minidrone_bringup'
[0.803s] INFO:colcon.colcon_core.shell:Skip shell extension 'powershell' for command environment: Not usable outside of PowerShell
[0.804s] DEBUG:colcon.colcon_core.shell:Skip shell extension 'dsv' for command environment
[1.151s] INFO:colcon.colcon_core.task.python.build:Building Python package in '/home/m076em/my_ws/src/minidrone/rrt_planner'
[1.153s] INFO:colcon.colcon_core.shell:Skip shell extension 'powershell' for command environment: Not usable outside of PowerShell
[1.153s] DEBUG:colcon.colcon_core.shell:Skip shell extension 'dsv' for command environment
[1.642s] DEBUG:colcon.colcon_core.event_handler.log_command:Invoking command in '/home/m076em/my_ws/src/minidrone/build/minidrone_bringup': PYTHONPATH=/home/m076em/my_ws/src/minidrone/build/minidrone_bringup/prefix_override:/home/m076em/my_ws/src/minidrone/install/minidrone_bringup/lib/python3.8/site-packages:${PYTHONPATH} /usr/bin/python3 setup.py develop --editable --build-directory /home/m076em/my_ws/src/minidrone/build/minidrone_bringup/build --no-deps install_data
[1.659s] DEBUG:colcon.colcon_core.event_handler.log_command:Invoking command in '/home/m076em/my_ws/src/minidrone/build/rrt_planner': PYTHONPATH=/home/m076em/my_ws/src/minidrone/build/rrt_planner/prefix_override:/home/m076em/my_ws/src/minidrone/install/rrt_planner/lib/python3.8/site-packages:${PYTHONPATH} /usr/bin/python3 setup.py develop --editable --build-directory /home/m076em/my_ws/src/minidrone/build/rrt_planner/build --no-deps install_data
[2.366s] Level 1:colcon.colcon_core.shell:create_environment_hook('minidrone_bringup', 'pythonpath_develop')
[2.367s] DEBUG:colcon.colcon_core.event_handler.log_command:Invoked command in '/home/m076em/my_ws/src/minidrone/build/minidrone_bringup' returned '0': PYTHONPATH=/home/m076em/my_ws/src/minidrone/build/minidrone_bringup/prefix_override:/home/m076em/my_ws/src/minidrone/install/minidrone_bringup/lib/python3.8/site-packages:${PYTHONPATH} /usr/bin/python3 setup.py develop --editable --build-directory /home/m076em/my_ws/src/minidrone/build/minidrone_bringup/build --no-deps install_data
[2.371s] INFO:colcon.colcon_core.shell:Creating environment hook '/home/m076em/my_ws/src/minidrone/build/minidrone_bringup/share/minidrone_bringup/hook/pythonpath_develop.ps1'
[2.372s] INFO:colcon.colcon_core.shell:Creating environment descriptor '/home/m076em/my_ws/src/minidrone/build/minidrone_bringup/share/minidrone_bringup/hook/pythonpath_develop.dsv'
[2.374s] INFO:colcon.colcon_core.shell:Creating environment hook '/home/m076em/my_ws/src/minidrone/build/minidrone_bringup/share/minidrone_bringup/hook/pythonpath_develop.sh'
[2.383s] Level 1:colcon.colcon_core.environment:checking '/home/m076em/my_ws/src/minidrone/install/minidrone_bringup' for CMake module files
[2.384s] Level 1:colcon.colcon_core.environment:checking '/home/m076em/my_ws/src/minidrone/install/minidrone_bringup' for CMake config files
[2.390s] Level 1:colcon.colcon_core.environment:checking '/home/m076em/my_ws/src/minidrone/install/minidrone_bringup/lib'
[2.391s] Level 1:colcon.colcon_core.environment:checking '/home/m076em/my_ws/src/minidrone/install/minidrone_bringup/bin'
[2.391s] Level 1:colcon.colcon_core.environment:checking '/home/m076em/my_ws/src/minidrone/install/minidrone_bringup/lib/pkgconfig/minidrone_bringup.pc'
[2.391s] Level 1:colcon.colcon_core.environment:checking '/home/m076em/my_ws/src/minidrone/install/minidrone_bringup/lib/python3.8/site-packages'
[2.391s] Level 1:colcon.colcon_core.shell:create_environment_hook('minidrone_bringup', 'pythonpath')
[2.399s] INFO:colcon.colcon_core.shell:Creating environment hook '/home/m076em/my_ws/src/minidrone/install/minidrone_bringup/share/minidrone_bringup/hook/pythonpath.ps1'
[2.408s] INFO:colcon.colcon_core.shell:Creating environment descriptor '/home/m076em/my_ws/src/minidrone/install/minidrone_bringup/share/minidrone_bringup/hook/pythonpath.dsv'
[2.410s] INFO:colcon.colcon_core.shell:Creating environment hook '/home/m076em/my_ws/src/minidrone/install/minidrone_bringup/share/minidrone_bringup/hook/pythonpath.sh'
[2.417s] Level 1:colcon.colcon_core.environment:checking '/home/m076em/my_ws/src/minidrone/install/minidrone_bringup/bin'
[2.418s] Level 1:colcon.colcon_core.environment:create_environment_scripts_only(minidrone_bringup)
[2.420s] INFO:colcon.colcon_core.shell:Creating package script '/home/m076em/my_ws/src/minidrone/install/minidrone_bringup/share/minidrone_bringup/package.ps1'
[2.427s] INFO:colcon.colcon_core.shell:Creating package descriptor '/home/m076em/my_ws/src/minidrone/install/minidrone_bringup/share/minidrone_bringup/package.dsv'
[2.431s] INFO:colcon.colcon_core.shell:Creating package script '/home/m076em/my_ws/src/minidrone/install/minidrone_bringup/share/minidrone_bringup/package.sh'
[2.446s] INFO:colcon.colcon_core.shell:Creating package script '/home/m076em/my_ws/src/minidrone/install/minidrone_bringup/share/minidrone_bringup/package.bash'
[2.448s] INFO:colcon.colcon_core.shell:Creating package script '/home/m076em/my_ws/src/minidrone/install/minidrone_bringup/share/minidrone_bringup/package.zsh'
[2.459s] Level 1:colcon.colcon_core.environment:create_file_with_runtime_dependencies(/home/m076em/my_ws/src/minidrone/install/minidrone_bringup/share/colcon-core/packages/minidrone_bringup)
[2.478s] Level 1:colcon.colcon_core.shell:create_environment_hook('rrt_planner', 'pythonpath_develop')
[2.484s] INFO:colcon.colcon_core.shell:Creating environment hook '/home/m076em/my_ws/src/minidrone/build/rrt_planner/share/rrt_planner/hook/pythonpath_develop.ps1'
[2.486s] DEBUG:colcon.colcon_core.event_handler.log_command:Invoked command in '/home/m076em/my_ws/src/minidrone/build/rrt_planner' returned '0': PYTHONPATH=/home/m076em/my_ws/src/minidrone/build/rrt_planner/prefix_override:/home/m076em/my_ws/src/minidrone/install/rrt_planner/lib/python3.8/site-packages:${PYTHONPATH} /usr/bin/python3 setup.py develop --editable --build-directory /home/m076em/my_ws/src/minidrone/build/rrt_planner/build --no-deps install_data
[2.491s] INFO:colcon.colcon_core.shell:Creating environment descriptor '/home/m076em/my_ws/src/minidrone/build/rrt_planner/share/rrt_planner/hook/pythonpath_develop.dsv'
[2.493s] INFO:colcon.colcon_core.shell:Creating environment hook '/home/m076em/my_ws/src/minidrone/build/rrt_planner/share/rrt_planner/hook/pythonpath_develop.sh'
[2.496s] Level 1:colcon.colcon_core.environment:checking '/home/m076em/my_ws/src/minidrone/install/rrt_planner' for CMake module files
[2.497s] Level 1:colcon.colcon_core.environment:checking '/home/m076em/my_ws/src/minidrone/install/rrt_planner' for CMake config files
[2.497s] Level 1:colcon.colcon_core.environment:checking '/home/m076em/my_ws/src/minidrone/install/rrt_planner/lib'
[2.497s] Level 1:colcon.colcon_core.environment:checking '/home/m076em/my_ws/src/minidrone/install/rrt_planner/bin'
[2.497s] Level 1:colcon.colcon_core.environment:checking '/home/m076em/my_ws/src/minidrone/install/rrt_planner/lib/pkgconfig/rrt_planner.pc'
[2.498s] Level 1:colcon.colcon_core.environment:checking '/home/m076em/my_ws/src/minidrone/install/rrt_planner/lib/python3.8/site-packages'
[2.498s] Level 1:colcon.colcon_core.shell:create_environment_hook('rrt_planner', 'pythonpath')
[2.499s] INFO:colcon.colcon_core.shell:Creating environment hook '/home/m076em/my_ws/src/minidrone/install/rrt_planner/share/rrt_planner/hook/pythonpath.ps1'
[2.499s] INFO:colcon.colcon_core.shell:Creating environment descriptor '/home/m076em/my_ws/src/minidrone/install/rrt_planner/share/rrt_planner/hook/pythonpath.dsv'
[2.505s] INFO:colcon.colcon_core.shell:Creating environment hook '/home/m076em/my_ws/src/minidrone/install/rrt_planner/share/rrt_planner/hook/pythonpath.sh'
[2.506s] Level 1:colcon.colcon_core.environment:checking '/home/m076em/my_ws/src/minidrone/install/rrt_planner/bin'
[2.506s] Level 1:colcon.colcon_core.environment:create_environment_scripts_only(rrt_planner)
[2.510s] INFO:colcon.colcon_core.shell:Creating package script '/home/m076em/my_ws/src/minidrone/install/rrt_planner/share/rrt_planner/package.ps1'
[2.511s] INFO:colcon.colcon_core.shell:Creating package descriptor '/home/m076em/my_ws/src/minidrone/install/rrt_planner/share/rrt_planner/package.dsv'
[2.517s] INFO:colcon.colcon_core.shell:Creating package script '/home/m076em/my_ws/src/minidrone/install/rrt_planner/share/rrt_planner/package.sh'
[2.526s] INFO:colcon.colcon_core.shell:Creating package script '/home/m076em/my_ws/src/minidrone/install/rrt_planner/share/rrt_planner/package.bash'
[2.528s] INFO:colcon.colcon_core.shell:Creating package script '/home/m076em/my_ws/src/minidrone/install/rrt_planner/share/rrt_planner/package.zsh'
[2.530s] Level 1:colcon.colcon_core.environment:create_file_with_runtime_dependencies(/home/m076em/my_ws/src/minidrone/install/rrt_planner/share/colcon-core/packages/rrt_planner)
[2.530s] DEBUG:colcon.colcon_parallel_executor.executor.parallel:closing loop
[2.531s] DEBUG:colcon.colcon_parallel_executor.executor.parallel:loop closed
[2.531s] DEBUG:colcon.colcon_parallel_executor.executor.parallel:run_until_complete finished with '0'
[2.531s] DEBUG:colcon.colcon_core.event_reactor:joining thread
[2.575s] INFO:colcon.colcon_core.plugin_system:Skipping extension 'colcon_notification.desktop_notification.terminal_notifier': Not used on non-Darwin systems
[2.579s] INFO:colcon.colcon_core.plugin_system:Skipping extension 'colcon_notification.desktop_notification.win32': Not used on non-Windows systems
[2.579s] INFO:colcon.colcon_notification.desktop_notification:Sending desktop notification using 'notify2'
[2.653s] DEBUG:colcon.colcon_core.event_reactor:joined thread
[2.655s] INFO:colcon.colcon_core.shell:Creating prefix script '/home/m076em/my_ws/src/minidrone/install/local_setup.ps1'
[2.656s] INFO:colcon.colcon_core.shell:Creating prefix util module '/home/m076em/my_ws/src/minidrone/install/_local_setup_util_ps1.py'
[2.658s] INFO:colcon.colcon_core.shell:Creating prefix chain script '/home/m076em/my_ws/src/minidrone/install/setup.ps1'
[2.664s] INFO:colcon.colcon_core.shell:Creating prefix script '/home/m076em/my_ws/src/minidrone/install/local_setup.sh'
[2.666s] INFO:colcon.colcon_core.shell:Creating prefix util module '/home/m076em/my_ws/src/minidrone/install/_local_setup_util_sh.py'
[2.667s] INFO:colcon.colcon_core.shell:Creating prefix chain script '/home/m076em/my_ws/src/minidrone/install/setup.sh'
[2.669s] INFO:colcon.colcon_core.shell:Creating prefix script '/home/m076em/my_ws/src/minidrone/install/local_setup.bash'
[2.670s] INFO:colcon.colcon_core.shell:Creating prefix chain script '/home/m076em/my_ws/src/minidrone/install/setup.bash'
[2.672s] INFO:colcon.colcon_core.shell:Creating prefix script '/home/m076em/my_ws/src/minidrone/install/local_setup.zsh'
[2.673s] INFO:colcon.colcon_core.shell:Creating prefix chain script '/home/m076em/my_ws/src/minidrone/install/setup.zsh'
