[0.284s] DEBUG:colcon:Command line arguments: ['/usr/bin/colcon', 'build']
[0.285s] DEBUG:colcon:Parsed command line arguments: Namespace(log_base=None, log_level=None, verb_name='build', build_base='build', install_base='install', merge_install=False, symlink_install=False, test_result_base=None, continue_on_error=False, executor='parallel', parallel_workers=8, event_handlers=None, ignore_user_meta=False, metas=['./colcon.meta'], base_paths=['.'], packages_ignore=None, packages_ignore_regex=None, paths=None, packages_up_to=None, packages_up_to_regex=None, packages_above=None, packages_above_and_dependencies=None, packages_above_depth=None, packages_select_by_dep=None, packages_skip_by_dep=None, packages_skip_up_to=None, packages_select_build_failed=False, packages_skip_build_finished=False, packages_select_test_failures=False, packages_skip_test_passed=False, packages_select=None, packages_skip=None, packages_select_regex=None, packages_skip_regex=None, packages_start=None, packages_end=None, allow_overriding=[], cmake_args=None, cmake_target=None, cmake_target_skip_unavailable=False, cmake_clean_cache=False, cmake_clean_first=False, cmake_force_configure=False, ament_cmake_args=None, catkin_cmake_args=None, catkin_skip_building_tests=False, verb_parser=<colcon_defaults.argument_parser.defaults.DefaultArgumentsDecorator object at 0x7f63ccae5990>, verb_extension=<colcon_core.verb.build.BuildVerb object at 0x7f63cd28f880>, main=<bound method BuildVerb.main of <colcon_core.verb.build.BuildVerb object at 0x7f63cd28f880>>)
[0.307s] Level 1:colcon.colcon_core.package_discovery:discover_packages(colcon_meta) check parameters
[0.307s] Level 1:colcon.colcon_core.package_discovery:discover_packages(recursive) check parameters
[0.307s] Level 1:colcon.colcon_core.package_discovery:discover_packages(ignore) check parameters
[0.307s] Level 1:colcon.colcon_core.package_discovery:discover_packages(path) check parameters
[0.307s] Level 1:colcon.colcon_core.package_discovery:discover_packages(colcon_meta) discover
[0.307s] Level 1:colcon.colcon_core.package_discovery:discover_packages(recursive) discover
[0.308s] INFO:colcon.colcon_core.package_discovery:Crawling recursively for packages in '/home/mcav/GPS_ws/src/piksi_gps'
[0.308s] Level 1:colcon.colcon_core.package_identification:_identify(.) by extensions ['ignore', 'ignore_ament_install']
[0.308s] Level 1:colcon.colcon_core.package_identification:_identify(.) by extension 'ignore'
[0.308s] Level 1:colcon.colcon_core.package_identification:_identify(.) by extension 'ignore_ament_install'
[0.308s] Level 1:colcon.colcon_core.package_identification:_identify(.) by extensions ['colcon_pkg']
[0.308s] Level 1:colcon.colcon_core.package_identification:_identify(.) by extension 'colcon_pkg'
[0.308s] Level 1:colcon.colcon_core.package_identification:_identify(.) by extensions ['colcon_meta']
[0.308s] Level 1:colcon.colcon_core.package_identification:_identify(.) by extension 'colcon_meta'
[0.308s] Level 1:colcon.colcon_core.package_identification:_identify(.) by extensions ['ros']
[0.308s] Level 1:colcon.colcon_core.package_identification:_identify(.) by extension 'ros'
[0.332s] DEBUG:colcon.colcon_core.package_identification:Package '.' with type 'ros.ament_python' and name 'piksi_gps'
[0.332s] Level 1:colcon.colcon_core.package_discovery:discover_packages(recursive) using defaults
[0.332s] Level 1:colcon.colcon_core.package_discovery:discover_packages(ignore) discover
[0.332s] Level 1:colcon.colcon_core.package_discovery:discover_packages(ignore) using defaults
[0.332s] Level 1:colcon.colcon_core.package_discovery:discover_packages(path) discover
[0.332s] Level 1:colcon.colcon_core.package_discovery:discover_packages(path) using defaults
[0.354s] Level 1:colcon.colcon_core.package_discovery:discover_packages(prefix_path) check parameters
[0.355s] Level 1:colcon.colcon_core.package_discovery:discover_packages(prefix_path) discover
[0.357s] DEBUG:colcon.colcon_installed_package_information.package_discovery:Found 1 installed packages in /home/mcav/GPS_ws/src/piksi_gps/install
[0.359s] DEBUG:colcon.colcon_installed_package_information.package_discovery:Found 313 installed packages in /opt/ros/humble
[0.361s] Level 1:colcon.colcon_core.package_discovery:discover_packages(prefix_path) using defaults
[0.421s] Level 5:colcon.colcon_core.verb:set package 'piksi_gps' build argument 'cmake_args' from command line to 'None'
[0.421s] Level 5:colcon.colcon_core.verb:set package 'piksi_gps' build argument 'cmake_target' from command line to 'None'
[0.421s] Level 5:colcon.colcon_core.verb:set package 'piksi_gps' build argument 'cmake_target_skip_unavailable' from command line to 'False'
[0.421s] Level 5:colcon.colcon_core.verb:set package 'piksi_gps' build argument 'cmake_clean_cache' from command line to 'False'
[0.421s] Level 5:colcon.colcon_core.verb:set package 'piksi_gps' build argument 'cmake_clean_first' from command line to 'False'
[0.421s] Level 5:colcon.colcon_core.verb:set package 'piksi_gps' build argument 'cmake_force_configure' from command line to 'False'
[0.421s] Level 5:colcon.colcon_core.verb:set package 'piksi_gps' build argument 'ament_cmake_args' from command line to 'None'
[0.421s] Level 5:colcon.colcon_core.verb:set package 'piksi_gps' build argument 'catkin_cmake_args' from command line to 'None'
[0.421s] Level 5:colcon.colcon_core.verb:set package 'piksi_gps' build argument 'catkin_skip_building_tests' from command line to 'False'
[0.421s] DEBUG:colcon.colcon_core.verb:Building package 'piksi_gps' with the following arguments: {'ament_cmake_args': None, 'build_base': '/home/mcav/GPS_ws/src/piksi_gps/build/piksi_gps', 'catkin_cmake_args': None, 'catkin_skip_building_tests': False, 'cmake_args': None, 'cmake_clean_cache': False, 'cmake_clean_first': False, 'cmake_force_configure': False, 'cmake_target': None, 'cmake_target_skip_unavailable': False, 'install_base': '/home/mcav/GPS_ws/src/piksi_gps/install/piksi_gps', 'merge_install': False, 'path': '/home/mcav/GPS_ws/src/piksi_gps', 'symlink_install': False, 'test_result_base': None}
[0.422s] INFO:colcon.colcon_core.executor:Executing jobs using 'parallel' executor
[0.424s] DEBUG:colcon.colcon_parallel_executor.executor.parallel:run_until_complete
[0.425s] INFO:colcon.colcon_ros.task.ament_python.build:Building ROS package in '/home/mcav/GPS_ws/src/piksi_gps' with build type 'ament_python'
[0.425s] Level 1:colcon.colcon_core.shell:create_environment_hook('piksi_gps', 'ament_prefix_path')
[0.430s] INFO:colcon.colcon_core.plugin_system:Skipping extension 'colcon_core.shell.bat': Not used on non-Windows systems
[0.430s] INFO:colcon.colcon_core.shell:Creating environment hook '/home/mcav/GPS_ws/src/piksi_gps/install/piksi_gps/share/piksi_gps/hook/ament_prefix_path.ps1'
[0.431s] INFO:colcon.colcon_core.shell:Creating environment descriptor '/home/mcav/GPS_ws/src/piksi_gps/install/piksi_gps/share/piksi_gps/hook/ament_prefix_path.dsv'
[0.431s] INFO:colcon.colcon_core.shell:Creating environment hook '/home/mcav/GPS_ws/src/piksi_gps/install/piksi_gps/share/piksi_gps/hook/ament_prefix_path.sh'
[0.432s] INFO:colcon.colcon_core.shell:Skip shell extension 'powershell' for command environment: Not usable outside of PowerShell
[0.433s] DEBUG:colcon.colcon_core.shell:Skip shell extension 'dsv' for command environment
[0.657s] INFO:colcon.colcon_core.task.python.build:Building Python package in '/home/mcav/GPS_ws/src/piksi_gps'
[0.659s] INFO:colcon.colcon_core.shell:Skip shell extension 'powershell' for command environment: Not usable outside of PowerShell
[0.659s] DEBUG:colcon.colcon_core.shell:Skip shell extension 'dsv' for command environment
[0.964s] DEBUG:colcon.colcon_core.event_handler.log_command:Invoking command in '/home/mcav/GPS_ws/src/piksi_gps': PYTHONPATH=/home/mcav/GPS_ws/src/piksi_gps/build/piksi_gps/prefix_override:/home/mcav/GPS_ws/src/piksi_gps/install/piksi_gps/lib/python3.10/site-packages:${PYTHONPATH} /usr/bin/python3 setup.py egg_info --egg-base build/piksi_gps build --build-base /home/mcav/GPS_ws/src/piksi_gps/build/piksi_gps/build install --record /home/mcav/GPS_ws/src/piksi_gps/build/piksi_gps/install.log --single-version-externally-managed
[1.203s] DEBUG:colcon.colcon_core.event_handler.log_command:Invoked command in '/home/mcav/GPS_ws/src/piksi_gps' returned '0': PYTHONPATH=/home/mcav/GPS_ws/src/piksi_gps/build/piksi_gps/prefix_override:/home/mcav/GPS_ws/src/piksi_gps/install/piksi_gps/lib/python3.10/site-packages:${PYTHONPATH} /usr/bin/python3 setup.py egg_info --egg-base build/piksi_gps build --build-base /home/mcav/GPS_ws/src/piksi_gps/build/piksi_gps/build install --record /home/mcav/GPS_ws/src/piksi_gps/build/piksi_gps/install.log --single-version-externally-managed
[1.207s] Level 1:colcon.colcon_core.environment:checking '/home/mcav/GPS_ws/src/piksi_gps/install/piksi_gps' for CMake module files
[1.208s] Level 1:colcon.colcon_core.environment:checking '/home/mcav/GPS_ws/src/piksi_gps/install/piksi_gps' for CMake config files
[1.208s] Level 1:colcon.colcon_core.environment:checking '/home/mcav/GPS_ws/src/piksi_gps/install/piksi_gps/lib'
[1.208s] Level 1:colcon.colcon_core.environment:checking '/home/mcav/GPS_ws/src/piksi_gps/install/piksi_gps/bin'
[1.208s] Level 1:colcon.colcon_core.environment:checking '/home/mcav/GPS_ws/src/piksi_gps/install/piksi_gps/lib/pkgconfig/piksi_gps.pc'
[1.209s] Level 1:colcon.colcon_core.environment:checking '/home/mcav/GPS_ws/src/piksi_gps/install/piksi_gps/lib/python3.10/site-packages'
[1.209s] Level 1:colcon.colcon_core.shell:create_environment_hook('piksi_gps', 'pythonpath')
[1.210s] INFO:colcon.colcon_core.shell:Creating environment hook '/home/mcav/GPS_ws/src/piksi_gps/install/piksi_gps/share/piksi_gps/hook/pythonpath.ps1'
[1.210s] INFO:colcon.colcon_core.shell:Creating environment descriptor '/home/mcav/GPS_ws/src/piksi_gps/install/piksi_gps/share/piksi_gps/hook/pythonpath.dsv'
[1.211s] INFO:colcon.colcon_core.shell:Creating environment hook '/home/mcav/GPS_ws/src/piksi_gps/install/piksi_gps/share/piksi_gps/hook/pythonpath.sh'
[1.211s] Level 1:colcon.colcon_core.environment:checking '/home/mcav/GPS_ws/src/piksi_gps/install/piksi_gps/bin'
[1.211s] Level 1:colcon.colcon_core.environment:create_environment_scripts_only(piksi_gps)
[1.213s] INFO:colcon.colcon_core.shell:Creating package script '/home/mcav/GPS_ws/src/piksi_gps/install/piksi_gps/share/piksi_gps/package.ps1'
[1.214s] INFO:colcon.colcon_core.shell:Creating package descriptor '/home/mcav/GPS_ws/src/piksi_gps/install/piksi_gps/share/piksi_gps/package.dsv'
[1.214s] INFO:colcon.colcon_core.shell:Creating package script '/home/mcav/GPS_ws/src/piksi_gps/install/piksi_gps/share/piksi_gps/package.sh'
[1.215s] INFO:colcon.colcon_core.shell:Creating package script '/home/mcav/GPS_ws/src/piksi_gps/install/piksi_gps/share/piksi_gps/package.bash'
[1.215s] INFO:colcon.colcon_core.shell:Creating package script '/home/mcav/GPS_ws/src/piksi_gps/install/piksi_gps/share/piksi_gps/package.zsh'
[1.216s] Level 1:colcon.colcon_core.environment:create_file_with_runtime_dependencies(/home/mcav/GPS_ws/src/piksi_gps/install/piksi_gps/share/colcon-core/packages/piksi_gps)
[1.216s] DEBUG:colcon.colcon_parallel_executor.executor.parallel:closing loop
[1.216s] DEBUG:colcon.colcon_parallel_executor.executor.parallel:loop closed
[1.216s] DEBUG:colcon.colcon_parallel_executor.executor.parallel:run_until_complete finished with '0'
[1.217s] DEBUG:colcon.colcon_core.event_reactor:joining thread
[1.222s] INFO:colcon.colcon_core.plugin_system:Skipping extension 'colcon_notification.desktop_notification.terminal_notifier': Not used on non-Darwin systems
[1.222s] INFO:colcon.colcon_core.plugin_system:Skipping extension 'colcon_notification.desktop_notification.win32': Not used on non-Windows systems
[1.222s] INFO:colcon.colcon_notification.desktop_notification:Sending desktop notification using 'notify2'
[1.234s] DEBUG:colcon.colcon_core.event_reactor:joined thread
[1.235s] INFO:colcon.colcon_core.shell:Creating prefix script '/home/mcav/GPS_ws/src/piksi_gps/install/local_setup.ps1'
[1.236s] INFO:colcon.colcon_core.shell:Creating prefix util module '/home/mcav/GPS_ws/src/piksi_gps/install/_local_setup_util_ps1.py'
[1.237s] INFO:colcon.colcon_core.shell:Creating prefix chain script '/home/mcav/GPS_ws/src/piksi_gps/install/setup.ps1'
[1.238s] INFO:colcon.colcon_core.shell:Creating prefix script '/home/mcav/GPS_ws/src/piksi_gps/install/local_setup.sh'
[1.239s] INFO:colcon.colcon_core.shell:Creating prefix util module '/home/mcav/GPS_ws/src/piksi_gps/install/_local_setup_util_sh.py'
[1.239s] INFO:colcon.colcon_core.shell:Creating prefix chain script '/home/mcav/GPS_ws/src/piksi_gps/install/setup.sh'
[1.241s] INFO:colcon.colcon_core.shell:Creating prefix script '/home/mcav/GPS_ws/src/piksi_gps/install/local_setup.bash'
[1.242s] INFO:colcon.colcon_core.shell:Creating prefix chain script '/home/mcav/GPS_ws/src/piksi_gps/install/setup.bash'
[1.243s] INFO:colcon.colcon_core.shell:Creating prefix script '/home/mcav/GPS_ws/src/piksi_gps/install/local_setup.zsh'
[1.243s] INFO:colcon.colcon_core.shell:Creating prefix chain script '/home/mcav/GPS_ws/src/piksi_gps/install/setup.zsh'
