running egg_info
writing ../build/rrt_planner/rrt_planner.egg-info/PKG-INFO
writing dependency_links to ../build/rrt_planner/rrt_planner.egg-info/dependency_links.txt
writing entry points to ../build/rrt_planner/rrt_planner.egg-info/entry_points.txt
writing requirements to ../build/rrt_planner/rrt_planner.egg-info/requires.txt
writing top-level names to ../build/rrt_planner/rrt_planner.egg-info/top_level.txt
reading manifest file '../build/rrt_planner/rrt_planner.egg-info/SOURCES.txt'
writing manifest file '../build/rrt_planner/rrt_planner.egg-info/SOURCES.txt'
running build
running build_py
running install
running install_lib
running install_data
running install_egg_info
removing '/home/m076em/my_ws/src/minidrone/install/rrt_planner/lib/python3.8/site-packages/rrt_planner-0.0.0-py3.8.egg-info' (and everything under it)
Copying ../build/rrt_planner/rrt_planner.egg-info to /home/m076em/my_ws/src/minidrone/install/rrt_planner/lib/python3.8/site-packages/rrt_planner-0.0.0-py3.8.egg-info
running install_scripts
Installing og_manager script to /home/m076em/my_ws/src/minidrone/install/rrt_planner/lib/rrt_planner
Installing path_creator script to /home/m076em/my_ws/src/minidrone/install/rrt_planner/lib/rrt_planner
writing list of installed files to '/home/m076em/my_ws/src/minidrone/build/rrt_planner/install.log'
