[0.014s] Invoking command in '/home/mcav/robot_localisation_ws/minidrone/robot_localisation_pkg/build/robot_localisation_pkg': CMAKE_PREFIX_PATH=${CMAKE_PREFIX_PATH}:/opt/ros/foxy /usr/bin/cmake --build /home/mcav/robot_localisation_ws/minidrone/robot_localisation_pkg/build/robot_localisation_pkg -- -j8 -l8
[0.051s] Invoked command in '/home/mcav/robot_localisation_ws/minidrone/robot_localisation_pkg/build/robot_localisation_pkg' returned '0': CMAKE_PREFIX_PATH=${CMAKE_PREFIX_PATH}:/opt/ros/foxy /usr/bin/cmake --build /home/mcav/robot_localisation_ws/minidrone/robot_localisation_pkg/build/robot_localisation_pkg -- -j8 -l8
[0.082s] Invoking command in '/home/mcav/robot_localisation_ws/minidrone/robot_localisation_pkg/build/robot_localisation_pkg': CMAKE_PREFIX_PATH=${CMAKE_PREFIX_PATH}:/opt/ros/foxy /usr/bin/cmake --install /home/mcav/robot_localisation_ws/minidrone/robot_localisation_pkg/build/robot_localisation_pkg
[0.089s] -- Install configuration: ""
[0.089s] -- Up-to-date: /home/mcav/robot_localisation_ws/minidrone/robot_localisation_pkg/install/robot_localisation_pkg/share/robot_localisation_pkg/launch
[0.089s] -- Installing: /home/mcav/robot_localisation_ws/minidrone/robot_localisation_pkg/install/robot_localisation_pkg/share/robot_localisation_pkg/launch/robot_localisation_launch.py
[0.089s] -- Up-to-date: /home/mcav/robot_localisation_ws/minidrone/robot_localisation_pkg/install/robot_localisation_pkg/share/robot_localisation_pkg/config
[0.089s] -- Up-to-date: /home/mcav/robot_localisation_ws/minidrone/robot_localisation_pkg/install/robot_localisation_pkg/share/robot_localisation_pkg/config/ekf_gps.yaml
[0.090s] -- Up-to-date: /home/mcav/robot_localisation_ws/minidrone/robot_localisation_pkg/install/robot_localisation_pkg/share/robot_localisation_pkg/config/ekf_odom.yaml
[0.090s] -- Up-to-date: /home/mcav/robot_localisation_ws/minidrone/robot_localisation_pkg/install/robot_localisation_pkg/share/robot_localisation_pkg/config/ekf_pos.yaml
[0.090s] -- Up-to-date: /home/mcav/robot_localisation_ws/minidrone/robot_localisation_pkg/install/robot_localisation_pkg/share/ament_index/resource_index/package_run_dependencies/robot_localisation_pkg
[0.090s] -- Up-to-date: /home/mcav/robot_localisation_ws/minidrone/robot_localisation_pkg/install/robot_localisation_pkg/share/ament_index/resource_index/parent_prefix_path/robot_localisation_pkg
[0.090s] -- Up-to-date: /home/mcav/robot_localisation_ws/minidrone/robot_localisation_pkg/install/robot_localisation_pkg/share/robot_localisation_pkg/environment/ament_prefix_path.sh
[0.090s] -- Up-to-date: /home/mcav/robot_localisation_ws/minidrone/robot_localisation_pkg/install/robot_localisation_pkg/share/robot_localisation_pkg/environment/ament_prefix_path.dsv
[0.090s] -- Up-to-date: /home/mcav/robot_localisation_ws/minidrone/robot_localisation_pkg/install/robot_localisation_pkg/share/robot_localisation_pkg/environment/path.sh
[0.091s] -- Up-to-date: /home/mcav/robot_localisation_ws/minidrone/robot_localisation_pkg/install/robot_localisation_pkg/share/robot_localisation_pkg/environment/path.dsv
[0.091s] -- Up-to-date: /home/mcav/robot_localisation_ws/minidrone/robot_localisation_pkg/install/robot_localisation_pkg/share/robot_localisation_pkg/local_setup.bash
[0.091s] -- Up-to-date: /home/mcav/robot_localisation_ws/minidrone/robot_localisation_pkg/install/robot_localisation_pkg/share/robot_localisation_pkg/local_setup.sh
[0.091s] -- Up-to-date: /home/mcav/robot_localisation_ws/minidrone/robot_localisation_pkg/install/robot_localisation_pkg/share/robot_localisation_pkg/local_setup.zsh
[0.091s] -- Up-to-date: /home/mcav/robot_localisation_ws/minidrone/robot_localisation_pkg/install/robot_localisation_pkg/share/robot_localisation_pkg/local_setup.dsv
[0.091s] -- Installing: /home/mcav/robot_localisation_ws/minidrone/robot_localisation_pkg/install/robot_localisation_pkg/share/robot_localisation_pkg/package.dsv
[0.091s] -- Up-to-date: /home/mcav/robot_localisation_ws/minidrone/robot_localisation_pkg/install/robot_localisation_pkg/share/ament_index/resource_index/packages/robot_localisation_pkg
[0.091s] -- Up-to-date: /home/mcav/robot_localisation_ws/minidrone/robot_localisation_pkg/install/robot_localisation_pkg/share/robot_localisation_pkg/cmake/robot_localisation_pkgConfig.cmake
[0.092s] -- Up-to-date: /home/mcav/robot_localisation_ws/minidrone/robot_localisation_pkg/install/robot_localisation_pkg/share/robot_localisation_pkg/cmake/robot_localisation_pkgConfig-version.cmake
[0.092s] -- Up-to-date: /home/mcav/robot_localisation_ws/minidrone/robot_localisation_pkg/install/robot_localisation_pkg/share/robot_localisation_pkg/package.xml
[0.093s] Invoked command in '/home/mcav/robot_localisation_ws/minidrone/robot_localisation_pkg/build/robot_localisation_pkg' returned '0': CMAKE_PREFIX_PATH=${CMAKE_PREFIX_PATH}:/opt/ros/foxy /usr/bin/cmake --install /home/mcav/robot_localisation_ws/minidrone/robot_localisation_pkg/build/robot_localisation_pkg
