[0.594s] DEBUG:colcon:Command line arguments: ['/usr/bin/colcon', 'build']
[0.594s] DEBUG:colcon:Parsed command line arguments: Namespace(ament_cmake_args=None, base_paths=['.'], build_base='build', catkin_cmake_args=None, catkin_skip_building_tests=False, cmake_args=None, cmake_clean_cache=False, cmake_clean_first=False, cmake_force_configure=False, cmake_target=None, cmake_target_skip_unavailable=False, continue_on_error=False, event_handlers=None, executor='parallel', ignore_user_meta=False, install_base='install', log_base=None, log_level=None, main=<bound method BuildVerb.main of <colcon_core.verb.build.BuildVerb object at 0x7f9e4026aac0>>, merge_install=False, metas=['./colcon.meta'], mixin=None, mixin_files=None, mixin_verb=('build',), packages_above=None, packages_above_and_dependencies=None, packages_above_depth=None, packages_end=None, packages_ignore=None, packages_ignore_regex=None, packages_select=None, packages_select_build_failed=False, packages_select_by_dep=None, packages_select_regex=None, packages_select_test_failures=False, packages_skip=None, packages_skip_build_finished=False, packages_skip_by_dep=None, packages_skip_regex=None, packages_skip_test_passed=False, packages_skip_up_to=None, packages_start=None, packages_up_to=None, packages_up_to_regex=None, parallel_workers=2, paths=None, symlink_install=False, test_result_base=None, verb_extension=<colcon_core.verb.build.BuildVerb object at 0x7f9e4026aac0>, verb_name='build', verb_parser=<colcon_mixin.mixin.mixin_argument.MixinArgumentDecorator object at 0x7f9e402730d0>)
[0.704s] Level 1:colcon.colcon_core.package_discovery:discover_packages(colcon_meta) check parameters
[0.704s] Level 1:colcon.colcon_core.package_discovery:discover_packages(recursive) check parameters
[0.704s] Level 1:colcon.colcon_core.package_discovery:discover_packages(ignore) check parameters
[0.704s] Level 1:colcon.colcon_core.package_discovery:discover_packages(path) check parameters
[0.704s] Level 1:colcon.colcon_core.package_discovery:discover_packages(colcon_meta) discover
[0.705s] Level 1:colcon.colcon_core.package_discovery:discover_packages(recursive) discover
[0.705s] INFO:colcon.colcon_core.package_discovery:Crawling recursively for packages in '/home/mcav/mcav_ws/src/minidrone/control_ws'
[0.705s] Level 1:colcon.colcon_core.package_identification:_identify(.) by extensions ['ignore', 'ignore_ament_install']
[0.705s] Level 1:colcon.colcon_core.package_identification:_identify(.) by extension 'ignore'
[0.705s] Level 1:colcon.colcon_core.package_identification:_identify(.) by extension 'ignore_ament_install'
[0.705s] Level 1:colcon.colcon_core.package_identification:_identify(.) by extensions ['colcon_pkg']
[0.705s] Level 1:colcon.colcon_core.package_identification:_identify(.) by extension 'colcon_pkg'
[0.706s] Level 1:colcon.colcon_core.package_identification:_identify(.) by extensions ['colcon_meta']
[0.706s] Level 1:colcon.colcon_core.package_identification:_identify(.) by extension 'colcon_meta'
[0.706s] Level 1:colcon.colcon_core.package_identification:_identify(.) by extensions ['ros']
[0.706s] Level 1:colcon.colcon_core.package_identification:_identify(.) by extension 'ros'
[0.746s] Level 1:colcon.colcon_core.package_identification:_identify(.) by extensions ['cmake', 'python']
[0.746s] Level 1:colcon.colcon_core.package_identification:_identify(.) by extension 'cmake'
[0.747s] Level 1:colcon.colcon_core.package_identification:_identify(.) by extension 'python'
[0.747s] Level 1:colcon.colcon_core.package_identification:_identify(.) by extensions ['python_setup_py']
[0.747s] Level 1:colcon.colcon_core.package_identification:_identify(.) by extension 'python_setup_py'
[0.747s] Level 1:colcon.colcon_core.package_identification:_identify(build) by extensions ['ignore', 'ignore_ament_install']
[0.747s] Level 1:colcon.colcon_core.package_identification:_identify(build) by extension 'ignore'
[0.748s] Level 1:colcon.colcon_core.package_identification:_identify(build) ignored
[0.748s] Level 1:colcon.colcon_core.package_identification:_identify(install) by extensions ['ignore', 'ignore_ament_install']
[0.748s] Level 1:colcon.colcon_core.package_identification:_identify(install) by extension 'ignore'
[0.748s] Level 1:colcon.colcon_core.package_identification:_identify(install) ignored
[0.748s] Level 1:colcon.colcon_core.package_identification:_identify(log) by extensions ['ignore', 'ignore_ament_install']
[0.749s] Level 1:colcon.colcon_core.package_identification:_identify(log) by extension 'ignore'
[0.749s] Level 1:colcon.colcon_core.package_identification:_identify(log) ignored
[0.749s] Level 1:colcon.colcon_core.package_identification:_identify(src) by extensions ['ignore', 'ignore_ament_install']
[0.749s] Level 1:colcon.colcon_core.package_identification:_identify(src) by extension 'ignore'
[0.749s] Level 1:colcon.colcon_core.package_identification:_identify(src) by extension 'ignore_ament_install'
[0.749s] Level 1:colcon.colcon_core.package_identification:_identify(src) by extensions ['colcon_pkg']
[0.750s] Level 1:colcon.colcon_core.package_identification:_identify(src) by extension 'colcon_pkg'
[0.750s] Level 1:colcon.colcon_core.package_identification:_identify(src) by extensions ['colcon_meta']
[0.750s] Level 1:colcon.colcon_core.package_identification:_identify(src) by extension 'colcon_meta'
[0.750s] Level 1:colcon.colcon_core.package_identification:_identify(src) by extensions ['ros']
[0.750s] Level 1:colcon.colcon_core.package_identification:_identify(src) by extension 'ros'
[0.750s] Level 1:colcon.colcon_core.package_identification:_identify(src) by extensions ['cmake', 'python']
[0.751s] Level 1:colcon.colcon_core.package_identification:_identify(src) by extension 'cmake'
[0.751s] Level 1:colcon.colcon_core.package_identification:_identify(src) by extension 'python'
[0.751s] Level 1:colcon.colcon_core.package_identification:_identify(src) by extensions ['python_setup_py']
[0.751s] Level 1:colcon.colcon_core.package_identification:_identify(src) by extension 'python_setup_py'
[0.751s] Level 1:colcon.colcon_core.package_identification:_identify(src/control_ros2) by extensions ['ignore', 'ignore_ament_install']
[0.751s] Level 1:colcon.colcon_core.package_identification:_identify(src/control_ros2) by extension 'ignore'
[0.751s] Level 1:colcon.colcon_core.package_identification:_identify(src/control_ros2) by extension 'ignore_ament_install'
[0.752s] Level 1:colcon.colcon_core.package_identification:_identify(src/control_ros2) by extensions ['colcon_pkg']
[0.752s] Level 1:colcon.colcon_core.package_identification:_identify(src/control_ros2) by extension 'colcon_pkg'
[0.752s] Level 1:colcon.colcon_core.package_identification:_identify(src/control_ros2) by extensions ['colcon_meta']
[0.752s] Level 1:colcon.colcon_core.package_identification:_identify(src/control_ros2) by extension 'colcon_meta'
[0.752s] Level 1:colcon.colcon_core.package_identification:_identify(src/control_ros2) by extensions ['ros']
[0.752s] Level 1:colcon.colcon_core.package_identification:_identify(src/control_ros2) by extension 'ros'
[0.760s] DEBUG:colcon.colcon_core.package_identification:Package 'src/control_ros2' with type 'ros.ament_cmake' and name 'control_ros2'
[0.760s] Level 1:colcon.colcon_core.package_discovery:discover_packages(recursive) using defaults
[0.760s] Level 1:colcon.colcon_core.package_discovery:discover_packages(ignore) discover
[0.760s] Level 1:colcon.colcon_core.package_discovery:discover_packages(ignore) using defaults
[0.760s] Level 1:colcon.colcon_core.package_discovery:discover_packages(path) discover
[0.761s] Level 1:colcon.colcon_core.package_discovery:discover_packages(path) using defaults
[0.856s] Level 5:colcon.colcon_core.verb:set package 'control_ros2' build argument 'cmake_args' from command line to 'None'
[0.856s] Level 5:colcon.colcon_core.verb:set package 'control_ros2' build argument 'cmake_target' from command line to 'None'
[0.856s] Level 5:colcon.colcon_core.verb:set package 'control_ros2' build argument 'cmake_target_skip_unavailable' from command line to 'False'
[0.856s] Level 5:colcon.colcon_core.verb:set package 'control_ros2' build argument 'cmake_clean_cache' from command line to 'False'
[0.856s] Level 5:colcon.colcon_core.verb:set package 'control_ros2' build argument 'cmake_clean_first' from command line to 'False'
[0.856s] Level 5:colcon.colcon_core.verb:set package 'control_ros2' build argument 'cmake_force_configure' from command line to 'False'
[0.857s] Level 5:colcon.colcon_core.verb:set package 'control_ros2' build argument 'ament_cmake_args' from command line to 'None'
[0.857s] Level 5:colcon.colcon_core.verb:set package 'control_ros2' build argument 'catkin_cmake_args' from command line to 'None'
[0.857s] Level 5:colcon.colcon_core.verb:set package 'control_ros2' build argument 'catkin_skip_building_tests' from command line to 'False'
[0.857s] DEBUG:colcon.colcon_core.verb:Building package 'control_ros2' with the following arguments: {'ament_cmake_args': None, 'build_base': '/home/mcav/mcav_ws/src/minidrone/control_ws/build/control_ros2', 'catkin_cmake_args': None, 'catkin_skip_building_tests': False, 'cmake_args': None, 'cmake_clean_cache': False, 'cmake_clean_first': False, 'cmake_force_configure': False, 'cmake_target': None, 'cmake_target_skip_unavailable': False, 'install_base': '/home/mcav/mcav_ws/src/minidrone/control_ws/install/control_ros2', 'merge_install': False, 'path': '/home/mcav/mcav_ws/src/minidrone/control_ws/src/control_ros2', 'symlink_install': False, 'test_result_base': None}
[0.858s] INFO:colcon.colcon_core.executor:Executing jobs using 'parallel' executor
[0.890s] DEBUG:colcon.colcon_parallel_executor.executor.parallel:run_until_complete
[0.890s] INFO:colcon.colcon_ros.task.ament_cmake.build:Building ROS package in '/home/mcav/mcav_ws/src/minidrone/control_ws/src/control_ros2' with build type 'ament_cmake'
[0.890s] INFO:colcon.colcon_cmake.task.cmake.build:Building CMake package in '/home/mcav/mcav_ws/src/minidrone/control_ws/src/control_ros2'
[0.935s] INFO:colcon.colcon_core.plugin_system:Skipping extension 'colcon_core.shell.bat': Not used on non-Windows systems
[0.936s] INFO:colcon.colcon_core.shell:Skip shell extension 'powershell' for command environment: Not usable outside of PowerShell
[0.936s] DEBUG:colcon.colcon_core.shell:Skip shell extension 'dsv' for command environment
[0.987s] DEBUG:colcon.colcon_core.event_handler.log_command:Invoking command in '/home/mcav/mcav_ws/src/minidrone/control_ws/build/control_ros2': CMAKE_PREFIX_PATH=/opt/ros/foxy PS1=\[]0;\u@docker: \w\]\[[01;32m\]\u@docker\[[00m\]:\[[01;34m\]\w\[[00m\]$ /usr/bin/cmake --build /home/mcav/mcav_ws/src/minidrone/control_ws/build/control_ros2 -- -j2 -l2
[1.183s] DEBUG:colcon.colcon_core.event_handler.log_command:Invoked command in '/home/mcav/mcav_ws/src/minidrone/control_ws/build/control_ros2' returned '0': CMAKE_PREFIX_PATH=/opt/ros/foxy PS1=\[]0;\u@docker: \w\]\[[01;32m\]\u@docker\[[00m\]:\[[01;34m\]\w\[[00m\]$ /usr/bin/cmake --build /home/mcav/mcav_ws/src/minidrone/control_ws/build/control_ros2 -- -j2 -l2
[1.239s] DEBUG:colcon.colcon_core.event_handler.log_command:Invoking command in '/home/mcav/mcav_ws/src/minidrone/control_ws/build/control_ros2': CMAKE_PREFIX_PATH=/opt/ros/foxy PS1=\[]0;\u@docker: \w\]\[[01;32m\]\u@docker\[[00m\]:\[[01;34m\]\w\[[00m\]$ /usr/bin/cmake --install /home/mcav/mcav_ws/src/minidrone/control_ws/build/control_ros2
[1.260s] Level 1:colcon.colcon_core.environment:create_environment_scripts_only(control_ros2)
[1.261s] DEBUG:colcon.colcon_core.event_handler.log_command:Invoked command in '/home/mcav/mcav_ws/src/minidrone/control_ws/build/control_ros2' returned '0': CMAKE_PREFIX_PATH=/opt/ros/foxy PS1=\[]0;\u@docker: \w\]\[[01;32m\]\u@docker\[[00m\]:\[[01;34m\]\w\[[00m\]$ /usr/bin/cmake --install /home/mcav/mcav_ws/src/minidrone/control_ws/build/control_ros2
[1.279s] Level 1:colcon.colcon_core.environment:checking '/home/mcav/mcav_ws/src/minidrone/control_ws/install/control_ros2' for CMake module files
[1.280s] Level 1:colcon.colcon_core.environment:checking '/home/mcav/mcav_ws/src/minidrone/control_ws/install/control_ros2' for CMake config files
[1.280s] Level 1:colcon.colcon_core.shell:create_environment_hook('control_ros2', 'cmake_prefix_path')
[1.282s] INFO:colcon.colcon_core.shell:Creating environment hook '/home/mcav/mcav_ws/src/minidrone/control_ws/install/control_ros2/share/control_ros2/hook/cmake_prefix_path.ps1'
[1.283s] INFO:colcon.colcon_core.shell:Creating environment descriptor '/home/mcav/mcav_ws/src/minidrone/control_ws/install/control_ros2/share/control_ros2/hook/cmake_prefix_path.dsv'
[1.284s] INFO:colcon.colcon_core.shell:Creating environment hook '/home/mcav/mcav_ws/src/minidrone/control_ws/install/control_ros2/share/control_ros2/hook/cmake_prefix_path.sh'
[1.286s] Level 1:colcon.colcon_core.environment:checking '/home/mcav/mcav_ws/src/minidrone/control_ws/install/control_ros2/bin'
[1.286s] Level 1:colcon.colcon_core.environment:checking '/home/mcav/mcav_ws/src/minidrone/control_ws/install/control_ros2/lib/pkgconfig/control_ros2.pc'
[1.288s] Level 1:colcon.colcon_core.environment:checking '/home/mcav/mcav_ws/src/minidrone/control_ws/install/control_ros2/lib/python3.8/site-packages'
[1.289s] Level 1:colcon.colcon_core.environment:checking '/home/mcav/mcav_ws/src/minidrone/control_ws/install/control_ros2/bin'
[1.291s] INFO:colcon.colcon_core.shell:Creating package script '/home/mcav/mcav_ws/src/minidrone/control_ws/install/control_ros2/share/control_ros2/package.ps1'
[1.294s] INFO:colcon.colcon_core.shell:Creating package descriptor '/home/mcav/mcav_ws/src/minidrone/control_ws/install/control_ros2/share/control_ros2/package.dsv'
[1.295s] INFO:colcon.colcon_core.shell:Creating package script '/home/mcav/mcav_ws/src/minidrone/control_ws/install/control_ros2/share/control_ros2/package.sh'
[1.296s] INFO:colcon.colcon_core.shell:Creating package script '/home/mcav/mcav_ws/src/minidrone/control_ws/install/control_ros2/share/control_ros2/package.bash'
[1.297s] INFO:colcon.colcon_core.shell:Creating package script '/home/mcav/mcav_ws/src/minidrone/control_ws/install/control_ros2/share/control_ros2/package.zsh'
[1.299s] Level 1:colcon.colcon_core.environment:create_file_with_runtime_dependencies(/home/mcav/mcav_ws/src/minidrone/control_ws/install/control_ros2/share/colcon-core/packages/control_ros2)
[1.336s] Level 1:colcon.colcon_core.environment:create_environment_scripts_only(control_ros2)
[1.338s] Level 1:colcon.colcon_core.environment:checking '/home/mcav/mcav_ws/src/minidrone/control_ws/install/control_ros2' for CMake module files
[1.339s] Level 1:colcon.colcon_core.environment:checking '/home/mcav/mcav_ws/src/minidrone/control_ws/install/control_ros2' for CMake config files
[1.339s] Level 1:colcon.colcon_core.shell:create_environment_hook('control_ros2', 'cmake_prefix_path')
[1.341s] INFO:colcon.colcon_core.shell:Creating environment hook '/home/mcav/mcav_ws/src/minidrone/control_ws/install/control_ros2/share/control_ros2/hook/cmake_prefix_path.ps1'
[1.342s] INFO:colcon.colcon_core.shell:Creating environment descriptor '/home/mcav/mcav_ws/src/minidrone/control_ws/install/control_ros2/share/control_ros2/hook/cmake_prefix_path.dsv'
[1.343s] INFO:colcon.colcon_core.shell:Creating environment hook '/home/mcav/mcav_ws/src/minidrone/control_ws/install/control_ros2/share/control_ros2/hook/cmake_prefix_path.sh'
[1.344s] Level 1:colcon.colcon_core.environment:checking '/home/mcav/mcav_ws/src/minidrone/control_ws/install/control_ros2/bin'
[1.345s] Level 1:colcon.colcon_core.environment:checking '/home/mcav/mcav_ws/src/minidrone/control_ws/install/control_ros2/lib/pkgconfig/control_ros2.pc'
[1.345s] Level 1:colcon.colcon_core.environment:checking '/home/mcav/mcav_ws/src/minidrone/control_ws/install/control_ros2/lib/python3.8/site-packages'
[1.345s] Level 1:colcon.colcon_core.environment:checking '/home/mcav/mcav_ws/src/minidrone/control_ws/install/control_ros2/bin'
[1.347s] INFO:colcon.colcon_core.shell:Creating package script '/home/mcav/mcav_ws/src/minidrone/control_ws/install/control_ros2/share/control_ros2/package.ps1'
[1.348s] INFO:colcon.colcon_core.shell:Creating package descriptor '/home/mcav/mcav_ws/src/minidrone/control_ws/install/control_ros2/share/control_ros2/package.dsv'
[1.349s] INFO:colcon.colcon_core.shell:Creating package script '/home/mcav/mcav_ws/src/minidrone/control_ws/install/control_ros2/share/control_ros2/package.sh'
[1.350s] INFO:colcon.colcon_core.shell:Creating package script '/home/mcav/mcav_ws/src/minidrone/control_ws/install/control_ros2/share/control_ros2/package.bash'
[1.351s] INFO:colcon.colcon_core.shell:Creating package script '/home/mcav/mcav_ws/src/minidrone/control_ws/install/control_ros2/share/control_ros2/package.zsh'
[1.352s] Level 1:colcon.colcon_core.environment:create_file_with_runtime_dependencies(/home/mcav/mcav_ws/src/minidrone/control_ws/install/control_ros2/share/colcon-core/packages/control_ros2)
[1.353s] DEBUG:colcon.colcon_parallel_executor.executor.parallel:closing loop
[1.353s] DEBUG:colcon.colcon_parallel_executor.executor.parallel:loop closed
[1.353s] DEBUG:colcon.colcon_parallel_executor.executor.parallel:run_until_complete finished with '0'
[1.354s] DEBUG:colcon.colcon_core.event_reactor:joining thread
[1.406s] INFO:colcon.colcon_core.plugin_system:Skipping extension 'colcon_notification.desktop_notification.notify_send': Could not find 'notify-send'
[1.409s] INFO:colcon.colcon_core.plugin_system:Skipping extension 'colcon_notification.desktop_notification.terminal_notifier': Not used on non-Darwin systems
[1.409s] INFO:colcon.colcon_core.plugin_system:Skipping extension 'colcon_notification.desktop_notification.win32': Not used on non-Windows systems
[1.409s] INFO:colcon.colcon_notification.desktop_notification:Sending desktop notification using 'notify2'
[1.445s] DEBUG:colcon.colcon_notification.desktop_notification.notify2:Failed to initialize notify2: org.freedesktop.DBus.Error.Spawn.ExecFailed: /usr/bin/dbus-launch terminated abnormally without any error message
[1.446s] DEBUG:colcon.colcon_core.event_reactor:joined thread
[1.452s] INFO:colcon.colcon_core.shell:Creating prefix script '/home/mcav/mcav_ws/src/minidrone/control_ws/install/local_setup.ps1'
[1.457s] INFO:colcon.colcon_core.shell:Creating prefix util module '/home/mcav/mcav_ws/src/minidrone/control_ws/install/_local_setup_util_ps1.py'
[1.472s] INFO:colcon.colcon_core.shell:Creating prefix chain script '/home/mcav/mcav_ws/src/minidrone/control_ws/install/setup.ps1'
[1.479s] INFO:colcon.colcon_core.shell:Creating prefix script '/home/mcav/mcav_ws/src/minidrone/control_ws/install/local_setup.sh'
[1.484s] INFO:colcon.colcon_core.shell:Creating prefix util module '/home/mcav/mcav_ws/src/minidrone/control_ws/install/_local_setup_util_sh.py'
[1.491s] INFO:colcon.colcon_core.shell:Creating prefix chain script '/home/mcav/mcav_ws/src/minidrone/control_ws/install/setup.sh'
[1.512s] INFO:colcon.colcon_core.shell:Creating prefix script '/home/mcav/mcav_ws/src/minidrone/control_ws/install/local_setup.bash'
[1.515s] INFO:colcon.colcon_core.shell:Creating prefix chain script '/home/mcav/mcav_ws/src/minidrone/control_ws/install/setup.bash'
[1.533s] INFO:colcon.colcon_core.shell:Creating prefix script '/home/mcav/mcav_ws/src/minidrone/control_ws/install/local_setup.zsh'
[1.535s] INFO:colcon.colcon_core.shell:Creating prefix chain script '/home/mcav/mcav_ws/src/minidrone/control_ws/install/setup.zsh'
