[0.887s] Invoking command in '/home/mcav/abbasamo_ws/minidrone_ws/src/minidrone/lidar_occupancy': PYTHONPATH=/home/mcav/abbasamo_ws/minidrone_ws/src/minidrone/install/lidar_occupancy/lib/python3.8/site-packages:${PYTHONPATH} /usr/bin/python3 setup.py egg_info --egg-base ../build/lidar_occupancy build --build-base /home/mcav/abbasamo_ws/minidrone_ws/src/minidrone/build/lidar_occupancy/build install --prefix /home/mcav/abbasamo_ws/minidrone_ws/src/minidrone/install/lidar_occupancy --record /home/mcav/abbasamo_ws/minidrone_ws/src/minidrone/build/lidar_occupancy/install.log --single-version-externally-managed
[1.204s] running egg_info
[1.204s] creating ../build/lidar_occupancy/lidar_occupancy.egg-info
[1.204s] writing ../build/lidar_occupancy/lidar_occupancy.egg-info/PKG-INFO
[1.204s] writing dependency_links to ../build/lidar_occupancy/lidar_occupancy.egg-info/dependency_links.txt
[1.205s] writing entry points to ../build/lidar_occupancy/lidar_occupancy.egg-info/entry_points.txt
[1.205s] writing requirements to ../build/lidar_occupancy/lidar_occupancy.egg-info/requires.txt
[1.205s] writing top-level names to ../build/lidar_occupancy/lidar_occupancy.egg-info/top_level.txt
[1.206s] writing manifest file '../build/lidar_occupancy/lidar_occupancy.egg-info/SOURCES.txt'
[1.253s] reading manifest file '../build/lidar_occupancy/lidar_occupancy.egg-info/SOURCES.txt'
[1.255s] writing manifest file '../build/lidar_occupancy/lidar_occupancy.egg-info/SOURCES.txt'
[1.255s] running build
[1.255s] running build_py
[1.255s] creating /home/mcav/abbasamo_ws/minidrone_ws/src/minidrone/build/lidar_occupancy/build
[1.255s] creating /home/mcav/abbasamo_ws/minidrone_ws/src/minidrone/build/lidar_occupancy/build/lib
[1.255s] creating /home/mcav/abbasamo_ws/minidrone_ws/src/minidrone/build/lidar_occupancy/build/lib/lidar_occupancy
[1.256s] copying lidar_occupancy/__init__.py -> /home/mcav/abbasamo_ws/minidrone_ws/src/minidrone/build/lidar_occupancy/build/lib/lidar_occupancy
[1.257s] copying lidar_occupancy/naive_bresenham.py -> /home/mcav/abbasamo_ws/minidrone_ws/src/minidrone/build/lidar_occupancy/build/lib/lidar_occupancy
[1.258s] copying lidar_occupancy/pcl2_serialization.py -> /home/mcav/abbasamo_ws/minidrone_ws/src/minidrone/build/lidar_occupancy/build/lib/lidar_occupancy
[1.258s] copying lidar_occupancy/lidar_occupancy.py -> /home/mcav/abbasamo_ws/minidrone_ws/src/minidrone/build/lidar_occupancy/build/lib/lidar_occupancy
[1.258s] copying lidar_occupancy/true_bresenham.py -> /home/mcav/abbasamo_ws/minidrone_ws/src/minidrone/build/lidar_occupancy/build/lib/lidar_occupancy
[1.258s] running install
[1.259s] running install_lib
[1.261s] creating /home/mcav/abbasamo_ws/minidrone_ws/src/minidrone/install/lidar_occupancy/lib/python3.8/site-packages/lidar_occupancy
[1.261s] copying /home/mcav/abbasamo_ws/minidrone_ws/src/minidrone/build/lidar_occupancy/build/lib/lidar_occupancy/__init__.py -> /home/mcav/abbasamo_ws/minidrone_ws/src/minidrone/install/lidar_occupancy/lib/python3.8/site-packages/lidar_occupancy
[1.261s] copying /home/mcav/abbasamo_ws/minidrone_ws/src/minidrone/build/lidar_occupancy/build/lib/lidar_occupancy/naive_bresenham.py -> /home/mcav/abbasamo_ws/minidrone_ws/src/minidrone/install/lidar_occupancy/lib/python3.8/site-packages/lidar_occupancy
[1.261s] copying /home/mcav/abbasamo_ws/minidrone_ws/src/minidrone/build/lidar_occupancy/build/lib/lidar_occupancy/pcl2_serialization.py -> /home/mcav/abbasamo_ws/minidrone_ws/src/minidrone/install/lidar_occupancy/lib/python3.8/site-packages/lidar_occupancy
[1.262s] copying /home/mcav/abbasamo_ws/minidrone_ws/src/minidrone/build/lidar_occupancy/build/lib/lidar_occupancy/lidar_occupancy.py -> /home/mcav/abbasamo_ws/minidrone_ws/src/minidrone/install/lidar_occupancy/lib/python3.8/site-packages/lidar_occupancy
[1.262s] copying /home/mcav/abbasamo_ws/minidrone_ws/src/minidrone/build/lidar_occupancy/build/lib/lidar_occupancy/true_bresenham.py -> /home/mcav/abbasamo_ws/minidrone_ws/src/minidrone/install/lidar_occupancy/lib/python3.8/site-packages/lidar_occupancy
[1.262s] byte-compiling /home/mcav/abbasamo_ws/minidrone_ws/src/minidrone/install/lidar_occupancy/lib/python3.8/site-packages/lidar_occupancy/__init__.py to __init__.cpython-38.pyc
[1.264s] byte-compiling /home/mcav/abbasamo_ws/minidrone_ws/src/minidrone/install/lidar_occupancy/lib/python3.8/site-packages/lidar_occupancy/naive_bresenham.py to naive_bresenham.cpython-38.pyc
[1.264s] byte-compiling /home/mcav/abbasamo_ws/minidrone_ws/src/minidrone/install/lidar_occupancy/lib/python3.8/site-packages/lidar_occupancy/pcl2_serialization.py to pcl2_serialization.cpython-38.pyc
[1.265s] byte-compiling /home/mcav/abbasamo_ws/minidrone_ws/src/minidrone/install/lidar_occupancy/lib/python3.8/site-packages/lidar_occupancy/lidar_occupancy.py to lidar_occupancy.cpython-38.pyc
[1.266s] byte-compiling /home/mcav/abbasamo_ws/minidrone_ws/src/minidrone/install/lidar_occupancy/lib/python3.8/site-packages/lidar_occupancy/true_bresenham.py to true_bresenham.cpython-38.pyc
[1.267s] running install_data
[1.267s] creating /home/mcav/abbasamo_ws/minidrone_ws/src/minidrone/install/lidar_occupancy/share/ament_index
[1.267s] creating /home/mcav/abbasamo_ws/minidrone_ws/src/minidrone/install/lidar_occupancy/share/ament_index/resource_index
[1.267s] creating /home/mcav/abbasamo_ws/minidrone_ws/src/minidrone/install/lidar_occupancy/share/ament_index/resource_index/packages
[1.267s] copying resource/lidar_occupancy -> /home/mcav/abbasamo_ws/minidrone_ws/src/minidrone/install/lidar_occupancy/share/ament_index/resource_index/packages
[1.267s] copying package.xml -> /home/mcav/abbasamo_ws/minidrone_ws/src/minidrone/install/lidar_occupancy/share/lidar_occupancy
[1.268s] running install_egg_info
[1.269s] Copying ../build/lidar_occupancy/lidar_occupancy.egg-info to /home/mcav/abbasamo_ws/minidrone_ws/src/minidrone/install/lidar_occupancy/lib/python3.8/site-packages/lidar_occupancy-0.0.0-py3.8.egg-info
[1.271s] running install_scripts
[1.295s] Installing lidar_occupancy script to /home/mcav/abbasamo_ws/minidrone_ws/src/minidrone/install/lidar_occupancy/lib/lidar_occupancy
[1.295s] writing list of installed files to '/home/mcav/abbasamo_ws/minidrone_ws/src/minidrone/build/lidar_occupancy/install.log'
[1.320s] Invoked command in '/home/mcav/abbasamo_ws/minidrone_ws/src/minidrone/lidar_occupancy' returned '0': PYTHONPATH=/home/mcav/abbasamo_ws/minidrone_ws/src/minidrone/install/lidar_occupancy/lib/python3.8/site-packages:${PYTHONPATH} /usr/bin/python3 setup.py egg_info --egg-base ../build/lidar_occupancy build --build-base /home/mcav/abbasamo_ws/minidrone_ws/src/minidrone/build/lidar_occupancy/build install --prefix /home/mcav/abbasamo_ws/minidrone_ws/src/minidrone/install/lidar_occupancy --record /home/mcav/abbasamo_ws/minidrone_ws/src/minidrone/build/lidar_occupancy/install.log --single-version-externally-managed
