[0.092s] Invoking command in '/home/mcav/mcav_ws/src/minidrone/control_ws/build/control_ros2': CMAKE_PREFIX_PATH=/opt/ros/foxy PS1=\[]0;\u@docker: \w\]\[[01;32m\]\u@docker\[[00m\]:\[[01;34m\]\w\[[00m\]$ /usr/bin/cmake --build /home/mcav/mcav_ws/src/minidrone/control_ws/build/control_ros2 -- -j2 -l2
[0.288s] Invoked command in '/home/mcav/mcav_ws/src/minidrone/control_ws/build/control_ros2' returned '0': CMAKE_PREFIX_PATH=/opt/ros/foxy PS1=\[]0;\u@docker: \w\]\[[01;32m\]\u@docker\[[00m\]:\[[01;34m\]\w\[[00m\]$ /usr/bin/cmake --build /home/mcav/mcav_ws/src/minidrone/control_ws/build/control_ros2 -- -j2 -l2
[0.343s] Invoking command in '/home/mcav/mcav_ws/src/minidrone/control_ws/build/control_ros2': CMAKE_PREFIX_PATH=/opt/ros/foxy PS1=\[]0;\u@docker: \w\]\[[01;32m\]\u@docker\[[00m\]:\[[01;34m\]\w\[[00m\]$ /usr/bin/cmake --install /home/mcav/mcav_ws/src/minidrone/control_ws/build/control_ros2
[0.360s] -- Install configuration: ""
[0.361s] -- Up-to-date: /home/mcav/mcav_ws/src/minidrone/control_ws/install/control_ros2/share/ament_index/resource_index/package_run_dependencies/control_ros2
[0.361s] -- Up-to-date: /home/mcav/mcav_ws/src/minidrone/control_ws/install/control_ros2/share/ament_index/resource_index/parent_prefix_path/control_ros2
[0.362s] -- Up-to-date: /home/mcav/mcav_ws/src/minidrone/control_ws/install/control_ros2/share/control_ros2/environment/ament_prefix_path.sh
[0.362s] -- Up-to-date: /home/mcav/mcav_ws/src/minidrone/control_ws/install/control_ros2/share/control_ros2/environment/ament_prefix_path.dsv
[0.362s] -- Up-to-date: /home/mcav/mcav_ws/src/minidrone/control_ws/install/control_ros2/share/control_ros2/environment/path.sh
[0.362s] -- Up-to-date: /home/mcav/mcav_ws/src/minidrone/control_ws/install/control_ros2/share/control_ros2/environment/path.dsv
[0.363s] -- Up-to-date: /home/mcav/mcav_ws/src/minidrone/control_ws/install/control_ros2/share/control_ros2/local_setup.bash
[0.363s] -- Up-to-date: /home/mcav/mcav_ws/src/minidrone/control_ws/install/control_ros2/share/control_ros2/local_setup.sh
[0.363s] -- Up-to-date: /home/mcav/mcav_ws/src/minidrone/control_ws/install/control_ros2/share/control_ros2/local_setup.zsh
[0.363s] -- Up-to-date: /home/mcav/mcav_ws/src/minidrone/control_ws/install/control_ros2/share/control_ros2/local_setup.dsv
[0.363s] -- Up-to-date: /home/mcav/mcav_ws/src/minidrone/control_ws/install/control_ros2/share/control_ros2/package.dsv
[0.363s] -- Up-to-date: /home/mcav/mcav_ws/src/minidrone/control_ws/install/control_ros2/share/ament_index/resource_index/packages/control_ros2
[0.363s] -- Up-to-date: /home/mcav/mcav_ws/src/minidrone/control_ws/install/control_ros2/share/control_ros2/cmake/control_ros2Config.cmake
[0.363s] -- Up-to-date: /home/mcav/mcav_ws/src/minidrone/control_ws/install/control_ros2/share/control_ros2/cmake/control_ros2Config-version.cmake
[0.363s] -- Up-to-date: /home/mcav/mcav_ws/src/minidrone/control_ws/install/control_ros2/share/control_ros2/package.xml
[0.366s] Invoked command in '/home/mcav/mcav_ws/src/minidrone/control_ws/build/control_ros2' returned '0': CMAKE_PREFIX_PATH=/opt/ros/foxy PS1=\[]0;\u@docker: \w\]\[[01;32m\]\u@docker\[[00m\]:\[[01;34m\]\w\[[00m\]$ /usr/bin/cmake --install /home/mcav/mcav_ws/src/minidrone/control_ws/build/control_ros2
