[0.131s] DEBUG:colcon:Command line arguments: ['/usr/bin/colcon', 'build']
[0.131s] DEBUG:colcon:Parsed command line arguments: Namespace(allow_overriding=[], ament_cmake_args=None, base_paths=['.'], build_base='build', catkin_cmake_args=None, catkin_skip_building_tests=False, cmake_args=None, cmake_clean_cache=False, cmake_clean_first=False, cmake_force_configure=False, cmake_target=None, cmake_target_skip_unavailable=False, continue_on_error=False, event_handlers=None, executor='parallel', ignore_user_meta=False, install_base='install', log_base=None, log_level=None, main=<bound method BuildVerb.main of <colcon_core.verb.build.BuildVerb object at 0x7f7a66cfe7f0>>, merge_install=False, metas=['./colcon.meta'], packages_above=None, packages_above_and_dependencies=None, packages_above_depth=None, packages_end=None, packages_ignore=None, packages_ignore_regex=None, packages_select=None, packages_select_build_failed=False, packages_select_by_dep=None, packages_select_regex=None, packages_select_test_failures=False, packages_skip=None, packages_skip_build_finished=False, packages_skip_by_dep=None, packages_skip_regex=None, packages_skip_test_passed=False, packages_skip_up_to=None, packages_start=None, packages_up_to=None, packages_up_to_regex=None, parallel_workers=8, paths=None, symlink_install=False, test_result_base=None, verb_extension=<colcon_core.verb.build.BuildVerb object at 0x7f7a66cfe7f0>, verb_name='build', verb_parser=<colcon_defaults.argument_parser.defaults.DefaultArgumentsDecorator object at 0x7f7a66d094f0>)
[0.153s] Level 1:colcon.colcon_core.package_discovery:discover_packages(colcon_meta) check parameters
[0.154s] Level 1:colcon.colcon_core.package_discovery:discover_packages(recursive) check parameters
[0.154s] Level 1:colcon.colcon_core.package_discovery:discover_packages(ignore) check parameters
[0.154s] Level 1:colcon.colcon_core.package_discovery:discover_packages(path) check parameters
[0.154s] Level 1:colcon.colcon_core.package_discovery:discover_packages(colcon_meta) discover
[0.154s] Level 1:colcon.colcon_core.package_discovery:discover_packages(recursive) discover
[0.154s] INFO:colcon.colcon_core.package_discovery:Crawling recursively for packages in '/home/mcav/robot_localisation_ws/minidrone'
[0.154s] Level 1:colcon.colcon_core.package_identification:_identify(.) by extensions ['ignore', 'ignore_ament_install']
[0.154s] Level 1:colcon.colcon_core.package_identification:_identify(.) by extension 'ignore'
[0.154s] Level 1:colcon.colcon_core.package_identification:_identify(.) by extension 'ignore_ament_install'
[0.154s] Level 1:colcon.colcon_core.package_identification:_identify(.) by extensions ['colcon_pkg']
[0.154s] Level 1:colcon.colcon_core.package_identification:_identify(.) by extension 'colcon_pkg'
[0.154s] Level 1:colcon.colcon_core.package_identification:_identify(.) by extensions ['colcon_meta']
[0.154s] Level 1:colcon.colcon_core.package_identification:_identify(.) by extension 'colcon_meta'
[0.154s] Level 1:colcon.colcon_core.package_identification:_identify(.) by extensions ['ros']
[0.154s] Level 1:colcon.colcon_core.package_identification:_identify(.) by extension 'ros'
[0.164s] Level 1:colcon.colcon_core.package_identification:_identify(.) by extensions ['cmake', 'python']
[0.164s] Level 1:colcon.colcon_core.package_identification:_identify(.) by extension 'cmake'
[0.164s] Level 1:colcon.colcon_core.package_identification:_identify(.) by extension 'python'
[0.164s] Level 1:colcon.colcon_core.package_identification:_identify(.) by extensions ['python_setup_py']
[0.164s] Level 1:colcon.colcon_core.package_identification:_identify(.) by extension 'python_setup_py'
[0.164s] Level 1:colcon.colcon_core.package_identification:_identify(build) by extensions ['ignore', 'ignore_ament_install']
[0.164s] Level 1:colcon.colcon_core.package_identification:_identify(build) by extension 'ignore'
[0.164s] Level 1:colcon.colcon_core.package_identification:_identify(build) ignored
[0.164s] Level 1:colcon.colcon_core.package_identification:_identify(docker) by extensions ['ignore', 'ignore_ament_install']
[0.164s] Level 1:colcon.colcon_core.package_identification:_identify(docker) by extension 'ignore'
[0.164s] Level 1:colcon.colcon_core.package_identification:_identify(docker) by extension 'ignore_ament_install'
[0.164s] Level 1:colcon.colcon_core.package_identification:_identify(docker) by extensions ['colcon_pkg']
[0.164s] Level 1:colcon.colcon_core.package_identification:_identify(docker) by extension 'colcon_pkg'
[0.164s] Level 1:colcon.colcon_core.package_identification:_identify(docker) by extensions ['colcon_meta']
[0.165s] Level 1:colcon.colcon_core.package_identification:_identify(docker) by extension 'colcon_meta'
[0.165s] Level 1:colcon.colcon_core.package_identification:_identify(docker) by extensions ['ros']
[0.165s] Level 1:colcon.colcon_core.package_identification:_identify(docker) by extension 'ros'
[0.165s] Level 1:colcon.colcon_core.package_identification:_identify(docker) by extensions ['cmake', 'python']
[0.165s] Level 1:colcon.colcon_core.package_identification:_identify(docker) by extension 'cmake'
[0.165s] Level 1:colcon.colcon_core.package_identification:_identify(docker) by extension 'python'
[0.165s] Level 1:colcon.colcon_core.package_identification:_identify(docker) by extensions ['python_setup_py']
[0.165s] Level 1:colcon.colcon_core.package_identification:_identify(docker) by extension 'python_setup_py'
[0.165s] Level 1:colcon.colcon_core.package_identification:_identify(install) by extensions ['ignore', 'ignore_ament_install']
[0.165s] Level 1:colcon.colcon_core.package_identification:_identify(install) by extension 'ignore'
[0.165s] Level 1:colcon.colcon_core.package_identification:_identify(install) ignored
[0.165s] Level 1:colcon.colcon_core.package_identification:_identify(log) by extensions ['ignore', 'ignore_ament_install']
[0.165s] Level 1:colcon.colcon_core.package_identification:_identify(log) by extension 'ignore'
[0.165s] Level 1:colcon.colcon_core.package_identification:_identify(log) ignored
[0.165s] Level 1:colcon.colcon_core.package_identification:_identify(robot_localisation_pkg) by extensions ['ignore', 'ignore_ament_install']
[0.165s] Level 1:colcon.colcon_core.package_identification:_identify(robot_localisation_pkg) by extension 'ignore'
[0.165s] Level 1:colcon.colcon_core.package_identification:_identify(robot_localisation_pkg) by extension 'ignore_ament_install'
[0.165s] Level 1:colcon.colcon_core.package_identification:_identify(robot_localisation_pkg) by extensions ['colcon_pkg']
[0.165s] Level 1:colcon.colcon_core.package_identification:_identify(robot_localisation_pkg) by extension 'colcon_pkg'
[0.165s] Level 1:colcon.colcon_core.package_identification:_identify(robot_localisation_pkg) by extensions ['colcon_meta']
[0.166s] Level 1:colcon.colcon_core.package_identification:_identify(robot_localisation_pkg) by extension 'colcon_meta'
[0.166s] Level 1:colcon.colcon_core.package_identification:_identify(robot_localisation_pkg) by extensions ['ros']
[0.166s] Level 1:colcon.colcon_core.package_identification:_identify(robot_localisation_pkg) by extension 'ros'
[0.168s] DEBUG:colcon.colcon_core.package_identification:Package 'robot_localisation_pkg' with type 'ros.ament_cmake' and name 'robot_localisation_pkg'
[0.168s] Level 1:colcon.colcon_core.package_discovery:discover_packages(recursive) using defaults
[0.168s] Level 1:colcon.colcon_core.package_discovery:discover_packages(ignore) discover
[0.168s] Level 1:colcon.colcon_core.package_discovery:discover_packages(ignore) using defaults
[0.168s] Level 1:colcon.colcon_core.package_discovery:discover_packages(path) discover
[0.168s] Level 1:colcon.colcon_core.package_discovery:discover_packages(path) using defaults
[0.193s] Level 1:colcon.colcon_core.package_discovery:discover_packages(prefix_path) check parameters
[0.193s] Level 1:colcon.colcon_core.package_discovery:discover_packages(prefix_path) discover
[0.196s] DEBUG:colcon.colcon_installed_package_information.package_discovery:Found 304 installed packages in /opt/ros/foxy
[0.198s] Level 1:colcon.colcon_core.package_discovery:discover_packages(prefix_path) using defaults
[0.262s] Level 5:colcon.colcon_core.verb:set package 'robot_localisation_pkg' build argument 'cmake_args' from command line to 'None'
[0.262s] Level 5:colcon.colcon_core.verb:set package 'robot_localisation_pkg' build argument 'cmake_target' from command line to 'None'
[0.262s] Level 5:colcon.colcon_core.verb:set package 'robot_localisation_pkg' build argument 'cmake_target_skip_unavailable' from command line to 'False'
[0.262s] Level 5:colcon.colcon_core.verb:set package 'robot_localisation_pkg' build argument 'cmake_clean_cache' from command line to 'False'
[0.262s] Level 5:colcon.colcon_core.verb:set package 'robot_localisation_pkg' build argument 'cmake_clean_first' from command line to 'False'
[0.262s] Level 5:colcon.colcon_core.verb:set package 'robot_localisation_pkg' build argument 'cmake_force_configure' from command line to 'False'
[0.262s] Level 5:colcon.colcon_core.verb:set package 'robot_localisation_pkg' build argument 'ament_cmake_args' from command line to 'None'
[0.262s] Level 5:colcon.colcon_core.verb:set package 'robot_localisation_pkg' build argument 'catkin_cmake_args' from command line to 'None'
[0.262s] Level 5:colcon.colcon_core.verb:set package 'robot_localisation_pkg' build argument 'catkin_skip_building_tests' from command line to 'False'
[0.262s] DEBUG:colcon.colcon_core.verb:Building package 'robot_localisation_pkg' with the following arguments: {'ament_cmake_args': None, 'build_base': '/home/mcav/robot_localisation_ws/minidrone/build/robot_localisation_pkg', 'catkin_cmake_args': None, 'catkin_skip_building_tests': False, 'cmake_args': None, 'cmake_clean_cache': False, 'cmake_clean_first': False, 'cmake_force_configure': False, 'cmake_target': None, 'cmake_target_skip_unavailable': False, 'install_base': '/home/mcav/robot_localisation_ws/minidrone/install/robot_localisation_pkg', 'merge_install': False, 'path': '/home/mcav/robot_localisation_ws/minidrone/robot_localisation_pkg', 'symlink_install': False, 'test_result_base': None}
[0.263s] INFO:colcon.colcon_core.executor:Executing jobs using 'parallel' executor
[0.267s] DEBUG:colcon.colcon_parallel_executor.executor.parallel:run_until_complete
[0.267s] INFO:colcon.colcon_ros.task.ament_cmake.build:Building ROS package in '/home/mcav/robot_localisation_ws/minidrone/robot_localisation_pkg' with build type 'ament_cmake'
[0.267s] INFO:colcon.colcon_cmake.task.cmake.build:Building CMake package in '/home/mcav/robot_localisation_ws/minidrone/robot_localisation_pkg'
[0.271s] INFO:colcon.colcon_core.plugin_system:Skipping extension 'colcon_core.shell.bat': Not used on non-Windows systems
[0.271s] INFO:colcon.colcon_core.shell:Skip shell extension 'powershell' for command environment: Not usable outside of PowerShell
[0.271s] DEBUG:colcon.colcon_core.shell:Skip shell extension 'dsv' for command environment
[0.281s] DEBUG:colcon.colcon_core.event_handler.log_command:Invoking command in '/home/mcav/robot_localisation_ws/minidrone/build/robot_localisation_pkg': CMAKE_PREFIX_PATH=/opt/ros/foxy /usr/bin/cmake /home/mcav/robot_localisation_ws/minidrone/robot_localisation_pkg -DCMAKE_INSTALL_PREFIX=/home/mcav/robot_localisation_ws/minidrone/install/robot_localisation_pkg
[0.978s] DEBUG:colcon.colcon_core.event_handler.log_command:Invoked command in '/home/mcav/robot_localisation_ws/minidrone/build/robot_localisation_pkg' returned '0': CMAKE_PREFIX_PATH=/opt/ros/foxy /usr/bin/cmake /home/mcav/robot_localisation_ws/minidrone/robot_localisation_pkg -DCMAKE_INSTALL_PREFIX=/home/mcav/robot_localisation_ws/minidrone/install/robot_localisation_pkg
[0.979s] DEBUG:colcon.colcon_core.event_handler.log_command:Invoking command in '/home/mcav/robot_localisation_ws/minidrone/build/robot_localisation_pkg': CMAKE_PREFIX_PATH=/opt/ros/foxy /usr/bin/cmake --build /home/mcav/robot_localisation_ws/minidrone/build/robot_localisation_pkg -- -j8 -l8
[1.016s] DEBUG:colcon.colcon_core.event_handler.log_command:Invoked command in '/home/mcav/robot_localisation_ws/minidrone/build/robot_localisation_pkg' returned '0': CMAKE_PREFIX_PATH=/opt/ros/foxy /usr/bin/cmake --build /home/mcav/robot_localisation_ws/minidrone/build/robot_localisation_pkg -- -j8 -l8
[1.045s] DEBUG:colcon.colcon_core.event_handler.log_command:Invoking command in '/home/mcav/robot_localisation_ws/minidrone/build/robot_localisation_pkg': CMAKE_PREFIX_PATH=/opt/ros/foxy /usr/bin/cmake --install /home/mcav/robot_localisation_ws/minidrone/build/robot_localisation_pkg
[1.058s] Level 1:colcon.colcon_core.environment:create_environment_scripts_only(robot_localisation_pkg)
[1.059s] DEBUG:colcon.colcon_core.event_handler.log_command:Invoked command in '/home/mcav/robot_localisation_ws/minidrone/build/robot_localisation_pkg' returned '0': CMAKE_PREFIX_PATH=/opt/ros/foxy /usr/bin/cmake --install /home/mcav/robot_localisation_ws/minidrone/build/robot_localisation_pkg
[1.063s] Level 1:colcon.colcon_core.environment:checking '/home/mcav/robot_localisation_ws/minidrone/install/robot_localisation_pkg' for CMake module files
[1.064s] Level 1:colcon.colcon_core.environment:checking '/home/mcav/robot_localisation_ws/minidrone/install/robot_localisation_pkg' for CMake config files
[1.064s] Level 1:colcon.colcon_core.shell:create_environment_hook('robot_localisation_pkg', 'cmake_prefix_path')
[1.065s] INFO:colcon.colcon_core.shell:Creating environment hook '/home/mcav/robot_localisation_ws/minidrone/install/robot_localisation_pkg/share/robot_localisation_pkg/hook/cmake_prefix_path.ps1'
[1.066s] INFO:colcon.colcon_core.shell:Creating environment descriptor '/home/mcav/robot_localisation_ws/minidrone/install/robot_localisation_pkg/share/robot_localisation_pkg/hook/cmake_prefix_path.dsv'
[1.067s] INFO:colcon.colcon_core.shell:Creating environment hook '/home/mcav/robot_localisation_ws/minidrone/install/robot_localisation_pkg/share/robot_localisation_pkg/hook/cmake_prefix_path.sh'
[1.067s] Level 1:colcon.colcon_core.environment:checking '/home/mcav/robot_localisation_ws/minidrone/install/robot_localisation_pkg/bin'
[1.067s] Level 1:colcon.colcon_core.environment:checking '/home/mcav/robot_localisation_ws/minidrone/install/robot_localisation_pkg/lib/pkgconfig/robot_localisation_pkg.pc'
[1.068s] Level 1:colcon.colcon_core.environment:checking '/home/mcav/robot_localisation_ws/minidrone/install/robot_localisation_pkg/lib/python3.8/site-packages'
[1.068s] Level 1:colcon.colcon_core.environment:checking '/home/mcav/robot_localisation_ws/minidrone/install/robot_localisation_pkg/bin'
[1.069s] INFO:colcon.colcon_core.shell:Creating package script '/home/mcav/robot_localisation_ws/minidrone/install/robot_localisation_pkg/share/robot_localisation_pkg/package.ps1'
[1.070s] INFO:colcon.colcon_core.shell:Creating package descriptor '/home/mcav/robot_localisation_ws/minidrone/install/robot_localisation_pkg/share/robot_localisation_pkg/package.dsv'
[1.070s] INFO:colcon.colcon_core.shell:Creating package script '/home/mcav/robot_localisation_ws/minidrone/install/robot_localisation_pkg/share/robot_localisation_pkg/package.sh'
[1.071s] INFO:colcon.colcon_core.shell:Creating package script '/home/mcav/robot_localisation_ws/minidrone/install/robot_localisation_pkg/share/robot_localisation_pkg/package.bash'
[1.071s] INFO:colcon.colcon_core.shell:Creating package script '/home/mcav/robot_localisation_ws/minidrone/install/robot_localisation_pkg/share/robot_localisation_pkg/package.zsh'
[1.072s] Level 1:colcon.colcon_core.environment:create_file_with_runtime_dependencies(/home/mcav/robot_localisation_ws/minidrone/install/robot_localisation_pkg/share/colcon-core/packages/robot_localisation_pkg)
[1.093s] Level 1:colcon.colcon_core.environment:create_environment_scripts_only(robot_localisation_pkg)
[1.097s] Level 1:colcon.colcon_core.environment:checking '/home/mcav/robot_localisation_ws/minidrone/install/robot_localisation_pkg' for CMake module files
[1.097s] Level 1:colcon.colcon_core.environment:checking '/home/mcav/robot_localisation_ws/minidrone/install/robot_localisation_pkg' for CMake config files
[1.098s] Level 1:colcon.colcon_core.shell:create_environment_hook('robot_localisation_pkg', 'cmake_prefix_path')
[1.100s] INFO:colcon.colcon_core.shell:Creating environment hook '/home/mcav/robot_localisation_ws/minidrone/install/robot_localisation_pkg/share/robot_localisation_pkg/hook/cmake_prefix_path.ps1'
[1.101s] INFO:colcon.colcon_core.shell:Creating environment descriptor '/home/mcav/robot_localisation_ws/minidrone/install/robot_localisation_pkg/share/robot_localisation_pkg/hook/cmake_prefix_path.dsv'
[1.101s] INFO:colcon.colcon_core.shell:Creating environment hook '/home/mcav/robot_localisation_ws/minidrone/install/robot_localisation_pkg/share/robot_localisation_pkg/hook/cmake_prefix_path.sh'
[1.101s] Level 1:colcon.colcon_core.environment:checking '/home/mcav/robot_localisation_ws/minidrone/install/robot_localisation_pkg/bin'
[1.102s] Level 1:colcon.colcon_core.environment:checking '/home/mcav/robot_localisation_ws/minidrone/install/robot_localisation_pkg/lib/pkgconfig/robot_localisation_pkg.pc'
[1.102s] Level 1:colcon.colcon_core.environment:checking '/home/mcav/robot_localisation_ws/minidrone/install/robot_localisation_pkg/lib/python3.8/site-packages'
[1.102s] Level 1:colcon.colcon_core.environment:checking '/home/mcav/robot_localisation_ws/minidrone/install/robot_localisation_pkg/bin'
[1.104s] INFO:colcon.colcon_core.shell:Creating package script '/home/mcav/robot_localisation_ws/minidrone/install/robot_localisation_pkg/share/robot_localisation_pkg/package.ps1'
[1.105s] INFO:colcon.colcon_core.shell:Creating package descriptor '/home/mcav/robot_localisation_ws/minidrone/install/robot_localisation_pkg/share/robot_localisation_pkg/package.dsv'
[1.105s] INFO:colcon.colcon_core.shell:Creating package script '/home/mcav/robot_localisation_ws/minidrone/install/robot_localisation_pkg/share/robot_localisation_pkg/package.sh'
[1.106s] INFO:colcon.colcon_core.shell:Creating package script '/home/mcav/robot_localisation_ws/minidrone/install/robot_localisation_pkg/share/robot_localisation_pkg/package.bash'
[1.106s] INFO:colcon.colcon_core.shell:Creating package script '/home/mcav/robot_localisation_ws/minidrone/install/robot_localisation_pkg/share/robot_localisation_pkg/package.zsh'
[1.107s] Level 1:colcon.colcon_core.environment:create_file_with_runtime_dependencies(/home/mcav/robot_localisation_ws/minidrone/install/robot_localisation_pkg/share/colcon-core/packages/robot_localisation_pkg)
[1.107s] DEBUG:colcon.colcon_parallel_executor.executor.parallel:closing loop
[1.107s] DEBUG:colcon.colcon_parallel_executor.executor.parallel:loop closed
[1.107s] DEBUG:colcon.colcon_parallel_executor.executor.parallel:run_until_complete finished with '0'
[1.107s] DEBUG:colcon.colcon_core.event_reactor:joining thread
[1.113s] INFO:colcon.colcon_core.plugin_system:Skipping extension 'colcon_notification.desktop_notification.terminal_notifier': Not used on non-Darwin systems
[1.113s] INFO:colcon.colcon_core.plugin_system:Skipping extension 'colcon_notification.desktop_notification.win32': Not used on non-Windows systems
[1.114s] INFO:colcon.colcon_notification.desktop_notification:Sending desktop notification using 'notify2'
[1.131s] DEBUG:colcon.colcon_core.event_reactor:joined thread
[1.133s] INFO:colcon.colcon_core.shell:Creating prefix script '/home/mcav/robot_localisation_ws/minidrone/install/local_setup.ps1'
[1.135s] INFO:colcon.colcon_core.shell:Creating prefix util module '/home/mcav/robot_localisation_ws/minidrone/install/_local_setup_util_ps1.py'
[1.137s] INFO:colcon.colcon_core.shell:Creating prefix chain script '/home/mcav/robot_localisation_ws/minidrone/install/setup.ps1'
[1.138s] INFO:colcon.colcon_core.shell:Creating prefix script '/home/mcav/robot_localisation_ws/minidrone/install/local_setup.sh'
[1.138s] INFO:colcon.colcon_core.shell:Creating prefix util module '/home/mcav/robot_localisation_ws/minidrone/install/_local_setup_util_sh.py'
[1.139s] INFO:colcon.colcon_core.shell:Creating prefix chain script '/home/mcav/robot_localisation_ws/minidrone/install/setup.sh'
[1.139s] INFO:colcon.colcon_core.shell:Creating prefix script '/home/mcav/robot_localisation_ws/minidrone/install/local_setup.bash'
[1.140s] INFO:colcon.colcon_core.shell:Creating prefix chain script '/home/mcav/robot_localisation_ws/minidrone/install/setup.bash'
[1.141s] INFO:colcon.colcon_core.shell:Creating prefix script '/home/mcav/robot_localisation_ws/minidrone/install/local_setup.zsh'
[1.141s] INFO:colcon.colcon_core.shell:Creating prefix chain script '/home/mcav/robot_localisation_ws/minidrone/install/setup.zsh'
