[1.007s] Invoking command in '/home/m076em/my_ws/src/minidrone/rrt_planner': PYTHONPATH=/home/m076em/my_ws/src/minidrone/build/rrt_planner/prefix_override:/home/m076em/my_ws/src/minidrone/install/rrt_planner/lib/python3.8/site-packages:${PYTHONPATH} /usr/bin/python3 setup.py egg_info --egg-base ../build/rrt_planner build --build-base /home/m076em/my_ws/src/minidrone/build/rrt_planner/build install --record /home/m076em/my_ws/src/minidrone/build/rrt_planner/install.log --single-version-externally-managed
[1.274s] running egg_info
[1.276s] writing ../build/rrt_planner/rrt_planner.egg-info/PKG-INFO
[1.276s] writing dependency_links to ../build/rrt_planner/rrt_planner.egg-info/dependency_links.txt
[1.279s] writing entry points to ../build/rrt_planner/rrt_planner.egg-info/entry_points.txt
[1.279s] writing requirements to ../build/rrt_planner/rrt_planner.egg-info/requires.txt
[1.312s] writing top-level names to ../build/rrt_planner/rrt_planner.egg-info/top_level.txt
[1.344s] reading manifest file '../build/rrt_planner/rrt_planner.egg-info/SOURCES.txt'
[1.347s] writing manifest file '../build/rrt_planner/rrt_planner.egg-info/SOURCES.txt'
[1.347s] running build
[1.347s] running build_py
[1.348s] copying rrt_planner/Og_manager.py -> /home/m076em/my_ws/src/minidrone/build/rrt_planner/build/lib/rrt_planner
[1.348s] running install
[1.348s] running install_lib
[1.351s] copying /home/m076em/my_ws/src/minidrone/build/rrt_planner/build/lib/rrt_planner/Og_manager.py -> /home/m076em/my_ws/src/minidrone/install/rrt_planner/lib/python3.8/site-packages/rrt_planner
[1.351s] byte-compiling /home/m076em/my_ws/src/minidrone/install/rrt_planner/lib/python3.8/site-packages/rrt_planner/Og_manager.py to Og_manager.cpython-38.pyc
[1.354s] running install_data
[1.356s] running install_egg_info
[1.358s] removing '/home/m076em/my_ws/src/minidrone/install/rrt_planner/lib/python3.8/site-packages/rrt_planner-0.0.0-py3.8.egg-info' (and everything under it)
[1.358s] Copying ../build/rrt_planner/rrt_planner.egg-info to /home/m076em/my_ws/src/minidrone/install/rrt_planner/lib/python3.8/site-packages/rrt_planner-0.0.0-py3.8.egg-info
[1.358s] running install_scripts
[1.373s] Installing og_manager script to /home/m076em/my_ws/src/minidrone/install/rrt_planner/lib/rrt_planner
[1.410s] Installing path_creator script to /home/m076em/my_ws/src/minidrone/install/rrt_planner/lib/rrt_planner
[1.411s] writing list of installed files to '/home/m076em/my_ws/src/minidrone/build/rrt_planner/install.log'
[1.487s] Invoked command in '/home/m076em/my_ws/src/minidrone/rrt_planner' returned '0': PYTHONPATH=/home/m076em/my_ws/src/minidrone/build/rrt_planner/prefix_override:/home/m076em/my_ws/src/minidrone/install/rrt_planner/lib/python3.8/site-packages:${PYTHONPATH} /usr/bin/python3 setup.py egg_info --egg-base ../build/rrt_planner build --build-base /home/m076em/my_ws/src/minidrone/build/rrt_planner/build install --record /home/m076em/my_ws/src/minidrone/build/rrt_planner/install.log --single-version-externally-managed
