[0.538s] DEBUG:colcon:Command line arguments: ['/usr/bin/colcon', 'build']
[0.538s] DEBUG:colcon:Parsed command line arguments: Namespace(ament_cmake_args=None, base_paths=['.'], build_base='build', catkin_cmake_args=None, catkin_skip_building_tests=False, cmake_args=None, cmake_clean_cache=False, cmake_clean_first=False, cmake_force_configure=False, cmake_target=None, cmake_target_skip_unavailable=False, continue_on_error=False, event_handlers=None, executor='parallel', ignore_user_meta=False, install_base='install', log_base=None, log_level=None, main=<bound method BuildVerb.main of <colcon_core.verb.build.BuildVerb object at 0x7fa58efb20>>, merge_install=False, metas=['./colcon.meta'], packages_above=None, packages_above_and_dependencies=None, packages_above_depth=None, packages_end=None, packages_ignore=None, packages_ignore_regex=None, packages_select=None, packages_select_build_failed=False, packages_select_by_dep=None, packages_select_regex=None, packages_select_test_failures=False, packages_skip=None, packages_skip_build_finished=False, packages_skip_by_dep=None, packages_skip_regex=None, packages_skip_test_passed=False, packages_skip_up_to=None, packages_start=None, packages_up_to=None, packages_up_to_regex=None, parallel_workers=4, paths=None, symlink_install=False, test_result_base=None, verb_extension=<colcon_core.verb.build.BuildVerb object at 0x7fa58efb20>, verb_name='build', verb_parser=<colcon_defaults.argument_parser.defaults.DefaultArgumentsDecorator object at 0x7fa58fa0d0>)
[0.643s] Level 1:colcon.colcon_core.package_discovery:discover_packages(colcon_meta) check parameters
[0.643s] Level 1:colcon.colcon_core.package_discovery:discover_packages(recursive) check parameters
[0.643s] Level 1:colcon.colcon_core.package_discovery:discover_packages(ignore) check parameters
[0.643s] Level 1:colcon.colcon_core.package_discovery:discover_packages(path) check parameters
[0.644s] Level 1:colcon.colcon_core.package_discovery:discover_packages(colcon_meta) discover
[0.644s] Level 1:colcon.colcon_core.package_discovery:discover_packages(recursive) discover
[0.644s] INFO:colcon.colcon_core.package_discovery:Crawling recursively for packages in '/home/mcav/mcav_ws/src/minidrone/control_ws'
[0.645s] Level 1:colcon.colcon_core.package_identification:_identify(.) by extensions ['ignore', 'ignore_ament_install']
[0.645s] Level 1:colcon.colcon_core.package_identification:_identify(.) by extension 'ignore'
[0.645s] Level 1:colcon.colcon_core.package_identification:_identify(.) by extension 'ignore_ament_install'
[0.646s] Level 1:colcon.colcon_core.package_identification:_identify(.) by extensions ['colcon_pkg']
[0.646s] Level 1:colcon.colcon_core.package_identification:_identify(.) by extension 'colcon_pkg'
[0.646s] Level 1:colcon.colcon_core.package_identification:_identify(.) by extensions ['colcon_meta']
[0.646s] Level 1:colcon.colcon_core.package_identification:_identify(.) by extension 'colcon_meta'
[0.646s] Level 1:colcon.colcon_core.package_identification:_identify(.) by extensions ['ros']
[0.646s] Level 1:colcon.colcon_core.package_identification:_identify(.) by extension 'ros'
[0.701s] Level 1:colcon.colcon_core.package_identification:_identify(.) by extensions ['cmake', 'python']
[0.701s] Level 1:colcon.colcon_core.package_identification:_identify(.) by extension 'cmake'
[0.702s] Level 1:colcon.colcon_core.package_identification:_identify(.) by extension 'python'
[0.702s] Level 1:colcon.colcon_core.package_identification:_identify(.) by extensions ['python_setup_py']
[0.702s] Level 1:colcon.colcon_core.package_identification:_identify(.) by extension 'python_setup_py'
[0.703s] Level 1:colcon.colcon_core.package_identification:_identify(build) by extensions ['ignore', 'ignore_ament_install']
[0.703s] Level 1:colcon.colcon_core.package_identification:_identify(build) by extension 'ignore'
[0.703s] Level 1:colcon.colcon_core.package_identification:_identify(build) ignored
[0.704s] Level 1:colcon.colcon_core.package_identification:_identify(install) by extensions ['ignore', 'ignore_ament_install']
[0.704s] Level 1:colcon.colcon_core.package_identification:_identify(install) by extension 'ignore'
[0.705s] Level 1:colcon.colcon_core.package_identification:_identify(install) ignored
[0.705s] Level 1:colcon.colcon_core.package_identification:_identify(log) by extensions ['ignore', 'ignore_ament_install']
[0.705s] Level 1:colcon.colcon_core.package_identification:_identify(log) by extension 'ignore'
[0.706s] Level 1:colcon.colcon_core.package_identification:_identify(log) ignored
[0.706s] Level 1:colcon.colcon_core.package_identification:_identify(src) by extensions ['ignore', 'ignore_ament_install']
[0.706s] Level 1:colcon.colcon_core.package_identification:_identify(src) by extension 'ignore'
[0.706s] Level 1:colcon.colcon_core.package_identification:_identify(src) by extension 'ignore_ament_install'
[0.707s] Level 1:colcon.colcon_core.package_identification:_identify(src) by extensions ['colcon_pkg']
[0.707s] Level 1:colcon.colcon_core.package_identification:_identify(src) by extension 'colcon_pkg'
[0.707s] Level 1:colcon.colcon_core.package_identification:_identify(src) by extensions ['colcon_meta']
[0.707s] Level 1:colcon.colcon_core.package_identification:_identify(src) by extension 'colcon_meta'
[0.708s] Level 1:colcon.colcon_core.package_identification:_identify(src) by extensions ['ros']
[0.708s] Level 1:colcon.colcon_core.package_identification:_identify(src) by extension 'ros'
[0.708s] Level 1:colcon.colcon_core.package_identification:_identify(src) by extensions ['cmake', 'python']
[0.708s] Level 1:colcon.colcon_core.package_identification:_identify(src) by extension 'cmake'
[0.709s] Level 1:colcon.colcon_core.package_identification:_identify(src) by extension 'python'
[0.709s] Level 1:colcon.colcon_core.package_identification:_identify(src) by extensions ['python_setup_py']
[0.709s] Level 1:colcon.colcon_core.package_identification:_identify(src) by extension 'python_setup_py'
[0.709s] Level 1:colcon.colcon_core.package_identification:_identify(src/minidrone_control) by extensions ['ignore', 'ignore_ament_install']
[0.710s] Level 1:colcon.colcon_core.package_identification:_identify(src/minidrone_control) by extension 'ignore'
[0.710s] Level 1:colcon.colcon_core.package_identification:_identify(src/minidrone_control) by extension 'ignore_ament_install'
[0.710s] Level 1:colcon.colcon_core.package_identification:_identify(src/minidrone_control) by extensions ['colcon_pkg']
[0.711s] Level 1:colcon.colcon_core.package_identification:_identify(src/minidrone_control) by extension 'colcon_pkg'
[0.711s] Level 1:colcon.colcon_core.package_identification:_identify(src/minidrone_control) by extensions ['colcon_meta']
[0.711s] Level 1:colcon.colcon_core.package_identification:_identify(src/minidrone_control) by extension 'colcon_meta'
[0.711s] Level 1:colcon.colcon_core.package_identification:_identify(src/minidrone_control) by extensions ['ros']
[0.711s] Level 1:colcon.colcon_core.package_identification:_identify(src/minidrone_control) by extension 'ros'
[0.722s] DEBUG:colcon.colcon_core.package_identification:Package 'src/minidrone_control' with type 'ros.ament_python' and name 'minidrone_control'
[0.722s] Level 1:colcon.colcon_core.package_discovery:discover_packages(recursive) using defaults
[0.723s] Level 1:colcon.colcon_core.package_discovery:discover_packages(ignore) discover
[0.723s] Level 1:colcon.colcon_core.package_discovery:discover_packages(ignore) using defaults
[0.723s] Level 1:colcon.colcon_core.package_discovery:discover_packages(path) discover
[0.723s] Level 1:colcon.colcon_core.package_discovery:discover_packages(path) using defaults
[0.801s] Level 5:colcon.colcon_core.verb:set package 'minidrone_control' build argument 'cmake_args' from command line to 'None'
[0.802s] Level 5:colcon.colcon_core.verb:set package 'minidrone_control' build argument 'cmake_target' from command line to 'None'
[0.802s] Level 5:colcon.colcon_core.verb:set package 'minidrone_control' build argument 'cmake_target_skip_unavailable' from command line to 'False'
[0.802s] Level 5:colcon.colcon_core.verb:set package 'minidrone_control' build argument 'cmake_clean_cache' from command line to 'False'
[0.802s] Level 5:colcon.colcon_core.verb:set package 'minidrone_control' build argument 'cmake_clean_first' from command line to 'False'
[0.802s] Level 5:colcon.colcon_core.verb:set package 'minidrone_control' build argument 'cmake_force_configure' from command line to 'False'
[0.802s] Level 5:colcon.colcon_core.verb:set package 'minidrone_control' build argument 'ament_cmake_args' from command line to 'None'
[0.803s] Level 5:colcon.colcon_core.verb:set package 'minidrone_control' build argument 'catkin_cmake_args' from command line to 'None'
[0.803s] Level 5:colcon.colcon_core.verb:set package 'minidrone_control' build argument 'catkin_skip_building_tests' from command line to 'False'
[0.803s] DEBUG:colcon.colcon_core.verb:Building package 'minidrone_control' with the following arguments: {'ament_cmake_args': None, 'build_base': '/home/mcav/mcav_ws/src/minidrone/control_ws/build/minidrone_control', 'catkin_cmake_args': None, 'catkin_skip_building_tests': False, 'cmake_args': None, 'cmake_clean_cache': False, 'cmake_clean_first': False, 'cmake_force_configure': False, 'cmake_target': None, 'cmake_target_skip_unavailable': False, 'install_base': '/home/mcav/mcav_ws/src/minidrone/control_ws/install/minidrone_control', 'merge_install': False, 'path': '/home/mcav/mcav_ws/src/minidrone/control_ws/src/minidrone_control', 'symlink_install': False, 'test_result_base': None}
[0.804s] INFO:colcon.colcon_core.executor:Executing jobs using 'parallel' executor
[0.813s] DEBUG:colcon.colcon_parallel_executor.executor.parallel:run_until_complete
[0.814s] INFO:colcon.colcon_ros.task.ament_python.build:Building ROS package in '/home/mcav/mcav_ws/src/minidrone/control_ws/src/minidrone_control' with build type 'ament_python'
[0.814s] Level 1:colcon.colcon_core.shell:create_environment_hook('minidrone_control', 'ament_prefix_path')
[0.834s] INFO:colcon.colcon_core.plugin_system:Skipping extension 'colcon_core.shell.bat': Not used on non-Windows systems
[0.835s] INFO:colcon.colcon_core.shell:Creating environment hook '/home/mcav/mcav_ws/src/minidrone/control_ws/install/minidrone_control/share/minidrone_control/hook/ament_prefix_path.ps1'
[0.837s] INFO:colcon.colcon_core.shell:Creating environment descriptor '/home/mcav/mcav_ws/src/minidrone/control_ws/install/minidrone_control/share/minidrone_control/hook/ament_prefix_path.dsv'
[0.839s] INFO:colcon.colcon_core.shell:Creating environment hook '/home/mcav/mcav_ws/src/minidrone/control_ws/install/minidrone_control/share/minidrone_control/hook/ament_prefix_path.sh'
[0.843s] INFO:colcon.colcon_core.shell:Skip shell extension 'powershell' for command environment: Not usable outside of PowerShell
[0.844s] DEBUG:colcon.colcon_core.shell:Skip shell extension 'dsv' for command environment
[1.763s] INFO:colcon.colcon_core.task.python.build:Building Python package in '/home/mcav/mcav_ws/src/minidrone/control_ws/src/minidrone_control'
[1.767s] INFO:colcon.colcon_core.shell:Skip shell extension 'powershell' for command environment: Not usable outside of PowerShell
[1.767s] DEBUG:colcon.colcon_core.shell:Skip shell extension 'dsv' for command environment
[3.314s] DEBUG:colcon.colcon_core.event_handler.log_command:Invoking command in '/home/mcav/mcav_ws/src/minidrone/control_ws/src/minidrone_control': PS1=\[\e]0;\u@docker: \w\a\]\[\033[01;32m\]\u@docker\[\033[00m\]:\[\033[01;34m\]\w\[\033[00m\]$ PYTHONPATH=/home/mcav/mcav_ws/src/minidrone/control_ws/install/minidrone_control/lib/python3.8/site-packages:${PYTHONPATH} /usr/bin/python3 setup.py egg_info --egg-base ../../build/minidrone_control build --build-base /home/mcav/mcav_ws/src/minidrone/control_ws/build/minidrone_control/build install --prefix /home/mcav/mcav_ws/src/minidrone/control_ws/install/minidrone_control --record /home/mcav/mcav_ws/src/minidrone/control_ws/build/minidrone_control/install.log --single-version-externally-managed
[4.537s] DEBUG:colcon.colcon_core.event_handler.log_command:Invoked command in '/home/mcav/mcav_ws/src/minidrone/control_ws/src/minidrone_control' returned '0': PS1=\[\e]0;\u@docker: \w\a\]\[\033[01;32m\]\u@docker\[\033[00m\]:\[\033[01;34m\]\w\[\033[00m\]$ PYTHONPATH=/home/mcav/mcav_ws/src/minidrone/control_ws/install/minidrone_control/lib/python3.8/site-packages:${PYTHONPATH} /usr/bin/python3 setup.py egg_info --egg-base ../../build/minidrone_control build --build-base /home/mcav/mcav_ws/src/minidrone/control_ws/build/minidrone_control/build install --prefix /home/mcav/mcav_ws/src/minidrone/control_ws/install/minidrone_control --record /home/mcav/mcav_ws/src/minidrone/control_ws/build/minidrone_control/install.log --single-version-externally-managed
[4.548s] Level 1:colcon.colcon_core.environment:checking '/home/mcav/mcav_ws/src/minidrone/control_ws/install/minidrone_control' for CMake module files
[4.551s] Level 1:colcon.colcon_core.environment:checking '/home/mcav/mcav_ws/src/minidrone/control_ws/install/minidrone_control' for CMake config files
[4.555s] Level 1:colcon.colcon_core.environment:checking '/home/mcav/mcav_ws/src/minidrone/control_ws/install/minidrone_control/lib'
[4.556s] Level 1:colcon.colcon_core.environment:checking '/home/mcav/mcav_ws/src/minidrone/control_ws/install/minidrone_control/bin'
[4.557s] Level 1:colcon.colcon_core.environment:checking '/home/mcav/mcav_ws/src/minidrone/control_ws/install/minidrone_control/lib/pkgconfig/minidrone_control.pc'
[4.558s] Level 1:colcon.colcon_core.environment:checking '/home/mcav/mcav_ws/src/minidrone/control_ws/install/minidrone_control/lib/python3.8/site-packages'
[4.558s] Level 1:colcon.colcon_core.shell:create_environment_hook('minidrone_control', 'pythonpath')
[4.561s] INFO:colcon.colcon_core.shell:Creating environment hook '/home/mcav/mcav_ws/src/minidrone/control_ws/install/minidrone_control/share/minidrone_control/hook/pythonpath.ps1'
[4.563s] INFO:colcon.colcon_core.shell:Creating environment descriptor '/home/mcav/mcav_ws/src/minidrone/control_ws/install/minidrone_control/share/minidrone_control/hook/pythonpath.dsv'
[4.565s] INFO:colcon.colcon_core.shell:Creating environment hook '/home/mcav/mcav_ws/src/minidrone/control_ws/install/minidrone_control/share/minidrone_control/hook/pythonpath.sh'
[4.567s] Level 1:colcon.colcon_core.environment:checking '/home/mcav/mcav_ws/src/minidrone/control_ws/install/minidrone_control/bin'
[4.568s] Level 1:colcon.colcon_core.environment:create_environment_scripts_only(minidrone_control)
[4.571s] INFO:colcon.colcon_core.shell:Creating package script '/home/mcav/mcav_ws/src/minidrone/control_ws/install/minidrone_control/share/minidrone_control/package.ps1'
[4.575s] INFO:colcon.colcon_core.shell:Creating package descriptor '/home/mcav/mcav_ws/src/minidrone/control_ws/install/minidrone_control/share/minidrone_control/package.dsv'
[4.578s] INFO:colcon.colcon_core.shell:Creating package script '/home/mcav/mcav_ws/src/minidrone/control_ws/install/minidrone_control/share/minidrone_control/package.sh'
[4.582s] INFO:colcon.colcon_core.shell:Creating package script '/home/mcav/mcav_ws/src/minidrone/control_ws/install/minidrone_control/share/minidrone_control/package.bash'
[4.585s] INFO:colcon.colcon_core.shell:Creating package script '/home/mcav/mcav_ws/src/minidrone/control_ws/install/minidrone_control/share/minidrone_control/package.zsh'
[4.588s] Level 1:colcon.colcon_core.environment:create_file_with_runtime_dependencies(/home/mcav/mcav_ws/src/minidrone/control_ws/install/minidrone_control/share/colcon-core/packages/minidrone_control)
[4.589s] DEBUG:colcon.colcon_parallel_executor.executor.parallel:closing loop
[4.590s] DEBUG:colcon.colcon_parallel_executor.executor.parallel:loop closed
[4.590s] DEBUG:colcon.colcon_parallel_executor.executor.parallel:run_until_complete finished with '0'
[4.591s] DEBUG:colcon.colcon_core.event_reactor:joining thread
[4.623s] INFO:colcon.colcon_core.plugin_system:Skipping extension 'colcon_notification.desktop_notification.notify_send': Could not find 'notify-send'
[4.624s] INFO:colcon.colcon_core.plugin_system:Skipping extension 'colcon_notification.desktop_notification.terminal_notifier': Not used on non-Darwin systems
[4.624s] INFO:colcon.colcon_core.plugin_system:Skipping extension 'colcon_notification.desktop_notification.win32': Not used on non-Windows systems
[4.624s] INFO:colcon.colcon_notification.desktop_notification:Sending desktop notification using 'notify2'
[4.629s] DEBUG:colcon.colcon_notification.desktop_notification.notify2:Failed to initialize notify2: org.freedesktop.DBus.Error.Spawn.ExecFailed: /usr/bin/dbus-launch terminated abnormally without any error message
[4.630s] DEBUG:colcon.colcon_core.event_reactor:joined thread
[4.633s] INFO:colcon.colcon_core.shell:Creating prefix script '/home/mcav/mcav_ws/src/minidrone/control_ws/install/local_setup.ps1'
[4.637s] INFO:colcon.colcon_core.shell:Creating prefix util module '/home/mcav/mcav_ws/src/minidrone/control_ws/install/_local_setup_util_ps1.py'
[4.643s] INFO:colcon.colcon_core.shell:Creating prefix chain script '/home/mcav/mcav_ws/src/minidrone/control_ws/install/setup.ps1'
[4.649s] INFO:colcon.colcon_core.shell:Creating prefix script '/home/mcav/mcav_ws/src/minidrone/control_ws/install/local_setup.sh'
[4.651s] INFO:colcon.colcon_core.shell:Creating prefix util module '/home/mcav/mcav_ws/src/minidrone/control_ws/install/_local_setup_util_sh.py'
[4.653s] INFO:colcon.colcon_core.shell:Creating prefix chain script '/home/mcav/mcav_ws/src/minidrone/control_ws/install/setup.sh'
[4.659s] INFO:colcon.colcon_core.shell:Creating prefix script '/home/mcav/mcav_ws/src/minidrone/control_ws/install/local_setup.bash'
[4.661s] INFO:colcon.colcon_core.shell:Creating prefix chain script '/home/mcav/mcav_ws/src/minidrone/control_ws/install/setup.bash'
[4.666s] INFO:colcon.colcon_core.shell:Creating prefix script '/home/mcav/mcav_ws/src/minidrone/control_ws/install/local_setup.zsh'
[4.668s] INFO:colcon.colcon_core.shell:Creating prefix chain script '/home/mcav/mcav_ws/src/minidrone/control_ws/install/setup.zsh'
