[0.104s] Invoking command in '/home/mcav/mcav_ws/src/minidrone/control_ws/build/control_ros2': CMAKE_PREFIX_PATH=${CMAKE_PREFIX_PATH}:/opt/ros/foxy PS1=\[]0;\u@docker: \w\]\[[01;32m\]\u@docker\[[00m\]:\[[01;34m\]\w\[[00m\]$ /usr/bin/cmake --build /home/mcav/mcav_ws/src/minidrone/control_ws/build/control_ros2 -- -j2 -l2
[0.185s] -- Found ament_cmake: 0.9.9 (/opt/ros/foxy/share/ament_cmake/cmake)
[0.226s] -- Using PYTHON_EXECUTABLE: /usr/bin/python3
[0.534s] -- Found rclcpp: 2.4.1 (/opt/ros/foxy/share/rclcpp/cmake)
[0.588s] -- Using all available rosidl_typesupport_c: rosidl_typesupport_fastrtps_c;rosidl_typesupport_introspection_c
[0.594s] -- Found rosidl_adapter: 1.2.1 (/opt/ros/foxy/share/rosidl_adapter/cmake)
[0.819s] -- Using all available rosidl_typesupport_cpp: rosidl_typesupport_fastrtps_cpp;rosidl_typesupport_introspection_cpp
[0.944s] -- Found rmw_implementation_cmake: 1.0.3 (/opt/ros/foxy/share/rmw_implementation_cmake/cmake)
[0.947s] -- Using RMW implementation 'rmw_fastrtps_cpp' as default
[1.212s] -- Found rclpy: 1.0.8 (/opt/ros/foxy/share/rclpy/cmake)
[1.214s] -- Found ament_lint_auto: 0.9.6 (/opt/ros/foxy/share/ament_lint_auto/cmake)
[1.315s] -- Added test 'copyright' to check source files copyright and LICENSE
[1.319s] -- Added test 'flake8' to check Python code syntax and style conventions
[1.320s] -- Added test 'lint_cmake' to check CMake code style
[1.321s] -- Added test 'pep257' to check Python code against some of the style conventions in PEP 257
[1.322s] -- Added test 'xmllint' to check XML markup files
[1.327s] -- Configuring done
[1.343s] -- Generating done
[1.352s] -- Build files have been written to: /home/mcav/mcav_ws/src/minidrone/control_ws/build/control_ros2
[1.390s] Invoked command in '/home/mcav/mcav_ws/src/minidrone/control_ws/build/control_ros2' returned '0': CMAKE_PREFIX_PATH=${CMAKE_PREFIX_PATH}:/opt/ros/foxy PS1=\[]0;\u@docker: \w\]\[[01;32m\]\u@docker\[[00m\]:\[[01;34m\]\w\[[00m\]$ /usr/bin/cmake --build /home/mcav/mcav_ws/src/minidrone/control_ws/build/control_ros2 -- -j2 -l2
[1.442s] Invoking command in '/home/mcav/mcav_ws/src/minidrone/control_ws/build/control_ros2': CMAKE_PREFIX_PATH=${CMAKE_PREFIX_PATH}:/opt/ros/foxy PS1=\[]0;\u@docker: \w\]\[[01;32m\]\u@docker\[[00m\]:\[[01;34m\]\w\[[00m\]$ /usr/bin/cmake --install /home/mcav/mcav_ws/src/minidrone/control_ws/build/control_ros2
[1.474s] -- Install configuration: ""
[1.475s] -- Up-to-date: /home/mcav/mcav_ws/src/minidrone/control_ws/install/control_ros2/lib/control_ros2/control.py
[1.475s] -- Up-to-date: /home/mcav/mcav_ws/src/minidrone/control_ws/install/control_ros2/lib/control_ros2/PWMController.py
[1.476s] -- Up-to-date: /home/mcav/mcav_ws/src/minidrone/control_ws/install/control_ros2/share/ament_index/resource_index/package_run_dependencies/control_ros2
[1.476s] -- Up-to-date: /home/mcav/mcav_ws/src/minidrone/control_ws/install/control_ros2/share/ament_index/resource_index/parent_prefix_path/control_ros2
[1.476s] -- Up-to-date: /home/mcav/mcav_ws/src/minidrone/control_ws/install/control_ros2/share/control_ros2/environment/ament_prefix_path.sh
[1.477s] -- Installing: /home/mcav/mcav_ws/src/minidrone/control_ws/install/control_ros2/share/control_ros2/environment/ament_prefix_path.dsv
[1.482s] -- Up-to-date: /home/mcav/mcav_ws/src/minidrone/control_ws/install/control_ros2/share/control_ros2/environment/path.sh
[1.482s] -- Installing: /home/mcav/mcav_ws/src/minidrone/control_ws/install/control_ros2/share/control_ros2/environment/path.dsv
[1.484s] -- Up-to-date: /home/mcav/mcav_ws/src/minidrone/control_ws/install/control_ros2/share/control_ros2/local_setup.bash
[1.484s] -- Up-to-date: /home/mcav/mcav_ws/src/minidrone/control_ws/install/control_ros2/share/control_ros2/local_setup.sh
[1.485s] -- Up-to-date: /home/mcav/mcav_ws/src/minidrone/control_ws/install/control_ros2/share/control_ros2/local_setup.zsh
[1.485s] -- Installing: /home/mcav/mcav_ws/src/minidrone/control_ws/install/control_ros2/share/control_ros2/local_setup.dsv
[1.487s] -- Installing: /home/mcav/mcav_ws/src/minidrone/control_ws/install/control_ros2/share/control_ros2/package.dsv
[1.490s] -- Up-to-date: /home/mcav/mcav_ws/src/minidrone/control_ws/install/control_ros2/share/ament_index/resource_index/packages/control_ros2
[1.490s] -- Up-to-date: /home/mcav/mcav_ws/src/minidrone/control_ws/install/control_ros2/share/control_ros2/cmake/control_ros2Config.cmake
[1.491s] -- Up-to-date: /home/mcav/mcav_ws/src/minidrone/control_ws/install/control_ros2/share/control_ros2/cmake/control_ros2Config-version.cmake
[1.493s] -- Up-to-date: /home/mcav/mcav_ws/src/minidrone/control_ws/install/control_ros2/share/control_ros2/package.xml
[1.494s] Invoked command in '/home/mcav/mcav_ws/src/minidrone/control_ws/build/control_ros2' returned '0': CMAKE_PREFIX_PATH=${CMAKE_PREFIX_PATH}:/opt/ros/foxy PS1=\[]0;\u@docker: \w\]\[[01;32m\]\u@docker\[[00m\]:\[[01;34m\]\w\[[00m\]$ /usr/bin/cmake --install /home/mcav/mcav_ws/src/minidrone/control_ws/build/control_ros2
