running egg_info
writing build/piksi_gps/piksi_gps.egg-info/PKG-INFO
writing dependency_links to build/piksi_gps/piksi_gps.egg-info/dependency_links.txt
writing entry points to build/piksi_gps/piksi_gps.egg-info/entry_points.txt
writing requirements to build/piksi_gps/piksi_gps.egg-info/requires.txt
writing top-level names to build/piksi_gps/piksi_gps.egg-info/top_level.txt
reading manifest file 'build/piksi_gps/piksi_gps.egg-info/SOURCES.txt'
writing manifest file 'build/piksi_gps/piksi_gps.egg-info/SOURCES.txt'
running build
running build_py
copying piksi_gps/piksi_gps_pub.py -> /home/mcav/GPS_ws/src/piksi_gps/build/piksi_gps/build/lib/piksi_gps
/usr/lib/python3/dist-packages/setuptools/command/install.py:34: SetuptoolsDeprecationWarning: setup.py install is deprecated. Use build and pip and other standards-based tools.
  warnings.warn(
running install
running install_lib
copying /home/mcav/GPS_ws/src/piksi_gps/build/piksi_gps/build/lib/piksi_gps/piksi_gps_pub.py -> /home/mcav/GPS_ws/src/piksi_gps/install/piksi_gps/lib/python3.10/site-packages/piksi_gps
byte-compiling /home/mcav/GPS_ws/src/piksi_gps/install/piksi_gps/lib/python3.10/site-packages/piksi_gps/piksi_gps_pub.py to piksi_gps_pub.cpython-310.pyc
Sorry: IndentationError: unindent does not match any outer indentation level (piksi_gps_pub.py, line 52)
running install_data
running install_egg_info
removing '/home/mcav/GPS_ws/src/piksi_gps/install/piksi_gps/lib/python3.10/site-packages/piksi_gps-0.0.0-py3.10.egg-info' (and everything under it)
Copying build/piksi_gps/piksi_gps.egg-info to /home/mcav/GPS_ws/src/piksi_gps/install/piksi_gps/lib/python3.10/site-packages/piksi_gps-0.0.0-py3.10.egg-info
running install_scripts
Installing gps script to /home/mcav/GPS_ws/src/piksi_gps/install/piksi_gps/lib/piksi_gps
writing list of installed files to '/home/mcav/GPS_ws/src/piksi_gps/build/piksi_gps/install.log'
