-- The C compiler identification is GNU 9.4.0
-- The CXX compiler identification is GNU 9.4.0
-- Check for working C compiler: /usr/bin/cc
-- Check for working C compiler: /usr/bin/cc -- works
-- Detecting C compiler ABI info
-- Detecting C compiler ABI info - done
-- Detecting C compile features
-- Detecting C compile features - done
-- Check for working CXX compiler: /usr/bin/c++
-- Check for working CXX compiler: /usr/bin/c++ -- works
-- Detecting CXX compiler ABI info
-- Detecting CXX compiler ABI info - done
-- Detecting CXX compile features
-- Detecting CXX compile features - done
-- Found ament_cmake: 0.9.9 (/opt/ros/foxy/share/ament_cmake/cmake)
-- Found PythonInterp: /usr/bin/python3 (found suitable version "3.8.10", minimum required is "3") 
-- Using PYTHON_EXECUTABLE: /usr/bin/python3
-- Found ament_lint_auto: 0.9.6 (/opt/ros/foxy/share/ament_lint_auto/cmake)
-- Added test 'copyright' to check source files copyright and LICENSE
-- Added test 'lint_cmake' to check CMake code style
-- Added test 'xmllint' to check XML markup files
-- Configuring done
-- Generating done
-- Build files have been written to: /home/mcav/mcav_ws/src/minidrone/control_ws/build/control_ros2
-- Install configuration: ""
-- Installing: /home/mcav/mcav_ws/src/minidrone/control_ws/install/control_ros2/share/ament_index/resource_index/package_run_dependencies/control_ros2
-- Installing: /home/mcav/mcav_ws/src/minidrone/control_ws/install/control_ros2/share/ament_index/resource_index/parent_prefix_path/control_ros2
-- Installing: /home/mcav/mcav_ws/src/minidrone/control_ws/install/control_ros2/share/control_ros2/environment/ament_prefix_path.sh
-- Installing: /home/mcav/mcav_ws/src/minidrone/control_ws/install/control_ros2/share/control_ros2/environment/ament_prefix_path.dsv
-- Installing: /home/mcav/mcav_ws/src/minidrone/control_ws/install/control_ros2/share/control_ros2/environment/path.sh
-- Installing: /home/mcav/mcav_ws/src/minidrone/control_ws/install/control_ros2/share/control_ros2/environment/path.dsv
-- Installing: /home/mcav/mcav_ws/src/minidrone/control_ws/install/control_ros2/share/control_ros2/local_setup.bash
-- Installing: /home/mcav/mcav_ws/src/minidrone/control_ws/install/control_ros2/share/control_ros2/local_setup.sh
-- Installing: /home/mcav/mcav_ws/src/minidrone/control_ws/install/control_ros2/share/control_ros2/local_setup.zsh
-- Installing: /home/mcav/mcav_ws/src/minidrone/control_ws/install/control_ros2/share/control_ros2/local_setup.dsv
-- Installing: /home/mcav/mcav_ws/src/minidrone/control_ws/install/control_ros2/share/control_ros2/package.dsv
-- Installing: /home/mcav/mcav_ws/src/minidrone/control_ws/install/control_ros2/share/ament_index/resource_index/packages/control_ros2
-- Installing: /home/mcav/mcav_ws/src/minidrone/control_ws/install/control_ros2/share/control_ros2/cmake/control_ros2Config.cmake
-- Installing: /home/mcav/mcav_ws/src/minidrone/control_ws/install/control_ros2/share/control_ros2/cmake/control_ros2Config-version.cmake
-- Installing: /home/mcav/mcav_ws/src/minidrone/control_ws/install/control_ros2/share/control_ros2/package.xml
