[0.190s] DEBUG:colcon:Command line arguments: ['/usr/bin/colcon', 'build', '--packages-select', 'rrt_planne']
[0.190s] DEBUG:colcon:Parsed command line arguments: Namespace(allow_overriding=[], ament_cmake_args=None, base_paths=['.'], build_base='build', catkin_cmake_args=None, catkin_skip_building_tests=False, cmake_args=None, cmake_clean_cache=False, cmake_clean_first=False, cmake_force_configure=False, cmake_target=None, cmake_target_skip_unavailable=False, continue_on_error=False, event_handlers=None, executor='parallel', ignore_user_meta=False, install_base='install', log_base=None, log_level=None, main=<bound method BuildVerb.main of <colcon_core.verb.build.BuildVerb object at 0x7f03af08b460>>, merge_install=False, metas=['./colcon.meta'], packages_above=None, packages_above_and_dependencies=None, packages_above_depth=None, packages_end=None, packages_ignore=None, packages_ignore_regex=None, packages_select=['rrt_planne'], packages_select_build_failed=False, packages_select_by_dep=None, packages_select_regex=None, packages_select_test_failures=False, packages_skip=None, packages_skip_build_finished=False, packages_skip_by_dep=None, packages_skip_regex=None, packages_skip_test_passed=False, packages_skip_up_to=None, packages_start=None, packages_up_to=None, packages_up_to_regex=None, parallel_workers=7, paths=None, symlink_install=False, test_result_base=None, verb_extension=<colcon_core.verb.build.BuildVerb object at 0x7f03af08b460>, verb_name='build', verb_parser=<colcon_defaults.argument_parser.defaults.DefaultArgumentsDecorator object at 0x7f03af08b9a0>)
[0.210s] Level 1:colcon.colcon_core.package_discovery:discover_packages(colcon_meta) check parameters
[0.210s] Level 1:colcon.colcon_core.package_discovery:discover_packages(recursive) check parameters
[0.210s] Level 1:colcon.colcon_core.package_discovery:discover_packages(ignore) check parameters
[0.210s] Level 1:colcon.colcon_core.package_discovery:discover_packages(path) check parameters
[0.210s] Level 1:colcon.colcon_core.package_discovery:discover_packages(colcon_meta) discover
[0.210s] Level 1:colcon.colcon_core.package_discovery:discover_packages(recursive) discover
[0.210s] INFO:colcon.colcon_core.package_discovery:Crawling recursively for packages in '/home/m076em/my_ws/src/minidrone'
[0.210s] Level 1:colcon.colcon_core.package_identification:_identify(.) by extensions ['ignore', 'ignore_ament_install']
[0.211s] Level 1:colcon.colcon_core.package_identification:_identify(.) by extension 'ignore'
[0.211s] Level 1:colcon.colcon_core.package_identification:_identify(.) by extension 'ignore_ament_install'
[0.211s] Level 1:colcon.colcon_core.package_identification:_identify(.) by extensions ['colcon_pkg']
[0.211s] Level 1:colcon.colcon_core.package_identification:_identify(.) by extension 'colcon_pkg'
[0.211s] Level 1:colcon.colcon_core.package_identification:_identify(.) by extensions ['colcon_meta']
[0.211s] Level 1:colcon.colcon_core.package_identification:_identify(.) by extension 'colcon_meta'
[0.211s] Level 1:colcon.colcon_core.package_identification:_identify(.) by extensions ['ros']
[0.211s] Level 1:colcon.colcon_core.package_identification:_identify(.) by extension 'ros'
[0.222s] Level 1:colcon.colcon_core.package_identification:_identify(.) by extensions ['cmake', 'python']
[0.222s] Level 1:colcon.colcon_core.package_identification:_identify(.) by extension 'cmake'
[0.222s] Level 1:colcon.colcon_core.package_identification:_identify(.) by extension 'python'
[0.222s] Level 1:colcon.colcon_core.package_identification:_identify(.) by extensions ['python_setup_py']
[0.222s] Level 1:colcon.colcon_core.package_identification:_identify(.) by extension 'python_setup_py'
[0.222s] Level 1:colcon.colcon_core.package_identification:_identify(build) by extensions ['ignore', 'ignore_ament_install']
[0.222s] Level 1:colcon.colcon_core.package_identification:_identify(build) by extension 'ignore'
[0.222s] Level 1:colcon.colcon_core.package_identification:_identify(build) ignored
[0.223s] Level 1:colcon.colcon_core.package_identification:_identify(docker) by extensions ['ignore', 'ignore_ament_install']
[0.223s] Level 1:colcon.colcon_core.package_identification:_identify(docker) by extension 'ignore'
[0.223s] Level 1:colcon.colcon_core.package_identification:_identify(docker) by extension 'ignore_ament_install'
[0.223s] Level 1:colcon.colcon_core.package_identification:_identify(docker) by extensions ['colcon_pkg']
[0.223s] Level 1:colcon.colcon_core.package_identification:_identify(docker) by extension 'colcon_pkg'
[0.223s] Level 1:colcon.colcon_core.package_identification:_identify(docker) by extensions ['colcon_meta']
[0.223s] Level 1:colcon.colcon_core.package_identification:_identify(docker) by extension 'colcon_meta'
[0.223s] Level 1:colcon.colcon_core.package_identification:_identify(docker) by extensions ['ros']
[0.223s] Level 1:colcon.colcon_core.package_identification:_identify(docker) by extension 'ros'
[0.223s] Level 1:colcon.colcon_core.package_identification:_identify(docker) by extensions ['cmake', 'python']
[0.223s] Level 1:colcon.colcon_core.package_identification:_identify(docker) by extension 'cmake'
[0.223s] Level 1:colcon.colcon_core.package_identification:_identify(docker) by extension 'python'
[0.223s] Level 1:colcon.colcon_core.package_identification:_identify(docker) by extensions ['python_setup_py']
[0.223s] Level 1:colcon.colcon_core.package_identification:_identify(docker) by extension 'python_setup_py'
[0.224s] Level 1:colcon.colcon_core.package_identification:_identify(install) by extensions ['ignore', 'ignore_ament_install']
[0.224s] Level 1:colcon.colcon_core.package_identification:_identify(install) by extension 'ignore'
[0.224s] Level 1:colcon.colcon_core.package_identification:_identify(install) ignored
[0.224s] Level 1:colcon.colcon_core.package_identification:_identify(log) by extensions ['ignore', 'ignore_ament_install']
[0.224s] Level 1:colcon.colcon_core.package_identification:_identify(log) by extension 'ignore'
[0.224s] Level 1:colcon.colcon_core.package_identification:_identify(log) ignored
[0.224s] Level 1:colcon.colcon_core.package_identification:_identify(minidrone_bringup) by extensions ['ignore', 'ignore_ament_install']
[0.224s] Level 1:colcon.colcon_core.package_identification:_identify(minidrone_bringup) by extension 'ignore'
[0.224s] Level 1:colcon.colcon_core.package_identification:_identify(minidrone_bringup) by extension 'ignore_ament_install'
[0.224s] Level 1:colcon.colcon_core.package_identification:_identify(minidrone_bringup) by extensions ['colcon_pkg']
[0.224s] Level 1:colcon.colcon_core.package_identification:_identify(minidrone_bringup) by extension 'colcon_pkg'
[0.224s] Level 1:colcon.colcon_core.package_identification:_identify(minidrone_bringup) by extensions ['colcon_meta']
[0.224s] Level 1:colcon.colcon_core.package_identification:_identify(minidrone_bringup) by extension 'colcon_meta'
[0.225s] Level 1:colcon.colcon_core.package_identification:_identify(minidrone_bringup) by extensions ['ros']
[0.225s] Level 1:colcon.colcon_core.package_identification:_identify(minidrone_bringup) by extension 'ros'
[0.234s] DEBUG:colcon.colcon_core.package_identification:Package 'minidrone_bringup' with type 'ros.ament_python' and name 'minidrone_bringup'
[0.234s] Level 1:colcon.colcon_core.package_identification:_identify(rrt_planner) by extensions ['ignore', 'ignore_ament_install']
[0.234s] Level 1:colcon.colcon_core.package_identification:_identify(rrt_planner) by extension 'ignore'
[0.234s] Level 1:colcon.colcon_core.package_identification:_identify(rrt_planner) by extension 'ignore_ament_install'
[0.234s] Level 1:colcon.colcon_core.package_identification:_identify(rrt_planner) by extensions ['colcon_pkg']
[0.234s] Level 1:colcon.colcon_core.package_identification:_identify(rrt_planner) by extension 'colcon_pkg'
[0.234s] Level 1:colcon.colcon_core.package_identification:_identify(rrt_planner) by extensions ['colcon_meta']
[0.234s] Level 1:colcon.colcon_core.package_identification:_identify(rrt_planner) by extension 'colcon_meta'
[0.234s] Level 1:colcon.colcon_core.package_identification:_identify(rrt_planner) by extensions ['ros']
[0.234s] Level 1:colcon.colcon_core.package_identification:_identify(rrt_planner) by extension 'ros'
[0.235s] DEBUG:colcon.colcon_core.package_identification:Package 'rrt_planner' with type 'ros.ament_python' and name 'rrt_planner'
[0.235s] Level 1:colcon.colcon_core.package_discovery:discover_packages(recursive) using defaults
[0.235s] Level 1:colcon.colcon_core.package_discovery:discover_packages(ignore) discover
[0.235s] Level 1:colcon.colcon_core.package_discovery:discover_packages(ignore) using defaults
[0.235s] Level 1:colcon.colcon_core.package_discovery:discover_packages(path) discover
[0.235s] Level 1:colcon.colcon_core.package_discovery:discover_packages(path) using defaults
[0.236s] WARNING:colcon.colcon_core.package_selection:ignoring unknown package 'rrt_planne' in --packages-select
[0.266s] INFO:colcon.colcon_core.package_selection:Skipping not selected package 'minidrone_bringup' in 'minidrone_bringup'
[0.266s] INFO:colcon.colcon_core.package_selection:Skipping not selected package 'rrt_planner' in 'rrt_planner'
[0.267s] Level 1:colcon.colcon_core.package_discovery:discover_packages(prefix_path) check parameters
[0.267s] Level 1:colcon.colcon_core.package_discovery:discover_packages(prefix_path) discover
[0.270s] DEBUG:colcon.colcon_installed_package_information.package_discovery:Found 1 installed packages in /home/m076em/my_ws/src/minidrone/install
[0.271s] DEBUG:colcon.colcon_installed_package_information.package_discovery:Found 7 installed packages in /home/m076em/my_ws/install
[0.273s] DEBUG:colcon.colcon_installed_package_information.package_discovery:Found 319 installed packages in /opt/ros/foxy
[0.275s] Level 1:colcon.colcon_core.package_discovery:discover_packages(prefix_path) using defaults
[0.408s] INFO:colcon.colcon_core.executor:Executing jobs using 'parallel' executor
[0.414s] DEBUG:colcon.colcon_parallel_executor.executor.parallel:run_until_complete
[0.415s] DEBUG:colcon.colcon_parallel_executor.executor.parallel:closing loop
[0.415s] DEBUG:colcon.colcon_parallel_executor.executor.parallel:loop closed
[0.415s] DEBUG:colcon.colcon_parallel_executor.executor.parallel:run_until_complete finished with '0'
[0.415s] DEBUG:colcon.colcon_core.event_reactor:joining thread
[0.422s] INFO:colcon.colcon_core.plugin_system:Skipping extension 'colcon_notification.desktop_notification.terminal_notifier': Not used on non-Darwin systems
[0.423s] INFO:colcon.colcon_core.plugin_system:Skipping extension 'colcon_notification.desktop_notification.win32': Not used on non-Windows systems
[0.423s] INFO:colcon.colcon_notification.desktop_notification:Sending desktop notification using 'notify2'
[0.460s] DEBUG:colcon.colcon_core.event_reactor:joined thread
[0.471s] INFO:colcon.colcon_core.plugin_system:Skipping extension 'colcon_core.shell.bat': Not used on non-Windows systems
[0.471s] INFO:colcon.colcon_core.shell:Creating prefix script '/home/m076em/my_ws/src/minidrone/install/local_setup.ps1'
[0.472s] INFO:colcon.colcon_core.shell:Creating prefix util module '/home/m076em/my_ws/src/minidrone/install/_local_setup_util_ps1.py'
[0.480s] INFO:colcon.colcon_core.shell:Creating prefix chain script '/home/m076em/my_ws/src/minidrone/install/setup.ps1'
[0.491s] INFO:colcon.colcon_core.shell:Creating prefix script '/home/m076em/my_ws/src/minidrone/install/local_setup.sh'
[0.492s] INFO:colcon.colcon_core.shell:Creating prefix util module '/home/m076em/my_ws/src/minidrone/install/_local_setup_util_sh.py'
[0.500s] INFO:colcon.colcon_core.shell:Creating prefix chain script '/home/m076em/my_ws/src/minidrone/install/setup.sh'
[0.506s] INFO:colcon.colcon_core.shell:Creating prefix script '/home/m076em/my_ws/src/minidrone/install/local_setup.bash'
[0.507s] INFO:colcon.colcon_core.shell:Creating prefix chain script '/home/m076em/my_ws/src/minidrone/install/setup.bash'
[0.515s] INFO:colcon.colcon_core.shell:Creating prefix script '/home/m076em/my_ws/src/minidrone/install/local_setup.zsh'
[0.526s] INFO:colcon.colcon_core.shell:Creating prefix chain script '/home/m076em/my_ws/src/minidrone/install/setup.zsh'
