running egg_info
creating ../build/piksi_gps/piksi_gps.egg-info
writing ../build/piksi_gps/piksi_gps.egg-info/PKG-INFO
writing dependency_links to ../build/piksi_gps/piksi_gps.egg-info/dependency_links.txt
writing entry points to ../build/piksi_gps/piksi_gps.egg-info/entry_points.txt
writing requirements to ../build/piksi_gps/piksi_gps.egg-info/requires.txt
writing top-level names to ../build/piksi_gps/piksi_gps.egg-info/top_level.txt
writing manifest file '../build/piksi_gps/piksi_gps.egg-info/SOURCES.txt'
reading manifest file '../build/piksi_gps/piksi_gps.egg-info/SOURCES.txt'
writing manifest file '../build/piksi_gps/piksi_gps.egg-info/SOURCES.txt'
running build
running build_py
creating /home/mcav/GPS_ws/src/build/piksi_gps/build
creating /home/mcav/GPS_ws/src/build/piksi_gps/build/lib
creating /home/mcav/GPS_ws/src/build/piksi_gps/build/lib/piksi_gps
copying piksi_gps/__init__.py -> /home/mcav/GPS_ws/src/build/piksi_gps/build/lib/piksi_gps
running install
/usr/lib/python3/dist-packages/setuptools/command/install.py:34: SetuptoolsDeprecationWarning: setup.py install is deprecated. Use build and pip and other standards-based tools.
  warnings.warn(
running install_lib
creating /home/mcav/GPS_ws/src/install/piksi_gps/lib/python3.10/site-packages/piksi_gps
copying /home/mcav/GPS_ws/src/build/piksi_gps/build/lib/piksi_gps/__init__.py -> /home/mcav/GPS_ws/src/install/piksi_gps/lib/python3.10/site-packages/piksi_gps
byte-compiling /home/mcav/GPS_ws/src/install/piksi_gps/lib/python3.10/site-packages/piksi_gps/__init__.py to __init__.cpython-310.pyc
running install_data
creating /home/mcav/GPS_ws/src/install/piksi_gps/share/ament_index
creating /home/mcav/GPS_ws/src/install/piksi_gps/share/ament_index/resource_index
creating /home/mcav/GPS_ws/src/install/piksi_gps/share/ament_index/resource_index/packages
copying resource/piksi_gps -> /home/mcav/GPS_ws/src/install/piksi_gps/share/ament_index/resource_index/packages
copying package.xml -> /home/mcav/GPS_ws/src/install/piksi_gps/share/piksi_gps
running install_egg_info
Copying ../build/piksi_gps/piksi_gps.egg-info to /home/mcav/GPS_ws/src/install/piksi_gps/lib/python3.10/site-packages/piksi_gps-0.0.0-py3.10.egg-info
running install_scripts
writing list of installed files to '/home/mcav/GPS_ws/src/build/piksi_gps/install.log'
