[1.154s] Invoking command in '/home/m076em/my_ws/src/minidrone/rrt_planner': PYTHONPATH=/home/m076em/my_ws/src/minidrone/build/rrt_planner/prefix_override:/home/m076em/my_ws/src/minidrone/install/rrt_planner/lib/python3.8/site-packages:${PYTHONPATH} /usr/bin/python3 setup.py egg_info --egg-base ../build/rrt_planner build --build-base /home/m076em/my_ws/src/minidrone/build/rrt_planner/build install --record /home/m076em/my_ws/src/minidrone/build/rrt_planner/install.log --single-version-externally-managed
[1.389s] running egg_info
[1.390s] creating ../build/rrt_planner/rrt_planner.egg-info
[1.390s] writing ../build/rrt_planner/rrt_planner.egg-info/PKG-INFO
[1.390s] writing dependency_links to ../build/rrt_planner/rrt_planner.egg-info/dependency_links.txt
[1.391s] writing entry points to ../build/rrt_planner/rrt_planner.egg-info/entry_points.txt
[1.391s] writing requirements to ../build/rrt_planner/rrt_planner.egg-info/requires.txt
[1.391s] writing top-level names to ../build/rrt_planner/rrt_planner.egg-info/top_level.txt
[1.397s] writing manifest file '../build/rrt_planner/rrt_planner.egg-info/SOURCES.txt'
[1.429s] reading manifest file '../build/rrt_planner/rrt_planner.egg-info/SOURCES.txt'
[1.430s] writing manifest file '../build/rrt_planner/rrt_planner.egg-info/SOURCES.txt'
[1.430s] running build
[1.431s] running build_py
[1.431s] creating /home/m076em/my_ws/src/minidrone/build/rrt_planner/build
[1.431s] creating /home/m076em/my_ws/src/minidrone/build/rrt_planner/build/lib
[1.431s] creating /home/m076em/my_ws/src/minidrone/build/rrt_planner/build/lib/rrt_planner
[1.431s] copying rrt_planner/path_creator_node.py -> /home/m076em/my_ws/src/minidrone/build/rrt_planner/build/lib/rrt_planner
[1.432s] copying rrt_planner/Og_manager.py -> /home/m076em/my_ws/src/minidrone/build/rrt_planner/build/lib/rrt_planner
[1.432s] copying rrt_planner/__init__.py -> /home/m076em/my_ws/src/minidrone/build/rrt_planner/build/lib/rrt_planner
[1.432s] running install
[1.432s] running install_lib
[1.433s] creating /home/m076em/my_ws/src/minidrone/install/rrt_planner/lib/python3.8/site-packages/rrt_planner
[1.433s] copying /home/m076em/my_ws/src/minidrone/build/rrt_planner/build/lib/rrt_planner/path_creator_node.py -> /home/m076em/my_ws/src/minidrone/install/rrt_planner/lib/python3.8/site-packages/rrt_planner
[1.433s] copying /home/m076em/my_ws/src/minidrone/build/rrt_planner/build/lib/rrt_planner/Og_manager.py -> /home/m076em/my_ws/src/minidrone/install/rrt_planner/lib/python3.8/site-packages/rrt_planner
[1.433s] copying /home/m076em/my_ws/src/minidrone/build/rrt_planner/build/lib/rrt_planner/__init__.py -> /home/m076em/my_ws/src/minidrone/install/rrt_planner/lib/python3.8/site-packages/rrt_planner
[1.433s] byte-compiling /home/m076em/my_ws/src/minidrone/install/rrt_planner/lib/python3.8/site-packages/rrt_planner/path_creator_node.py to path_creator_node.cpython-38.pyc
[1.435s] byte-compiling /home/m076em/my_ws/src/minidrone/install/rrt_planner/lib/python3.8/site-packages/rrt_planner/Og_manager.py to Og_manager.cpython-38.pyc
[1.436s] byte-compiling /home/m076em/my_ws/src/minidrone/install/rrt_planner/lib/python3.8/site-packages/rrt_planner/__init__.py to __init__.cpython-38.pyc
[1.436s] running install_data
[1.437s] creating /home/m076em/my_ws/src/minidrone/install/rrt_planner/share/ament_index
[1.437s] creating /home/m076em/my_ws/src/minidrone/install/rrt_planner/share/ament_index/resource_index
[1.437s] creating /home/m076em/my_ws/src/minidrone/install/rrt_planner/share/ament_index/resource_index/packages
[1.437s] copying resource/rrt_planner -> /home/m076em/my_ws/src/minidrone/install/rrt_planner/share/ament_index/resource_index/packages
[1.437s] copying package.xml -> /home/m076em/my_ws/src/minidrone/install/rrt_planner/share/rrt_planner
[1.437s] running install_egg_info
[1.438s] Copying ../build/rrt_planner/rrt_planner.egg-info to /home/m076em/my_ws/src/minidrone/install/rrt_planner/lib/python3.8/site-packages/rrt_planner-0.0.0-py3.8.egg-info
[1.439s] running install_scripts
[1.455s] Installing og_manager script to /home/m076em/my_ws/src/minidrone/install/rrt_planner/lib/rrt_planner
[1.455s] Installing path_creator script to /home/m076em/my_ws/src/minidrone/install/rrt_planner/lib/rrt_planner
[1.456s] writing list of installed files to '/home/m076em/my_ws/src/minidrone/build/rrt_planner/install.log'
[1.475s] Invoked command in '/home/m076em/my_ws/src/minidrone/rrt_planner' returned '0': PYTHONPATH=/home/m076em/my_ws/src/minidrone/build/rrt_planner/prefix_override:/home/m076em/my_ws/src/minidrone/install/rrt_planner/lib/python3.8/site-packages:${PYTHONPATH} /usr/bin/python3 setup.py egg_info --egg-base ../build/rrt_planner build --build-base /home/m076em/my_ws/src/minidrone/build/rrt_planner/build install --record /home/m076em/my_ws/src/minidrone/build/rrt_planner/install.log --single-version-externally-managed
