[0.207s] DEBUG:colcon:Command line arguments: ['/usr/bin/colcon', 'build']
[0.207s] DEBUG:colcon:Parsed command line arguments: Namespace(allow_overriding=[], ament_cmake_args=None, base_paths=['.'], build_base='build', catkin_cmake_args=None, catkin_skip_building_tests=False, cmake_args=None, cmake_clean_cache=False, cmake_clean_first=False, cmake_force_configure=False, cmake_target=None, cmake_target_skip_unavailable=False, continue_on_error=False, event_handlers=None, executor='parallel', ignore_user_meta=False, install_base='install', log_base=None, log_level=None, main=<bound method BuildVerb.main of <colcon_core.verb.build.BuildVerb object at 0x7fde80265400>>, merge_install=False, metas=['./colcon.meta'], packages_above=None, packages_above_and_dependencies=None, packages_above_depth=None, packages_end=None, packages_ignore=None, packages_ignore_regex=None, packages_select=None, packages_select_build_failed=False, packages_select_by_dep=None, packages_select_regex=None, packages_select_test_failures=False, packages_skip=None, packages_skip_build_finished=False, packages_skip_by_dep=None, packages_skip_regex=None, packages_skip_test_passed=False, packages_skip_up_to=None, packages_start=None, packages_up_to=None, packages_up_to_regex=None, parallel_workers=8, paths=None, symlink_install=False, test_result_base=None, verb_extension=<colcon_core.verb.build.BuildVerb object at 0x7fde80265400>, verb_name='build', verb_parser=<colcon_defaults.argument_parser.defaults.DefaultArgumentsDecorator object at 0x7fde80265940>)
[0.242s] Level 1:colcon.colcon_core.package_discovery:discover_packages(colcon_meta) check parameters
[0.243s] Level 1:colcon.colcon_core.package_discovery:discover_packages(recursive) check parameters
[0.243s] Level 1:colcon.colcon_core.package_discovery:discover_packages(ignore) check parameters
[0.243s] Level 1:colcon.colcon_core.package_discovery:discover_packages(path) check parameters
[0.244s] Level 1:colcon.colcon_core.package_discovery:discover_packages(colcon_meta) discover
[0.244s] Level 1:colcon.colcon_core.package_discovery:discover_packages(recursive) discover
[0.244s] INFO:colcon.colcon_core.package_discovery:Crawling recursively for packages in '/home/mcav/robot_localisation_ws/minidrone'
[0.245s] Level 1:colcon.colcon_core.package_identification:_identify(.) by extensions ['ignore', 'ignore_ament_install']
[0.245s] Level 1:colcon.colcon_core.package_identification:_identify(.) by extension 'ignore'
[0.245s] Level 1:colcon.colcon_core.package_identification:_identify(.) by extension 'ignore_ament_install'
[0.245s] Level 1:colcon.colcon_core.package_identification:_identify(.) by extensions ['colcon_pkg']
[0.245s] Level 1:colcon.colcon_core.package_identification:_identify(.) by extension 'colcon_pkg'
[0.245s] Level 1:colcon.colcon_core.package_identification:_identify(.) by extensions ['colcon_meta']
[0.245s] Level 1:colcon.colcon_core.package_identification:_identify(.) by extension 'colcon_meta'
[0.245s] Level 1:colcon.colcon_core.package_identification:_identify(.) by extensions ['ros']
[0.245s] Level 1:colcon.colcon_core.package_identification:_identify(.) by extension 'ros'
[0.265s] Level 1:colcon.colcon_core.package_identification:_identify(.) by extensions ['cmake', 'python']
[0.266s] Level 1:colcon.colcon_core.package_identification:_identify(.) by extension 'cmake'
[0.266s] Level 1:colcon.colcon_core.package_identification:_identify(.) by extension 'python'
[0.266s] Level 1:colcon.colcon_core.package_identification:_identify(.) by extensions ['python_setup_py']
[0.266s] Level 1:colcon.colcon_core.package_identification:_identify(.) by extension 'python_setup_py'
[0.266s] Level 1:colcon.colcon_core.package_identification:_identify(build) by extensions ['ignore', 'ignore_ament_install']
[0.266s] Level 1:colcon.colcon_core.package_identification:_identify(build) by extension 'ignore'
[0.266s] Level 1:colcon.colcon_core.package_identification:_identify(build) ignored
[0.266s] Level 1:colcon.colcon_core.package_identification:_identify(docker) by extensions ['ignore', 'ignore_ament_install']
[0.267s] Level 1:colcon.colcon_core.package_identification:_identify(docker) by extension 'ignore'
[0.267s] Level 1:colcon.colcon_core.package_identification:_identify(docker) by extension 'ignore_ament_install'
[0.267s] Level 1:colcon.colcon_core.package_identification:_identify(docker) by extensions ['colcon_pkg']
[0.267s] Level 1:colcon.colcon_core.package_identification:_identify(docker) by extension 'colcon_pkg'
[0.267s] Level 1:colcon.colcon_core.package_identification:_identify(docker) by extensions ['colcon_meta']
[0.267s] Level 1:colcon.colcon_core.package_identification:_identify(docker) by extension 'colcon_meta'
[0.267s] Level 1:colcon.colcon_core.package_identification:_identify(docker) by extensions ['ros']
[0.267s] Level 1:colcon.colcon_core.package_identification:_identify(docker) by extension 'ros'
[0.267s] Level 1:colcon.colcon_core.package_identification:_identify(docker) by extensions ['cmake', 'python']
[0.267s] Level 1:colcon.colcon_core.package_identification:_identify(docker) by extension 'cmake'
[0.267s] Level 1:colcon.colcon_core.package_identification:_identify(docker) by extension 'python'
[0.267s] Level 1:colcon.colcon_core.package_identification:_identify(docker) by extensions ['python_setup_py']
[0.267s] Level 1:colcon.colcon_core.package_identification:_identify(docker) by extension 'python_setup_py'
[0.267s] Level 1:colcon.colcon_core.package_identification:_identify(install) by extensions ['ignore', 'ignore_ament_install']
[0.267s] Level 1:colcon.colcon_core.package_identification:_identify(install) by extension 'ignore'
[0.267s] Level 1:colcon.colcon_core.package_identification:_identify(install) ignored
[0.268s] Level 1:colcon.colcon_core.package_identification:_identify(log) by extensions ['ignore', 'ignore_ament_install']
[0.268s] Level 1:colcon.colcon_core.package_identification:_identify(log) by extension 'ignore'
[0.268s] Level 1:colcon.colcon_core.package_identification:_identify(log) ignored
[0.268s] Level 1:colcon.colcon_core.package_identification:_identify(robot_localisation_pkg) by extensions ['ignore', 'ignore_ament_install']
[0.268s] Level 1:colcon.colcon_core.package_identification:_identify(robot_localisation_pkg) by extension 'ignore'
[0.268s] Level 1:colcon.colcon_core.package_identification:_identify(robot_localisation_pkg) by extension 'ignore_ament_install'
[0.268s] Level 1:colcon.colcon_core.package_identification:_identify(robot_localisation_pkg) by extensions ['colcon_pkg']
[0.268s] Level 1:colcon.colcon_core.package_identification:_identify(robot_localisation_pkg) by extension 'colcon_pkg'
[0.268s] Level 1:colcon.colcon_core.package_identification:_identify(robot_localisation_pkg) by extensions ['colcon_meta']
[0.268s] Level 1:colcon.colcon_core.package_identification:_identify(robot_localisation_pkg) by extension 'colcon_meta'
[0.268s] Level 1:colcon.colcon_core.package_identification:_identify(robot_localisation_pkg) by extensions ['ros']
[0.268s] Level 1:colcon.colcon_core.package_identification:_identify(robot_localisation_pkg) by extension 'ros'
[0.270s] DEBUG:colcon.colcon_core.package_identification:Package 'robot_localisation_pkg' with type 'ros.ament_cmake' and name 'robot_localisation_pkg'
[0.270s] Level 1:colcon.colcon_core.package_discovery:discover_packages(recursive) using defaults
[0.270s] Level 1:colcon.colcon_core.package_discovery:discover_packages(ignore) discover
[0.270s] Level 1:colcon.colcon_core.package_discovery:discover_packages(ignore) using defaults
[0.270s] Level 1:colcon.colcon_core.package_discovery:discover_packages(path) discover
[0.270s] Level 1:colcon.colcon_core.package_discovery:discover_packages(path) using defaults
[0.312s] Level 1:colcon.colcon_core.package_discovery:discover_packages(prefix_path) check parameters
[0.312s] Level 1:colcon.colcon_core.package_discovery:discover_packages(prefix_path) discover
[0.315s] DEBUG:colcon.colcon_installed_package_information.package_discovery:Found 1 installed packages in /home/mcav/robot_localisation_ws/minidrone/install
[0.316s] DEBUG:colcon.colcon_installed_package_information.package_discovery:Found 305 installed packages in /opt/ros/foxy
[0.318s] Level 1:colcon.colcon_core.package_discovery:discover_packages(prefix_path) using defaults
[0.430s] Level 5:colcon.colcon_core.verb:set package 'robot_localisation_pkg' build argument 'cmake_args' from command line to 'None'
[0.430s] Level 5:colcon.colcon_core.verb:set package 'robot_localisation_pkg' build argument 'cmake_target' from command line to 'None'
[0.430s] Level 5:colcon.colcon_core.verb:set package 'robot_localisation_pkg' build argument 'cmake_target_skip_unavailable' from command line to 'False'
[0.430s] Level 5:colcon.colcon_core.verb:set package 'robot_localisation_pkg' build argument 'cmake_clean_cache' from command line to 'False'
[0.430s] Level 5:colcon.colcon_core.verb:set package 'robot_localisation_pkg' build argument 'cmake_clean_first' from command line to 'False'
[0.430s] Level 5:colcon.colcon_core.verb:set package 'robot_localisation_pkg' build argument 'cmake_force_configure' from command line to 'False'
[0.430s] Level 5:colcon.colcon_core.verb:set package 'robot_localisation_pkg' build argument 'ament_cmake_args' from command line to 'None'
[0.430s] Level 5:colcon.colcon_core.verb:set package 'robot_localisation_pkg' build argument 'catkin_cmake_args' from command line to 'None'
[0.430s] Level 5:colcon.colcon_core.verb:set package 'robot_localisation_pkg' build argument 'catkin_skip_building_tests' from command line to 'False'
[0.431s] DEBUG:colcon.colcon_core.verb:Building package 'robot_localisation_pkg' with the following arguments: {'ament_cmake_args': None, 'build_base': '/home/mcav/robot_localisation_ws/minidrone/build/robot_localisation_pkg', 'catkin_cmake_args': None, 'catkin_skip_building_tests': False, 'cmake_args': None, 'cmake_clean_cache': False, 'cmake_clean_first': False, 'cmake_force_configure': False, 'cmake_target': None, 'cmake_target_skip_unavailable': False, 'install_base': '/home/mcav/robot_localisation_ws/minidrone/install/robot_localisation_pkg', 'merge_install': False, 'path': '/home/mcav/robot_localisation_ws/minidrone/robot_localisation_pkg', 'symlink_install': False, 'test_result_base': None}
[0.431s] INFO:colcon.colcon_core.executor:Executing jobs using 'parallel' executor
[0.438s] DEBUG:colcon.colcon_parallel_executor.executor.parallel:run_until_complete
[0.438s] INFO:colcon.colcon_ros.task.ament_cmake.build:Building ROS package in '/home/mcav/robot_localisation_ws/minidrone/robot_localisation_pkg' with build type 'ament_cmake'
[0.439s] INFO:colcon.colcon_cmake.task.cmake.build:Building CMake package in '/home/mcav/robot_localisation_ws/minidrone/robot_localisation_pkg'
[0.443s] INFO:colcon.colcon_core.plugin_system:Skipping extension 'colcon_core.shell.bat': Not used on non-Windows systems
[0.443s] INFO:colcon.colcon_core.shell:Skip shell extension 'powershell' for command environment: Not usable outside of PowerShell
[0.444s] DEBUG:colcon.colcon_core.shell:Skip shell extension 'dsv' for command environment
[0.462s] DEBUG:colcon.colcon_core.event_handler.log_command:Invoking command in '/home/mcav/robot_localisation_ws/minidrone/build/robot_localisation_pkg': CMAKE_PREFIX_PATH=${CMAKE_PREFIX_PATH}:/opt/ros/foxy /usr/bin/cmake --build /home/mcav/robot_localisation_ws/minidrone/build/robot_localisation_pkg -- -j8 -l8
[0.522s] DEBUG:colcon.colcon_core.event_handler.log_command:Invoked command in '/home/mcav/robot_localisation_ws/minidrone/build/robot_localisation_pkg' returned '0': CMAKE_PREFIX_PATH=${CMAKE_PREFIX_PATH}:/opt/ros/foxy /usr/bin/cmake --build /home/mcav/robot_localisation_ws/minidrone/build/robot_localisation_pkg -- -j8 -l8
[0.572s] DEBUG:colcon.colcon_core.event_handler.log_command:Invoking command in '/home/mcav/robot_localisation_ws/minidrone/build/robot_localisation_pkg': CMAKE_PREFIX_PATH=${CMAKE_PREFIX_PATH}:/opt/ros/foxy /usr/bin/cmake --install /home/mcav/robot_localisation_ws/minidrone/build/robot_localisation_pkg
[0.587s] Level 1:colcon.colcon_core.environment:create_environment_scripts_only(robot_localisation_pkg)
[0.588s] DEBUG:colcon.colcon_core.event_handler.log_command:Invoked command in '/home/mcav/robot_localisation_ws/minidrone/build/robot_localisation_pkg' returned '0': CMAKE_PREFIX_PATH=${CMAKE_PREFIX_PATH}:/opt/ros/foxy /usr/bin/cmake --install /home/mcav/robot_localisation_ws/minidrone/build/robot_localisation_pkg
[0.598s] Level 1:colcon.colcon_core.environment:checking '/home/mcav/robot_localisation_ws/minidrone/install/robot_localisation_pkg' for CMake module files
[0.600s] Level 1:colcon.colcon_core.environment:checking '/home/mcav/robot_localisation_ws/minidrone/install/robot_localisation_pkg' for CMake config files
[0.601s] Level 1:colcon.colcon_core.shell:create_environment_hook('robot_localisation_pkg', 'cmake_prefix_path')
[0.603s] INFO:colcon.colcon_core.shell:Creating environment hook '/home/mcav/robot_localisation_ws/minidrone/install/robot_localisation_pkg/share/robot_localisation_pkg/hook/cmake_prefix_path.ps1'
[0.604s] INFO:colcon.colcon_core.shell:Creating environment descriptor '/home/mcav/robot_localisation_ws/minidrone/install/robot_localisation_pkg/share/robot_localisation_pkg/hook/cmake_prefix_path.dsv'
[0.604s] INFO:colcon.colcon_core.shell:Creating environment hook '/home/mcav/robot_localisation_ws/minidrone/install/robot_localisation_pkg/share/robot_localisation_pkg/hook/cmake_prefix_path.sh'
[0.605s] Level 1:colcon.colcon_core.environment:checking '/home/mcav/robot_localisation_ws/minidrone/install/robot_localisation_pkg/bin'
[0.605s] Level 1:colcon.colcon_core.environment:checking '/home/mcav/robot_localisation_ws/minidrone/install/robot_localisation_pkg/lib/pkgconfig/robot_localisation_pkg.pc'
[0.606s] Level 1:colcon.colcon_core.environment:checking '/home/mcav/robot_localisation_ws/minidrone/install/robot_localisation_pkg/lib/python3.8/site-packages'
[0.606s] Level 1:colcon.colcon_core.environment:checking '/home/mcav/robot_localisation_ws/minidrone/install/robot_localisation_pkg/bin'
[0.607s] INFO:colcon.colcon_core.shell:Creating package script '/home/mcav/robot_localisation_ws/minidrone/install/robot_localisation_pkg/share/robot_localisation_pkg/package.ps1'
[0.608s] INFO:colcon.colcon_core.shell:Creating package descriptor '/home/mcav/robot_localisation_ws/minidrone/install/robot_localisation_pkg/share/robot_localisation_pkg/package.dsv'
[0.609s] INFO:colcon.colcon_core.shell:Creating package script '/home/mcav/robot_localisation_ws/minidrone/install/robot_localisation_pkg/share/robot_localisation_pkg/package.sh'
[0.609s] INFO:colcon.colcon_core.shell:Creating package script '/home/mcav/robot_localisation_ws/minidrone/install/robot_localisation_pkg/share/robot_localisation_pkg/package.bash'
[0.612s] INFO:colcon.colcon_core.shell:Creating package script '/home/mcav/robot_localisation_ws/minidrone/install/robot_localisation_pkg/share/robot_localisation_pkg/package.zsh'
[0.614s] Level 1:colcon.colcon_core.environment:create_file_with_runtime_dependencies(/home/mcav/robot_localisation_ws/minidrone/install/robot_localisation_pkg/share/colcon-core/packages/robot_localisation_pkg)
[0.643s] Level 1:colcon.colcon_core.environment:create_environment_scripts_only(robot_localisation_pkg)
[0.647s] Level 1:colcon.colcon_core.environment:checking '/home/mcav/robot_localisation_ws/minidrone/install/robot_localisation_pkg' for CMake module files
[0.648s] Level 1:colcon.colcon_core.environment:checking '/home/mcav/robot_localisation_ws/minidrone/install/robot_localisation_pkg' for CMake config files
[0.648s] Level 1:colcon.colcon_core.shell:create_environment_hook('robot_localisation_pkg', 'cmake_prefix_path')
[0.650s] INFO:colcon.colcon_core.shell:Creating environment hook '/home/mcav/robot_localisation_ws/minidrone/install/robot_localisation_pkg/share/robot_localisation_pkg/hook/cmake_prefix_path.ps1'
[0.650s] INFO:colcon.colcon_core.shell:Creating environment descriptor '/home/mcav/robot_localisation_ws/minidrone/install/robot_localisation_pkg/share/robot_localisation_pkg/hook/cmake_prefix_path.dsv'
[0.650s] INFO:colcon.colcon_core.shell:Creating environment hook '/home/mcav/robot_localisation_ws/minidrone/install/robot_localisation_pkg/share/robot_localisation_pkg/hook/cmake_prefix_path.sh'
[0.651s] Level 1:colcon.colcon_core.environment:checking '/home/mcav/robot_localisation_ws/minidrone/install/robot_localisation_pkg/bin'
[0.651s] Level 1:colcon.colcon_core.environment:checking '/home/mcav/robot_localisation_ws/minidrone/install/robot_localisation_pkg/lib/pkgconfig/robot_localisation_pkg.pc'
[0.651s] Level 1:colcon.colcon_core.environment:checking '/home/mcav/robot_localisation_ws/minidrone/install/robot_localisation_pkg/lib/python3.8/site-packages'
[0.652s] Level 1:colcon.colcon_core.environment:checking '/home/mcav/robot_localisation_ws/minidrone/install/robot_localisation_pkg/bin'
[0.654s] INFO:colcon.colcon_core.shell:Creating package script '/home/mcav/robot_localisation_ws/minidrone/install/robot_localisation_pkg/share/robot_localisation_pkg/package.ps1'
[0.654s] INFO:colcon.colcon_core.shell:Creating package descriptor '/home/mcav/robot_localisation_ws/minidrone/install/robot_localisation_pkg/share/robot_localisation_pkg/package.dsv'
[0.654s] INFO:colcon.colcon_core.shell:Creating package script '/home/mcav/robot_localisation_ws/minidrone/install/robot_localisation_pkg/share/robot_localisation_pkg/package.sh'
[0.655s] INFO:colcon.colcon_core.shell:Creating package script '/home/mcav/robot_localisation_ws/minidrone/install/robot_localisation_pkg/share/robot_localisation_pkg/package.bash'
[0.655s] INFO:colcon.colcon_core.shell:Creating package script '/home/mcav/robot_localisation_ws/minidrone/install/robot_localisation_pkg/share/robot_localisation_pkg/package.zsh'
[0.655s] Level 1:colcon.colcon_core.environment:create_file_with_runtime_dependencies(/home/mcav/robot_localisation_ws/minidrone/install/robot_localisation_pkg/share/colcon-core/packages/robot_localisation_pkg)
[0.656s] DEBUG:colcon.colcon_parallel_executor.executor.parallel:closing loop
[0.656s] DEBUG:colcon.colcon_parallel_executor.executor.parallel:loop closed
[0.656s] DEBUG:colcon.colcon_parallel_executor.executor.parallel:run_until_complete finished with '0'
[0.657s] DEBUG:colcon.colcon_core.event_reactor:joining thread
[0.673s] INFO:colcon.colcon_core.plugin_system:Skipping extension 'colcon_notification.desktop_notification.terminal_notifier': Not used on non-Darwin systems
[0.673s] INFO:colcon.colcon_core.plugin_system:Skipping extension 'colcon_notification.desktop_notification.win32': Not used on non-Windows systems
[0.673s] INFO:colcon.colcon_notification.desktop_notification:Sending desktop notification using 'notify2'
[0.689s] DEBUG:colcon.colcon_core.event_reactor:joined thread
[0.693s] INFO:colcon.colcon_core.shell:Creating prefix script '/home/mcav/robot_localisation_ws/minidrone/install/local_setup.ps1'
[0.697s] INFO:colcon.colcon_core.shell:Creating prefix util module '/home/mcav/robot_localisation_ws/minidrone/install/_local_setup_util_ps1.py'
[0.700s] INFO:colcon.colcon_core.shell:Creating prefix chain script '/home/mcav/robot_localisation_ws/minidrone/install/setup.ps1'
[0.703s] INFO:colcon.colcon_core.shell:Creating prefix script '/home/mcav/robot_localisation_ws/minidrone/install/local_setup.sh'
[0.704s] INFO:colcon.colcon_core.shell:Creating prefix util module '/home/mcav/robot_localisation_ws/minidrone/install/_local_setup_util_sh.py'
[0.704s] INFO:colcon.colcon_core.shell:Creating prefix chain script '/home/mcav/robot_localisation_ws/minidrone/install/setup.sh'
[0.706s] INFO:colcon.colcon_core.shell:Creating prefix script '/home/mcav/robot_localisation_ws/minidrone/install/local_setup.bash'
[0.707s] INFO:colcon.colcon_core.shell:Creating prefix chain script '/home/mcav/robot_localisation_ws/minidrone/install/setup.bash'
[0.710s] INFO:colcon.colcon_core.shell:Creating prefix script '/home/mcav/robot_localisation_ws/minidrone/install/local_setup.zsh'
[0.712s] INFO:colcon.colcon_core.shell:Creating prefix chain script '/home/mcav/robot_localisation_ws/minidrone/install/setup.zsh'
