[0.091s] Invoking command in '/home/mcav/mcav_ws/src/minidrone/control_ws/build/control_ros2': CMAKE_PREFIX_PATH=${CMAKE_PREFIX_PATH}:/opt/ros/foxy PS1=\[]0;\u@docker: \w\]\[[01;32m\]\u@docker\[[00m\]:\[[01;34m\]\w\[[00m\]$ /usr/bin/cmake --build /home/mcav/mcav_ws/src/minidrone/control_ws/build/control_ros2 -- -j2 -l2
[0.290s] -- Found ament_cmake: 0.9.9 (/opt/ros/foxy/share/ament_cmake/cmake)
[0.395s] -- Using PYTHON_EXECUTABLE: /usr/bin/python3
[3.181s] -- Found rclcpp: 2.4.1 (/opt/ros/foxy/share/rclcpp/cmake)
[3.684s] -- Using all available rosidl_typesupport_c: rosidl_typesupport_fastrtps_c;rosidl_typesupport_introspection_c
[3.710s] -- Found rosidl_adapter: 1.2.1 (/opt/ros/foxy/share/rosidl_adapter/cmake)
[4.743s] -- Using all available rosidl_typesupport_cpp: rosidl_typesupport_fastrtps_cpp;rosidl_typesupport_introspection_cpp
[5.133s] -- Found rmw_implementation_cmake: 1.0.3 (/opt/ros/foxy/share/rmw_implementation_cmake/cmake)
[5.142s] -- Using RMW implementation 'rmw_fastrtps_cpp' as default
[6.315s] -- Found rclpy: 1.0.8 (/opt/ros/foxy/share/rclpy/cmake)
[6.317s] -- Found ament_lint_auto: 0.9.6 (/opt/ros/foxy/share/ament_lint_auto/cmake)
[6.618s] -- Added test 'copyright' to check source files copyright and LICENSE
[6.633s] -- Added test 'flake8' to check Python code syntax and style conventions
[6.636s] -- Added test 'lint_cmake' to check CMake code style
[6.644s] -- Added test 'pep257' to check Python code against some of the style conventions in PEP 257
[6.651s] -- Added test 'xmllint' to check XML markup files
[6.673s] -- Configuring done
[6.728s] -- Generating done
[6.761s] -- Build files have been written to: /home/mcav/mcav_ws/src/minidrone/control_ws/build/control_ros2
[7.010s] Invoked command in '/home/mcav/mcav_ws/src/minidrone/control_ws/build/control_ros2' returned '0': CMAKE_PREFIX_PATH=${CMAKE_PREFIX_PATH}:/opt/ros/foxy PS1=\[]0;\u@docker: \w\]\[[01;32m\]\u@docker\[[00m\]:\[[01;34m\]\w\[[00m\]$ /usr/bin/cmake --build /home/mcav/mcav_ws/src/minidrone/control_ws/build/control_ros2 -- -j2 -l2
[7.432s] Invoking command in '/home/mcav/mcav_ws/src/minidrone/control_ws/build/control_ros2': CMAKE_PREFIX_PATH=${CMAKE_PREFIX_PATH}:/opt/ros/foxy PS1=\[]0;\u@docker: \w\]\[[01;32m\]\u@docker\[[00m\]:\[[01;34m\]\w\[[00m\]$ /usr/bin/cmake --install /home/mcav/mcav_ws/src/minidrone/control_ws/build/control_ros2
[7.460s] -- Install configuration: ""
[7.461s] -- Installing: /home/mcav/mcav_ws/src/minidrone/control_ws/install/control_ros2/lib/control_ros2/control.py
[7.466s] -- Installing: /home/mcav/mcav_ws/src/minidrone/control_ws/install/control_ros2/share/ament_index/resource_index/package_run_dependencies/control_ros2
[7.466s] -- Installing: /home/mcav/mcav_ws/src/minidrone/control_ws/install/control_ros2/share/ament_index/resource_index/parent_prefix_path/control_ros2
[7.467s] -- Up-to-date: /home/mcav/mcav_ws/src/minidrone/control_ws/install/control_ros2/share/control_ros2/environment/ament_prefix_path.sh
[7.468s] -- Installing: /home/mcav/mcav_ws/src/minidrone/control_ws/install/control_ros2/share/control_ros2/environment/ament_prefix_path.dsv
[7.469s] -- Up-to-date: /home/mcav/mcav_ws/src/minidrone/control_ws/install/control_ros2/share/control_ros2/environment/path.sh
[7.471s] -- Installing: /home/mcav/mcav_ws/src/minidrone/control_ws/install/control_ros2/share/control_ros2/environment/path.dsv
[7.474s] -- Up-to-date: /home/mcav/mcav_ws/src/minidrone/control_ws/install/control_ros2/share/control_ros2/local_setup.bash
[7.474s] -- Up-to-date: /home/mcav/mcav_ws/src/minidrone/control_ws/install/control_ros2/share/control_ros2/local_setup.sh
[7.475s] -- Up-to-date: /home/mcav/mcav_ws/src/minidrone/control_ws/install/control_ros2/share/control_ros2/local_setup.zsh
[7.476s] -- Installing: /home/mcav/mcav_ws/src/minidrone/control_ws/install/control_ros2/share/control_ros2/local_setup.dsv
[7.477s] -- Installing: /home/mcav/mcav_ws/src/minidrone/control_ws/install/control_ros2/share/control_ros2/package.dsv
[7.477s] -- Up-to-date: /home/mcav/mcav_ws/src/minidrone/control_ws/install/control_ros2/share/ament_index/resource_index/packages/control_ros2
[7.479s] -- Up-to-date: /home/mcav/mcav_ws/src/minidrone/control_ws/install/control_ros2/share/control_ros2/cmake/control_ros2Config.cmake
[7.479s] -- Up-to-date: /home/mcav/mcav_ws/src/minidrone/control_ws/install/control_ros2/share/control_ros2/cmake/control_ros2Config-version.cmake
[7.486s] -- Installing: /home/mcav/mcav_ws/src/minidrone/control_ws/install/control_ros2/share/control_ros2/package.xml
[7.492s] Invoked command in '/home/mcav/mcav_ws/src/minidrone/control_ws/build/control_ros2' returned '0': CMAKE_PREFIX_PATH=${CMAKE_PREFIX_PATH}:/opt/ros/foxy PS1=\[]0;\u@docker: \w\]\[[01;32m\]\u@docker\[[00m\]:\[[01;34m\]\w\[[00m\]$ /usr/bin/cmake --install /home/mcav/mcav_ws/src/minidrone/control_ws/build/control_ros2
