[0.082s] Invoking command in '/home/mcav/mcav_ws/src/minidrone/control_ws/build/control_ros2': CMAKE_PREFIX_PATH=${CMAKE_PREFIX_PATH}:/opt/ros/foxy PS1=\[]0;\u@docker: \w\]\[[01;32m\]\u@docker\[[00m\]:\[[01;34m\]\w\[[00m\]$ /usr/bin/cmake --build /home/mcav/mcav_ws/src/minidrone/control_ws/build/control_ros2 -- -j2 -l2
[0.173s] -- Found ament_cmake: 0.9.9 (/opt/ros/foxy/share/ament_cmake/cmake)
[0.231s] -- Using PYTHON_EXECUTABLE: /usr/bin/python3
[0.558s] -- Found rclcpp: 2.4.1 (/opt/ros/foxy/share/rclcpp/cmake)
[0.638s] -- Using all available rosidl_typesupport_c: rosidl_typesupport_fastrtps_c;rosidl_typesupport_introspection_c
[0.645s] -- Found rosidl_adapter: 1.2.1 (/opt/ros/foxy/share/rosidl_adapter/cmake)
[1.044s] -- Using all available rosidl_typesupport_cpp: rosidl_typesupport_fastrtps_cpp;rosidl_typesupport_introspection_cpp
[1.177s] -- Found rmw_implementation_cmake: 1.0.3 (/opt/ros/foxy/share/rmw_implementation_cmake/cmake)
[1.181s] -- Using RMW implementation 'rmw_fastrtps_cpp' as default
[1.581s] -- Found rclpy: 1.0.8 (/opt/ros/foxy/share/rclpy/cmake)
[1.583s] -- Found ament_lint_auto: 0.9.6 (/opt/ros/foxy/share/ament_lint_auto/cmake)
[1.800s] -- Added test 'copyright' to check source files copyright and LICENSE
[1.803s] -- Added test 'flake8' to check Python code syntax and style conventions
[1.805s] -- Added test 'lint_cmake' to check CMake code style
[1.806s] -- Added test 'pep257' to check Python code against some of the style conventions in PEP 257
[1.807s] -- Added test 'xmllint' to check XML markup files
[1.813s] -- Configuring done
[1.825s] -- Generating done
[1.832s] -- Build files have been written to: /home/mcav/mcav_ws/src/minidrone/control_ws/build/control_ros2
[1.904s] Invoked command in '/home/mcav/mcav_ws/src/minidrone/control_ws/build/control_ros2' returned '0': CMAKE_PREFIX_PATH=${CMAKE_PREFIX_PATH}:/opt/ros/foxy PS1=\[]0;\u@docker: \w\]\[[01;32m\]\u@docker\[[00m\]:\[[01;34m\]\w\[[00m\]$ /usr/bin/cmake --build /home/mcav/mcav_ws/src/minidrone/control_ws/build/control_ros2 -- -j2 -l2
[2.030s] Invoking command in '/home/mcav/mcav_ws/src/minidrone/control_ws/build/control_ros2': CMAKE_PREFIX_PATH=${CMAKE_PREFIX_PATH}:/opt/ros/foxy PS1=\[]0;\u@docker: \w\]\[[01;32m\]\u@docker\[[00m\]:\[[01;34m\]\w\[[00m\]$ /usr/bin/cmake --install /home/mcav/mcav_ws/src/minidrone/control_ws/build/control_ros2
[2.056s] -- Install configuration: ""
[2.057s] -- Up-to-date: /home/mcav/mcav_ws/src/minidrone/control_ws/install/control_ros2/lib/control_ros2/control.py
[2.057s] -- Installing: /home/mcav/mcav_ws/src/minidrone/control_ws/install/control_ros2/lib/control_ros2/PWMController.py
[2.059s] -- Up-to-date: /home/mcav/mcav_ws/src/minidrone/control_ws/install/control_ros2/share/ament_index/resource_index/package_run_dependencies/control_ros2
[2.059s] -- Up-to-date: /home/mcav/mcav_ws/src/minidrone/control_ws/install/control_ros2/share/ament_index/resource_index/parent_prefix_path/control_ros2
[2.060s] -- Up-to-date: /home/mcav/mcav_ws/src/minidrone/control_ws/install/control_ros2/share/control_ros2/environment/ament_prefix_path.sh
[2.061s] -- Installing: /home/mcav/mcav_ws/src/minidrone/control_ws/install/control_ros2/share/control_ros2/environment/ament_prefix_path.dsv
[2.062s] -- Up-to-date: /home/mcav/mcav_ws/src/minidrone/control_ws/install/control_ros2/share/control_ros2/environment/path.sh
[2.063s] -- Installing: /home/mcav/mcav_ws/src/minidrone/control_ws/install/control_ros2/share/control_ros2/environment/path.dsv
[2.064s] -- Up-to-date: /home/mcav/mcav_ws/src/minidrone/control_ws/install/control_ros2/share/control_ros2/local_setup.bash
[2.066s] -- Up-to-date: /home/mcav/mcav_ws/src/minidrone/control_ws/install/control_ros2/share/control_ros2/local_setup.sh
[2.066s] -- Up-to-date: /home/mcav/mcav_ws/src/minidrone/control_ws/install/control_ros2/share/control_ros2/local_setup.zsh
[2.067s] -- Installing: /home/mcav/mcav_ws/src/minidrone/control_ws/install/control_ros2/share/control_ros2/local_setup.dsv
[2.068s] -- Installing: /home/mcav/mcav_ws/src/minidrone/control_ws/install/control_ros2/share/control_ros2/package.dsv
[2.070s] -- Up-to-date: /home/mcav/mcav_ws/src/minidrone/control_ws/install/control_ros2/share/ament_index/resource_index/packages/control_ros2
[2.071s] -- Up-to-date: /home/mcav/mcav_ws/src/minidrone/control_ws/install/control_ros2/share/control_ros2/cmake/control_ros2Config.cmake
[2.071s] -- Up-to-date: /home/mcav/mcav_ws/src/minidrone/control_ws/install/control_ros2/share/control_ros2/cmake/control_ros2Config-version.cmake
[2.072s] -- Up-to-date: /home/mcav/mcav_ws/src/minidrone/control_ws/install/control_ros2/share/control_ros2/package.xml
[2.083s] Invoked command in '/home/mcav/mcav_ws/src/minidrone/control_ws/build/control_ros2' returned '0': CMAKE_PREFIX_PATH=${CMAKE_PREFIX_PATH}:/opt/ros/foxy PS1=\[]0;\u@docker: \w\]\[[01;32m\]\u@docker\[[00m\]:\[[01;34m\]\w\[[00m\]$ /usr/bin/cmake --install /home/mcav/mcav_ws/src/minidrone/control_ws/build/control_ros2
