[0.219s] DEBUG:colcon:Command line arguments: ['/usr/bin/colcon', 'build']
[0.220s] DEBUG:colcon:Parsed command line arguments: Namespace(allow_overriding=[], ament_cmake_args=None, base_paths=['.'], build_base='build', catkin_cmake_args=None, catkin_skip_building_tests=False, cmake_args=None, cmake_clean_cache=False, cmake_clean_first=False, cmake_force_configure=False, cmake_target=None, cmake_target_skip_unavailable=False, continue_on_error=False, event_handlers=None, executor='parallel', ignore_user_meta=False, install_base='install', log_base=None, log_level=None, main=<bound method BuildVerb.main of <colcon_core.verb.build.BuildVerb object at 0x7faa75d05190>>, merge_install=False, metas=['./colcon.meta'], packages_above=None, packages_above_and_dependencies=None, packages_above_depth=None, packages_end=None, packages_ignore=None, packages_ignore_regex=None, packages_select=None, packages_select_build_failed=False, packages_select_by_dep=None, packages_select_regex=None, packages_select_test_failures=False, packages_skip=None, packages_skip_build_finished=False, packages_skip_by_dep=None, packages_skip_regex=None, packages_skip_test_passed=False, packages_skip_up_to=None, packages_start=None, packages_up_to=None, packages_up_to_regex=None, parallel_workers=8, paths=None, symlink_install=False, test_result_base=None, verb_extension=<colcon_core.verb.build.BuildVerb object at 0x7faa75d05190>, verb_name='build', verb_parser=<colcon_defaults.argument_parser.defaults.DefaultArgumentsDecorator object at 0x7faa75d056d0>)
[0.253s] Level 1:colcon.colcon_core.package_discovery:discover_packages(colcon_meta) check parameters
[0.253s] Level 1:colcon.colcon_core.package_discovery:discover_packages(recursive) check parameters
[0.253s] Level 1:colcon.colcon_core.package_discovery:discover_packages(ignore) check parameters
[0.253s] Level 1:colcon.colcon_core.package_discovery:discover_packages(path) check parameters
[0.253s] Level 1:colcon.colcon_core.package_discovery:discover_packages(colcon_meta) discover
[0.253s] Level 1:colcon.colcon_core.package_discovery:discover_packages(recursive) discover
[0.253s] INFO:colcon.colcon_core.package_discovery:Crawling recursively for packages in '/home/mcav/abbasamo_ws/minidrone_ws/src/minidrone'
[0.253s] Level 1:colcon.colcon_core.package_identification:_identify(.) by extensions ['ignore', 'ignore_ament_install']
[0.253s] Level 1:colcon.colcon_core.package_identification:_identify(.) by extension 'ignore'
[0.253s] Level 1:colcon.colcon_core.package_identification:_identify(.) by extension 'ignore_ament_install'
[0.253s] Level 1:colcon.colcon_core.package_identification:_identify(.) by extensions ['colcon_pkg']
[0.253s] Level 1:colcon.colcon_core.package_identification:_identify(.) by extension 'colcon_pkg'
[0.253s] Level 1:colcon.colcon_core.package_identification:_identify(.) by extensions ['colcon_meta']
[0.253s] Level 1:colcon.colcon_core.package_identification:_identify(.) by extension 'colcon_meta'
[0.254s] Level 1:colcon.colcon_core.package_identification:_identify(.) by extensions ['ros']
[0.254s] Level 1:colcon.colcon_core.package_identification:_identify(.) by extension 'ros'
[0.271s] Level 1:colcon.colcon_core.package_identification:_identify(.) by extensions ['cmake', 'python']
[0.271s] Level 1:colcon.colcon_core.package_identification:_identify(.) by extension 'cmake'
[0.271s] Level 1:colcon.colcon_core.package_identification:_identify(.) by extension 'python'
[0.271s] Level 1:colcon.colcon_core.package_identification:_identify(.) by extensions ['python_setup_py']
[0.271s] Level 1:colcon.colcon_core.package_identification:_identify(.) by extension 'python_setup_py'
[0.272s] Level 1:colcon.colcon_core.package_identification:_identify(build) by extensions ['ignore', 'ignore_ament_install']
[0.272s] Level 1:colcon.colcon_core.package_identification:_identify(build) by extension 'ignore'
[0.272s] Level 1:colcon.colcon_core.package_identification:_identify(build) ignored
[0.272s] Level 1:colcon.colcon_core.package_identification:_identify(docker) by extensions ['ignore', 'ignore_ament_install']
[0.272s] Level 1:colcon.colcon_core.package_identification:_identify(docker) by extension 'ignore'
[0.272s] Level 1:colcon.colcon_core.package_identification:_identify(docker) by extension 'ignore_ament_install'
[0.272s] Level 1:colcon.colcon_core.package_identification:_identify(docker) by extensions ['colcon_pkg']
[0.272s] Level 1:colcon.colcon_core.package_identification:_identify(docker) by extension 'colcon_pkg'
[0.272s] Level 1:colcon.colcon_core.package_identification:_identify(docker) by extensions ['colcon_meta']
[0.272s] Level 1:colcon.colcon_core.package_identification:_identify(docker) by extension 'colcon_meta'
[0.272s] Level 1:colcon.colcon_core.package_identification:_identify(docker) by extensions ['ros']
[0.272s] Level 1:colcon.colcon_core.package_identification:_identify(docker) by extension 'ros'
[0.272s] Level 1:colcon.colcon_core.package_identification:_identify(docker) by extensions ['cmake', 'python']
[0.272s] Level 1:colcon.colcon_core.package_identification:_identify(docker) by extension 'cmake'
[0.272s] Level 1:colcon.colcon_core.package_identification:_identify(docker) by extension 'python'
[0.272s] Level 1:colcon.colcon_core.package_identification:_identify(docker) by extensions ['python_setup_py']
[0.272s] Level 1:colcon.colcon_core.package_identification:_identify(docker) by extension 'python_setup_py'
[0.272s] Level 1:colcon.colcon_core.package_identification:_identify(install) by extensions ['ignore', 'ignore_ament_install']
[0.273s] Level 1:colcon.colcon_core.package_identification:_identify(install) by extension 'ignore'
[0.273s] Level 1:colcon.colcon_core.package_identification:_identify(install) ignored
[0.273s] Level 1:colcon.colcon_core.package_identification:_identify(lidar_occupancy) by extensions ['ignore', 'ignore_ament_install']
[0.273s] Level 1:colcon.colcon_core.package_identification:_identify(lidar_occupancy) by extension 'ignore'
[0.273s] Level 1:colcon.colcon_core.package_identification:_identify(lidar_occupancy) by extension 'ignore_ament_install'
[0.273s] Level 1:colcon.colcon_core.package_identification:_identify(lidar_occupancy) by extensions ['colcon_pkg']
[0.273s] Level 1:colcon.colcon_core.package_identification:_identify(lidar_occupancy) by extension 'colcon_pkg'
[0.273s] Level 1:colcon.colcon_core.package_identification:_identify(lidar_occupancy) by extensions ['colcon_meta']
[0.273s] Level 1:colcon.colcon_core.package_identification:_identify(lidar_occupancy) by extension 'colcon_meta'
[0.273s] Level 1:colcon.colcon_core.package_identification:_identify(lidar_occupancy) by extensions ['ros']
[0.273s] Level 1:colcon.colcon_core.package_identification:_identify(lidar_occupancy) by extension 'ros'
[0.276s] DEBUG:colcon.colcon_core.package_identification:Package 'lidar_occupancy' with type 'ros.ament_python' and name 'lidar_occupancy'
[0.276s] Level 1:colcon.colcon_core.package_identification:_identify(log) by extensions ['ignore', 'ignore_ament_install']
[0.276s] Level 1:colcon.colcon_core.package_identification:_identify(log) by extension 'ignore'
[0.276s] Level 1:colcon.colcon_core.package_identification:_identify(log) ignored
[0.276s] Level 1:colcon.colcon_core.package_discovery:discover_packages(recursive) using defaults
[0.276s] Level 1:colcon.colcon_core.package_discovery:discover_packages(ignore) discover
[0.276s] Level 1:colcon.colcon_core.package_discovery:discover_packages(ignore) using defaults
[0.276s] Level 1:colcon.colcon_core.package_discovery:discover_packages(path) discover
[0.276s] Level 1:colcon.colcon_core.package_discovery:discover_packages(path) using defaults
[0.317s] Level 1:colcon.colcon_core.package_discovery:discover_packages(prefix_path) check parameters
[0.317s] Level 1:colcon.colcon_core.package_discovery:discover_packages(prefix_path) discover
[0.322s] DEBUG:colcon.colcon_installed_package_information.package_discovery:Found 304 installed packages in /opt/ros/foxy
[0.326s] Level 1:colcon.colcon_core.package_discovery:discover_packages(prefix_path) using defaults
[0.435s] Level 5:colcon.colcon_core.verb:set package 'lidar_occupancy' build argument 'cmake_args' from command line to 'None'
[0.435s] Level 5:colcon.colcon_core.verb:set package 'lidar_occupancy' build argument 'cmake_target' from command line to 'None'
[0.435s] Level 5:colcon.colcon_core.verb:set package 'lidar_occupancy' build argument 'cmake_target_skip_unavailable' from command line to 'False'
[0.435s] Level 5:colcon.colcon_core.verb:set package 'lidar_occupancy' build argument 'cmake_clean_cache' from command line to 'False'
[0.435s] Level 5:colcon.colcon_core.verb:set package 'lidar_occupancy' build argument 'cmake_clean_first' from command line to 'False'
[0.435s] Level 5:colcon.colcon_core.verb:set package 'lidar_occupancy' build argument 'cmake_force_configure' from command line to 'False'
[0.436s] Level 5:colcon.colcon_core.verb:set package 'lidar_occupancy' build argument 'ament_cmake_args' from command line to 'None'
[0.436s] Level 5:colcon.colcon_core.verb:set package 'lidar_occupancy' build argument 'catkin_cmake_args' from command line to 'None'
[0.436s] Level 5:colcon.colcon_core.verb:set package 'lidar_occupancy' build argument 'catkin_skip_building_tests' from command line to 'False'
[0.436s] DEBUG:colcon.colcon_core.verb:Building package 'lidar_occupancy' with the following arguments: {'ament_cmake_args': None, 'build_base': '/home/mcav/abbasamo_ws/minidrone_ws/src/minidrone/build/lidar_occupancy', 'catkin_cmake_args': None, 'catkin_skip_building_tests': False, 'cmake_args': None, 'cmake_clean_cache': False, 'cmake_clean_first': False, 'cmake_force_configure': False, 'cmake_target': None, 'cmake_target_skip_unavailable': False, 'install_base': '/home/mcav/abbasamo_ws/minidrone_ws/src/minidrone/install/lidar_occupancy', 'merge_install': False, 'path': '/home/mcav/abbasamo_ws/minidrone_ws/src/minidrone/lidar_occupancy', 'symlink_install': False, 'test_result_base': None}
[0.436s] INFO:colcon.colcon_core.executor:Executing jobs using 'parallel' executor
[0.443s] DEBUG:colcon.colcon_parallel_executor.executor.parallel:run_until_complete
[0.443s] INFO:colcon.colcon_ros.task.ament_python.build:Building ROS package in '/home/mcav/abbasamo_ws/minidrone_ws/src/minidrone/lidar_occupancy' with build type 'ament_python'
[0.444s] Level 1:colcon.colcon_core.shell:create_environment_hook('lidar_occupancy', 'ament_prefix_path')
[0.448s] INFO:colcon.colcon_core.plugin_system:Skipping extension 'colcon_core.shell.bat': Not used on non-Windows systems
[0.448s] INFO:colcon.colcon_core.shell:Creating environment hook '/home/mcav/abbasamo_ws/minidrone_ws/src/minidrone/install/lidar_occupancy/share/lidar_occupancy/hook/ament_prefix_path.ps1'
[0.448s] INFO:colcon.colcon_core.shell:Creating environment descriptor '/home/mcav/abbasamo_ws/minidrone_ws/src/minidrone/install/lidar_occupancy/share/lidar_occupancy/hook/ament_prefix_path.dsv'
[0.449s] INFO:colcon.colcon_core.shell:Creating environment hook '/home/mcav/abbasamo_ws/minidrone_ws/src/minidrone/install/lidar_occupancy/share/lidar_occupancy/hook/ament_prefix_path.sh'
[0.451s] INFO:colcon.colcon_core.shell:Skip shell extension 'powershell' for command environment: Not usable outside of PowerShell
[0.451s] DEBUG:colcon.colcon_core.shell:Skip shell extension 'dsv' for command environment
[0.799s] INFO:colcon.colcon_core.task.python.build:Building Python package in '/home/mcav/abbasamo_ws/minidrone_ws/src/minidrone/lidar_occupancy'
[0.802s] INFO:colcon.colcon_core.shell:Skip shell extension 'powershell' for command environment: Not usable outside of PowerShell
[0.802s] DEBUG:colcon.colcon_core.shell:Skip shell extension 'dsv' for command environment
[1.331s] DEBUG:colcon.colcon_core.event_handler.log_command:Invoking command in '/home/mcav/abbasamo_ws/minidrone_ws/src/minidrone/lidar_occupancy': PYTHONPATH=/home/mcav/abbasamo_ws/minidrone_ws/src/minidrone/install/lidar_occupancy/lib/python3.8/site-packages:${PYTHONPATH} /usr/bin/python3 setup.py egg_info --egg-base ../build/lidar_occupancy build --build-base /home/mcav/abbasamo_ws/minidrone_ws/src/minidrone/build/lidar_occupancy/build install --prefix /home/mcav/abbasamo_ws/minidrone_ws/src/minidrone/install/lidar_occupancy --record /home/mcav/abbasamo_ws/minidrone_ws/src/minidrone/build/lidar_occupancy/install.log --single-version-externally-managed
[1.764s] DEBUG:colcon.colcon_core.event_handler.log_command:Invoked command in '/home/mcav/abbasamo_ws/minidrone_ws/src/minidrone/lidar_occupancy' returned '0': PYTHONPATH=/home/mcav/abbasamo_ws/minidrone_ws/src/minidrone/install/lidar_occupancy/lib/python3.8/site-packages:${PYTHONPATH} /usr/bin/python3 setup.py egg_info --egg-base ../build/lidar_occupancy build --build-base /home/mcav/abbasamo_ws/minidrone_ws/src/minidrone/build/lidar_occupancy/build install --prefix /home/mcav/abbasamo_ws/minidrone_ws/src/minidrone/install/lidar_occupancy --record /home/mcav/abbasamo_ws/minidrone_ws/src/minidrone/build/lidar_occupancy/install.log --single-version-externally-managed
[1.774s] Level 1:colcon.colcon_core.environment:checking '/home/mcav/abbasamo_ws/minidrone_ws/src/minidrone/install/lidar_occupancy' for CMake module files
[1.774s] Level 1:colcon.colcon_core.environment:checking '/home/mcav/abbasamo_ws/minidrone_ws/src/minidrone/install/lidar_occupancy' for CMake config files
[1.775s] Level 1:colcon.colcon_core.environment:checking '/home/mcav/abbasamo_ws/minidrone_ws/src/minidrone/install/lidar_occupancy/lib'
[1.775s] Level 1:colcon.colcon_core.environment:checking '/home/mcav/abbasamo_ws/minidrone_ws/src/minidrone/install/lidar_occupancy/bin'
[1.775s] Level 1:colcon.colcon_core.environment:checking '/home/mcav/abbasamo_ws/minidrone_ws/src/minidrone/install/lidar_occupancy/lib/pkgconfig/lidar_occupancy.pc'
[1.776s] Level 1:colcon.colcon_core.environment:checking '/home/mcav/abbasamo_ws/minidrone_ws/src/minidrone/install/lidar_occupancy/lib/python3.8/site-packages'
[1.776s] Level 1:colcon.colcon_core.shell:create_environment_hook('lidar_occupancy', 'pythonpath')
[1.778s] INFO:colcon.colcon_core.shell:Creating environment hook '/home/mcav/abbasamo_ws/minidrone_ws/src/minidrone/install/lidar_occupancy/share/lidar_occupancy/hook/pythonpath.ps1'
[1.779s] INFO:colcon.colcon_core.shell:Creating environment descriptor '/home/mcav/abbasamo_ws/minidrone_ws/src/minidrone/install/lidar_occupancy/share/lidar_occupancy/hook/pythonpath.dsv'
[1.781s] INFO:colcon.colcon_core.shell:Creating environment hook '/home/mcav/abbasamo_ws/minidrone_ws/src/minidrone/install/lidar_occupancy/share/lidar_occupancy/hook/pythonpath.sh'
[1.782s] Level 1:colcon.colcon_core.environment:checking '/home/mcav/abbasamo_ws/minidrone_ws/src/minidrone/install/lidar_occupancy/bin'
[1.782s] Level 1:colcon.colcon_core.environment:create_environment_scripts_only(lidar_occupancy)
[1.784s] INFO:colcon.colcon_core.shell:Creating package script '/home/mcav/abbasamo_ws/minidrone_ws/src/minidrone/install/lidar_occupancy/share/lidar_occupancy/package.ps1'
[1.785s] INFO:colcon.colcon_core.shell:Creating package descriptor '/home/mcav/abbasamo_ws/minidrone_ws/src/minidrone/install/lidar_occupancy/share/lidar_occupancy/package.dsv'
[1.785s] INFO:colcon.colcon_core.shell:Creating package script '/home/mcav/abbasamo_ws/minidrone_ws/src/minidrone/install/lidar_occupancy/share/lidar_occupancy/package.sh'
[1.786s] INFO:colcon.colcon_core.shell:Creating package script '/home/mcav/abbasamo_ws/minidrone_ws/src/minidrone/install/lidar_occupancy/share/lidar_occupancy/package.bash'
[1.786s] INFO:colcon.colcon_core.shell:Creating package script '/home/mcav/abbasamo_ws/minidrone_ws/src/minidrone/install/lidar_occupancy/share/lidar_occupancy/package.zsh'
[1.787s] Level 1:colcon.colcon_core.environment:create_file_with_runtime_dependencies(/home/mcav/abbasamo_ws/minidrone_ws/src/minidrone/install/lidar_occupancy/share/colcon-core/packages/lidar_occupancy)
[1.787s] DEBUG:colcon.colcon_parallel_executor.executor.parallel:closing loop
[1.788s] DEBUG:colcon.colcon_parallel_executor.executor.parallel:loop closed
[1.788s] DEBUG:colcon.colcon_parallel_executor.executor.parallel:run_until_complete finished with '0'
[1.788s] DEBUG:colcon.colcon_core.event_reactor:joining thread
[1.796s] INFO:colcon.colcon_core.plugin_system:Skipping extension 'colcon_notification.desktop_notification.terminal_notifier': Not used on non-Darwin systems
[1.797s] INFO:colcon.colcon_core.plugin_system:Skipping extension 'colcon_notification.desktop_notification.win32': Not used on non-Windows systems
[1.797s] INFO:colcon.colcon_notification.desktop_notification:Sending desktop notification using 'notify2'
[1.950s] DEBUG:colcon.colcon_core.event_reactor:joined thread
[1.952s] INFO:colcon.colcon_core.shell:Creating prefix script '/home/mcav/abbasamo_ws/minidrone_ws/src/minidrone/install/local_setup.ps1'
[1.953s] INFO:colcon.colcon_core.shell:Creating prefix util module '/home/mcav/abbasamo_ws/minidrone_ws/src/minidrone/install/_local_setup_util_ps1.py'
[1.957s] INFO:colcon.colcon_core.shell:Creating prefix chain script '/home/mcav/abbasamo_ws/minidrone_ws/src/minidrone/install/setup.ps1'
[1.962s] INFO:colcon.colcon_core.shell:Creating prefix script '/home/mcav/abbasamo_ws/minidrone_ws/src/minidrone/install/local_setup.sh'
[1.963s] INFO:colcon.colcon_core.shell:Creating prefix util module '/home/mcav/abbasamo_ws/minidrone_ws/src/minidrone/install/_local_setup_util_sh.py'
[1.963s] INFO:colcon.colcon_core.shell:Creating prefix chain script '/home/mcav/abbasamo_ws/minidrone_ws/src/minidrone/install/setup.sh'
[1.965s] INFO:colcon.colcon_core.shell:Creating prefix script '/home/mcav/abbasamo_ws/minidrone_ws/src/minidrone/install/local_setup.bash'
[1.967s] INFO:colcon.colcon_core.shell:Creating prefix chain script '/home/mcav/abbasamo_ws/minidrone_ws/src/minidrone/install/setup.bash'
[1.972s] INFO:colcon.colcon_core.shell:Creating prefix script '/home/mcav/abbasamo_ws/minidrone_ws/src/minidrone/install/local_setup.zsh'
[1.974s] INFO:colcon.colcon_core.shell:Creating prefix chain script '/home/mcav/abbasamo_ws/minidrone_ws/src/minidrone/install/setup.zsh'
