[0.704s] Invoking command in '/home/m076em/my_ws/src/minidrone/rrt_planner': PYTHONPATH=/home/m076em/my_ws/src/minidrone/build/rrt_planner/prefix_override:/home/m076em/my_ws/src/minidrone/install/rrt_planner/lib/python3.8/site-packages:${PYTHONPATH} /usr/bin/python3 setup.py egg_info --egg-base ../build/rrt_planner build --build-base /home/m076em/my_ws/src/minidrone/build/rrt_planner/build install --record /home/m076em/my_ws/src/minidrone/build/rrt_planner/install.log --single-version-externally-managed
[0.897s] running egg_info
[0.898s] writing ../build/rrt_planner/rrt_planner.egg-info/PKG-INFO
[0.898s] writing dependency_links to ../build/rrt_planner/rrt_planner.egg-info/dependency_links.txt
[0.901s] writing entry points to ../build/rrt_planner/rrt_planner.egg-info/entry_points.txt
[0.901s] writing requirements to ../build/rrt_planner/rrt_planner.egg-info/requires.txt
[0.902s] writing top-level names to ../build/rrt_planner/rrt_planner.egg-info/top_level.txt
[0.974s] reading manifest file '../build/rrt_planner/rrt_planner.egg-info/SOURCES.txt'
[0.974s] writing manifest file '../build/rrt_planner/rrt_planner.egg-info/SOURCES.txt'
[0.975s] running build
[0.977s] running build_py
[0.977s] running install
[0.978s] running install_lib
[0.979s] running install_data
[0.981s] running install_egg_info
[0.984s] removing '/home/m076em/my_ws/src/minidrone/install/rrt_planner/lib/python3.8/site-packages/rrt_planner-0.0.0-py3.8.egg-info' (and everything under it)
[0.984s] Copying ../build/rrt_planner/rrt_planner.egg-info to /home/m076em/my_ws/src/minidrone/install/rrt_planner/lib/python3.8/site-packages/rrt_planner-0.0.0-py3.8.egg-info
[0.984s] running install_scripts
[0.999s] Installing og_manager script to /home/m076em/my_ws/src/minidrone/install/rrt_planner/lib/rrt_planner
[0.999s] Installing path_creator script to /home/m076em/my_ws/src/minidrone/install/rrt_planner/lib/rrt_planner
[1.000s] writing list of installed files to '/home/m076em/my_ws/src/minidrone/build/rrt_planner/install.log'
[1.023s] Invoked command in '/home/m076em/my_ws/src/minidrone/rrt_planner' returned '0': PYTHONPATH=/home/m076em/my_ws/src/minidrone/build/rrt_planner/prefix_override:/home/m076em/my_ws/src/minidrone/install/rrt_planner/lib/python3.8/site-packages:${PYTHONPATH} /usr/bin/python3 setup.py egg_info --egg-base ../build/rrt_planner build --build-base /home/m076em/my_ws/src/minidrone/build/rrt_planner/build install --record /home/m076em/my_ws/src/minidrone/build/rrt_planner/install.log --single-version-externally-managed
