[0.499s] Invoking command in '/home/mcav/GPS_ws/src/piksi_gps': PYTHONPATH=/home/mcav/GPS_ws/src/piksi_gps/build/piksi_gps/prefix_override:/home/mcav/GPS_ws/src/piksi_gps/install/piksi_gps/lib/python3.10/site-packages:${PYTHONPATH} /usr/bin/python3 setup.py egg_info --egg-base build/piksi_gps build --build-base /home/mcav/GPS_ws/src/piksi_gps/build/piksi_gps/build install --record /home/mcav/GPS_ws/src/piksi_gps/build/piksi_gps/install.log --single-version-externally-managed
[0.705s] running egg_info
[0.706s] writing build/piksi_gps/piksi_gps.egg-info/PKG-INFO
[0.706s] writing dependency_links to build/piksi_gps/piksi_gps.egg-info/dependency_links.txt
[0.706s] writing entry points to build/piksi_gps/piksi_gps.egg-info/entry_points.txt
[0.706s] writing requirements to build/piksi_gps/piksi_gps.egg-info/requires.txt
[0.706s] writing top-level names to build/piksi_gps/piksi_gps.egg-info/top_level.txt
[0.708s] reading manifest file 'build/piksi_gps/piksi_gps.egg-info/SOURCES.txt'
[0.708s] writing manifest file 'build/piksi_gps/piksi_gps.egg-info/SOURCES.txt'
[0.709s] running build
[0.709s] running build_py
[0.709s] copying piksi_gps/piksi_gps_pub.py -> /home/mcav/GPS_ws/src/piksi_gps/build/piksi_gps/build/lib/piksi_gps
[0.709s] running install
[0.709s] /usr/lib/python3/dist-packages/setuptools/command/install.py:34: SetuptoolsDeprecationWarning: setup.py install is deprecated. Use build and pip and other standards-based tools.
[0.709s]   warnings.warn(
[0.709s] running install_lib
[0.710s] copying /home/mcav/GPS_ws/src/piksi_gps/build/piksi_gps/build/lib/piksi_gps/piksi_gps_pub.py -> /home/mcav/GPS_ws/src/piksi_gps/install/piksi_gps/lib/python3.10/site-packages/piksi_gps
[0.710s] byte-compiling /home/mcav/GPS_ws/src/piksi_gps/install/piksi_gps/lib/python3.10/site-packages/piksi_gps/piksi_gps_pub.py to piksi_gps_pub.cpython-310.pyc
[0.711s] running install_data
[0.711s] running install_egg_info
[0.713s] removing '/home/mcav/GPS_ws/src/piksi_gps/install/piksi_gps/lib/python3.10/site-packages/piksi_gps-0.0.0-py3.10.egg-info' (and everything under it)
[0.713s] Copying build/piksi_gps/piksi_gps.egg-info to /home/mcav/GPS_ws/src/piksi_gps/install/piksi_gps/lib/python3.10/site-packages/piksi_gps-0.0.0-py3.10.egg-info
[0.714s] running install_scripts
[0.731s] Installing gps script to /home/mcav/GPS_ws/src/piksi_gps/install/piksi_gps/lib/piksi_gps
[0.731s] writing list of installed files to '/home/mcav/GPS_ws/src/piksi_gps/build/piksi_gps/install.log'
[0.749s] Invoked command in '/home/mcav/GPS_ws/src/piksi_gps' returned '0': PYTHONPATH=/home/mcav/GPS_ws/src/piksi_gps/build/piksi_gps/prefix_override:/home/mcav/GPS_ws/src/piksi_gps/install/piksi_gps/lib/python3.10/site-packages:${PYTHONPATH} /usr/bin/python3 setup.py egg_info --egg-base build/piksi_gps build --build-base /home/mcav/GPS_ws/src/piksi_gps/build/piksi_gps/build install --record /home/mcav/GPS_ws/src/piksi_gps/build/piksi_gps/install.log --single-version-externally-managed
