[0.538s] Invoking command in '/home/mcav/GPS_ws/src/piksi_gps': PYTHONPATH=/home/mcav/GPS_ws/src/piksi_gps/build/piksi_gps/prefix_override:/home/mcav/GPS_ws/src/piksi_gps/install/piksi_gps/lib/python3.10/site-packages:${PYTHONPATH} /usr/bin/python3 setup.py egg_info --egg-base build/piksi_gps build --build-base /home/mcav/GPS_ws/src/piksi_gps/build/piksi_gps/build install --record /home/mcav/GPS_ws/src/piksi_gps/build/piksi_gps/install.log --single-version-externally-managed
[0.753s] running egg_info
[0.754s] writing build/piksi_gps/piksi_gps.egg-info/PKG-INFO
[0.754s] writing dependency_links to build/piksi_gps/piksi_gps.egg-info/dependency_links.txt
[0.754s] writing entry points to build/piksi_gps/piksi_gps.egg-info/entry_points.txt
[0.755s] writing requirements to build/piksi_gps/piksi_gps.egg-info/requires.txt
[0.755s] writing top-level names to build/piksi_gps/piksi_gps.egg-info/top_level.txt
[0.757s] reading manifest file 'build/piksi_gps/piksi_gps.egg-info/SOURCES.txt'
[0.757s] writing manifest file 'build/piksi_gps/piksi_gps.egg-info/SOURCES.txt'
[0.758s] running build
[0.758s] running build_py
[0.758s] copying piksi_gps/piksi_gps_pub.py -> /home/mcav/GPS_ws/src/piksi_gps/build/piksi_gps/build/lib/piksi_gps
[0.758s] running install
[0.758s] /usr/lib/python3/dist-packages/setuptools/command/install.py:34: SetuptoolsDeprecationWarning: setup.py install is deprecated. Use build and pip and other standards-based tools.
[0.758s]   warnings.warn(
[0.759s] running install_lib
[0.759s] copying /home/mcav/GPS_ws/src/piksi_gps/build/piksi_gps/build/lib/piksi_gps/piksi_gps_pub.py -> /home/mcav/GPS_ws/src/piksi_gps/install/piksi_gps/lib/python3.10/site-packages/piksi_gps
[0.760s] byte-compiling /home/mcav/GPS_ws/src/piksi_gps/install/piksi_gps/lib/python3.10/site-packages/piksi_gps/piksi_gps_pub.py to piksi_gps_pub.cpython-310.pyc
[0.760s] running install_data
[0.761s] running install_egg_info
[0.762s] removing '/home/mcav/GPS_ws/src/piksi_gps/install/piksi_gps/lib/python3.10/site-packages/piksi_gps-0.0.0-py3.10.egg-info' (and everything under it)
[0.762s] Copying build/piksi_gps/piksi_gps.egg-info to /home/mcav/GPS_ws/src/piksi_gps/install/piksi_gps/lib/python3.10/site-packages/piksi_gps-0.0.0-py3.10.egg-info
[0.763s] running install_scripts
[0.781s] Installing gps script to /home/mcav/GPS_ws/src/piksi_gps/install/piksi_gps/lib/piksi_gps
[0.781s] writing list of installed files to '/home/mcav/GPS_ws/src/piksi_gps/build/piksi_gps/install.log'
[0.805s] Invoked command in '/home/mcav/GPS_ws/src/piksi_gps' returned '0': PYTHONPATH=/home/mcav/GPS_ws/src/piksi_gps/build/piksi_gps/prefix_override:/home/mcav/GPS_ws/src/piksi_gps/install/piksi_gps/lib/python3.10/site-packages:${PYTHONPATH} /usr/bin/python3 setup.py egg_info --egg-base build/piksi_gps build --build-base /home/mcav/GPS_ws/src/piksi_gps/build/piksi_gps/build install --record /home/mcav/GPS_ws/src/piksi_gps/build/piksi_gps/install.log --single-version-externally-managed
