[0.557s] Invoking command in '/home/mcav/GPS_ws/src/piksi_gps': PYTHONPATH=/home/mcav/GPS_ws/src/build/piksi_gps/prefix_override:/home/mcav/GPS_ws/src/install/piksi_gps/lib/python3.10/site-packages:${PYTHONPATH} /usr/bin/python3 setup.py egg_info --egg-base ../build/piksi_gps build --build-base /home/mcav/GPS_ws/src/build/piksi_gps/build install --record /home/mcav/GPS_ws/src/build/piksi_gps/install.log --single-version-externally-managed
[0.763s] running egg_info
[0.764s] writing ../build/piksi_gps/piksi_gps.egg-info/PKG-INFO
[0.770s] writing dependency_links to ../build/piksi_gps/piksi_gps.egg-info/dependency_links.txt
[0.770s] writing entry points to ../build/piksi_gps/piksi_gps.egg-info/entry_points.txt
[0.770s] writing requirements to ../build/piksi_gps/piksi_gps.egg-info/requires.txt
[0.770s] writing top-level names to ../build/piksi_gps/piksi_gps.egg-info/top_level.txt
[0.772s] reading manifest file '../build/piksi_gps/piksi_gps.egg-info/SOURCES.txt'
[0.773s] writing manifest file '../build/piksi_gps/piksi_gps.egg-info/SOURCES.txt'
[0.773s] running build
[0.773s] running build_py
[0.773s] copying piksi_gps/piksi_gps_pub.py -> /home/mcav/GPS_ws/src/build/piksi_gps/build/lib/piksi_gps
[0.773s] running install
[0.774s] /usr/lib/python3/dist-packages/setuptools/command/install.py:34: SetuptoolsDeprecationWarning: setup.py install is deprecated. Use build and pip and other standards-based tools.
[0.774s]   warnings.warn(
[0.774s] running install_lib
[0.775s] copying /home/mcav/GPS_ws/src/build/piksi_gps/build/lib/piksi_gps/piksi_gps_pub.py -> /home/mcav/GPS_ws/src/install/piksi_gps/lib/python3.10/site-packages/piksi_gps
[0.775s] byte-compiling /home/mcav/GPS_ws/src/install/piksi_gps/lib/python3.10/site-packages/piksi_gps/piksi_gps_pub.py to piksi_gps_pub.cpython-310.pyc
[0.776s] running install_data
[0.777s] copying package.xml -> /home/mcav/GPS_ws/src/install/piksi_gps/share/piksi_gps
[0.777s] running install_egg_info
[0.778s] removing '/home/mcav/GPS_ws/src/install/piksi_gps/lib/python3.10/site-packages/piksi_gps-0.0.0-py3.10.egg-info' (and everything under it)
[0.778s] Copying ../build/piksi_gps/piksi_gps.egg-info to /home/mcav/GPS_ws/src/install/piksi_gps/lib/python3.10/site-packages/piksi_gps-0.0.0-py3.10.egg-info
[0.779s] running install_scripts
[0.797s] Installing gps script to /home/mcav/GPS_ws/src/install/piksi_gps/lib/piksi_gps
[0.797s] writing list of installed files to '/home/mcav/GPS_ws/src/build/piksi_gps/install.log'
[0.816s] Invoked command in '/home/mcav/GPS_ws/src/piksi_gps' returned '0': PYTHONPATH=/home/mcav/GPS_ws/src/build/piksi_gps/prefix_override:/home/mcav/GPS_ws/src/install/piksi_gps/lib/python3.10/site-packages:${PYTHONPATH} /usr/bin/python3 setup.py egg_info --egg-base ../build/piksi_gps build --build-base /home/mcav/GPS_ws/src/build/piksi_gps/build install --record /home/mcav/GPS_ws/src/build/piksi_gps/install.log --single-version-externally-managed
