[0.201s] DEBUG:colcon:Command line arguments: ['/usr/bin/colcon', 'build']
[0.201s] DEBUG:colcon:Parsed command line arguments: Namespace(allow_overriding=[], ament_cmake_args=None, base_paths=['.'], build_base='build', catkin_cmake_args=None, catkin_skip_building_tests=False, cmake_args=None, cmake_clean_cache=False, cmake_clean_first=False, cmake_force_configure=False, cmake_target=None, cmake_target_skip_unavailable=False, continue_on_error=False, event_handlers=None, executor='parallel', ignore_user_meta=False, install_base='install', log_base=None, log_level=None, main=<bound method BuildVerb.main of <colcon_core.verb.build.BuildVerb object at 0x7fde6390d610>>, merge_install=False, metas=['./colcon.meta'], packages_above=None, packages_above_and_dependencies=None, packages_above_depth=None, packages_end=None, packages_ignore=None, packages_ignore_regex=None, packages_select=None, packages_select_build_failed=False, packages_select_by_dep=None, packages_select_regex=None, packages_select_test_failures=False, packages_skip=None, packages_skip_build_finished=False, packages_skip_by_dep=None, packages_skip_regex=None, packages_skip_test_passed=False, packages_skip_up_to=None, packages_start=None, packages_up_to=None, packages_up_to_regex=None, parallel_workers=8, paths=None, symlink_install=False, test_result_base=None, verb_extension=<colcon_core.verb.build.BuildVerb object at 0x7fde6390d610>, verb_name='build', verb_parser=<colcon_defaults.argument_parser.defaults.DefaultArgumentsDecorator object at 0x7fde6390db50>)
[0.233s] Level 1:colcon.colcon_core.package_discovery:discover_packages(colcon_meta) check parameters
[0.234s] Level 1:colcon.colcon_core.package_discovery:discover_packages(recursive) check parameters
[0.234s] Level 1:colcon.colcon_core.package_discovery:discover_packages(ignore) check parameters
[0.234s] Level 1:colcon.colcon_core.package_discovery:discover_packages(path) check parameters
[0.234s] Level 1:colcon.colcon_core.package_discovery:discover_packages(colcon_meta) discover
[0.234s] Level 1:colcon.colcon_core.package_discovery:discover_packages(recursive) discover
[0.234s] INFO:colcon.colcon_core.package_discovery:Crawling recursively for packages in '/home/mcav/robot_localisation_ws/minidrone'
[0.234s] Level 1:colcon.colcon_core.package_identification:_identify(.) by extensions ['ignore', 'ignore_ament_install']
[0.234s] Level 1:colcon.colcon_core.package_identification:_identify(.) by extension 'ignore'
[0.234s] Level 1:colcon.colcon_core.package_identification:_identify(.) by extension 'ignore_ament_install'
[0.234s] Level 1:colcon.colcon_core.package_identification:_identify(.) by extensions ['colcon_pkg']
[0.234s] Level 1:colcon.colcon_core.package_identification:_identify(.) by extension 'colcon_pkg'
[0.234s] Level 1:colcon.colcon_core.package_identification:_identify(.) by extensions ['colcon_meta']
[0.234s] Level 1:colcon.colcon_core.package_identification:_identify(.) by extension 'colcon_meta'
[0.234s] Level 1:colcon.colcon_core.package_identification:_identify(.) by extensions ['ros']
[0.235s] Level 1:colcon.colcon_core.package_identification:_identify(.) by extension 'ros'
[0.248s] Level 1:colcon.colcon_core.package_identification:_identify(.) by extensions ['cmake', 'python']
[0.248s] Level 1:colcon.colcon_core.package_identification:_identify(.) by extension 'cmake'
[0.248s] Level 1:colcon.colcon_core.package_identification:_identify(.) by extension 'python'
[0.248s] Level 1:colcon.colcon_core.package_identification:_identify(.) by extensions ['python_setup_py']
[0.248s] Level 1:colcon.colcon_core.package_identification:_identify(.) by extension 'python_setup_py'
[0.248s] Level 1:colcon.colcon_core.package_identification:_identify(build) by extensions ['ignore', 'ignore_ament_install']
[0.248s] Level 1:colcon.colcon_core.package_identification:_identify(build) by extension 'ignore'
[0.248s] Level 1:colcon.colcon_core.package_identification:_identify(build) ignored
[0.248s] Level 1:colcon.colcon_core.package_identification:_identify(docker) by extensions ['ignore', 'ignore_ament_install']
[0.249s] Level 1:colcon.colcon_core.package_identification:_identify(docker) by extension 'ignore'
[0.249s] Level 1:colcon.colcon_core.package_identification:_identify(docker) by extension 'ignore_ament_install'
[0.249s] Level 1:colcon.colcon_core.package_identification:_identify(docker) by extensions ['colcon_pkg']
[0.249s] Level 1:colcon.colcon_core.package_identification:_identify(docker) by extension 'colcon_pkg'
[0.249s] Level 1:colcon.colcon_core.package_identification:_identify(docker) by extensions ['colcon_meta']
[0.249s] Level 1:colcon.colcon_core.package_identification:_identify(docker) by extension 'colcon_meta'
[0.249s] Level 1:colcon.colcon_core.package_identification:_identify(docker) by extensions ['ros']
[0.249s] Level 1:colcon.colcon_core.package_identification:_identify(docker) by extension 'ros'
[0.249s] Level 1:colcon.colcon_core.package_identification:_identify(docker) by extensions ['cmake', 'python']
[0.249s] Level 1:colcon.colcon_core.package_identification:_identify(docker) by extension 'cmake'
[0.249s] Level 1:colcon.colcon_core.package_identification:_identify(docker) by extension 'python'
[0.249s] Level 1:colcon.colcon_core.package_identification:_identify(docker) by extensions ['python_setup_py']
[0.249s] Level 1:colcon.colcon_core.package_identification:_identify(docker) by extension 'python_setup_py'
[0.249s] Level 1:colcon.colcon_core.package_identification:_identify(install) by extensions ['ignore', 'ignore_ament_install']
[0.250s] Level 1:colcon.colcon_core.package_identification:_identify(install) by extension 'ignore'
[0.250s] Level 1:colcon.colcon_core.package_identification:_identify(install) ignored
[0.250s] Level 1:colcon.colcon_core.package_identification:_identify(log) by extensions ['ignore', 'ignore_ament_install']
[0.250s] Level 1:colcon.colcon_core.package_identification:_identify(log) by extension 'ignore'
[0.250s] Level 1:colcon.colcon_core.package_identification:_identify(log) ignored
[0.250s] Level 1:colcon.colcon_core.package_identification:_identify(robot_localisation_pkg) by extensions ['ignore', 'ignore_ament_install']
[0.251s] Level 1:colcon.colcon_core.package_identification:_identify(robot_localisation_pkg) by extension 'ignore'
[0.251s] Level 1:colcon.colcon_core.package_identification:_identify(robot_localisation_pkg) by extension 'ignore_ament_install'
[0.252s] Level 1:colcon.colcon_core.package_identification:_identify(robot_localisation_pkg) by extensions ['colcon_pkg']
[0.252s] Level 1:colcon.colcon_core.package_identification:_identify(robot_localisation_pkg) by extension 'colcon_pkg'
[0.252s] Level 1:colcon.colcon_core.package_identification:_identify(robot_localisation_pkg) by extensions ['colcon_meta']
[0.253s] Level 1:colcon.colcon_core.package_identification:_identify(robot_localisation_pkg) by extension 'colcon_meta'
[0.253s] Level 1:colcon.colcon_core.package_identification:_identify(robot_localisation_pkg) by extensions ['ros']
[0.253s] Level 1:colcon.colcon_core.package_identification:_identify(robot_localisation_pkg) by extension 'ros'
[0.256s] DEBUG:colcon.colcon_core.package_identification:Package 'robot_localisation_pkg' with type 'ros.ament_cmake' and name 'robot_localisation_pkg'
[0.256s] Level 1:colcon.colcon_core.package_discovery:discover_packages(recursive) using defaults
[0.256s] Level 1:colcon.colcon_core.package_discovery:discover_packages(ignore) discover
[0.256s] Level 1:colcon.colcon_core.package_discovery:discover_packages(ignore) using defaults
[0.256s] Level 1:colcon.colcon_core.package_discovery:discover_packages(path) discover
[0.256s] Level 1:colcon.colcon_core.package_discovery:discover_packages(path) using defaults
[0.297s] Level 1:colcon.colcon_core.package_discovery:discover_packages(prefix_path) check parameters
[0.297s] Level 1:colcon.colcon_core.package_discovery:discover_packages(prefix_path) discover
[0.303s] DEBUG:colcon.colcon_installed_package_information.package_discovery:Found 1 installed packages in /home/mcav/robot_localisation_ws/minidrone/install
[0.304s] DEBUG:colcon.colcon_installed_package_information.package_discovery:Found 305 installed packages in /opt/ros/foxy
[0.306s] Level 1:colcon.colcon_core.package_discovery:discover_packages(prefix_path) using defaults
[0.411s] Level 5:colcon.colcon_core.verb:set package 'robot_localisation_pkg' build argument 'cmake_args' from command line to 'None'
[0.411s] Level 5:colcon.colcon_core.verb:set package 'robot_localisation_pkg' build argument 'cmake_target' from command line to 'None'
[0.411s] Level 5:colcon.colcon_core.verb:set package 'robot_localisation_pkg' build argument 'cmake_target_skip_unavailable' from command line to 'False'
[0.411s] Level 5:colcon.colcon_core.verb:set package 'robot_localisation_pkg' build argument 'cmake_clean_cache' from command line to 'False'
[0.411s] Level 5:colcon.colcon_core.verb:set package 'robot_localisation_pkg' build argument 'cmake_clean_first' from command line to 'False'
[0.411s] Level 5:colcon.colcon_core.verb:set package 'robot_localisation_pkg' build argument 'cmake_force_configure' from command line to 'False'
[0.411s] Level 5:colcon.colcon_core.verb:set package 'robot_localisation_pkg' build argument 'ament_cmake_args' from command line to 'None'
[0.411s] Level 5:colcon.colcon_core.verb:set package 'robot_localisation_pkg' build argument 'catkin_cmake_args' from command line to 'None'
[0.411s] Level 5:colcon.colcon_core.verb:set package 'robot_localisation_pkg' build argument 'catkin_skip_building_tests' from command line to 'False'
[0.411s] DEBUG:colcon.colcon_core.verb:Building package 'robot_localisation_pkg' with the following arguments: {'ament_cmake_args': None, 'build_base': '/home/mcav/robot_localisation_ws/minidrone/build/robot_localisation_pkg', 'catkin_cmake_args': None, 'catkin_skip_building_tests': False, 'cmake_args': None, 'cmake_clean_cache': False, 'cmake_clean_first': False, 'cmake_force_configure': False, 'cmake_target': None, 'cmake_target_skip_unavailable': False, 'install_base': '/home/mcav/robot_localisation_ws/minidrone/install/robot_localisation_pkg', 'merge_install': False, 'path': '/home/mcav/robot_localisation_ws/minidrone/robot_localisation_pkg', 'symlink_install': False, 'test_result_base': None}
[0.414s] INFO:colcon.colcon_core.executor:Executing jobs using 'parallel' executor
[0.419s] DEBUG:colcon.colcon_parallel_executor.executor.parallel:run_until_complete
[0.419s] INFO:colcon.colcon_ros.task.ament_cmake.build:Building ROS package in '/home/mcav/robot_localisation_ws/minidrone/robot_localisation_pkg' with build type 'ament_cmake'
[0.419s] INFO:colcon.colcon_cmake.task.cmake.build:Building CMake package in '/home/mcav/robot_localisation_ws/minidrone/robot_localisation_pkg'
[0.427s] INFO:colcon.colcon_core.plugin_system:Skipping extension 'colcon_core.shell.bat': Not used on non-Windows systems
[0.428s] INFO:colcon.colcon_core.shell:Skip shell extension 'powershell' for command environment: Not usable outside of PowerShell
[0.428s] DEBUG:colcon.colcon_core.shell:Skip shell extension 'dsv' for command environment
[0.448s] DEBUG:colcon.colcon_core.event_handler.log_command:Invoking command in '/home/mcav/robot_localisation_ws/minidrone/build/robot_localisation_pkg': CMAKE_PREFIX_PATH=${CMAKE_PREFIX_PATH}:/opt/ros/foxy /usr/bin/cmake --build /home/mcav/robot_localisation_ws/minidrone/build/robot_localisation_pkg -- -j8 -l8
[0.504s] DEBUG:colcon.colcon_core.event_handler.log_command:Invoked command in '/home/mcav/robot_localisation_ws/minidrone/build/robot_localisation_pkg' returned '0': CMAKE_PREFIX_PATH=${CMAKE_PREFIX_PATH}:/opt/ros/foxy /usr/bin/cmake --build /home/mcav/robot_localisation_ws/minidrone/build/robot_localisation_pkg -- -j8 -l8
[0.551s] DEBUG:colcon.colcon_core.event_handler.log_command:Invoking command in '/home/mcav/robot_localisation_ws/minidrone/build/robot_localisation_pkg': CMAKE_PREFIX_PATH=${CMAKE_PREFIX_PATH}:/opt/ros/foxy /usr/bin/cmake --install /home/mcav/robot_localisation_ws/minidrone/build/robot_localisation_pkg
[0.570s] Level 1:colcon.colcon_core.environment:create_environment_scripts_only(robot_localisation_pkg)
[0.572s] DEBUG:colcon.colcon_core.event_handler.log_command:Invoked command in '/home/mcav/robot_localisation_ws/minidrone/build/robot_localisation_pkg' returned '0': CMAKE_PREFIX_PATH=${CMAKE_PREFIX_PATH}:/opt/ros/foxy /usr/bin/cmake --install /home/mcav/robot_localisation_ws/minidrone/build/robot_localisation_pkg
[0.579s] Level 1:colcon.colcon_core.environment:checking '/home/mcav/robot_localisation_ws/minidrone/install/robot_localisation_pkg' for CMake module files
[0.579s] Level 1:colcon.colcon_core.environment:checking '/home/mcav/robot_localisation_ws/minidrone/install/robot_localisation_pkg' for CMake config files
[0.580s] Level 1:colcon.colcon_core.shell:create_environment_hook('robot_localisation_pkg', 'cmake_prefix_path')
[0.581s] INFO:colcon.colcon_core.shell:Creating environment hook '/home/mcav/robot_localisation_ws/minidrone/install/robot_localisation_pkg/share/robot_localisation_pkg/hook/cmake_prefix_path.ps1'
[0.581s] INFO:colcon.colcon_core.shell:Creating environment descriptor '/home/mcav/robot_localisation_ws/minidrone/install/robot_localisation_pkg/share/robot_localisation_pkg/hook/cmake_prefix_path.dsv'
[0.582s] INFO:colcon.colcon_core.shell:Creating environment hook '/home/mcav/robot_localisation_ws/minidrone/install/robot_localisation_pkg/share/robot_localisation_pkg/hook/cmake_prefix_path.sh'
[0.582s] Level 1:colcon.colcon_core.environment:checking '/home/mcav/robot_localisation_ws/minidrone/install/robot_localisation_pkg/bin'
[0.583s] Level 1:colcon.colcon_core.environment:checking '/home/mcav/robot_localisation_ws/minidrone/install/robot_localisation_pkg/lib/pkgconfig/robot_localisation_pkg.pc'
[0.583s] Level 1:colcon.colcon_core.environment:checking '/home/mcav/robot_localisation_ws/minidrone/install/robot_localisation_pkg/lib/python3.8/site-packages'
[0.583s] Level 1:colcon.colcon_core.environment:checking '/home/mcav/robot_localisation_ws/minidrone/install/robot_localisation_pkg/bin'
[0.584s] INFO:colcon.colcon_core.shell:Creating package script '/home/mcav/robot_localisation_ws/minidrone/install/robot_localisation_pkg/share/robot_localisation_pkg/package.ps1'
[0.585s] INFO:colcon.colcon_core.shell:Creating package descriptor '/home/mcav/robot_localisation_ws/minidrone/install/robot_localisation_pkg/share/robot_localisation_pkg/package.dsv'
[0.586s] INFO:colcon.colcon_core.shell:Creating package script '/home/mcav/robot_localisation_ws/minidrone/install/robot_localisation_pkg/share/robot_localisation_pkg/package.sh'
[0.588s] INFO:colcon.colcon_core.shell:Creating package script '/home/mcav/robot_localisation_ws/minidrone/install/robot_localisation_pkg/share/robot_localisation_pkg/package.bash'
[0.590s] INFO:colcon.colcon_core.shell:Creating package script '/home/mcav/robot_localisation_ws/minidrone/install/robot_localisation_pkg/share/robot_localisation_pkg/package.zsh'
[0.591s] Level 1:colcon.colcon_core.environment:create_file_with_runtime_dependencies(/home/mcav/robot_localisation_ws/minidrone/install/robot_localisation_pkg/share/colcon-core/packages/robot_localisation_pkg)
[0.622s] Level 1:colcon.colcon_core.environment:create_environment_scripts_only(robot_localisation_pkg)
[0.626s] Level 1:colcon.colcon_core.environment:checking '/home/mcav/robot_localisation_ws/minidrone/install/robot_localisation_pkg' for CMake module files
[0.627s] Level 1:colcon.colcon_core.environment:checking '/home/mcav/robot_localisation_ws/minidrone/install/robot_localisation_pkg' for CMake config files
[0.627s] Level 1:colcon.colcon_core.shell:create_environment_hook('robot_localisation_pkg', 'cmake_prefix_path')
[0.631s] INFO:colcon.colcon_core.shell:Creating environment hook '/home/mcav/robot_localisation_ws/minidrone/install/robot_localisation_pkg/share/robot_localisation_pkg/hook/cmake_prefix_path.ps1'
[0.633s] INFO:colcon.colcon_core.shell:Creating environment descriptor '/home/mcav/robot_localisation_ws/minidrone/install/robot_localisation_pkg/share/robot_localisation_pkg/hook/cmake_prefix_path.dsv'
[0.634s] INFO:colcon.colcon_core.shell:Creating environment hook '/home/mcav/robot_localisation_ws/minidrone/install/robot_localisation_pkg/share/robot_localisation_pkg/hook/cmake_prefix_path.sh'
[0.634s] Level 1:colcon.colcon_core.environment:checking '/home/mcav/robot_localisation_ws/minidrone/install/robot_localisation_pkg/bin'
[0.635s] Level 1:colcon.colcon_core.environment:checking '/home/mcav/robot_localisation_ws/minidrone/install/robot_localisation_pkg/lib/pkgconfig/robot_localisation_pkg.pc'
[0.635s] Level 1:colcon.colcon_core.environment:checking '/home/mcav/robot_localisation_ws/minidrone/install/robot_localisation_pkg/lib/python3.8/site-packages'
[0.635s] Level 1:colcon.colcon_core.environment:checking '/home/mcav/robot_localisation_ws/minidrone/install/robot_localisation_pkg/bin'
[0.639s] INFO:colcon.colcon_core.shell:Creating package script '/home/mcav/robot_localisation_ws/minidrone/install/robot_localisation_pkg/share/robot_localisation_pkg/package.ps1'
[0.640s] INFO:colcon.colcon_core.shell:Creating package descriptor '/home/mcav/robot_localisation_ws/minidrone/install/robot_localisation_pkg/share/robot_localisation_pkg/package.dsv'
[0.640s] INFO:colcon.colcon_core.shell:Creating package script '/home/mcav/robot_localisation_ws/minidrone/install/robot_localisation_pkg/share/robot_localisation_pkg/package.sh'
[0.641s] INFO:colcon.colcon_core.shell:Creating package script '/home/mcav/robot_localisation_ws/minidrone/install/robot_localisation_pkg/share/robot_localisation_pkg/package.bash'
[0.641s] INFO:colcon.colcon_core.shell:Creating package script '/home/mcav/robot_localisation_ws/minidrone/install/robot_localisation_pkg/share/robot_localisation_pkg/package.zsh'
[0.642s] Level 1:colcon.colcon_core.environment:create_file_with_runtime_dependencies(/home/mcav/robot_localisation_ws/minidrone/install/robot_localisation_pkg/share/colcon-core/packages/robot_localisation_pkg)
[0.642s] DEBUG:colcon.colcon_parallel_executor.executor.parallel:closing loop
[0.642s] DEBUG:colcon.colcon_parallel_executor.executor.parallel:loop closed
[0.642s] DEBUG:colcon.colcon_parallel_executor.executor.parallel:run_until_complete finished with '0'
[0.643s] DEBUG:colcon.colcon_core.event_reactor:joining thread
[0.649s] INFO:colcon.colcon_core.plugin_system:Skipping extension 'colcon_notification.desktop_notification.terminal_notifier': Not used on non-Darwin systems
[0.649s] INFO:colcon.colcon_core.plugin_system:Skipping extension 'colcon_notification.desktop_notification.win32': Not used on non-Windows systems
[0.649s] INFO:colcon.colcon_notification.desktop_notification:Sending desktop notification using 'notify2'
[0.677s] DEBUG:colcon.colcon_core.event_reactor:joined thread
[0.679s] INFO:colcon.colcon_core.shell:Creating prefix script '/home/mcav/robot_localisation_ws/minidrone/install/local_setup.ps1'
[0.679s] INFO:colcon.colcon_core.shell:Creating prefix util module '/home/mcav/robot_localisation_ws/minidrone/install/_local_setup_util_ps1.py'
[0.682s] INFO:colcon.colcon_core.shell:Creating prefix chain script '/home/mcav/robot_localisation_ws/minidrone/install/setup.ps1'
[0.683s] INFO:colcon.colcon_core.shell:Creating prefix script '/home/mcav/robot_localisation_ws/minidrone/install/local_setup.sh'
[0.684s] INFO:colcon.colcon_core.shell:Creating prefix util module '/home/mcav/robot_localisation_ws/minidrone/install/_local_setup_util_sh.py'
[0.686s] INFO:colcon.colcon_core.shell:Creating prefix chain script '/home/mcav/robot_localisation_ws/minidrone/install/setup.sh'
[0.689s] INFO:colcon.colcon_core.shell:Creating prefix script '/home/mcav/robot_localisation_ws/minidrone/install/local_setup.bash'
[0.690s] INFO:colcon.colcon_core.shell:Creating prefix chain script '/home/mcav/robot_localisation_ws/minidrone/install/setup.bash'
[0.691s] INFO:colcon.colcon_core.shell:Creating prefix script '/home/mcav/robot_localisation_ws/minidrone/install/local_setup.zsh'
[0.691s] INFO:colcon.colcon_core.shell:Creating prefix chain script '/home/mcav/robot_localisation_ws/minidrone/install/setup.zsh'
