[2.499s] Invoking command in '/home/mcav/mcav_ws/src/minidrone/control_ws/src/minidrone_control': PS1=\[\e]0;\u@docker: \w\a\]\[\033[01;32m\]\u@docker\[\033[00m\]:\[\033[01;34m\]\w\[\033[00m\]$ PYTHONPATH=/home/mcav/mcav_ws/src/minidrone/control_ws/install/minidrone_control/lib/python3.8/site-packages:${PYTHONPATH} /usr/bin/python3 setup.py egg_info --egg-base ../../build/minidrone_control build --build-base /home/mcav/mcav_ws/src/minidrone/control_ws/build/minidrone_control/build install --prefix /home/mcav/mcav_ws/src/minidrone/control_ws/install/minidrone_control --record /home/mcav/mcav_ws/src/minidrone/control_ws/build/minidrone_control/install.log --single-version-externally-managed
[3.319s] running egg_info
[3.321s] writing ../../build/minidrone_control/minidrone_control.egg-info/PKG-INFO
[3.322s] writing dependency_links to ../../build/minidrone_control/minidrone_control.egg-info/dependency_links.txt
[3.323s] writing entry points to ../../build/minidrone_control/minidrone_control.egg-info/entry_points.txt
[3.323s] writing requirements to ../../build/minidrone_control/minidrone_control.egg-info/requires.txt
[3.323s] writing top-level names to ../../build/minidrone_control/minidrone_control.egg-info/top_level.txt
[3.492s] reading manifest file '../../build/minidrone_control/minidrone_control.egg-info/SOURCES.txt'
[3.497s] writing manifest file '../../build/minidrone_control/minidrone_control.egg-info/SOURCES.txt'
[3.498s] running build
[3.498s] running build_py
[3.498s] copying minidrone_control/twist_to_PWM.py -> /home/mcav/mcav_ws/src/minidrone/control_ws/build/minidrone_control/build/lib/minidrone_control
[3.499s] running install
[3.501s] running install_lib
[3.505s] copying /home/mcav/mcav_ws/src/minidrone/control_ws/build/minidrone_control/build/lib/minidrone_control/twist_to_PWM.py -> /home/mcav/mcav_ws/src/minidrone/control_ws/install/minidrone_control/lib/python3.8/site-packages/minidrone_control
[3.507s] byte-compiling /home/mcav/mcav_ws/src/minidrone/control_ws/install/minidrone_control/lib/python3.8/site-packages/minidrone_control/twist_to_PWM.py to twist_to_PWM.cpython-38.pyc
[3.513s] running install_data
[3.515s] running install_egg_info
[3.522s] removing '/home/mcav/mcav_ws/src/minidrone/control_ws/install/minidrone_control/lib/python3.8/site-packages/minidrone_control-0.0.0-py3.8.egg-info' (and everything under it)
[3.523s] Copying ../../build/minidrone_control/minidrone_control.egg-info to /home/mcav/mcav_ws/src/minidrone/control_ws/install/minidrone_control/lib/python3.8/site-packages/minidrone_control-0.0.0-py3.8.egg-info
[3.526s] running install_scripts
[3.598s] Installing twist_to_PWM script to /home/mcav/mcav_ws/src/minidrone/control_ws/install/minidrone_control/lib/minidrone_control
[3.599s] writing list of installed files to '/home/mcav/mcav_ws/src/minidrone/control_ws/build/minidrone_control/install.log'
[3.721s] Invoked command in '/home/mcav/mcav_ws/src/minidrone/control_ws/src/minidrone_control' returned '0': PS1=\[\e]0;\u@docker: \w\a\]\[\033[01;32m\]\u@docker\[\033[00m\]:\[\033[01;34m\]\w\[\033[00m\]$ PYTHONPATH=/home/mcav/mcav_ws/src/minidrone/control_ws/install/minidrone_control/lib/python3.8/site-packages:${PYTHONPATH} /usr/bin/python3 setup.py egg_info --egg-base ../../build/minidrone_control build --build-base /home/mcav/mcav_ws/src/minidrone/control_ws/build/minidrone_control/build install --prefix /home/mcav/mcav_ws/src/minidrone/control_ws/install/minidrone_control --record /home/mcav/mcav_ws/src/minidrone/control_ws/build/minidrone_control/install.log --single-version-externally-managed
