[0.534s] Invoking command in '/home/mcav/GPS_ws/src/piksi_gps': PYTHONPATH=/home/mcav/GPS_ws/src/piksi_gps/build/piksi_gps/prefix_override:/home/mcav/GPS_ws/src/piksi_gps/install/piksi_gps/lib/python3.10/site-packages:${PYTHONPATH} /usr/bin/python3 setup.py egg_info --egg-base build/piksi_gps build --build-base /home/mcav/GPS_ws/src/piksi_gps/build/piksi_gps/build install --record /home/mcav/GPS_ws/src/piksi_gps/build/piksi_gps/install.log --single-version-externally-managed
[0.735s] running egg_info
[0.736s] creating build/piksi_gps/piksi_gps.egg-info
[0.736s] writing build/piksi_gps/piksi_gps.egg-info/PKG-INFO
[0.736s] writing dependency_links to build/piksi_gps/piksi_gps.egg-info/dependency_links.txt
[0.737s] writing entry points to build/piksi_gps/piksi_gps.egg-info/entry_points.txt
[0.737s] writing requirements to build/piksi_gps/piksi_gps.egg-info/requires.txt
[0.737s] writing top-level names to build/piksi_gps/piksi_gps.egg-info/top_level.txt
[0.737s] writing manifest file 'build/piksi_gps/piksi_gps.egg-info/SOURCES.txt'
[0.738s] reading manifest file 'build/piksi_gps/piksi_gps.egg-info/SOURCES.txt'
[0.739s] writing manifest file 'build/piksi_gps/piksi_gps.egg-info/SOURCES.txt'
[0.739s] running build
[0.739s] running build_py
[0.739s] creating /home/mcav/GPS_ws/src/piksi_gps/build/piksi_gps/build
[0.739s] creating /home/mcav/GPS_ws/src/piksi_gps/build/piksi_gps/build/lib
[0.739s] creating /home/mcav/GPS_ws/src/piksi_gps/build/piksi_gps/build/lib/piksi_gps
[0.739s] copying piksi_gps/__init__.py -> /home/mcav/GPS_ws/src/piksi_gps/build/piksi_gps/build/lib/piksi_gps
[0.739s] copying piksi_gps/piksi_gps_pub.py -> /home/mcav/GPS_ws/src/piksi_gps/build/piksi_gps/build/lib/piksi_gps
[0.739s] running install
[0.740s] /usr/lib/python3/dist-packages/setuptools/command/install.py:34: SetuptoolsDeprecationWarning: setup.py install is deprecated. Use build and pip and other standards-based tools.
[0.740s]   warnings.warn(
[0.740s] running install_lib
[0.740s] creating /home/mcav/GPS_ws/src/piksi_gps/install/piksi_gps/lib/python3.10/site-packages/piksi_gps
[0.740s] copying /home/mcav/GPS_ws/src/piksi_gps/build/piksi_gps/build/lib/piksi_gps/__init__.py -> /home/mcav/GPS_ws/src/piksi_gps/install/piksi_gps/lib/python3.10/site-packages/piksi_gps
[0.740s] copying /home/mcav/GPS_ws/src/piksi_gps/build/piksi_gps/build/lib/piksi_gps/piksi_gps_pub.py -> /home/mcav/GPS_ws/src/piksi_gps/install/piksi_gps/lib/python3.10/site-packages/piksi_gps
[0.741s] byte-compiling /home/mcav/GPS_ws/src/piksi_gps/install/piksi_gps/lib/python3.10/site-packages/piksi_gps/__init__.py to __init__.cpython-310.pyc
[0.741s] byte-compiling /home/mcav/GPS_ws/src/piksi_gps/install/piksi_gps/lib/python3.10/site-packages/piksi_gps/piksi_gps_pub.py to piksi_gps_pub.cpython-310.pyc
[0.742s] running install_data
[0.742s] creating /home/mcav/GPS_ws/src/piksi_gps/install/piksi_gps/share/ament_index
[0.742s] creating /home/mcav/GPS_ws/src/piksi_gps/install/piksi_gps/share/ament_index/resource_index
[0.742s] creating /home/mcav/GPS_ws/src/piksi_gps/install/piksi_gps/share/ament_index/resource_index/packages
[0.742s] copying resource/piksi_gps -> /home/mcav/GPS_ws/src/piksi_gps/install/piksi_gps/share/ament_index/resource_index/packages
[0.742s] copying package.xml -> /home/mcav/GPS_ws/src/piksi_gps/install/piksi_gps/share/piksi_gps
[0.742s] running install_egg_info
[0.743s] Copying build/piksi_gps/piksi_gps.egg-info to /home/mcav/GPS_ws/src/piksi_gps/install/piksi_gps/lib/python3.10/site-packages/piksi_gps-0.0.0-py3.10.egg-info
[0.744s] running install_scripts
[0.761s] Installing gps script to /home/mcav/GPS_ws/src/piksi_gps/install/piksi_gps/lib/piksi_gps
[0.761s] writing list of installed files to '/home/mcav/GPS_ws/src/piksi_gps/build/piksi_gps/install.log'
[0.779s] Invoked command in '/home/mcav/GPS_ws/src/piksi_gps' returned '0': PYTHONPATH=/home/mcav/GPS_ws/src/piksi_gps/build/piksi_gps/prefix_override:/home/mcav/GPS_ws/src/piksi_gps/install/piksi_gps/lib/python3.10/site-packages:${PYTHONPATH} /usr/bin/python3 setup.py egg_info --egg-base build/piksi_gps build --build-base /home/mcav/GPS_ws/src/piksi_gps/build/piksi_gps/build install --record /home/mcav/GPS_ws/src/piksi_gps/build/piksi_gps/install.log --single-version-externally-managed
