[0.026s] Invoking command in '/home/mcav/robot_localisation_ws/minidrone/robot_localisation_pkg/build/robot_localisation_pkg': CMAKE_PREFIX_PATH=/opt/ros/foxy /usr/bin/cmake --build /home/mcav/robot_localisation_ws/minidrone/robot_localisation_pkg/build/robot_localisation_pkg -- -j8 -l8
[0.058s] -- Found ament_cmake: 0.9.9 (/opt/ros/foxy/share/ament_cmake/cmake)
[0.090s] -- Using PYTHON_EXECUTABLE: /usr/bin/python3
[0.375s] -- Found ament_lint_auto: 0.9.6 (/opt/ros/foxy/share/ament_lint_auto/cmake)
[0.463s] -- Added test 'copyright' to check source files copyright and LICENSE
[0.480s] -- Added test 'cppcheck' to perform static code analysis on C / C++ code
[0.481s] -- Configured cppcheck include dirs: 
[0.481s] -- Configured cppcheck exclude dirs and/or files: 
[0.494s] -- Added test 'cpplint' to check C / C++ code against the Google style
[0.494s] -- Configured cpplint exclude dirs and/or files: 
[0.496s] -- Added test 'flake8' to check Python code syntax and style conventions
[0.503s] -- Added test 'lint_cmake' to check CMake code style
[0.504s] -- Added test 'pep257' to check Python code against some of the style conventions in PEP 257
[0.520s] -- Added test 'uncrustify' to check C / C++ code style
[0.521s] -- Configured uncrustify additional arguments: 
[0.522s] -- Added test 'xmllint' to check XML markup files
[0.524s] -- Configuring done
[0.528s] -- Generating done
[0.529s] -- Build files have been written to: /home/mcav/robot_localisation_ws/minidrone/robot_localisation_pkg/build/robot_localisation_pkg
[0.558s] Invoked command in '/home/mcav/robot_localisation_ws/minidrone/robot_localisation_pkg/build/robot_localisation_pkg' returned '0': CMAKE_PREFIX_PATH=/opt/ros/foxy /usr/bin/cmake --build /home/mcav/robot_localisation_ws/minidrone/robot_localisation_pkg/build/robot_localisation_pkg -- -j8 -l8
[0.605s] Invoking command in '/home/mcav/robot_localisation_ws/minidrone/robot_localisation_pkg/build/robot_localisation_pkg': CMAKE_PREFIX_PATH=/opt/ros/foxy /usr/bin/cmake --install /home/mcav/robot_localisation_ws/minidrone/robot_localisation_pkg/build/robot_localisation_pkg
[0.620s] -- Install configuration: ""
[0.620s] -- Up-to-date: /home/mcav/robot_localisation_ws/minidrone/robot_localisation_pkg/install/robot_localisation_pkg/share/robot_localisation_pkg/launch
[0.620s] -- Installing: /home/mcav/robot_localisation_ws/minidrone/robot_localisation_pkg/install/robot_localisation_pkg/share/robot_localisation_pkg/launch/robot_localisation_launch.py
[0.620s] -- Up-to-date: /home/mcav/robot_localisation_ws/minidrone/robot_localisation_pkg/install/robot_localisation_pkg/share/robot_localisation_pkg/config
[0.620s] -- Installing: /home/mcav/robot_localisation_ws/minidrone/robot_localisation_pkg/install/robot_localisation_pkg/share/robot_localisation_pkg/config/ekf_gps.yaml
[0.620s] -- Installing: /home/mcav/robot_localisation_ws/minidrone/robot_localisation_pkg/install/robot_localisation_pkg/share/robot_localisation_pkg/config/ekf_odom.yaml
[0.620s] -- Installing: /home/mcav/robot_localisation_ws/minidrone/robot_localisation_pkg/install/robot_localisation_pkg/share/robot_localisation_pkg/config/ekf_pos.yaml
[0.620s] -- Up-to-date: /home/mcav/robot_localisation_ws/minidrone/robot_localisation_pkg/install/robot_localisation_pkg/share/ament_index/resource_index/package_run_dependencies/robot_localisation_pkg
[0.620s] -- Installing: /home/mcav/robot_localisation_ws/minidrone/robot_localisation_pkg/install/robot_localisation_pkg/share/ament_index/resource_index/parent_prefix_path/robot_localisation_pkg
[0.621s] -- Up-to-date: /home/mcav/robot_localisation_ws/minidrone/robot_localisation_pkg/install/robot_localisation_pkg/share/robot_localisation_pkg/environment/ament_prefix_path.sh
[0.621s] -- Installing: /home/mcav/robot_localisation_ws/minidrone/robot_localisation_pkg/install/robot_localisation_pkg/share/robot_localisation_pkg/environment/ament_prefix_path.dsv
[0.621s] -- Up-to-date: /home/mcav/robot_localisation_ws/minidrone/robot_localisation_pkg/install/robot_localisation_pkg/share/robot_localisation_pkg/environment/path.sh
[0.621s] -- Installing: /home/mcav/robot_localisation_ws/minidrone/robot_localisation_pkg/install/robot_localisation_pkg/share/robot_localisation_pkg/environment/path.dsv
[0.621s] -- Up-to-date: /home/mcav/robot_localisation_ws/minidrone/robot_localisation_pkg/install/robot_localisation_pkg/share/robot_localisation_pkg/local_setup.bash
[0.621s] -- Up-to-date: /home/mcav/robot_localisation_ws/minidrone/robot_localisation_pkg/install/robot_localisation_pkg/share/robot_localisation_pkg/local_setup.sh
[0.621s] -- Up-to-date: /home/mcav/robot_localisation_ws/minidrone/robot_localisation_pkg/install/robot_localisation_pkg/share/robot_localisation_pkg/local_setup.zsh
[0.622s] -- Installing: /home/mcav/robot_localisation_ws/minidrone/robot_localisation_pkg/install/robot_localisation_pkg/share/robot_localisation_pkg/local_setup.dsv
[0.622s] -- Installing: /home/mcav/robot_localisation_ws/minidrone/robot_localisation_pkg/install/robot_localisation_pkg/share/robot_localisation_pkg/package.dsv
[0.622s] -- Up-to-date: /home/mcav/robot_localisation_ws/minidrone/robot_localisation_pkg/install/robot_localisation_pkg/share/ament_index/resource_index/packages/robot_localisation_pkg
[0.622s] -- Up-to-date: /home/mcav/robot_localisation_ws/minidrone/robot_localisation_pkg/install/robot_localisation_pkg/share/robot_localisation_pkg/cmake/robot_localisation_pkgConfig.cmake
[0.622s] -- Up-to-date: /home/mcav/robot_localisation_ws/minidrone/robot_localisation_pkg/install/robot_localisation_pkg/share/robot_localisation_pkg/cmake/robot_localisation_pkgConfig-version.cmake
[0.622s] -- Up-to-date: /home/mcav/robot_localisation_ws/minidrone/robot_localisation_pkg/install/robot_localisation_pkg/share/robot_localisation_pkg/package.xml
[0.625s] Invoked command in '/home/mcav/robot_localisation_ws/minidrone/robot_localisation_pkg/build/robot_localisation_pkg' returned '0': CMAKE_PREFIX_PATH=/opt/ros/foxy /usr/bin/cmake --install /home/mcav/robot_localisation_ws/minidrone/robot_localisation_pkg/build/robot_localisation_pkg
