[0.563s] DEBUG:colcon:Command line arguments: ['/usr/bin/colcon', 'build', '--symlink-install']
[0.563s] DEBUG:colcon:Parsed command line arguments: Namespace(ament_cmake_args=None, base_paths=['.'], build_base='build', catkin_cmake_args=None, catkin_skip_building_tests=False, cmake_args=None, cmake_clean_cache=False, cmake_clean_first=False, cmake_force_configure=False, cmake_target=None, cmake_target_skip_unavailable=False, continue_on_error=False, event_handlers=None, executor='parallel', ignore_user_meta=False, install_base='install', log_base=None, log_level=None, main=<bound method BuildVerb.main of <colcon_core.verb.build.BuildVerb object at 0x7f9f3f3940>>, merge_install=False, metas=['./colcon.meta'], packages_above=None, packages_above_and_dependencies=None, packages_above_depth=None, packages_end=None, packages_ignore=None, packages_ignore_regex=None, packages_select=None, packages_select_build_failed=False, packages_select_by_dep=None, packages_select_regex=None, packages_select_test_failures=False, packages_skip=None, packages_skip_build_finished=False, packages_skip_by_dep=None, packages_skip_regex=None, packages_skip_test_passed=False, packages_skip_up_to=None, packages_start=None, packages_up_to=None, packages_up_to_regex=None, parallel_workers=4, paths=None, symlink_install=True, test_result_base=None, verb_extension=<colcon_core.verb.build.BuildVerb object at 0x7f9f3f3940>, verb_name='build', verb_parser=<colcon_defaults.argument_parser.defaults.DefaultArgumentsDecorator object at 0x7f9f3f3eb0>)
[0.668s] Level 1:colcon.colcon_core.package_discovery:discover_packages(colcon_meta) check parameters
[0.668s] Level 1:colcon.colcon_core.package_discovery:discover_packages(recursive) check parameters
[0.669s] Level 1:colcon.colcon_core.package_discovery:discover_packages(ignore) check parameters
[0.669s] Level 1:colcon.colcon_core.package_discovery:discover_packages(path) check parameters
[0.669s] Level 1:colcon.colcon_core.package_discovery:discover_packages(colcon_meta) discover
[0.669s] Level 1:colcon.colcon_core.package_discovery:discover_packages(recursive) discover
[0.669s] INFO:colcon.colcon_core.package_discovery:Crawling recursively for packages in '/home/mcav/mcav_ws/src/minidrone/control_ws'
[0.670s] Level 1:colcon.colcon_core.package_identification:_identify(.) by extensions ['ignore', 'ignore_ament_install']
[0.670s] Level 1:colcon.colcon_core.package_identification:_identify(.) by extension 'ignore'
[0.670s] Level 1:colcon.colcon_core.package_identification:_identify(.) by extension 'ignore_ament_install'
[0.671s] Level 1:colcon.colcon_core.package_identification:_identify(.) by extensions ['colcon_pkg']
[0.671s] Level 1:colcon.colcon_core.package_identification:_identify(.) by extension 'colcon_pkg'
[0.671s] Level 1:colcon.colcon_core.package_identification:_identify(.) by extensions ['colcon_meta']
[0.671s] Level 1:colcon.colcon_core.package_identification:_identify(.) by extension 'colcon_meta'
[0.671s] Level 1:colcon.colcon_core.package_identification:_identify(.) by extensions ['ros']
[0.672s] Level 1:colcon.colcon_core.package_identification:_identify(.) by extension 'ros'
[0.726s] Level 1:colcon.colcon_core.package_identification:_identify(.) by extensions ['cmake', 'python']
[0.726s] Level 1:colcon.colcon_core.package_identification:_identify(.) by extension 'cmake'
[0.726s] Level 1:colcon.colcon_core.package_identification:_identify(.) by extension 'python'
[0.726s] Level 1:colcon.colcon_core.package_identification:_identify(.) by extensions ['python_setup_py']
[0.727s] Level 1:colcon.colcon_core.package_identification:_identify(.) by extension 'python_setup_py'
[0.727s] Level 1:colcon.colcon_core.package_identification:_identify(build) by extensions ['ignore', 'ignore_ament_install']
[0.728s] Level 1:colcon.colcon_core.package_identification:_identify(build) by extension 'ignore'
[0.728s] Level 1:colcon.colcon_core.package_identification:_identify(build) ignored
[0.728s] Level 1:colcon.colcon_core.package_identification:_identify(install) by extensions ['ignore', 'ignore_ament_install']
[0.729s] Level 1:colcon.colcon_core.package_identification:_identify(install) by extension 'ignore'
[0.729s] Level 1:colcon.colcon_core.package_identification:_identify(install) ignored
[0.729s] Level 1:colcon.colcon_core.package_identification:_identify(log) by extensions ['ignore', 'ignore_ament_install']
[0.730s] Level 1:colcon.colcon_core.package_identification:_identify(log) by extension 'ignore'
[0.730s] Level 1:colcon.colcon_core.package_identification:_identify(log) ignored
[0.730s] Level 1:colcon.colcon_core.package_identification:_identify(src) by extensions ['ignore', 'ignore_ament_install']
[0.730s] Level 1:colcon.colcon_core.package_identification:_identify(src) by extension 'ignore'
[0.731s] Level 1:colcon.colcon_core.package_identification:_identify(src) by extension 'ignore_ament_install'
[0.731s] Level 1:colcon.colcon_core.package_identification:_identify(src) by extensions ['colcon_pkg']
[0.731s] Level 1:colcon.colcon_core.package_identification:_identify(src) by extension 'colcon_pkg'
[0.731s] Level 1:colcon.colcon_core.package_identification:_identify(src) by extensions ['colcon_meta']
[0.731s] Level 1:colcon.colcon_core.package_identification:_identify(src) by extension 'colcon_meta'
[0.732s] Level 1:colcon.colcon_core.package_identification:_identify(src) by extensions ['ros']
[0.732s] Level 1:colcon.colcon_core.package_identification:_identify(src) by extension 'ros'
[0.732s] Level 1:colcon.colcon_core.package_identification:_identify(src) by extensions ['cmake', 'python']
[0.732s] Level 1:colcon.colcon_core.package_identification:_identify(src) by extension 'cmake'
[0.732s] Level 1:colcon.colcon_core.package_identification:_identify(src) by extension 'python'
[0.733s] Level 1:colcon.colcon_core.package_identification:_identify(src) by extensions ['python_setup_py']
[0.733s] Level 1:colcon.colcon_core.package_identification:_identify(src) by extension 'python_setup_py'
[0.733s] Level 1:colcon.colcon_core.package_identification:_identify(src/minidrone_control) by extensions ['ignore', 'ignore_ament_install']
[0.733s] Level 1:colcon.colcon_core.package_identification:_identify(src/minidrone_control) by extension 'ignore'
[0.734s] Level 1:colcon.colcon_core.package_identification:_identify(src/minidrone_control) by extension 'ignore_ament_install'
[0.734s] Level 1:colcon.colcon_core.package_identification:_identify(src/minidrone_control) by extensions ['colcon_pkg']
[0.734s] Level 1:colcon.colcon_core.package_identification:_identify(src/minidrone_control) by extension 'colcon_pkg'
[0.734s] Level 1:colcon.colcon_core.package_identification:_identify(src/minidrone_control) by extensions ['colcon_meta']
[0.734s] Level 1:colcon.colcon_core.package_identification:_identify(src/minidrone_control) by extension 'colcon_meta'
[0.735s] Level 1:colcon.colcon_core.package_identification:_identify(src/minidrone_control) by extensions ['ros']
[0.735s] Level 1:colcon.colcon_core.package_identification:_identify(src/minidrone_control) by extension 'ros'
[0.744s] DEBUG:colcon.colcon_core.package_identification:Package 'src/minidrone_control' with type 'ros.ament_python' and name 'minidrone_control'
[0.745s] Level 1:colcon.colcon_core.package_discovery:discover_packages(recursive) using defaults
[0.745s] Level 1:colcon.colcon_core.package_discovery:discover_packages(ignore) discover
[0.745s] Level 1:colcon.colcon_core.package_discovery:discover_packages(ignore) using defaults
[0.745s] Level 1:colcon.colcon_core.package_discovery:discover_packages(path) discover
[0.746s] Level 1:colcon.colcon_core.package_discovery:discover_packages(path) using defaults
[0.823s] Level 5:colcon.colcon_core.verb:set package 'minidrone_control' build argument 'cmake_args' from command line to 'None'
[0.823s] Level 5:colcon.colcon_core.verb:set package 'minidrone_control' build argument 'cmake_target' from command line to 'None'
[0.823s] Level 5:colcon.colcon_core.verb:set package 'minidrone_control' build argument 'cmake_target_skip_unavailable' from command line to 'False'
[0.823s] Level 5:colcon.colcon_core.verb:set package 'minidrone_control' build argument 'cmake_clean_cache' from command line to 'False'
[0.823s] Level 5:colcon.colcon_core.verb:set package 'minidrone_control' build argument 'cmake_clean_first' from command line to 'False'
[0.824s] Level 5:colcon.colcon_core.verb:set package 'minidrone_control' build argument 'cmake_force_configure' from command line to 'False'
[0.824s] Level 5:colcon.colcon_core.verb:set package 'minidrone_control' build argument 'ament_cmake_args' from command line to 'None'
[0.824s] Level 5:colcon.colcon_core.verb:set package 'minidrone_control' build argument 'catkin_cmake_args' from command line to 'None'
[0.824s] Level 5:colcon.colcon_core.verb:set package 'minidrone_control' build argument 'catkin_skip_building_tests' from command line to 'False'
[0.824s] DEBUG:colcon.colcon_core.verb:Building package 'minidrone_control' with the following arguments: {'ament_cmake_args': None, 'build_base': '/home/mcav/mcav_ws/src/minidrone/control_ws/build/minidrone_control', 'catkin_cmake_args': None, 'catkin_skip_building_tests': False, 'cmake_args': None, 'cmake_clean_cache': False, 'cmake_clean_first': False, 'cmake_force_configure': False, 'cmake_target': None, 'cmake_target_skip_unavailable': False, 'install_base': '/home/mcav/mcav_ws/src/minidrone/control_ws/install/minidrone_control', 'merge_install': False, 'path': '/home/mcav/mcav_ws/src/minidrone/control_ws/src/minidrone_control', 'symlink_install': True, 'test_result_base': None}
[0.826s] INFO:colcon.colcon_core.executor:Executing jobs using 'parallel' executor
[0.835s] DEBUG:colcon.colcon_parallel_executor.executor.parallel:run_until_complete
[0.836s] INFO:colcon.colcon_ros.task.ament_python.build:Building ROS package in '/home/mcav/mcav_ws/src/minidrone/control_ws/src/minidrone_control' with build type 'ament_python'
[0.837s] Level 1:colcon.colcon_core.shell:create_environment_hook('minidrone_control', 'ament_prefix_path')
[0.856s] INFO:colcon.colcon_core.plugin_system:Skipping extension 'colcon_core.shell.bat': Not used on non-Windows systems
[0.857s] INFO:colcon.colcon_core.shell:Creating environment hook '/home/mcav/mcav_ws/src/minidrone/control_ws/install/minidrone_control/share/minidrone_control/hook/ament_prefix_path.ps1'
[0.859s] INFO:colcon.colcon_core.shell:Creating environment descriptor '/home/mcav/mcav_ws/src/minidrone/control_ws/install/minidrone_control/share/minidrone_control/hook/ament_prefix_path.dsv'
[0.861s] INFO:colcon.colcon_core.shell:Creating environment hook '/home/mcav/mcav_ws/src/minidrone/control_ws/install/minidrone_control/share/minidrone_control/hook/ament_prefix_path.sh'
[0.865s] INFO:colcon.colcon_core.shell:Skip shell extension 'powershell' for command environment: Not usable outside of PowerShell
[0.866s] DEBUG:colcon.colcon_core.shell:Skip shell extension 'dsv' for command environment
[1.770s] INFO:colcon.colcon_core.task.python.build:Building Python package in '/home/mcav/mcav_ws/src/minidrone/control_ws/src/minidrone_control'
[1.773s] INFO:colcon.colcon_core.shell:Skip shell extension 'powershell' for command environment: Not usable outside of PowerShell
[1.773s] DEBUG:colcon.colcon_core.shell:Skip shell extension 'dsv' for command environment
[3.302s] DEBUG:colcon.colcon_core.task.python.build:While undoing a previous installation files outside the Python library path are being ignored: /home/mcav/mcav_ws/src/minidrone/control_ws/install/minidrone_control/share/ament_index/resource_index/packages/minidrone_control
[3.302s] DEBUG:colcon.colcon_core.task.python.build:While undoing a previous installation files outside the Python library path are being ignored: /home/mcav/mcav_ws/src/minidrone/control_ws/install/minidrone_control/share/minidrone_control/package.xml
[3.303s] DEBUG:colcon.colcon_core.task.python.build:While undoing a previous installation files outside the Python library path are being ignored: /home/mcav/mcav_ws/src/minidrone/control_ws/install/minidrone_control/lib/minidrone_control/twist_to_PWM
[3.310s] DEBUG:colcon.colcon_core.event_handler.log_command:Invoking command in '/home/mcav/mcav_ws/src/minidrone/control_ws/build/minidrone_control': PS1=\[\e]0;\u@docker: \w\a\]\[\033[01;32m\]\u@docker\[\033[00m\]:\[\033[01;34m\]\w\[\033[00m\]$ PYTHONPATH=/home/mcav/mcav_ws/src/minidrone/control_ws/install/minidrone_control/lib/python3.8/site-packages:${PYTHONPATH} /usr/bin/python3 setup.py develop --prefix /home/mcav/mcav_ws/src/minidrone/control_ws/install/minidrone_control --editable --build-directory /home/mcav/mcav_ws/src/minidrone/control_ws/build/minidrone_control/build --no-deps install_data --install-dir /home/mcav/mcav_ws/src/minidrone/control_ws/install/minidrone_control
[4.982s] Level 1:colcon.colcon_core.shell:create_environment_hook('minidrone_control', 'pythonpath_develop')
[4.985s] INFO:colcon.colcon_core.shell:Creating environment hook '/home/mcav/mcav_ws/src/minidrone/control_ws/build/minidrone_control/share/minidrone_control/hook/pythonpath_develop.ps1'
[4.986s] DEBUG:colcon.colcon_core.event_handler.log_command:Invoked command in '/home/mcav/mcav_ws/src/minidrone/control_ws/build/minidrone_control' returned '0': PS1=\[\e]0;\u@docker: \w\a\]\[\033[01;32m\]\u@docker\[\033[00m\]:\[\033[01;34m\]\w\[\033[00m\]$ PYTHONPATH=/home/mcav/mcav_ws/src/minidrone/control_ws/install/minidrone_control/lib/python3.8/site-packages:${PYTHONPATH} /usr/bin/python3 setup.py develop --prefix /home/mcav/mcav_ws/src/minidrone/control_ws/install/minidrone_control --editable --build-directory /home/mcav/mcav_ws/src/minidrone/control_ws/build/minidrone_control/build --no-deps install_data --install-dir /home/mcav/mcav_ws/src/minidrone/control_ws/install/minidrone_control
[4.988s] INFO:colcon.colcon_core.shell:Creating environment descriptor '/home/mcav/mcav_ws/src/minidrone/control_ws/build/minidrone_control/share/minidrone_control/hook/pythonpath_develop.dsv'
[4.990s] INFO:colcon.colcon_core.shell:Creating environment hook '/home/mcav/mcav_ws/src/minidrone/control_ws/build/minidrone_control/share/minidrone_control/hook/pythonpath_develop.sh'
[5.008s] Level 1:colcon.colcon_core.environment:checking '/home/mcav/mcav_ws/src/minidrone/control_ws/install/minidrone_control' for CMake module files
[5.010s] Level 1:colcon.colcon_core.environment:checking '/home/mcav/mcav_ws/src/minidrone/control_ws/install/minidrone_control' for CMake config files
[5.013s] Level 1:colcon.colcon_core.environment:checking '/home/mcav/mcav_ws/src/minidrone/control_ws/install/minidrone_control/lib'
[5.014s] Level 1:colcon.colcon_core.environment:checking '/home/mcav/mcav_ws/src/minidrone/control_ws/install/minidrone_control/bin'
[5.014s] Level 1:colcon.colcon_core.environment:checking '/home/mcav/mcav_ws/src/minidrone/control_ws/install/minidrone_control/lib/pkgconfig/minidrone_control.pc'
[5.015s] Level 1:colcon.colcon_core.environment:checking '/home/mcav/mcav_ws/src/minidrone/control_ws/install/minidrone_control/lib/python3.8/site-packages'
[5.015s] Level 1:colcon.colcon_core.shell:create_environment_hook('minidrone_control', 'pythonpath')
[5.017s] INFO:colcon.colcon_core.shell:Creating environment hook '/home/mcav/mcav_ws/src/minidrone/control_ws/install/minidrone_control/share/minidrone_control/hook/pythonpath.ps1'
[5.019s] INFO:colcon.colcon_core.shell:Creating environment descriptor '/home/mcav/mcav_ws/src/minidrone/control_ws/install/minidrone_control/share/minidrone_control/hook/pythonpath.dsv'
[5.020s] INFO:colcon.colcon_core.shell:Creating environment hook '/home/mcav/mcav_ws/src/minidrone/control_ws/install/minidrone_control/share/minidrone_control/hook/pythonpath.sh'
[5.022s] Level 1:colcon.colcon_core.environment:checking '/home/mcav/mcav_ws/src/minidrone/control_ws/install/minidrone_control/bin'
[5.022s] Level 1:colcon.colcon_core.environment:create_environment_scripts_only(minidrone_control)
[5.025s] INFO:colcon.colcon_core.shell:Creating package script '/home/mcav/mcav_ws/src/minidrone/control_ws/install/minidrone_control/share/minidrone_control/package.ps1'
[5.029s] INFO:colcon.colcon_core.shell:Creating package descriptor '/home/mcav/mcav_ws/src/minidrone/control_ws/install/minidrone_control/share/minidrone_control/package.dsv'
[5.031s] INFO:colcon.colcon_core.shell:Creating package script '/home/mcav/mcav_ws/src/minidrone/control_ws/install/minidrone_control/share/minidrone_control/package.sh'
[5.035s] INFO:colcon.colcon_core.shell:Creating package script '/home/mcav/mcav_ws/src/minidrone/control_ws/install/minidrone_control/share/minidrone_control/package.bash'
[5.038s] INFO:colcon.colcon_core.shell:Creating package script '/home/mcav/mcav_ws/src/minidrone/control_ws/install/minidrone_control/share/minidrone_control/package.zsh'
[5.040s] Level 1:colcon.colcon_core.environment:create_file_with_runtime_dependencies(/home/mcav/mcav_ws/src/minidrone/control_ws/install/minidrone_control/share/colcon-core/packages/minidrone_control)
[5.041s] DEBUG:colcon.colcon_parallel_executor.executor.parallel:closing loop
[5.043s] DEBUG:colcon.colcon_parallel_executor.executor.parallel:loop closed
[5.044s] DEBUG:colcon.colcon_parallel_executor.executor.parallel:run_until_complete finished with '0'
[5.045s] DEBUG:colcon.colcon_core.event_reactor:joining thread
[5.071s] INFO:colcon.colcon_core.plugin_system:Skipping extension 'colcon_notification.desktop_notification.notify_send': Could not find 'notify-send'
[5.071s] INFO:colcon.colcon_core.plugin_system:Skipping extension 'colcon_notification.desktop_notification.terminal_notifier': Not used on non-Darwin systems
[5.072s] INFO:colcon.colcon_core.plugin_system:Skipping extension 'colcon_notification.desktop_notification.win32': Not used on non-Windows systems
[5.072s] INFO:colcon.colcon_notification.desktop_notification:Sending desktop notification using 'notify2'
[5.078s] DEBUG:colcon.colcon_notification.desktop_notification.notify2:Failed to initialize notify2: org.freedesktop.DBus.Error.Spawn.ExecFailed: /usr/bin/dbus-launch terminated abnormally without any error message
[5.079s] DEBUG:colcon.colcon_core.event_reactor:joined thread
[5.082s] INFO:colcon.colcon_core.shell:Creating prefix script '/home/mcav/mcav_ws/src/minidrone/control_ws/install/local_setup.ps1'
[5.086s] INFO:colcon.colcon_core.shell:Creating prefix util module '/home/mcav/mcav_ws/src/minidrone/control_ws/install/_local_setup_util_ps1.py'
[5.093s] INFO:colcon.colcon_core.shell:Creating prefix chain script '/home/mcav/mcav_ws/src/minidrone/control_ws/install/setup.ps1'
[5.099s] INFO:colcon.colcon_core.shell:Creating prefix script '/home/mcav/mcav_ws/src/minidrone/control_ws/install/local_setup.sh'
[5.101s] INFO:colcon.colcon_core.shell:Creating prefix util module '/home/mcav/mcav_ws/src/minidrone/control_ws/install/_local_setup_util_sh.py'
[5.103s] INFO:colcon.colcon_core.shell:Creating prefix chain script '/home/mcav/mcav_ws/src/minidrone/control_ws/install/setup.sh'
[5.109s] INFO:colcon.colcon_core.shell:Creating prefix script '/home/mcav/mcav_ws/src/minidrone/control_ws/install/local_setup.bash'
[5.111s] INFO:colcon.colcon_core.shell:Creating prefix chain script '/home/mcav/mcav_ws/src/minidrone/control_ws/install/setup.bash'
[5.117s] INFO:colcon.colcon_core.shell:Creating prefix script '/home/mcav/mcav_ws/src/minidrone/control_ws/install/local_setup.zsh'
[5.119s] INFO:colcon.colcon_core.shell:Creating prefix chain script '/home/mcav/mcav_ws/src/minidrone/control_ws/install/setup.zsh'
