[0.138s] DEBUG:colcon:Command line arguments: ['/usr/bin/colcon', 'build', '--symlink-install']
[0.138s] DEBUG:colcon:Parsed command line arguments: Namespace(allow_overriding=[], ament_cmake_args=None, base_paths=['.'], build_base='build', catkin_cmake_args=None, catkin_skip_building_tests=False, cmake_args=None, cmake_clean_cache=False, cmake_clean_first=False, cmake_force_configure=False, cmake_target=None, cmake_target_skip_unavailable=False, continue_on_error=False, event_handlers=None, executor='parallel', ignore_user_meta=False, install_base='install', log_base=None, log_level=None, main=<bound method BuildVerb.main of <colcon_core.verb.build.BuildVerb object at 0x7f3973977670>>, merge_install=False, metas=['./colcon.meta'], packages_above=None, packages_above_and_dependencies=None, packages_above_depth=None, packages_end=None, packages_ignore=None, packages_ignore_regex=None, packages_select=None, packages_select_build_failed=False, packages_select_by_dep=None, packages_select_regex=None, packages_select_test_failures=False, packages_skip=None, packages_skip_build_finished=False, packages_skip_by_dep=None, packages_skip_regex=None, packages_skip_test_passed=False, packages_skip_up_to=None, packages_start=None, packages_up_to=None, packages_up_to_regex=None, parallel_workers=7, paths=None, symlink_install=True, test_result_base=None, verb_extension=<colcon_core.verb.build.BuildVerb object at 0x7f3973977670>, verb_name='build', verb_parser=<colcon_defaults.argument_parser.defaults.DefaultArgumentsDecorator object at 0x7f3973977bb0>)
[0.159s] Level 1:colcon.colcon_core.package_discovery:discover_packages(colcon_meta) check parameters
[0.160s] Level 1:colcon.colcon_core.package_discovery:discover_packages(recursive) check parameters
[0.160s] Level 1:colcon.colcon_core.package_discovery:discover_packages(ignore) check parameters
[0.160s] Level 1:colcon.colcon_core.package_discovery:discover_packages(path) check parameters
[0.161s] Level 1:colcon.colcon_core.package_discovery:discover_packages(colcon_meta) discover
[0.161s] Level 1:colcon.colcon_core.package_discovery:discover_packages(recursive) discover
[0.161s] INFO:colcon.colcon_core.package_discovery:Crawling recursively for packages in '/home/m076em/my_ws/src/minidrone'
[0.161s] Level 1:colcon.colcon_core.package_identification:_identify(.) by extensions ['ignore', 'ignore_ament_install']
[0.161s] Level 1:colcon.colcon_core.package_identification:_identify(.) by extension 'ignore'
[0.161s] Level 1:colcon.colcon_core.package_identification:_identify(.) by extension 'ignore_ament_install'
[0.162s] Level 1:colcon.colcon_core.package_identification:_identify(.) by extensions ['colcon_pkg']
[0.162s] Level 1:colcon.colcon_core.package_identification:_identify(.) by extension 'colcon_pkg'
[0.162s] Level 1:colcon.colcon_core.package_identification:_identify(.) by extensions ['colcon_meta']
[0.162s] Level 1:colcon.colcon_core.package_identification:_identify(.) by extension 'colcon_meta'
[0.162s] Level 1:colcon.colcon_core.package_identification:_identify(.) by extensions ['ros']
[0.162s] Level 1:colcon.colcon_core.package_identification:_identify(.) by extension 'ros'
[0.171s] Level 1:colcon.colcon_core.package_identification:_identify(.) by extensions ['cmake', 'python']
[0.171s] Level 1:colcon.colcon_core.package_identification:_identify(.) by extension 'cmake'
[0.171s] Level 1:colcon.colcon_core.package_identification:_identify(.) by extension 'python'
[0.172s] Level 1:colcon.colcon_core.package_identification:_identify(.) by extensions ['python_setup_py']
[0.172s] Level 1:colcon.colcon_core.package_identification:_identify(.) by extension 'python_setup_py'
[0.172s] Level 1:colcon.colcon_core.package_identification:_identify(build) by extensions ['ignore', 'ignore_ament_install']
[0.172s] Level 1:colcon.colcon_core.package_identification:_identify(build) by extension 'ignore'
[0.172s] Level 1:colcon.colcon_core.package_identification:_identify(build) ignored
[0.172s] Level 1:colcon.colcon_core.package_identification:_identify(docker) by extensions ['ignore', 'ignore_ament_install']
[0.173s] Level 1:colcon.colcon_core.package_identification:_identify(docker) by extension 'ignore'
[0.173s] Level 1:colcon.colcon_core.package_identification:_identify(docker) by extension 'ignore_ament_install'
[0.173s] Level 1:colcon.colcon_core.package_identification:_identify(docker) by extensions ['colcon_pkg']
[0.173s] Level 1:colcon.colcon_core.package_identification:_identify(docker) by extension 'colcon_pkg'
[0.173s] Level 1:colcon.colcon_core.package_identification:_identify(docker) by extensions ['colcon_meta']
[0.173s] Level 1:colcon.colcon_core.package_identification:_identify(docker) by extension 'colcon_meta'
[0.174s] Level 1:colcon.colcon_core.package_identification:_identify(docker) by extensions ['ros']
[0.174s] Level 1:colcon.colcon_core.package_identification:_identify(docker) by extension 'ros'
[0.174s] Level 1:colcon.colcon_core.package_identification:_identify(docker) by extensions ['cmake', 'python']
[0.174s] Level 1:colcon.colcon_core.package_identification:_identify(docker) by extension 'cmake'
[0.174s] Level 1:colcon.colcon_core.package_identification:_identify(docker) by extension 'python'
[0.174s] Level 1:colcon.colcon_core.package_identification:_identify(docker) by extensions ['python_setup_py']
[0.174s] Level 1:colcon.colcon_core.package_identification:_identify(docker) by extension 'python_setup_py'
[0.174s] Level 1:colcon.colcon_core.package_identification:_identify(install) by extensions ['ignore', 'ignore_ament_install']
[0.174s] Level 1:colcon.colcon_core.package_identification:_identify(install) by extension 'ignore'
[0.174s] Level 1:colcon.colcon_core.package_identification:_identify(install) ignored
[0.175s] Level 1:colcon.colcon_core.package_identification:_identify(log) by extensions ['ignore', 'ignore_ament_install']
[0.175s] Level 1:colcon.colcon_core.package_identification:_identify(log) by extension 'ignore'
[0.175s] Level 1:colcon.colcon_core.package_identification:_identify(log) ignored
[0.175s] Level 1:colcon.colcon_core.package_identification:_identify(minidrone_bringup) by extensions ['ignore', 'ignore_ament_install']
[0.175s] Level 1:colcon.colcon_core.package_identification:_identify(minidrone_bringup) by extension 'ignore'
[0.175s] Level 1:colcon.colcon_core.package_identification:_identify(minidrone_bringup) by extension 'ignore_ament_install'
[0.175s] Level 1:colcon.colcon_core.package_identification:_identify(minidrone_bringup) by extensions ['colcon_pkg']
[0.175s] Level 1:colcon.colcon_core.package_identification:_identify(minidrone_bringup) by extension 'colcon_pkg'
[0.175s] Level 1:colcon.colcon_core.package_identification:_identify(minidrone_bringup) by extensions ['colcon_meta']
[0.175s] Level 1:colcon.colcon_core.package_identification:_identify(minidrone_bringup) by extension 'colcon_meta'
[0.175s] Level 1:colcon.colcon_core.package_identification:_identify(minidrone_bringup) by extensions ['ros']
[0.175s] Level 1:colcon.colcon_core.package_identification:_identify(minidrone_bringup) by extension 'ros'
[0.184s] DEBUG:colcon.colcon_core.package_identification:Package 'minidrone_bringup' with type 'ros.ament_python' and name 'minidrone_bringup'
[0.184s] Level 1:colcon.colcon_core.package_identification:_identify(rrt_planner) by extensions ['ignore', 'ignore_ament_install']
[0.185s] Level 1:colcon.colcon_core.package_identification:_identify(rrt_planner) by extension 'ignore'
[0.185s] Level 1:colcon.colcon_core.package_identification:_identify(rrt_planner) by extension 'ignore_ament_install'
[0.185s] Level 1:colcon.colcon_core.package_identification:_identify(rrt_planner) by extensions ['colcon_pkg']
[0.185s] Level 1:colcon.colcon_core.package_identification:_identify(rrt_planner) by extension 'colcon_pkg'
[0.185s] Level 1:colcon.colcon_core.package_identification:_identify(rrt_planner) by extensions ['colcon_meta']
[0.185s] Level 1:colcon.colcon_core.package_identification:_identify(rrt_planner) by extension 'colcon_meta'
[0.185s] Level 1:colcon.colcon_core.package_identification:_identify(rrt_planner) by extensions ['ros']
[0.185s] Level 1:colcon.colcon_core.package_identification:_identify(rrt_planner) by extension 'ros'
[0.186s] DEBUG:colcon.colcon_core.package_identification:Package 'rrt_planner' with type 'ros.ament_python' and name 'rrt_planner'
[0.186s] Level 1:colcon.colcon_core.package_discovery:discover_packages(recursive) using defaults
[0.186s] Level 1:colcon.colcon_core.package_discovery:discover_packages(ignore) discover
[0.186s] Level 1:colcon.colcon_core.package_discovery:discover_packages(ignore) using defaults
[0.186s] Level 1:colcon.colcon_core.package_discovery:discover_packages(path) discover
[0.186s] Level 1:colcon.colcon_core.package_discovery:discover_packages(path) using defaults
[0.202s] Level 1:colcon.colcon_core.package_discovery:discover_packages(prefix_path) check parameters
[0.202s] Level 1:colcon.colcon_core.package_discovery:discover_packages(prefix_path) discover
[0.242s] DEBUG:colcon.colcon_installed_package_information.package_discovery:Found 2 installed packages in /home/m076em/my_ws/src/minidrone/install
[0.243s] DEBUG:colcon.colcon_installed_package_information.package_discovery:Found 1 installed packages in /home/m076em/my_ws/src/install
[0.244s] DEBUG:colcon.colcon_installed_package_information.package_discovery:Found 7 installed packages in /home/m076em/my_ws/install
[0.245s] DEBUG:colcon.colcon_installed_package_information.package_discovery:Found 319 installed packages in /opt/ros/foxy
[0.247s] Level 1:colcon.colcon_core.package_discovery:discover_packages(prefix_path) using defaults
[0.311s] Level 5:colcon.colcon_core.verb:set package 'minidrone_bringup' build argument 'cmake_args' from command line to 'None'
[0.311s] Level 5:colcon.colcon_core.verb:set package 'minidrone_bringup' build argument 'cmake_target' from command line to 'None'
[0.311s] Level 5:colcon.colcon_core.verb:set package 'minidrone_bringup' build argument 'cmake_target_skip_unavailable' from command line to 'False'
[0.311s] Level 5:colcon.colcon_core.verb:set package 'minidrone_bringup' build argument 'cmake_clean_cache' from command line to 'False'
[0.311s] Level 5:colcon.colcon_core.verb:set package 'minidrone_bringup' build argument 'cmake_clean_first' from command line to 'False'
[0.311s] Level 5:colcon.colcon_core.verb:set package 'minidrone_bringup' build argument 'cmake_force_configure' from command line to 'False'
[0.311s] Level 5:colcon.colcon_core.verb:set package 'minidrone_bringup' build argument 'ament_cmake_args' from command line to 'None'
[0.311s] Level 5:colcon.colcon_core.verb:set package 'minidrone_bringup' build argument 'catkin_cmake_args' from command line to 'None'
[0.312s] Level 5:colcon.colcon_core.verb:set package 'minidrone_bringup' build argument 'catkin_skip_building_tests' from command line to 'False'
[0.313s] DEBUG:colcon.colcon_core.verb:Building package 'minidrone_bringup' with the following arguments: {'ament_cmake_args': None, 'build_base': '/home/m076em/my_ws/src/minidrone/build/minidrone_bringup', 'catkin_cmake_args': None, 'catkin_skip_building_tests': False, 'cmake_args': None, 'cmake_clean_cache': False, 'cmake_clean_first': False, 'cmake_force_configure': False, 'cmake_target': None, 'cmake_target_skip_unavailable': False, 'install_base': '/home/m076em/my_ws/src/minidrone/install/minidrone_bringup', 'merge_install': False, 'path': '/home/m076em/my_ws/src/minidrone/minidrone_bringup', 'symlink_install': True, 'test_result_base': None}
[0.315s] Level 5:colcon.colcon_core.verb:set package 'rrt_planner' build argument 'cmake_args' from command line to 'None'
[0.315s] Level 5:colcon.colcon_core.verb:set package 'rrt_planner' build argument 'cmake_target' from command line to 'None'
[0.315s] Level 5:colcon.colcon_core.verb:set package 'rrt_planner' build argument 'cmake_target_skip_unavailable' from command line to 'False'
[0.315s] Level 5:colcon.colcon_core.verb:set package 'rrt_planner' build argument 'cmake_clean_cache' from command line to 'False'
[0.315s] Level 5:colcon.colcon_core.verb:set package 'rrt_planner' build argument 'cmake_clean_first' from command line to 'False'
[0.315s] Level 5:colcon.colcon_core.verb:set package 'rrt_planner' build argument 'cmake_force_configure' from command line to 'False'
[0.315s] Level 5:colcon.colcon_core.verb:set package 'rrt_planner' build argument 'ament_cmake_args' from command line to 'None'
[0.315s] Level 5:colcon.colcon_core.verb:set package 'rrt_planner' build argument 'catkin_cmake_args' from command line to 'None'
[0.315s] Level 5:colcon.colcon_core.verb:set package 'rrt_planner' build argument 'catkin_skip_building_tests' from command line to 'False'
[0.315s] DEBUG:colcon.colcon_core.verb:Building package 'rrt_planner' with the following arguments: {'ament_cmake_args': None, 'build_base': '/home/m076em/my_ws/src/minidrone/build/rrt_planner', 'catkin_cmake_args': None, 'catkin_skip_building_tests': False, 'cmake_args': None, 'cmake_clean_cache': False, 'cmake_clean_first': False, 'cmake_force_configure': False, 'cmake_target': None, 'cmake_target_skip_unavailable': False, 'install_base': '/home/m076em/my_ws/src/minidrone/install/rrt_planner', 'merge_install': False, 'path': '/home/m076em/my_ws/src/minidrone/rrt_planner', 'symlink_install': True, 'test_result_base': None}
[0.316s] INFO:colcon.colcon_core.executor:Executing jobs using 'parallel' executor
[0.322s] DEBUG:colcon.colcon_parallel_executor.executor.parallel:run_until_complete
[0.322s] INFO:colcon.colcon_ros.task.ament_python.build:Building ROS package in '/home/m076em/my_ws/src/minidrone/minidrone_bringup' with build type 'ament_python'
[0.323s] Level 1:colcon.colcon_core.shell:create_environment_hook('minidrone_bringup', 'ament_prefix_path')
[0.342s] INFO:colcon.colcon_core.plugin_system:Skipping extension 'colcon_core.shell.bat': Not used on non-Windows systems
[0.343s] INFO:colcon.colcon_core.shell:Creating environment hook '/home/m076em/my_ws/src/minidrone/install/minidrone_bringup/share/minidrone_bringup/hook/ament_prefix_path.ps1'
[0.344s] INFO:colcon.colcon_core.shell:Creating environment descriptor '/home/m076em/my_ws/src/minidrone/install/minidrone_bringup/share/minidrone_bringup/hook/ament_prefix_path.dsv'
[0.345s] INFO:colcon.colcon_core.shell:Creating environment hook '/home/m076em/my_ws/src/minidrone/install/minidrone_bringup/share/minidrone_bringup/hook/ament_prefix_path.sh'
[0.349s] INFO:colcon.colcon_core.shell:Skip shell extension 'powershell' for command environment: Not usable outside of PowerShell
[0.350s] DEBUG:colcon.colcon_core.shell:Skip shell extension 'dsv' for command environment
[0.360s] INFO:colcon.colcon_ros.task.ament_python.build:Building ROS package in '/home/m076em/my_ws/src/minidrone/rrt_planner' with build type 'ament_python'
[0.361s] Level 1:colcon.colcon_core.shell:create_environment_hook('rrt_planner', 'ament_prefix_path')
[0.364s] INFO:colcon.colcon_core.shell:Creating environment hook '/home/m076em/my_ws/src/minidrone/install/rrt_planner/share/rrt_planner/hook/ament_prefix_path.ps1'
[0.371s] INFO:colcon.colcon_core.shell:Creating environment descriptor '/home/m076em/my_ws/src/minidrone/install/rrt_planner/share/rrt_planner/hook/ament_prefix_path.dsv'
[0.374s] INFO:colcon.colcon_core.shell:Creating environment hook '/home/m076em/my_ws/src/minidrone/install/rrt_planner/share/rrt_planner/hook/ament_prefix_path.sh'
[0.382s] INFO:colcon.colcon_core.shell:Skip shell extension 'powershell' for command environment: Not usable outside of PowerShell
[0.382s] DEBUG:colcon.colcon_core.shell:Skip shell extension 'dsv' for command environment
[0.690s] INFO:colcon.colcon_core.task.python.build:Building Python package in '/home/m076em/my_ws/src/minidrone/minidrone_bringup'
[0.692s] INFO:colcon.colcon_core.shell:Skip shell extension 'powershell' for command environment: Not usable outside of PowerShell
[0.692s] DEBUG:colcon.colcon_core.shell:Skip shell extension 'dsv' for command environment
[0.962s] INFO:colcon.colcon_core.task.python.build:Building Python package in '/home/m076em/my_ws/src/minidrone/rrt_planner'
[0.964s] INFO:colcon.colcon_core.shell:Skip shell extension 'powershell' for command environment: Not usable outside of PowerShell
[0.964s] DEBUG:colcon.colcon_core.shell:Skip shell extension 'dsv' for command environment
[1.464s] DEBUG:colcon.colcon_core.event_handler.log_command:Invoking command in '/home/m076em/my_ws/src/minidrone/build/minidrone_bringup': PYTHONPATH=/home/m076em/my_ws/src/minidrone/build/minidrone_bringup/prefix_override:/home/m076em/my_ws/src/minidrone/install/minidrone_bringup/lib/python3.8/site-packages:${PYTHONPATH} /usr/bin/python3 setup.py develop --editable --build-directory /home/m076em/my_ws/src/minidrone/build/minidrone_bringup/build --no-deps install_data
[1.472s] DEBUG:colcon.colcon_core.event_handler.log_command:Invoking command in '/home/m076em/my_ws/src/minidrone/build/rrt_planner': PYTHONPATH=/home/m076em/my_ws/src/minidrone/build/rrt_planner/prefix_override:/home/m076em/my_ws/src/minidrone/install/rrt_planner/lib/python3.8/site-packages:${PYTHONPATH} /usr/bin/python3 setup.py develop --editable --build-directory /home/m076em/my_ws/src/minidrone/build/rrt_planner/build --no-deps install_data
[2.042s] Level 1:colcon.colcon_core.shell:create_environment_hook('rrt_planner', 'pythonpath_develop')
[2.044s] INFO:colcon.colcon_core.shell:Creating environment hook '/home/m076em/my_ws/src/minidrone/build/rrt_planner/share/rrt_planner/hook/pythonpath_develop.ps1'
[2.046s] DEBUG:colcon.colcon_core.event_handler.log_command:Invoked command in '/home/m076em/my_ws/src/minidrone/build/rrt_planner' returned '0': PYTHONPATH=/home/m076em/my_ws/src/minidrone/build/rrt_planner/prefix_override:/home/m076em/my_ws/src/minidrone/install/rrt_planner/lib/python3.8/site-packages:${PYTHONPATH} /usr/bin/python3 setup.py develop --editable --build-directory /home/m076em/my_ws/src/minidrone/build/rrt_planner/build --no-deps install_data
[2.046s] INFO:colcon.colcon_core.shell:Creating environment descriptor '/home/m076em/my_ws/src/minidrone/build/rrt_planner/share/rrt_planner/hook/pythonpath_develop.dsv'
[2.047s] INFO:colcon.colcon_core.shell:Creating environment hook '/home/m076em/my_ws/src/minidrone/build/rrt_planner/share/rrt_planner/hook/pythonpath_develop.sh'
[2.052s] Level 1:colcon.colcon_core.environment:checking '/home/m076em/my_ws/src/minidrone/install/rrt_planner' for CMake module files
[2.052s] Level 1:colcon.colcon_core.environment:checking '/home/m076em/my_ws/src/minidrone/install/rrt_planner' for CMake config files
[2.053s] Level 1:colcon.colcon_core.environment:checking '/home/m076em/my_ws/src/minidrone/install/rrt_planner/lib'
[2.053s] Level 1:colcon.colcon_core.environment:checking '/home/m076em/my_ws/src/minidrone/install/rrt_planner/bin'
[2.053s] Level 1:colcon.colcon_core.environment:checking '/home/m076em/my_ws/src/minidrone/install/rrt_planner/lib/pkgconfig/rrt_planner.pc'
[2.054s] Level 1:colcon.colcon_core.environment:checking '/home/m076em/my_ws/src/minidrone/install/rrt_planner/lib/python3.8/site-packages'
[2.054s] Level 1:colcon.colcon_core.shell:create_environment_hook('rrt_planner', 'pythonpath')
[2.055s] INFO:colcon.colcon_core.shell:Creating environment hook '/home/m076em/my_ws/src/minidrone/install/rrt_planner/share/rrt_planner/hook/pythonpath.ps1'
[2.056s] INFO:colcon.colcon_core.shell:Creating environment descriptor '/home/m076em/my_ws/src/minidrone/install/rrt_planner/share/rrt_planner/hook/pythonpath.dsv'
[2.059s] INFO:colcon.colcon_core.shell:Creating environment hook '/home/m076em/my_ws/src/minidrone/install/rrt_planner/share/rrt_planner/hook/pythonpath.sh'
[2.060s] Level 1:colcon.colcon_core.environment:checking '/home/m076em/my_ws/src/minidrone/install/rrt_planner/bin'
[2.060s] Level 1:colcon.colcon_core.environment:create_environment_scripts_only(rrt_planner)
[2.061s] INFO:colcon.colcon_core.shell:Creating package script '/home/m076em/my_ws/src/minidrone/install/rrt_planner/share/rrt_planner/package.ps1'
[2.062s] INFO:colcon.colcon_core.shell:Creating package descriptor '/home/m076em/my_ws/src/minidrone/install/rrt_planner/share/rrt_planner/package.dsv'
[2.063s] INFO:colcon.colcon_core.shell:Creating package script '/home/m076em/my_ws/src/minidrone/install/rrt_planner/share/rrt_planner/package.sh'
[2.064s] INFO:colcon.colcon_core.shell:Creating package script '/home/m076em/my_ws/src/minidrone/install/rrt_planner/share/rrt_planner/package.bash'
[2.065s] INFO:colcon.colcon_core.shell:Creating package script '/home/m076em/my_ws/src/minidrone/install/rrt_planner/share/rrt_planner/package.zsh'
[2.066s] Level 1:colcon.colcon_core.environment:create_file_with_runtime_dependencies(/home/m076em/my_ws/src/minidrone/install/rrt_planner/share/colcon-core/packages/rrt_planner)
[2.069s] Level 1:colcon.colcon_core.shell:create_environment_hook('minidrone_bringup', 'pythonpath_develop')
[2.070s] INFO:colcon.colcon_core.shell:Creating environment hook '/home/m076em/my_ws/src/minidrone/build/minidrone_bringup/share/minidrone_bringup/hook/pythonpath_develop.ps1'
[2.071s] INFO:colcon.colcon_core.shell:Creating environment descriptor '/home/m076em/my_ws/src/minidrone/build/minidrone_bringup/share/minidrone_bringup/hook/pythonpath_develop.dsv'
[2.072s] DEBUG:colcon.colcon_core.event_handler.log_command:Invoked command in '/home/m076em/my_ws/src/minidrone/build/minidrone_bringup' returned '0': PYTHONPATH=/home/m076em/my_ws/src/minidrone/build/minidrone_bringup/prefix_override:/home/m076em/my_ws/src/minidrone/install/minidrone_bringup/lib/python3.8/site-packages:${PYTHONPATH} /usr/bin/python3 setup.py develop --editable --build-directory /home/m076em/my_ws/src/minidrone/build/minidrone_bringup/build --no-deps install_data
[2.072s] INFO:colcon.colcon_core.shell:Creating environment hook '/home/m076em/my_ws/src/minidrone/build/minidrone_bringup/share/minidrone_bringup/hook/pythonpath_develop.sh'
[2.075s] Level 1:colcon.colcon_core.environment:checking '/home/m076em/my_ws/src/minidrone/install/minidrone_bringup' for CMake module files
[2.075s] Level 1:colcon.colcon_core.environment:checking '/home/m076em/my_ws/src/minidrone/install/minidrone_bringup' for CMake config files
[2.076s] Level 1:colcon.colcon_core.environment:checking '/home/m076em/my_ws/src/minidrone/install/minidrone_bringup/lib'
[2.076s] Level 1:colcon.colcon_core.environment:checking '/home/m076em/my_ws/src/minidrone/install/minidrone_bringup/bin'
[2.076s] Level 1:colcon.colcon_core.environment:checking '/home/m076em/my_ws/src/minidrone/install/minidrone_bringup/lib/pkgconfig/minidrone_bringup.pc'
[2.076s] Level 1:colcon.colcon_core.environment:checking '/home/m076em/my_ws/src/minidrone/install/minidrone_bringup/lib/python3.8/site-packages'
[2.076s] Level 1:colcon.colcon_core.shell:create_environment_hook('minidrone_bringup', 'pythonpath')
[2.078s] INFO:colcon.colcon_core.shell:Creating environment hook '/home/m076em/my_ws/src/minidrone/install/minidrone_bringup/share/minidrone_bringup/hook/pythonpath.ps1'
[2.078s] INFO:colcon.colcon_core.shell:Creating environment descriptor '/home/m076em/my_ws/src/minidrone/install/minidrone_bringup/share/minidrone_bringup/hook/pythonpath.dsv'
[2.079s] INFO:colcon.colcon_core.shell:Creating environment hook '/home/m076em/my_ws/src/minidrone/install/minidrone_bringup/share/minidrone_bringup/hook/pythonpath.sh'
[2.080s] Level 1:colcon.colcon_core.environment:checking '/home/m076em/my_ws/src/minidrone/install/minidrone_bringup/bin'
[2.080s] Level 1:colcon.colcon_core.environment:create_environment_scripts_only(minidrone_bringup)
[2.081s] INFO:colcon.colcon_core.shell:Creating package script '/home/m076em/my_ws/src/minidrone/install/minidrone_bringup/share/minidrone_bringup/package.ps1'
[2.082s] INFO:colcon.colcon_core.shell:Creating package descriptor '/home/m076em/my_ws/src/minidrone/install/minidrone_bringup/share/minidrone_bringup/package.dsv'
[2.083s] INFO:colcon.colcon_core.shell:Creating package script '/home/m076em/my_ws/src/minidrone/install/minidrone_bringup/share/minidrone_bringup/package.sh'
[2.083s] INFO:colcon.colcon_core.shell:Creating package script '/home/m076em/my_ws/src/minidrone/install/minidrone_bringup/share/minidrone_bringup/package.bash'
[2.085s] INFO:colcon.colcon_core.shell:Creating package script '/home/m076em/my_ws/src/minidrone/install/minidrone_bringup/share/minidrone_bringup/package.zsh'
[2.086s] Level 1:colcon.colcon_core.environment:create_file_with_runtime_dependencies(/home/m076em/my_ws/src/minidrone/install/minidrone_bringup/share/colcon-core/packages/minidrone_bringup)
[2.086s] DEBUG:colcon.colcon_parallel_executor.executor.parallel:closing loop
[2.087s] DEBUG:colcon.colcon_parallel_executor.executor.parallel:loop closed
[2.087s] DEBUG:colcon.colcon_parallel_executor.executor.parallel:run_until_complete finished with '0'
[2.087s] DEBUG:colcon.colcon_core.event_reactor:joining thread
[2.098s] INFO:colcon.colcon_core.plugin_system:Skipping extension 'colcon_notification.desktop_notification.terminal_notifier': Not used on non-Darwin systems
[2.098s] INFO:colcon.colcon_core.plugin_system:Skipping extension 'colcon_notification.desktop_notification.win32': Not used on non-Windows systems
[2.098s] INFO:colcon.colcon_notification.desktop_notification:Sending desktop notification using 'notify2'
[2.115s] DEBUG:colcon.colcon_core.event_reactor:joined thread
[2.116s] INFO:colcon.colcon_core.shell:Creating prefix script '/home/m076em/my_ws/src/minidrone/install/local_setup.ps1'
[2.117s] INFO:colcon.colcon_core.shell:Creating prefix util module '/home/m076em/my_ws/src/minidrone/install/_local_setup_util_ps1.py'
[2.119s] INFO:colcon.colcon_core.shell:Creating prefix chain script '/home/m076em/my_ws/src/minidrone/install/setup.ps1'
[2.120s] INFO:colcon.colcon_core.shell:Creating prefix script '/home/m076em/my_ws/src/minidrone/install/local_setup.sh'
[2.121s] INFO:colcon.colcon_core.shell:Creating prefix util module '/home/m076em/my_ws/src/minidrone/install/_local_setup_util_sh.py'
[2.122s] INFO:colcon.colcon_core.shell:Creating prefix chain script '/home/m076em/my_ws/src/minidrone/install/setup.sh'
[2.123s] INFO:colcon.colcon_core.shell:Creating prefix script '/home/m076em/my_ws/src/minidrone/install/local_setup.bash'
[2.124s] INFO:colcon.colcon_core.shell:Creating prefix chain script '/home/m076em/my_ws/src/minidrone/install/setup.bash'
[2.126s] INFO:colcon.colcon_core.shell:Creating prefix script '/home/m076em/my_ws/src/minidrone/install/local_setup.zsh'
[2.127s] INFO:colcon.colcon_core.shell:Creating prefix chain script '/home/m076em/my_ws/src/minidrone/install/setup.zsh'
