-- Install configuration: ""
-- Up-to-date: /home/mcav/robot_localisation_ws/minidrone/install/robot_localisation_pkg/share/robot_localisation_pkg/launch
-- Up-to-date: /home/mcav/robot_localisation_ws/minidrone/install/robot_localisation_pkg/share/robot_localisation_pkg/launch/config
-- Installing: /home/mcav/robot_localisation_ws/minidrone/install/robot_localisation_pkg/share/robot_localisation_pkg/launch/config/ekf.yaml
-- Installing: /home/mcav/robot_localisation_ws/minidrone/install/robot_localisation_pkg/share/robot_localisation_pkg/launch/robot_localisation_launch.py
-- Up-to-date: /home/mcav/robot_localisation_ws/minidrone/install/robot_localisation_pkg/share/ament_index/resource_index/package_run_dependencies/robot_localisation_pkg
-- Up-to-date: /home/mcav/robot_localisation_ws/minidrone/install/robot_localisation_pkg/share/ament_index/resource_index/parent_prefix_path/robot_localisation_pkg
-- Up-to-date: /home/mcav/robot_localisation_ws/minidrone/install/robot_localisation_pkg/share/robot_localisation_pkg/environment/ament_prefix_path.sh
-- Up-to-date: /home/mcav/robot_localisation_ws/minidrone/install/robot_localisation_pkg/share/robot_localisation_pkg/environment/ament_prefix_path.dsv
-- Up-to-date: /home/mcav/robot_localisation_ws/minidrone/install/robot_localisation_pkg/share/robot_localisation_pkg/environment/path.sh
-- Up-to-date: /home/mcav/robot_localisation_ws/minidrone/install/robot_localisation_pkg/share/robot_localisation_pkg/environment/path.dsv
-- Up-to-date: /home/mcav/robot_localisation_ws/minidrone/install/robot_localisation_pkg/share/robot_localisation_pkg/local_setup.bash
-- Up-to-date: /home/mcav/robot_localisation_ws/minidrone/install/robot_localisation_pkg/share/robot_localisation_pkg/local_setup.sh
-- Up-to-date: /home/mcav/robot_localisation_ws/minidrone/install/robot_localisation_pkg/share/robot_localisation_pkg/local_setup.zsh
-- Up-to-date: /home/mcav/robot_localisation_ws/minidrone/install/robot_localisation_pkg/share/robot_localisation_pkg/local_setup.dsv
-- Installing: /home/mcav/robot_localisation_ws/minidrone/install/robot_localisation_pkg/share/robot_localisation_pkg/package.dsv
-- Up-to-date: /home/mcav/robot_localisation_ws/minidrone/install/robot_localisation_pkg/share/ament_index/resource_index/packages/robot_localisation_pkg
-- Up-to-date: /home/mcav/robot_localisation_ws/minidrone/install/robot_localisation_pkg/share/robot_localisation_pkg/cmake/robot_localisation_pkgConfig.cmake
-- Up-to-date: /home/mcav/robot_localisation_ws/minidrone/install/robot_localisation_pkg/share/robot_localisation_pkg/cmake/robot_localisation_pkgConfig-version.cmake
-- Up-to-date: /home/mcav/robot_localisation_ws/minidrone/install/robot_localisation_pkg/share/robot_localisation_pkg/package.xml
