[0.993s] Invoking command in '/home/m076em/my_ws/src/minidrone/rrt_planner': PYTHONPATH=/home/m076em/my_ws/src/minidrone/build/rrt_planner/prefix_override:/home/m076em/my_ws/src/minidrone/install/rrt_planner/lib/python3.8/site-packages:${PYTHONPATH} /usr/bin/python3 setup.py egg_info --egg-base ../build/rrt_planner build --build-base /home/m076em/my_ws/src/minidrone/build/rrt_planner/build install --record /home/m076em/my_ws/src/minidrone/build/rrt_planner/install.log --single-version-externally-managed
[1.235s] running egg_info
[1.237s] writing ../build/rrt_planner/rrt_planner.egg-info/PKG-INFO
[1.237s] writing dependency_links to ../build/rrt_planner/rrt_planner.egg-info/dependency_links.txt
[1.240s] writing entry points to ../build/rrt_planner/rrt_planner.egg-info/entry_points.txt
[1.240s] writing requirements to ../build/rrt_planner/rrt_planner.egg-info/requires.txt
[1.241s] writing top-level names to ../build/rrt_planner/rrt_planner.egg-info/top_level.txt
[1.272s] reading manifest file '../build/rrt_planner/rrt_planner.egg-info/SOURCES.txt'
[1.304s] writing manifest file '../build/rrt_planner/rrt_planner.egg-info/SOURCES.txt'
[1.304s] running build
[1.304s] running build_py
[1.304s] running install
[1.304s] running install_lib
[1.305s] running install_data
[1.305s] running install_egg_info
[1.307s] removing '/home/m076em/my_ws/src/minidrone/install/rrt_planner/lib/python3.8/site-packages/rrt_planner-0.0.0-py3.8.egg-info' (and everything under it)
[1.309s] Copying ../build/rrt_planner/rrt_planner.egg-info to /home/m076em/my_ws/src/minidrone/install/rrt_planner/lib/python3.8/site-packages/rrt_planner-0.0.0-py3.8.egg-info
[1.309s] running install_scripts
[1.328s] Installing og_manager script to /home/m076em/my_ws/src/minidrone/install/rrt_planner/lib/rrt_planner
[1.332s] Installing path_creator script to /home/m076em/my_ws/src/minidrone/install/rrt_planner/lib/rrt_planner
[1.332s] writing list of installed files to '/home/m076em/my_ws/src/minidrone/build/rrt_planner/install.log'
[1.350s] Invoked command in '/home/m076em/my_ws/src/minidrone/rrt_planner' returned '0': PYTHONPATH=/home/m076em/my_ws/src/minidrone/build/rrt_planner/prefix_override:/home/m076em/my_ws/src/minidrone/install/rrt_planner/lib/python3.8/site-packages:${PYTHONPATH} /usr/bin/python3 setup.py egg_info --egg-base ../build/rrt_planner build --build-base /home/m076em/my_ws/src/minidrone/build/rrt_planner/build install --record /home/m076em/my_ws/src/minidrone/build/rrt_planner/install.log --single-version-externally-managed
