[0.017s] Invoking command in '/home/mcav/robot_localisation_ws/minidrone/build/robot_localisation_pkg': CMAKE_PREFIX_PATH=${CMAKE_PREFIX_PATH}:/opt/ros/foxy /usr/bin/cmake --build /home/mcav/robot_localisation_ws/minidrone/build/robot_localisation_pkg -- -j8 -l8
[0.074s] Invoked command in '/home/mcav/robot_localisation_ws/minidrone/build/robot_localisation_pkg' returned '0': CMAKE_PREFIX_PATH=${CMAKE_PREFIX_PATH}:/opt/ros/foxy /usr/bin/cmake --build /home/mcav/robot_localisation_ws/minidrone/build/robot_localisation_pkg -- -j8 -l8
[0.116s] Invoking command in '/home/mcav/robot_localisation_ws/minidrone/build/robot_localisation_pkg': CMAKE_PREFIX_PATH=${CMAKE_PREFIX_PATH}:/opt/ros/foxy /usr/bin/cmake --install /home/mcav/robot_localisation_ws/minidrone/build/robot_localisation_pkg
[0.131s] -- Install configuration: ""
[0.131s] -- Up-to-date: /home/mcav/robot_localisation_ws/minidrone/install/robot_localisation_pkg/share/robot_localisation_pkg/launch
[0.131s] -- Up-to-date: /home/mcav/robot_localisation_ws/minidrone/install/robot_localisation_pkg/share/robot_localisation_pkg/launch/config
[0.131s] -- Up-to-date: /home/mcav/robot_localisation_ws/minidrone/install/robot_localisation_pkg/share/robot_localisation_pkg/launch/config/ekf.yaml
[0.131s] -- Installing: /home/mcav/robot_localisation_ws/minidrone/install/robot_localisation_pkg/share/robot_localisation_pkg/launch/robot_localisation_launch.py
[0.132s] -- Up-to-date: /home/mcav/robot_localisation_ws/minidrone/install/robot_localisation_pkg/share/ament_index/resource_index/package_run_dependencies/robot_localisation_pkg
[0.132s] -- Up-to-date: /home/mcav/robot_localisation_ws/minidrone/install/robot_localisation_pkg/share/ament_index/resource_index/parent_prefix_path/robot_localisation_pkg
[0.132s] -- Up-to-date: /home/mcav/robot_localisation_ws/minidrone/install/robot_localisation_pkg/share/robot_localisation_pkg/environment/ament_prefix_path.sh
[0.132s] -- Up-to-date: /home/mcav/robot_localisation_ws/minidrone/install/robot_localisation_pkg/share/robot_localisation_pkg/environment/ament_prefix_path.dsv
[0.132s] -- Up-to-date: /home/mcav/robot_localisation_ws/minidrone/install/robot_localisation_pkg/share/robot_localisation_pkg/environment/path.sh
[0.132s] -- Up-to-date: /home/mcav/robot_localisation_ws/minidrone/install/robot_localisation_pkg/share/robot_localisation_pkg/environment/path.dsv
[0.132s] -- Up-to-date: /home/mcav/robot_localisation_ws/minidrone/install/robot_localisation_pkg/share/robot_localisation_pkg/local_setup.bash
[0.132s] -- Up-to-date: /home/mcav/robot_localisation_ws/minidrone/install/robot_localisation_pkg/share/robot_localisation_pkg/local_setup.sh
[0.133s] -- Up-to-date: /home/mcav/robot_localisation_ws/minidrone/install/robot_localisation_pkg/share/robot_localisation_pkg/local_setup.zsh
[0.133s] -- Up-to-date: /home/mcav/robot_localisation_ws/minidrone/install/robot_localisation_pkg/share/robot_localisation_pkg/local_setup.dsv
[0.133s] -- Installing: /home/mcav/robot_localisation_ws/minidrone/install/robot_localisation_pkg/share/robot_localisation_pkg/package.dsv
[0.133s] -- Up-to-date: /home/mcav/robot_localisation_ws/minidrone/install/robot_localisation_pkg/share/ament_index/resource_index/packages/robot_localisation_pkg
[0.133s] -- Up-to-date: /home/mcav/robot_localisation_ws/minidrone/install/robot_localisation_pkg/share/robot_localisation_pkg/cmake/robot_localisation_pkgConfig.cmake
[0.133s] -- Up-to-date: /home/mcav/robot_localisation_ws/minidrone/install/robot_localisation_pkg/share/robot_localisation_pkg/cmake/robot_localisation_pkgConfig-version.cmake
[0.133s] -- Up-to-date: /home/mcav/robot_localisation_ws/minidrone/install/robot_localisation_pkg/share/robot_localisation_pkg/package.xml
[0.135s] Invoked command in '/home/mcav/robot_localisation_ws/minidrone/build/robot_localisation_pkg' returned '0': CMAKE_PREFIX_PATH=${CMAKE_PREFIX_PATH}:/opt/ros/foxy /usr/bin/cmake --install /home/mcav/robot_localisation_ws/minidrone/build/robot_localisation_pkg
