[0.191s] DEBUG:colcon:Command line arguments: ['/usr/bin/colcon', 'build']
[0.191s] DEBUG:colcon:Parsed command line arguments: Namespace(allow_overriding=[], ament_cmake_args=None, base_paths=['.'], build_base='build', catkin_cmake_args=None, catkin_skip_building_tests=False, cmake_args=None, cmake_clean_cache=False, cmake_clean_first=False, cmake_force_configure=False, cmake_target=None, cmake_target_skip_unavailable=False, continue_on_error=False, event_handlers=None, executor='parallel', ignore_user_meta=False, install_base='install', log_base=None, log_level=None, main=<bound method BuildVerb.main of <colcon_core.verb.build.BuildVerb object at 0x7f2bb2eb23a0>>, merge_install=False, metas=['./colcon.meta'], packages_above=None, packages_above_and_dependencies=None, packages_above_depth=None, packages_end=None, packages_ignore=None, packages_ignore_regex=None, packages_select=None, packages_select_build_failed=False, packages_select_by_dep=None, packages_select_regex=None, packages_select_test_failures=False, packages_skip=None, packages_skip_build_finished=False, packages_skip_by_dep=None, packages_skip_regex=None, packages_skip_test_passed=False, packages_skip_up_to=None, packages_start=None, packages_up_to=None, packages_up_to_regex=None, parallel_workers=8, paths=None, symlink_install=False, test_result_base=None, verb_extension=<colcon_core.verb.build.BuildVerb object at 0x7f2bb2eb23a0>, verb_name='build', verb_parser=<colcon_defaults.argument_parser.defaults.DefaultArgumentsDecorator object at 0x7f2bb2eb28e0>)
[0.223s] Level 1:colcon.colcon_core.package_discovery:discover_packages(colcon_meta) check parameters
[0.223s] Level 1:colcon.colcon_core.package_discovery:discover_packages(recursive) check parameters
[0.223s] Level 1:colcon.colcon_core.package_discovery:discover_packages(ignore) check parameters
[0.223s] Level 1:colcon.colcon_core.package_discovery:discover_packages(path) check parameters
[0.223s] Level 1:colcon.colcon_core.package_discovery:discover_packages(colcon_meta) discover
[0.223s] Level 1:colcon.colcon_core.package_discovery:discover_packages(recursive) discover
[0.223s] INFO:colcon.colcon_core.package_discovery:Crawling recursively for packages in '/home/mcav/robot_localisation_ws/minidrone/robot_localisation_pkg'
[0.223s] Level 1:colcon.colcon_core.package_identification:_identify(.) by extensions ['ignore', 'ignore_ament_install']
[0.223s] Level 1:colcon.colcon_core.package_identification:_identify(.) by extension 'ignore'
[0.224s] Level 1:colcon.colcon_core.package_identification:_identify(.) by extension 'ignore_ament_install'
[0.225s] Level 1:colcon.colcon_core.package_identification:_identify(.) by extensions ['colcon_pkg']
[0.225s] Level 1:colcon.colcon_core.package_identification:_identify(.) by extension 'colcon_pkg'
[0.225s] Level 1:colcon.colcon_core.package_identification:_identify(.) by extensions ['colcon_meta']
[0.226s] Level 1:colcon.colcon_core.package_identification:_identify(.) by extension 'colcon_meta'
[0.226s] Level 1:colcon.colcon_core.package_identification:_identify(.) by extensions ['ros']
[0.226s] Level 1:colcon.colcon_core.package_identification:_identify(.) by extension 'ros'
[0.246s] DEBUG:colcon.colcon_core.package_identification:Package '.' with type 'ros.ament_cmake' and name 'robot_localisation_pkg'
[0.246s] Level 1:colcon.colcon_core.package_discovery:discover_packages(recursive) using defaults
[0.246s] Level 1:colcon.colcon_core.package_discovery:discover_packages(ignore) discover
[0.246s] Level 1:colcon.colcon_core.package_discovery:discover_packages(ignore) using defaults
[0.246s] Level 1:colcon.colcon_core.package_discovery:discover_packages(path) discover
[0.246s] Level 1:colcon.colcon_core.package_discovery:discover_packages(path) using defaults
[0.282s] Level 1:colcon.colcon_core.package_discovery:discover_packages(prefix_path) check parameters
[0.282s] Level 1:colcon.colcon_core.package_discovery:discover_packages(prefix_path) discover
[0.284s] DEBUG:colcon.colcon_installed_package_information.package_discovery:Found 1 installed packages in /home/mcav/robot_localisation_ws/minidrone/robot_localisation_pkg/install
[0.286s] DEBUG:colcon.colcon_installed_package_information.package_discovery:Found 304 installed packages in /opt/ros/foxy
[0.288s] Level 1:colcon.colcon_core.package_discovery:discover_packages(prefix_path) using defaults
[0.392s] Level 5:colcon.colcon_core.verb:set package 'robot_localisation_pkg' build argument 'cmake_args' from command line to 'None'
[0.392s] Level 5:colcon.colcon_core.verb:set package 'robot_localisation_pkg' build argument 'cmake_target' from command line to 'None'
[0.392s] Level 5:colcon.colcon_core.verb:set package 'robot_localisation_pkg' build argument 'cmake_target_skip_unavailable' from command line to 'False'
[0.392s] Level 5:colcon.colcon_core.verb:set package 'robot_localisation_pkg' build argument 'cmake_clean_cache' from command line to 'False'
[0.392s] Level 5:colcon.colcon_core.verb:set package 'robot_localisation_pkg' build argument 'cmake_clean_first' from command line to 'False'
[0.392s] Level 5:colcon.colcon_core.verb:set package 'robot_localisation_pkg' build argument 'cmake_force_configure' from command line to 'False'
[0.392s] Level 5:colcon.colcon_core.verb:set package 'robot_localisation_pkg' build argument 'ament_cmake_args' from command line to 'None'
[0.392s] Level 5:colcon.colcon_core.verb:set package 'robot_localisation_pkg' build argument 'catkin_cmake_args' from command line to 'None'
[0.392s] Level 5:colcon.colcon_core.verb:set package 'robot_localisation_pkg' build argument 'catkin_skip_building_tests' from command line to 'False'
[0.392s] DEBUG:colcon.colcon_core.verb:Building package 'robot_localisation_pkg' with the following arguments: {'ament_cmake_args': None, 'build_base': '/home/mcav/robot_localisation_ws/minidrone/robot_localisation_pkg/build/robot_localisation_pkg', 'catkin_cmake_args': None, 'catkin_skip_building_tests': False, 'cmake_args': None, 'cmake_clean_cache': False, 'cmake_clean_first': False, 'cmake_force_configure': False, 'cmake_target': None, 'cmake_target_skip_unavailable': False, 'install_base': '/home/mcav/robot_localisation_ws/minidrone/robot_localisation_pkg/install/robot_localisation_pkg', 'merge_install': False, 'path': '/home/mcav/robot_localisation_ws/minidrone/robot_localisation_pkg', 'symlink_install': False, 'test_result_base': None}
[0.393s] INFO:colcon.colcon_core.executor:Executing jobs using 'parallel' executor
[0.400s] DEBUG:colcon.colcon_parallel_executor.executor.parallel:run_until_complete
[0.400s] INFO:colcon.colcon_ros.task.ament_cmake.build:Building ROS package in '/home/mcav/robot_localisation_ws/minidrone/robot_localisation_pkg' with build type 'ament_cmake'
[0.400s] INFO:colcon.colcon_cmake.task.cmake.build:Building CMake package in '/home/mcav/robot_localisation_ws/minidrone/robot_localisation_pkg'
[0.407s] INFO:colcon.colcon_core.plugin_system:Skipping extension 'colcon_core.shell.bat': Not used on non-Windows systems
[0.407s] INFO:colcon.colcon_core.shell:Skip shell extension 'powershell' for command environment: Not usable outside of PowerShell
[0.407s] DEBUG:colcon.colcon_core.shell:Skip shell extension 'dsv' for command environment
[0.417s] DEBUG:colcon.colcon_core.event_handler.log_command:Invoking command in '/home/mcav/robot_localisation_ws/minidrone/robot_localisation_pkg/build/robot_localisation_pkg': CMAKE_PREFIX_PATH=${CMAKE_PREFIX_PATH}:/opt/ros/foxy /usr/bin/cmake --build /home/mcav/robot_localisation_ws/minidrone/robot_localisation_pkg/build/robot_localisation_pkg -- -j8 -l8
[0.473s] DEBUG:colcon.colcon_core.event_handler.log_command:Invoked command in '/home/mcav/robot_localisation_ws/minidrone/robot_localisation_pkg/build/robot_localisation_pkg' returned '0': CMAKE_PREFIX_PATH=${CMAKE_PREFIX_PATH}:/opt/ros/foxy /usr/bin/cmake --build /home/mcav/robot_localisation_ws/minidrone/robot_localisation_pkg/build/robot_localisation_pkg -- -j8 -l8
[0.515s] DEBUG:colcon.colcon_core.event_handler.log_command:Invoking command in '/home/mcav/robot_localisation_ws/minidrone/robot_localisation_pkg/build/robot_localisation_pkg': CMAKE_PREFIX_PATH=${CMAKE_PREFIX_PATH}:/opt/ros/foxy /usr/bin/cmake --install /home/mcav/robot_localisation_ws/minidrone/robot_localisation_pkg/build/robot_localisation_pkg
[0.532s] Level 1:colcon.colcon_core.environment:create_environment_scripts_only(robot_localisation_pkg)
[0.540s] DEBUG:colcon.colcon_core.event_handler.log_command:Invoked command in '/home/mcav/robot_localisation_ws/minidrone/robot_localisation_pkg/build/robot_localisation_pkg' returned '0': CMAKE_PREFIX_PATH=${CMAKE_PREFIX_PATH}:/opt/ros/foxy /usr/bin/cmake --install /home/mcav/robot_localisation_ws/minidrone/robot_localisation_pkg/build/robot_localisation_pkg
[0.543s] Level 1:colcon.colcon_core.environment:checking '/home/mcav/robot_localisation_ws/minidrone/robot_localisation_pkg/install/robot_localisation_pkg' for CMake module files
[0.544s] Level 1:colcon.colcon_core.environment:checking '/home/mcav/robot_localisation_ws/minidrone/robot_localisation_pkg/install/robot_localisation_pkg' for CMake config files
[0.544s] Level 1:colcon.colcon_core.shell:create_environment_hook('robot_localisation_pkg', 'cmake_prefix_path')
[0.546s] INFO:colcon.colcon_core.shell:Creating environment hook '/home/mcav/robot_localisation_ws/minidrone/robot_localisation_pkg/install/robot_localisation_pkg/share/robot_localisation_pkg/hook/cmake_prefix_path.ps1'
[0.548s] INFO:colcon.colcon_core.shell:Creating environment descriptor '/home/mcav/robot_localisation_ws/minidrone/robot_localisation_pkg/install/robot_localisation_pkg/share/robot_localisation_pkg/hook/cmake_prefix_path.dsv'
[0.549s] INFO:colcon.colcon_core.shell:Creating environment hook '/home/mcav/robot_localisation_ws/minidrone/robot_localisation_pkg/install/robot_localisation_pkg/share/robot_localisation_pkg/hook/cmake_prefix_path.sh'
[0.550s] Level 1:colcon.colcon_core.environment:checking '/home/mcav/robot_localisation_ws/minidrone/robot_localisation_pkg/install/robot_localisation_pkg/bin'
[0.550s] Level 1:colcon.colcon_core.environment:checking '/home/mcav/robot_localisation_ws/minidrone/robot_localisation_pkg/install/robot_localisation_pkg/lib/pkgconfig/robot_localisation_pkg.pc'
[0.550s] Level 1:colcon.colcon_core.environment:checking '/home/mcav/robot_localisation_ws/minidrone/robot_localisation_pkg/install/robot_localisation_pkg/lib/python3.8/site-packages'
[0.551s] Level 1:colcon.colcon_core.environment:checking '/home/mcav/robot_localisation_ws/minidrone/robot_localisation_pkg/install/robot_localisation_pkg/bin'
[0.552s] INFO:colcon.colcon_core.shell:Creating package script '/home/mcav/robot_localisation_ws/minidrone/robot_localisation_pkg/install/robot_localisation_pkg/share/robot_localisation_pkg/package.ps1'
[0.552s] INFO:colcon.colcon_core.shell:Creating package descriptor '/home/mcav/robot_localisation_ws/minidrone/robot_localisation_pkg/install/robot_localisation_pkg/share/robot_localisation_pkg/package.dsv'
[0.553s] INFO:colcon.colcon_core.shell:Creating package script '/home/mcav/robot_localisation_ws/minidrone/robot_localisation_pkg/install/robot_localisation_pkg/share/robot_localisation_pkg/package.sh'
[0.553s] INFO:colcon.colcon_core.shell:Creating package script '/home/mcav/robot_localisation_ws/minidrone/robot_localisation_pkg/install/robot_localisation_pkg/share/robot_localisation_pkg/package.bash'
[0.554s] INFO:colcon.colcon_core.shell:Creating package script '/home/mcav/robot_localisation_ws/minidrone/robot_localisation_pkg/install/robot_localisation_pkg/share/robot_localisation_pkg/package.zsh'
[0.554s] Level 1:colcon.colcon_core.environment:create_file_with_runtime_dependencies(/home/mcav/robot_localisation_ws/minidrone/robot_localisation_pkg/install/robot_localisation_pkg/share/colcon-core/packages/robot_localisation_pkg)
[0.584s] Level 1:colcon.colcon_core.environment:create_environment_scripts_only(robot_localisation_pkg)
[0.586s] Level 1:colcon.colcon_core.environment:checking '/home/mcav/robot_localisation_ws/minidrone/robot_localisation_pkg/install/robot_localisation_pkg' for CMake module files
[0.587s] Level 1:colcon.colcon_core.environment:checking '/home/mcav/robot_localisation_ws/minidrone/robot_localisation_pkg/install/robot_localisation_pkg' for CMake config files
[0.587s] Level 1:colcon.colcon_core.shell:create_environment_hook('robot_localisation_pkg', 'cmake_prefix_path')
[0.588s] INFO:colcon.colcon_core.shell:Creating environment hook '/home/mcav/robot_localisation_ws/minidrone/robot_localisation_pkg/install/robot_localisation_pkg/share/robot_localisation_pkg/hook/cmake_prefix_path.ps1'
[0.589s] INFO:colcon.colcon_core.shell:Creating environment descriptor '/home/mcav/robot_localisation_ws/minidrone/robot_localisation_pkg/install/robot_localisation_pkg/share/robot_localisation_pkg/hook/cmake_prefix_path.dsv'
[0.589s] INFO:colcon.colcon_core.shell:Creating environment hook '/home/mcav/robot_localisation_ws/minidrone/robot_localisation_pkg/install/robot_localisation_pkg/share/robot_localisation_pkg/hook/cmake_prefix_path.sh'
[0.590s] Level 1:colcon.colcon_core.environment:checking '/home/mcav/robot_localisation_ws/minidrone/robot_localisation_pkg/install/robot_localisation_pkg/bin'
[0.590s] Level 1:colcon.colcon_core.environment:checking '/home/mcav/robot_localisation_ws/minidrone/robot_localisation_pkg/install/robot_localisation_pkg/lib/pkgconfig/robot_localisation_pkg.pc'
[0.590s] Level 1:colcon.colcon_core.environment:checking '/home/mcav/robot_localisation_ws/minidrone/robot_localisation_pkg/install/robot_localisation_pkg/lib/python3.8/site-packages'
[0.590s] Level 1:colcon.colcon_core.environment:checking '/home/mcav/robot_localisation_ws/minidrone/robot_localisation_pkg/install/robot_localisation_pkg/bin'
[0.592s] INFO:colcon.colcon_core.shell:Creating package script '/home/mcav/robot_localisation_ws/minidrone/robot_localisation_pkg/install/robot_localisation_pkg/share/robot_localisation_pkg/package.ps1'
[0.594s] INFO:colcon.colcon_core.shell:Creating package descriptor '/home/mcav/robot_localisation_ws/minidrone/robot_localisation_pkg/install/robot_localisation_pkg/share/robot_localisation_pkg/package.dsv'
[0.597s] INFO:colcon.colcon_core.shell:Creating package script '/home/mcav/robot_localisation_ws/minidrone/robot_localisation_pkg/install/robot_localisation_pkg/share/robot_localisation_pkg/package.sh'
[0.598s] INFO:colcon.colcon_core.shell:Creating package script '/home/mcav/robot_localisation_ws/minidrone/robot_localisation_pkg/install/robot_localisation_pkg/share/robot_localisation_pkg/package.bash'
[0.601s] INFO:colcon.colcon_core.shell:Creating package script '/home/mcav/robot_localisation_ws/minidrone/robot_localisation_pkg/install/robot_localisation_pkg/share/robot_localisation_pkg/package.zsh'
[0.601s] Level 1:colcon.colcon_core.environment:create_file_with_runtime_dependencies(/home/mcav/robot_localisation_ws/minidrone/robot_localisation_pkg/install/robot_localisation_pkg/share/colcon-core/packages/robot_localisation_pkg)
[0.602s] DEBUG:colcon.colcon_parallel_executor.executor.parallel:closing loop
[0.602s] DEBUG:colcon.colcon_parallel_executor.executor.parallel:loop closed
[0.603s] DEBUG:colcon.colcon_parallel_executor.executor.parallel:run_until_complete finished with '0'
[0.603s] DEBUG:colcon.colcon_core.event_reactor:joining thread
[0.609s] INFO:colcon.colcon_core.plugin_system:Skipping extension 'colcon_notification.desktop_notification.terminal_notifier': Not used on non-Darwin systems
[0.609s] INFO:colcon.colcon_core.plugin_system:Skipping extension 'colcon_notification.desktop_notification.win32': Not used on non-Windows systems
[0.609s] INFO:colcon.colcon_notification.desktop_notification:Sending desktop notification using 'notify2'
[0.623s] DEBUG:colcon.colcon_core.event_reactor:joined thread
[0.625s] INFO:colcon.colcon_core.shell:Creating prefix script '/home/mcav/robot_localisation_ws/minidrone/robot_localisation_pkg/install/local_setup.ps1'
[0.628s] INFO:colcon.colcon_core.shell:Creating prefix util module '/home/mcav/robot_localisation_ws/minidrone/robot_localisation_pkg/install/_local_setup_util_ps1.py'
[0.634s] INFO:colcon.colcon_core.shell:Creating prefix chain script '/home/mcav/robot_localisation_ws/minidrone/robot_localisation_pkg/install/setup.ps1'
[0.636s] INFO:colcon.colcon_core.shell:Creating prefix script '/home/mcav/robot_localisation_ws/minidrone/robot_localisation_pkg/install/local_setup.sh'
[0.637s] INFO:colcon.colcon_core.shell:Creating prefix util module '/home/mcav/robot_localisation_ws/minidrone/robot_localisation_pkg/install/_local_setup_util_sh.py'
[0.638s] INFO:colcon.colcon_core.shell:Creating prefix chain script '/home/mcav/robot_localisation_ws/minidrone/robot_localisation_pkg/install/setup.sh'
[0.639s] INFO:colcon.colcon_core.shell:Creating prefix script '/home/mcav/robot_localisation_ws/minidrone/robot_localisation_pkg/install/local_setup.bash'
[0.640s] INFO:colcon.colcon_core.shell:Creating prefix chain script '/home/mcav/robot_localisation_ws/minidrone/robot_localisation_pkg/install/setup.bash'
[0.641s] INFO:colcon.colcon_core.shell:Creating prefix script '/home/mcav/robot_localisation_ws/minidrone/robot_localisation_pkg/install/local_setup.zsh'
[0.641s] INFO:colcon.colcon_core.shell:Creating prefix chain script '/home/mcav/robot_localisation_ws/minidrone/robot_localisation_pkg/install/setup.zsh'
