[0.211s] DEBUG:colcon:Command line arguments: ['/usr/bin/colcon', 'build', '--symlink-install']
[0.211s] DEBUG:colcon:Parsed command line arguments: Namespace(allow_overriding=[], ament_cmake_args=None, base_paths=['.'], build_base='build', catkin_cmake_args=None, catkin_skip_building_tests=False, cmake_args=None, cmake_clean_cache=False, cmake_clean_first=False, cmake_force_configure=False, cmake_target=None, cmake_target_skip_unavailable=False, continue_on_error=False, event_handlers=None, executor='parallel', ignore_user_meta=False, install_base='install', log_base=None, log_level=None, main=<bound method BuildVerb.main of <colcon_core.verb.build.BuildVerb object at 0x7f436da82880>>, merge_install=False, metas=['./colcon.meta'], packages_above=None, packages_above_and_dependencies=None, packages_above_depth=None, packages_end=None, packages_ignore=None, packages_ignore_regex=None, packages_select=None, packages_select_build_failed=False, packages_select_by_dep=None, packages_select_regex=None, packages_select_test_failures=False, packages_skip=None, packages_skip_build_finished=False, packages_skip_by_dep=None, packages_skip_regex=None, packages_skip_test_passed=False, packages_skip_up_to=None, packages_start=None, packages_up_to=None, packages_up_to_regex=None, parallel_workers=7, paths=None, symlink_install=True, test_result_base=None, verb_extension=<colcon_core.verb.build.BuildVerb object at 0x7f436da82880>, verb_name='build', verb_parser=<colcon_defaults.argument_parser.defaults.DefaultArgumentsDecorator object at 0x7f436da82df0>)
[0.237s] Level 1:colcon.colcon_core.package_discovery:discover_packages(colcon_meta) check parameters
[0.238s] Level 1:colcon.colcon_core.package_discovery:discover_packages(recursive) check parameters
[0.238s] Level 1:colcon.colcon_core.package_discovery:discover_packages(ignore) check parameters
[0.238s] Level 1:colcon.colcon_core.package_discovery:discover_packages(path) check parameters
[0.238s] Level 1:colcon.colcon_core.package_discovery:discover_packages(colcon_meta) discover
[0.238s] Level 1:colcon.colcon_core.package_discovery:discover_packages(recursive) discover
[0.238s] INFO:colcon.colcon_core.package_discovery:Crawling recursively for packages in '/home/m076em/my_ws/src/minidrone'
[0.238s] Level 1:colcon.colcon_core.package_identification:_identify(.) by extensions ['ignore', 'ignore_ament_install']
[0.238s] Level 1:colcon.colcon_core.package_identification:_identify(.) by extension 'ignore'
[0.238s] Level 1:colcon.colcon_core.package_identification:_identify(.) by extension 'ignore_ament_install'
[0.239s] Level 1:colcon.colcon_core.package_identification:_identify(.) by extensions ['colcon_pkg']
[0.239s] Level 1:colcon.colcon_core.package_identification:_identify(.) by extension 'colcon_pkg'
[0.239s] Level 1:colcon.colcon_core.package_identification:_identify(.) by extensions ['colcon_meta']
[0.239s] Level 1:colcon.colcon_core.package_identification:_identify(.) by extension 'colcon_meta'
[0.239s] Level 1:colcon.colcon_core.package_identification:_identify(.) by extensions ['ros']
[0.239s] Level 1:colcon.colcon_core.package_identification:_identify(.) by extension 'ros'
[0.249s] Level 1:colcon.colcon_core.package_identification:_identify(.) by extensions ['cmake', 'python']
[0.250s] Level 1:colcon.colcon_core.package_identification:_identify(.) by extension 'cmake'
[0.250s] Level 1:colcon.colcon_core.package_identification:_identify(.) by extension 'python'
[0.250s] Level 1:colcon.colcon_core.package_identification:_identify(.) by extensions ['python_setup_py']
[0.250s] Level 1:colcon.colcon_core.package_identification:_identify(.) by extension 'python_setup_py'
[0.250s] Level 1:colcon.colcon_core.package_identification:_identify(build) by extensions ['ignore', 'ignore_ament_install']
[0.250s] Level 1:colcon.colcon_core.package_identification:_identify(build) by extension 'ignore'
[0.250s] Level 1:colcon.colcon_core.package_identification:_identify(build) ignored
[0.250s] Level 1:colcon.colcon_core.package_identification:_identify(docker) by extensions ['ignore', 'ignore_ament_install']
[0.250s] Level 1:colcon.colcon_core.package_identification:_identify(docker) by extension 'ignore'
[0.250s] Level 1:colcon.colcon_core.package_identification:_identify(docker) by extension 'ignore_ament_install'
[0.251s] Level 1:colcon.colcon_core.package_identification:_identify(docker) by extensions ['colcon_pkg']
[0.251s] Level 1:colcon.colcon_core.package_identification:_identify(docker) by extension 'colcon_pkg'
[0.251s] Level 1:colcon.colcon_core.package_identification:_identify(docker) by extensions ['colcon_meta']
[0.251s] Level 1:colcon.colcon_core.package_identification:_identify(docker) by extension 'colcon_meta'
[0.251s] Level 1:colcon.colcon_core.package_identification:_identify(docker) by extensions ['ros']
[0.251s] Level 1:colcon.colcon_core.package_identification:_identify(docker) by extension 'ros'
[0.251s] Level 1:colcon.colcon_core.package_identification:_identify(docker) by extensions ['cmake', 'python']
[0.251s] Level 1:colcon.colcon_core.package_identification:_identify(docker) by extension 'cmake'
[0.251s] Level 1:colcon.colcon_core.package_identification:_identify(docker) by extension 'python'
[0.251s] Level 1:colcon.colcon_core.package_identification:_identify(docker) by extensions ['python_setup_py']
[0.251s] Level 1:colcon.colcon_core.package_identification:_identify(docker) by extension 'python_setup_py'
[0.251s] Level 1:colcon.colcon_core.package_identification:_identify(install) by extensions ['ignore', 'ignore_ament_install']
[0.251s] Level 1:colcon.colcon_core.package_identification:_identify(install) by extension 'ignore'
[0.251s] Level 1:colcon.colcon_core.package_identification:_identify(install) ignored
[0.252s] Level 1:colcon.colcon_core.package_identification:_identify(log) by extensions ['ignore', 'ignore_ament_install']
[0.252s] Level 1:colcon.colcon_core.package_identification:_identify(log) by extension 'ignore'
[0.252s] Level 1:colcon.colcon_core.package_identification:_identify(log) ignored
[0.252s] Level 1:colcon.colcon_core.package_identification:_identify(minidrone_bringup) by extensions ['ignore', 'ignore_ament_install']
[0.252s] Level 1:colcon.colcon_core.package_identification:_identify(minidrone_bringup) by extension 'ignore'
[0.252s] Level 1:colcon.colcon_core.package_identification:_identify(minidrone_bringup) by extension 'ignore_ament_install'
[0.252s] Level 1:colcon.colcon_core.package_identification:_identify(minidrone_bringup) by extensions ['colcon_pkg']
[0.253s] Level 1:colcon.colcon_core.package_identification:_identify(minidrone_bringup) by extension 'colcon_pkg'
[0.253s] Level 1:colcon.colcon_core.package_identification:_identify(minidrone_bringup) by extensions ['colcon_meta']
[0.253s] Level 1:colcon.colcon_core.package_identification:_identify(minidrone_bringup) by extension 'colcon_meta'
[0.253s] Level 1:colcon.colcon_core.package_identification:_identify(minidrone_bringup) by extensions ['ros']
[0.253s] Level 1:colcon.colcon_core.package_identification:_identify(minidrone_bringup) by extension 'ros'
[0.268s] DEBUG:colcon.colcon_core.package_identification:Package 'minidrone_bringup' with type 'ros.ament_python' and name 'minidrone_bringup'
[0.268s] Level 1:colcon.colcon_core.package_identification:_identify(rrt_planner) by extensions ['ignore', 'ignore_ament_install']
[0.268s] Level 1:colcon.colcon_core.package_identification:_identify(rrt_planner) by extension 'ignore'
[0.268s] Level 1:colcon.colcon_core.package_identification:_identify(rrt_planner) by extension 'ignore_ament_install'
[0.268s] Level 1:colcon.colcon_core.package_identification:_identify(rrt_planner) by extensions ['colcon_pkg']
[0.268s] Level 1:colcon.colcon_core.package_identification:_identify(rrt_planner) by extension 'colcon_pkg'
[0.268s] Level 1:colcon.colcon_core.package_identification:_identify(rrt_planner) by extensions ['colcon_meta']
[0.269s] Level 1:colcon.colcon_core.package_identification:_identify(rrt_planner) by extension 'colcon_meta'
[0.269s] Level 1:colcon.colcon_core.package_identification:_identify(rrt_planner) by extensions ['ros']
[0.269s] Level 1:colcon.colcon_core.package_identification:_identify(rrt_planner) by extension 'ros'
[0.269s] DEBUG:colcon.colcon_core.package_identification:Package 'rrt_planner' with type 'ros.ament_python' and name 'rrt_planner'
[0.269s] Level 1:colcon.colcon_core.package_discovery:discover_packages(recursive) using defaults
[0.269s] Level 1:colcon.colcon_core.package_discovery:discover_packages(ignore) discover
[0.269s] Level 1:colcon.colcon_core.package_discovery:discover_packages(ignore) using defaults
[0.269s] Level 1:colcon.colcon_core.package_discovery:discover_packages(path) discover
[0.269s] Level 1:colcon.colcon_core.package_discovery:discover_packages(path) using defaults
[0.292s] Level 1:colcon.colcon_core.package_discovery:discover_packages(prefix_path) check parameters
[0.292s] Level 1:colcon.colcon_core.package_discovery:discover_packages(prefix_path) discover
[0.295s] DEBUG:colcon.colcon_installed_package_information.package_discovery:Found 2 installed packages in /home/m076em/my_ws/src/minidrone/install
[0.297s] DEBUG:colcon.colcon_installed_package_information.package_discovery:Found 1 installed packages in /home/m076em/my_ws/src/install
[0.303s] DEBUG:colcon.colcon_installed_package_information.package_discovery:Found 7 installed packages in /home/m076em/my_ws/install
[0.308s] DEBUG:colcon.colcon_installed_package_information.package_discovery:Found 319 installed packages in /opt/ros/foxy
[0.310s] Level 1:colcon.colcon_core.package_discovery:discover_packages(prefix_path) using defaults
[0.392s] Level 5:colcon.colcon_core.verb:set package 'minidrone_bringup' build argument 'cmake_args' from command line to 'None'
[0.392s] Level 5:colcon.colcon_core.verb:set package 'minidrone_bringup' build argument 'cmake_target' from command line to 'None'
[0.392s] Level 5:colcon.colcon_core.verb:set package 'minidrone_bringup' build argument 'cmake_target_skip_unavailable' from command line to 'False'
[0.392s] Level 5:colcon.colcon_core.verb:set package 'minidrone_bringup' build argument 'cmake_clean_cache' from command line to 'False'
[0.392s] Level 5:colcon.colcon_core.verb:set package 'minidrone_bringup' build argument 'cmake_clean_first' from command line to 'False'
[0.392s] Level 5:colcon.colcon_core.verb:set package 'minidrone_bringup' build argument 'cmake_force_configure' from command line to 'False'
[0.392s] Level 5:colcon.colcon_core.verb:set package 'minidrone_bringup' build argument 'ament_cmake_args' from command line to 'None'
[0.392s] Level 5:colcon.colcon_core.verb:set package 'minidrone_bringup' build argument 'catkin_cmake_args' from command line to 'None'
[0.392s] Level 5:colcon.colcon_core.verb:set package 'minidrone_bringup' build argument 'catkin_skip_building_tests' from command line to 'False'
[0.392s] DEBUG:colcon.colcon_core.verb:Building package 'minidrone_bringup' with the following arguments: {'ament_cmake_args': None, 'build_base': '/home/m076em/my_ws/src/minidrone/build/minidrone_bringup', 'catkin_cmake_args': None, 'catkin_skip_building_tests': False, 'cmake_args': None, 'cmake_clean_cache': False, 'cmake_clean_first': False, 'cmake_force_configure': False, 'cmake_target': None, 'cmake_target_skip_unavailable': False, 'install_base': '/home/m076em/my_ws/src/minidrone/install/minidrone_bringup', 'merge_install': False, 'path': '/home/m076em/my_ws/src/minidrone/minidrone_bringup', 'symlink_install': True, 'test_result_base': None}
[0.393s] Level 5:colcon.colcon_core.verb:set package 'rrt_planner' build argument 'cmake_args' from command line to 'None'
[0.393s] Level 5:colcon.colcon_core.verb:set package 'rrt_planner' build argument 'cmake_target' from command line to 'None'
[0.393s] Level 5:colcon.colcon_core.verb:set package 'rrt_planner' build argument 'cmake_target_skip_unavailable' from command line to 'False'
[0.393s] Level 5:colcon.colcon_core.verb:set package 'rrt_planner' build argument 'cmake_clean_cache' from command line to 'False'
[0.393s] Level 5:colcon.colcon_core.verb:set package 'rrt_planner' build argument 'cmake_clean_first' from command line to 'False'
[0.393s] Level 5:colcon.colcon_core.verb:set package 'rrt_planner' build argument 'cmake_force_configure' from command line to 'False'
[0.393s] Level 5:colcon.colcon_core.verb:set package 'rrt_planner' build argument 'ament_cmake_args' from command line to 'None'
[0.393s] Level 5:colcon.colcon_core.verb:set package 'rrt_planner' build argument 'catkin_cmake_args' from command line to 'None'
[0.393s] Level 5:colcon.colcon_core.verb:set package 'rrt_planner' build argument 'catkin_skip_building_tests' from command line to 'False'
[0.393s] DEBUG:colcon.colcon_core.verb:Building package 'rrt_planner' with the following arguments: {'ament_cmake_args': None, 'build_base': '/home/m076em/my_ws/src/minidrone/build/rrt_planner', 'catkin_cmake_args': None, 'catkin_skip_building_tests': False, 'cmake_args': None, 'cmake_clean_cache': False, 'cmake_clean_first': False, 'cmake_force_configure': False, 'cmake_target': None, 'cmake_target_skip_unavailable': False, 'install_base': '/home/m076em/my_ws/src/minidrone/install/rrt_planner', 'merge_install': False, 'path': '/home/m076em/my_ws/src/minidrone/rrt_planner', 'symlink_install': True, 'test_result_base': None}
[0.394s] INFO:colcon.colcon_core.executor:Executing jobs using 'parallel' executor
[0.398s] DEBUG:colcon.colcon_parallel_executor.executor.parallel:run_until_complete
[0.398s] INFO:colcon.colcon_ros.task.ament_python.build:Building ROS package in '/home/m076em/my_ws/src/minidrone/minidrone_bringup' with build type 'ament_python'
[0.398s] Level 1:colcon.colcon_core.shell:create_environment_hook('minidrone_bringup', 'ament_prefix_path')
[0.405s] INFO:colcon.colcon_core.plugin_system:Skipping extension 'colcon_core.shell.bat': Not used on non-Windows systems
[0.405s] INFO:colcon.colcon_core.shell:Creating environment hook '/home/m076em/my_ws/src/minidrone/install/minidrone_bringup/share/minidrone_bringup/hook/ament_prefix_path.ps1'
[0.406s] INFO:colcon.colcon_core.shell:Creating environment descriptor '/home/m076em/my_ws/src/minidrone/install/minidrone_bringup/share/minidrone_bringup/hook/ament_prefix_path.dsv'
[0.407s] INFO:colcon.colcon_core.shell:Creating environment hook '/home/m076em/my_ws/src/minidrone/install/minidrone_bringup/share/minidrone_bringup/hook/ament_prefix_path.sh'
[0.409s] INFO:colcon.colcon_core.shell:Skip shell extension 'powershell' for command environment: Not usable outside of PowerShell
[0.409s] DEBUG:colcon.colcon_core.shell:Skip shell extension 'dsv' for command environment
[0.423s] INFO:colcon.colcon_ros.task.ament_python.build:Building ROS package in '/home/m076em/my_ws/src/minidrone/rrt_planner' with build type 'ament_python'
[0.424s] Level 1:colcon.colcon_core.shell:create_environment_hook('rrt_planner', 'ament_prefix_path')
[0.427s] INFO:colcon.colcon_core.shell:Creating environment hook '/home/m076em/my_ws/src/minidrone/install/rrt_planner/share/rrt_planner/hook/ament_prefix_path.ps1'
[0.432s] INFO:colcon.colcon_core.shell:Creating environment descriptor '/home/m076em/my_ws/src/minidrone/install/rrt_planner/share/rrt_planner/hook/ament_prefix_path.dsv'
[0.433s] INFO:colcon.colcon_core.shell:Creating environment hook '/home/m076em/my_ws/src/minidrone/install/rrt_planner/share/rrt_planner/hook/ament_prefix_path.sh'
[0.435s] INFO:colcon.colcon_core.shell:Skip shell extension 'powershell' for command environment: Not usable outside of PowerShell
[0.435s] DEBUG:colcon.colcon_core.shell:Skip shell extension 'dsv' for command environment
[0.692s] INFO:colcon.colcon_core.task.python.build:Building Python package in '/home/m076em/my_ws/src/minidrone/minidrone_bringup'
[0.696s] INFO:colcon.colcon_core.shell:Skip shell extension 'powershell' for command environment: Not usable outside of PowerShell
[0.696s] DEBUG:colcon.colcon_core.shell:Skip shell extension 'dsv' for command environment
[0.940s] INFO:colcon.colcon_core.task.python.build:Building Python package in '/home/m076em/my_ws/src/minidrone/rrt_planner'
[0.942s] INFO:colcon.colcon_core.shell:Skip shell extension 'powershell' for command environment: Not usable outside of PowerShell
[0.942s] DEBUG:colcon.colcon_core.shell:Skip shell extension 'dsv' for command environment
[1.390s] DEBUG:colcon.colcon_core.event_handler.log_command:Invoking command in '/home/m076em/my_ws/src/minidrone/build/minidrone_bringup': PYTHONPATH=/home/m076em/my_ws/src/minidrone/build/minidrone_bringup/prefix_override:/home/m076em/my_ws/src/minidrone/install/minidrone_bringup/lib/python3.8/site-packages:${PYTHONPATH} /usr/bin/python3 setup.py develop --editable --build-directory /home/m076em/my_ws/src/minidrone/build/minidrone_bringup/build --no-deps install_data
[1.409s] DEBUG:colcon.colcon_core.event_handler.log_command:Invoking command in '/home/m076em/my_ws/src/minidrone/build/rrt_planner': PYTHONPATH=/home/m076em/my_ws/src/minidrone/build/rrt_planner/prefix_override:/home/m076em/my_ws/src/minidrone/install/rrt_planner/lib/python3.8/site-packages:${PYTHONPATH} /usr/bin/python3 setup.py develop --editable --build-directory /home/m076em/my_ws/src/minidrone/build/rrt_planner/build --no-deps install_data
[1.928s] Level 1:colcon.colcon_core.shell:create_environment_hook('minidrone_bringup', 'pythonpath_develop')
[1.930s] INFO:colcon.colcon_core.shell:Creating environment hook '/home/m076em/my_ws/src/minidrone/build/minidrone_bringup/share/minidrone_bringup/hook/pythonpath_develop.ps1'
[1.935s] DEBUG:colcon.colcon_core.event_handler.log_command:Invoked command in '/home/m076em/my_ws/src/minidrone/build/minidrone_bringup' returned '0': PYTHONPATH=/home/m076em/my_ws/src/minidrone/build/minidrone_bringup/prefix_override:/home/m076em/my_ws/src/minidrone/install/minidrone_bringup/lib/python3.8/site-packages:${PYTHONPATH} /usr/bin/python3 setup.py develop --editable --build-directory /home/m076em/my_ws/src/minidrone/build/minidrone_bringup/build --no-deps install_data
[1.935s] INFO:colcon.colcon_core.shell:Creating environment descriptor '/home/m076em/my_ws/src/minidrone/build/minidrone_bringup/share/minidrone_bringup/hook/pythonpath_develop.dsv'
[1.936s] INFO:colcon.colcon_core.shell:Creating environment hook '/home/m076em/my_ws/src/minidrone/build/minidrone_bringup/share/minidrone_bringup/hook/pythonpath_develop.sh'
[1.941s] Level 1:colcon.colcon_core.environment:checking '/home/m076em/my_ws/src/minidrone/install/minidrone_bringup' for CMake module files
[1.941s] Level 1:colcon.colcon_core.environment:checking '/home/m076em/my_ws/src/minidrone/install/minidrone_bringup' for CMake config files
[1.942s] Level 1:colcon.colcon_core.environment:checking '/home/m076em/my_ws/src/minidrone/install/minidrone_bringup/lib'
[1.942s] Level 1:colcon.colcon_core.environment:checking '/home/m076em/my_ws/src/minidrone/install/minidrone_bringup/bin'
[1.942s] Level 1:colcon.colcon_core.environment:checking '/home/m076em/my_ws/src/minidrone/install/minidrone_bringup/lib/pkgconfig/minidrone_bringup.pc'
[1.942s] Level 1:colcon.colcon_core.environment:checking '/home/m076em/my_ws/src/minidrone/install/minidrone_bringup/lib/python3.8/site-packages'
[1.943s] Level 1:colcon.colcon_core.shell:create_environment_hook('minidrone_bringup', 'pythonpath')
[1.944s] INFO:colcon.colcon_core.shell:Creating environment hook '/home/m076em/my_ws/src/minidrone/install/minidrone_bringup/share/minidrone_bringup/hook/pythonpath.ps1'
[1.944s] INFO:colcon.colcon_core.shell:Creating environment descriptor '/home/m076em/my_ws/src/minidrone/install/minidrone_bringup/share/minidrone_bringup/hook/pythonpath.dsv'
[1.947s] INFO:colcon.colcon_core.shell:Creating environment hook '/home/m076em/my_ws/src/minidrone/install/minidrone_bringup/share/minidrone_bringup/hook/pythonpath.sh'
[1.949s] Level 1:colcon.colcon_core.environment:checking '/home/m076em/my_ws/src/minidrone/install/minidrone_bringup/bin'
[1.950s] Level 1:colcon.colcon_core.environment:create_environment_scripts_only(minidrone_bringup)
[1.954s] INFO:colcon.colcon_core.shell:Creating package script '/home/m076em/my_ws/src/minidrone/install/minidrone_bringup/share/minidrone_bringup/package.ps1'
[1.957s] INFO:colcon.colcon_core.shell:Creating package descriptor '/home/m076em/my_ws/src/minidrone/install/minidrone_bringup/share/minidrone_bringup/package.dsv'
[1.958s] INFO:colcon.colcon_core.shell:Creating package script '/home/m076em/my_ws/src/minidrone/install/minidrone_bringup/share/minidrone_bringup/package.sh'
[1.959s] INFO:colcon.colcon_core.shell:Creating package script '/home/m076em/my_ws/src/minidrone/install/minidrone_bringup/share/minidrone_bringup/package.bash'
[1.961s] INFO:colcon.colcon_core.shell:Creating package script '/home/m076em/my_ws/src/minidrone/install/minidrone_bringup/share/minidrone_bringup/package.zsh'
[1.962s] Level 1:colcon.colcon_core.environment:create_file_with_runtime_dependencies(/home/m076em/my_ws/src/minidrone/install/minidrone_bringup/share/colcon-core/packages/minidrone_bringup)
[1.963s] Level 1:colcon.colcon_core.shell:create_environment_hook('rrt_planner', 'pythonpath_develop')
[1.964s] INFO:colcon.colcon_core.shell:Creating environment hook '/home/m076em/my_ws/src/minidrone/build/rrt_planner/share/rrt_planner/hook/pythonpath_develop.ps1'
[1.965s] INFO:colcon.colcon_core.shell:Creating environment descriptor '/home/m076em/my_ws/src/minidrone/build/rrt_planner/share/rrt_planner/hook/pythonpath_develop.dsv'
[1.967s] DEBUG:colcon.colcon_core.event_handler.log_command:Invoked command in '/home/m076em/my_ws/src/minidrone/build/rrt_planner' returned '0': PYTHONPATH=/home/m076em/my_ws/src/minidrone/build/rrt_planner/prefix_override:/home/m076em/my_ws/src/minidrone/install/rrt_planner/lib/python3.8/site-packages:${PYTHONPATH} /usr/bin/python3 setup.py develop --editable --build-directory /home/m076em/my_ws/src/minidrone/build/rrt_planner/build --no-deps install_data
[1.967s] INFO:colcon.colcon_core.shell:Creating environment hook '/home/m076em/my_ws/src/minidrone/build/rrt_planner/share/rrt_planner/hook/pythonpath_develop.sh'
[1.970s] Level 1:colcon.colcon_core.environment:checking '/home/m076em/my_ws/src/minidrone/install/rrt_planner' for CMake module files
[1.970s] Level 1:colcon.colcon_core.environment:checking '/home/m076em/my_ws/src/minidrone/install/rrt_planner' for CMake config files
[1.971s] Level 1:colcon.colcon_core.environment:checking '/home/m076em/my_ws/src/minidrone/install/rrt_planner/lib'
[1.971s] Level 1:colcon.colcon_core.environment:checking '/home/m076em/my_ws/src/minidrone/install/rrt_planner/bin'
[1.971s] Level 1:colcon.colcon_core.environment:checking '/home/m076em/my_ws/src/minidrone/install/rrt_planner/lib/pkgconfig/rrt_planner.pc'
[1.971s] Level 1:colcon.colcon_core.environment:checking '/home/m076em/my_ws/src/minidrone/install/rrt_planner/lib/python3.8/site-packages'
[1.971s] Level 1:colcon.colcon_core.shell:create_environment_hook('rrt_planner', 'pythonpath')
[1.972s] INFO:colcon.colcon_core.shell:Creating environment hook '/home/m076em/my_ws/src/minidrone/install/rrt_planner/share/rrt_planner/hook/pythonpath.ps1'
[1.973s] INFO:colcon.colcon_core.shell:Creating environment descriptor '/home/m076em/my_ws/src/minidrone/install/rrt_planner/share/rrt_planner/hook/pythonpath.dsv'
[1.975s] INFO:colcon.colcon_core.shell:Creating environment hook '/home/m076em/my_ws/src/minidrone/install/rrt_planner/share/rrt_planner/hook/pythonpath.sh'
[1.976s] Level 1:colcon.colcon_core.environment:checking '/home/m076em/my_ws/src/minidrone/install/rrt_planner/bin'
[1.976s] Level 1:colcon.colcon_core.environment:create_environment_scripts_only(rrt_planner)
[1.977s] INFO:colcon.colcon_core.shell:Creating package script '/home/m076em/my_ws/src/minidrone/install/rrt_planner/share/rrt_planner/package.ps1'
[1.978s] INFO:colcon.colcon_core.shell:Creating package descriptor '/home/m076em/my_ws/src/minidrone/install/rrt_planner/share/rrt_planner/package.dsv'
[1.978s] INFO:colcon.colcon_core.shell:Creating package script '/home/m076em/my_ws/src/minidrone/install/rrt_planner/share/rrt_planner/package.sh'
[1.979s] INFO:colcon.colcon_core.shell:Creating package script '/home/m076em/my_ws/src/minidrone/install/rrt_planner/share/rrt_planner/package.bash'
[1.980s] INFO:colcon.colcon_core.shell:Creating package script '/home/m076em/my_ws/src/minidrone/install/rrt_planner/share/rrt_planner/package.zsh'
[1.980s] Level 1:colcon.colcon_core.environment:create_file_with_runtime_dependencies(/home/m076em/my_ws/src/minidrone/install/rrt_planner/share/colcon-core/packages/rrt_planner)
[1.981s] DEBUG:colcon.colcon_parallel_executor.executor.parallel:closing loop
[1.982s] DEBUG:colcon.colcon_parallel_executor.executor.parallel:loop closed
[1.984s] DEBUG:colcon.colcon_parallel_executor.executor.parallel:run_until_complete finished with '0'
[1.986s] DEBUG:colcon.colcon_core.event_reactor:joining thread
[1.999s] INFO:colcon.colcon_core.plugin_system:Skipping extension 'colcon_notification.desktop_notification.terminal_notifier': Not used on non-Darwin systems
[1.999s] INFO:colcon.colcon_core.plugin_system:Skipping extension 'colcon_notification.desktop_notification.win32': Not used on non-Windows systems
[1.999s] INFO:colcon.colcon_notification.desktop_notification:Sending desktop notification using 'notify2'
[2.058s] DEBUG:colcon.colcon_core.event_reactor:joined thread
[2.060s] INFO:colcon.colcon_core.shell:Creating prefix script '/home/m076em/my_ws/src/minidrone/install/local_setup.ps1'
[2.066s] INFO:colcon.colcon_core.shell:Creating prefix util module '/home/m076em/my_ws/src/minidrone/install/_local_setup_util_ps1.py'
[2.079s] INFO:colcon.colcon_core.shell:Creating prefix chain script '/home/m076em/my_ws/src/minidrone/install/setup.ps1'
[2.088s] INFO:colcon.colcon_core.shell:Creating prefix script '/home/m076em/my_ws/src/minidrone/install/local_setup.sh'
[2.089s] INFO:colcon.colcon_core.shell:Creating prefix util module '/home/m076em/my_ws/src/minidrone/install/_local_setup_util_sh.py'
[2.090s] INFO:colcon.colcon_core.shell:Creating prefix chain script '/home/m076em/my_ws/src/minidrone/install/setup.sh'
[2.094s] INFO:colcon.colcon_core.shell:Creating prefix script '/home/m076em/my_ws/src/minidrone/install/local_setup.bash'
[2.098s] INFO:colcon.colcon_core.shell:Creating prefix chain script '/home/m076em/my_ws/src/minidrone/install/setup.bash'
[2.106s] INFO:colcon.colcon_core.shell:Creating prefix script '/home/m076em/my_ws/src/minidrone/install/local_setup.zsh'
[2.107s] INFO:colcon.colcon_core.shell:Creating prefix chain script '/home/m076em/my_ws/src/minidrone/install/setup.zsh'
