-- The C compiler identification is GNU 9.4.0
-- The CXX compiler identification is GNU 9.4.0
-- Detecting C compiler ABI info
-- Detecting C compiler ABI info - done
-- Check for working C compiler: /usr/bin/cc - skipped
-- Detecting C compile features
-- Detecting C compile features - done
-- Detecting CXX compiler ABI info
-- Detecting CXX compiler ABI info - done
-- Check for working CXX compiler: /usr/bin/c++ - skipped
-- Detecting CXX compile features
-- Detecting CXX compile features - done
-- Looking for pthread.h
-- Looking for pthread.h - found
-- Performing Test CMAKE_HAVE_LIBC_PTHREAD
-- Performing Test CMAKE_HAVE_LIBC_PTHREAD - Failed
-- Looking for pthread_create in pthreads
-- Looking for pthread_create in pthreads - not found
-- Looking for pthread_create in pthread
-- Looking for pthread_create in pthread - found
-- Found Threads: TRUE  
-- Found CUDA: /usr/local/cuda (found suitable exact version "11.4") 
-- Found OpenCV version 4.5.0
-- Found ament_cmake: 0.9.9 (/opt/ros/foxy/install/share/ament_cmake/cmake)
-- Found PythonInterp: /usr/bin/python3 (found suitable version "3.8.10", minimum required is "3") 
-- Using PYTHON_EXECUTABLE: /usr/bin/python3
-- Found camera_calibration_parsers: 2.3.0 (/opt/ros/foxy/install/share/camera_calibration_parsers/cmake)
-- Using all available rosidl_typesupport_c: rosidl_typesupport_fastrtps_c;rosidl_typesupport_introspection_c
-- Found rosidl_adapter: 1.2.1 (/opt/ros/foxy/install/share/rosidl_adapter/cmake)
-- Found OpenSSL: /usr/lib/aarch64-linux-gnu/libcrypto.so (found version "1.1.1f")  
-- Found FastRTPS: /opt/ros/foxy/install/include  
-- Using all available rosidl_typesupport_cpp: rosidl_typesupport_fastrtps_cpp;rosidl_typesupport_introspection_cpp
-- Found rmw_implementation_cmake: 1.0.3 (/opt/ros/foxy/install/share/rmw_implementation_cmake/cmake)
-- Using RMW implementation 'rmw_cyclonedds_cpp' as default
-- Setting yaml-cpp_DIR to: '/opt/ros/foxy/install/share/yaml_cpp_vendor/cmake/../../../opt/yaml_cpp_vendor/lib/cmake/yaml-cpp'
-- Found class_loader: 2.0.2 (/opt/ros/foxy/install/share/class_loader/cmake)
-- Found rclcpp_components: 2.4.1 (/opt/ros/foxy/install/share/rclcpp_components/cmake)
-- Found ros2_shared: 0.1.0 (/home/mcav/mcav_ws/install/ros2_shared/share/ros2_shared/cmake)
-- Configuring done
-- Generating done
-- Build files have been written to: /home/mcav/mcav_ws/src/minidrone/build/opencv_cam
[ 25%] [32mBuilding CXX object CMakeFiles/subscriber_node.dir/src/subscriber_node.cpp.o[0m
[ 25%] [32mBuilding CXX object CMakeFiles/opencv_cam_node.dir/src/opencv_cam_node.cpp.o[0m
[ 37%] [32m[1mLinking CXX shared library libopencv_cam_node.so[0m
[ 50%] [32m[1mLinking CXX shared library libsubscriber_node.so[0m
[ 50%] Built target subscriber_node
[ 50%] Built target opencv_cam_node
[ 75%] [32mBuilding CXX object CMakeFiles/opencv_cam_main.dir/src/opencv_cam_main.cpp.o[0m
[ 75%] [32mBuilding CXX object CMakeFiles/ipc_test_main.dir/src/ipc_test_main.cpp.o[0m
[ 87%] [32m[1mLinking CXX executable opencv_cam_main[0m
[100%] [32m[1mLinking CXX executable ipc_test_main[0m
[100%] Built target opencv_cam_main
[100%] Built target ipc_test_main
-- Install configuration: ""
-- Installing: /home/mcav/mcav_ws/src/minidrone/install/opencv_cam/share/opencv_cam/environment/library_path.sh
-- Installing: /home/mcav/mcav_ws/src/minidrone/install/opencv_cam/share/opencv_cam/environment/library_path.dsv
-- Installing: /home/mcav/mcav_ws/src/minidrone/install/opencv_cam/share/ament_index/resource_index/package_run_dependencies/opencv_cam
-- Installing: /home/mcav/mcav_ws/src/minidrone/install/opencv_cam/share/ament_index/resource_index/parent_prefix_path/opencv_cam
-- Installing: /home/mcav/mcav_ws/src/minidrone/install/opencv_cam/share/opencv_cam/environment/ament_prefix_path.sh
-- Installing: /home/mcav/mcav_ws/src/minidrone/install/opencv_cam/share/opencv_cam/environment/ament_prefix_path.dsv
-- Installing: /home/mcav/mcav_ws/src/minidrone/install/opencv_cam/share/opencv_cam/environment/path.sh
-- Installing: /home/mcav/mcav_ws/src/minidrone/install/opencv_cam/share/opencv_cam/environment/path.dsv
-- Installing: /home/mcav/mcav_ws/src/minidrone/install/opencv_cam/share/opencv_cam/local_setup.bash
-- Installing: /home/mcav/mcav_ws/src/minidrone/install/opencv_cam/share/opencv_cam/local_setup.sh
-- Installing: /home/mcav/mcav_ws/src/minidrone/install/opencv_cam/share/opencv_cam/local_setup.zsh
-- Installing: /home/mcav/mcav_ws/src/minidrone/install/opencv_cam/share/opencv_cam/local_setup.dsv
-- Installing: /home/mcav/mcav_ws/src/minidrone/install/opencv_cam/share/opencv_cam/package.dsv
-- Installing: /home/mcav/mcav_ws/src/minidrone/install/opencv_cam/share/ament_index/resource_index/packages/opencv_cam
-- Installing: /home/mcav/mcav_ws/src/minidrone/install/opencv_cam/share/ament_index/resource_index/rclcpp_components/opencv_cam
-- Installing: /home/mcav/mcav_ws/src/minidrone/install/opencv_cam/share/opencv_cam/cmake/export_opencv_cam_nodeExport.cmake
-- Installing: /home/mcav/mcav_ws/src/minidrone/install/opencv_cam/share/opencv_cam/cmake/export_opencv_cam_nodeExport-noconfig.cmake
-- Installing: /home/mcav/mcav_ws/src/minidrone/install/opencv_cam/share/opencv_cam/cmake/export_subscriber_nodeExport.cmake
-- Installing: /home/mcav/mcav_ws/src/minidrone/install/opencv_cam/share/opencv_cam/cmake/export_subscriber_nodeExport-noconfig.cmake
-- Installing: /home/mcav/mcav_ws/src/minidrone/install/opencv_cam/share/opencv_cam/cmake/ament_cmake_export_dependencies-extras.cmake
-- Installing: /home/mcav/mcav_ws/src/minidrone/install/opencv_cam/share/opencv_cam/cmake/ament_cmake_export_include_directories-extras.cmake
-- Installing: /home/mcav/mcav_ws/src/minidrone/install/opencv_cam/share/opencv_cam/cmake/ament_cmake_export_targets-extras.cmake
-- Installing: /home/mcav/mcav_ws/src/minidrone/install/opencv_cam/share/opencv_cam/cmake/ament_cmake_export_libraries-extras.cmake
-- Installing: /home/mcav/mcav_ws/src/minidrone/install/opencv_cam/share/opencv_cam/cmake/opencv_camConfig.cmake
-- Installing: /home/mcav/mcav_ws/src/minidrone/install/opencv_cam/share/opencv_cam/cmake/opencv_camConfig-version.cmake
-- Installing: /home/mcav/mcav_ws/src/minidrone/install/opencv_cam/share/opencv_cam/package.xml
-- Installing: /home/mcav/mcav_ws/src/minidrone/install/opencv_cam/lib/libopencv_cam_node.so
-- Set runtime path of "/home/mcav/mcav_ws/src/minidrone/install/opencv_cam/lib/libopencv_cam_node.so" to ""
-- Installing: /home/mcav/mcav_ws/src/minidrone/install/opencv_cam/lib/libsubscriber_node.so
-- Set runtime path of "/home/mcav/mcav_ws/src/minidrone/install/opencv_cam/lib/libsubscriber_node.so" to ""
-- Installing: /home/mcav/mcav_ws/src/minidrone/install/opencv_cam/lib/opencv_cam/opencv_cam_main
-- Set runtime path of "/home/mcav/mcav_ws/src/minidrone/install/opencv_cam/lib/opencv_cam/opencv_cam_main" to ""
-- Installing: /home/mcav/mcav_ws/src/minidrone/install/opencv_cam/lib/opencv_cam/ipc_test_main
-- Set runtime path of "/home/mcav/mcav_ws/src/minidrone/install/opencv_cam/lib/opencv_cam/ipc_test_main" to ""
-- Installing: /home/mcav/mcav_ws/src/minidrone/install/opencv_cam/share/opencv_cam/launch
-- Installing: /home/mcav/mcav_ws/src/minidrone/install/opencv_cam/share/opencv_cam/launch/composition_launch.py
