running egg_info
creating ../build/minidrone_bringup/minidrone_bringup.egg-info
writing ../build/minidrone_bringup/minidrone_bringup.egg-info/PKG-INFO
writing dependency_links to ../build/minidrone_bringup/minidrone_bringup.egg-info/dependency_links.txt
writing entry points to ../build/minidrone_bringup/minidrone_bringup.egg-info/entry_points.txt
writing requirements to ../build/minidrone_bringup/minidrone_bringup.egg-info/requires.txt
writing top-level names to ../build/minidrone_bringup/minidrone_bringup.egg-info/top_level.txt
writing manifest file '../build/minidrone_bringup/minidrone_bringup.egg-info/SOURCES.txt'
reading manifest file '../build/minidrone_bringup/minidrone_bringup.egg-info/SOURCES.txt'
writing manifest file '../build/minidrone_bringup/minidrone_bringup.egg-info/SOURCES.txt'
running build
running build_py
creating /home/m076em/my_ws/src/minidrone/build/minidrone_bringup/build
creating /home/m076em/my_ws/src/minidrone/build/minidrone_bringup/build/lib
creating /home/m076em/my_ws/src/minidrone/build/minidrone_bringup/build/lib/minidrone_bringup
copying minidrone_bringup/__init__.py -> /home/m076em/my_ws/src/minidrone/build/minidrone_bringup/build/lib/minidrone_bringup
running install
running install_lib
creating /home/m076em/my_ws/src/minidrone/install/minidrone_bringup/lib/python3.8/site-packages/minidrone_bringup
copying /home/m076em/my_ws/src/minidrone/build/minidrone_bringup/build/lib/minidrone_bringup/__init__.py -> /home/m076em/my_ws/src/minidrone/install/minidrone_bringup/lib/python3.8/site-packages/minidrone_bringup
byte-compiling /home/m076em/my_ws/src/minidrone/install/minidrone_bringup/lib/python3.8/site-packages/minidrone_bringup/__init__.py to __init__.cpython-38.pyc
running install_data
creating /home/m076em/my_ws/src/minidrone/install/minidrone_bringup/share/ament_index
creating /home/m076em/my_ws/src/minidrone/install/minidrone_bringup/share/ament_index/resource_index
creating /home/m076em/my_ws/src/minidrone/install/minidrone_bringup/share/ament_index/resource_index/packages
copying resource/minidrone_bringup -> /home/m076em/my_ws/src/minidrone/install/minidrone_bringup/share/ament_index/resource_index/packages
copying package.xml -> /home/m076em/my_ws/src/minidrone/install/minidrone_bringup/share/minidrone_bringup
copying launch/milestone1.launch.py -> /home/m076em/my_ws/src/minidrone/install/minidrone_bringup/share/minidrone_bringup
running install_egg_info
Copying ../build/minidrone_bringup/minidrone_bringup.egg-info to /home/m076em/my_ws/src/minidrone/install/minidrone_bringup/lib/python3.8/site-packages/minidrone_bringup-0.0.0-py3.8.egg-info
running install_scripts
writing list of installed files to '/home/m076em/my_ws/src/minidrone/build/minidrone_bringup/install.log'
