[1.069s] Invoking command in '/home/m076em/my_ws/src/minidrone/minidrone_bringup': PYTHONPATH=/home/m076em/my_ws/src/minidrone/build/minidrone_bringup/prefix_override:/home/m076em/my_ws/src/minidrone/install/minidrone_bringup/lib/python3.8/site-packages:${PYTHONPATH} /usr/bin/python3 setup.py egg_info --egg-base ../build/minidrone_bringup build --build-base /home/m076em/my_ws/src/minidrone/build/minidrone_bringup/build install --record /home/m076em/my_ws/src/minidrone/build/minidrone_bringup/install.log --install-scripts $base/lib/minidrone_bringup --single-version-externally-managed
[1.274s] running egg_info
[1.276s] creating ../build/minidrone_bringup/minidrone_bringup.egg-info
[1.276s] writing ../build/minidrone_bringup/minidrone_bringup.egg-info/PKG-INFO
[1.277s] writing dependency_links to ../build/minidrone_bringup/minidrone_bringup.egg-info/dependency_links.txt
[1.277s] writing entry points to ../build/minidrone_bringup/minidrone_bringup.egg-info/entry_points.txt
[1.277s] writing requirements to ../build/minidrone_bringup/minidrone_bringup.egg-info/requires.txt
[1.278s] writing top-level names to ../build/minidrone_bringup/minidrone_bringup.egg-info/top_level.txt
[1.285s] writing manifest file '../build/minidrone_bringup/minidrone_bringup.egg-info/SOURCES.txt'
[1.316s] reading manifest file '../build/minidrone_bringup/minidrone_bringup.egg-info/SOURCES.txt'
[1.316s] writing manifest file '../build/minidrone_bringup/minidrone_bringup.egg-info/SOURCES.txt'
[1.320s] running build
[1.320s] running build_py
[1.320s] creating /home/m076em/my_ws/src/minidrone/build/minidrone_bringup/build
[1.323s] creating /home/m076em/my_ws/src/minidrone/build/minidrone_bringup/build/lib
[1.323s] creating /home/m076em/my_ws/src/minidrone/build/minidrone_bringup/build/lib/minidrone_bringup
[1.323s] copying minidrone_bringup/__init__.py -> /home/m076em/my_ws/src/minidrone/build/minidrone_bringup/build/lib/minidrone_bringup
[1.323s] running install
[1.324s] running install_lib
[1.325s] creating /home/m076em/my_ws/src/minidrone/install/minidrone_bringup/lib/python3.8/site-packages/minidrone_bringup
[1.325s] copying /home/m076em/my_ws/src/minidrone/build/minidrone_bringup/build/lib/minidrone_bringup/__init__.py -> /home/m076em/my_ws/src/minidrone/install/minidrone_bringup/lib/python3.8/site-packages/minidrone_bringup
[1.326s] byte-compiling /home/m076em/my_ws/src/minidrone/install/minidrone_bringup/lib/python3.8/site-packages/minidrone_bringup/__init__.py to __init__.cpython-38.pyc
[1.326s] running install_data
[1.328s] creating /home/m076em/my_ws/src/minidrone/install/minidrone_bringup/share/ament_index
[1.328s] creating /home/m076em/my_ws/src/minidrone/install/minidrone_bringup/share/ament_index/resource_index
[1.328s] creating /home/m076em/my_ws/src/minidrone/install/minidrone_bringup/share/ament_index/resource_index/packages
[1.328s] copying resource/minidrone_bringup -> /home/m076em/my_ws/src/minidrone/install/minidrone_bringup/share/ament_index/resource_index/packages
[1.328s] copying package.xml -> /home/m076em/my_ws/src/minidrone/install/minidrone_bringup/share/minidrone_bringup
[1.328s] copying launch/milestone1.launch.py -> /home/m076em/my_ws/src/minidrone/install/minidrone_bringup/share/minidrone_bringup
[1.329s] running install_egg_info
[1.330s] Copying ../build/minidrone_bringup/minidrone_bringup.egg-info to /home/m076em/my_ws/src/minidrone/install/minidrone_bringup/lib/python3.8/site-packages/minidrone_bringup-0.0.0-py3.8.egg-info
[1.331s] running install_scripts
[1.346s] writing list of installed files to '/home/m076em/my_ws/src/minidrone/build/minidrone_bringup/install.log'
[1.387s] Invoked command in '/home/m076em/my_ws/src/minidrone/minidrone_bringup' returned '0': PYTHONPATH=/home/m076em/my_ws/src/minidrone/build/minidrone_bringup/prefix_override:/home/m076em/my_ws/src/minidrone/install/minidrone_bringup/lib/python3.8/site-packages:${PYTHONPATH} /usr/bin/python3 setup.py egg_info --egg-base ../build/minidrone_bringup build --build-base /home/m076em/my_ws/src/minidrone/build/minidrone_bringup/build install --record /home/m076em/my_ws/src/minidrone/build/minidrone_bringup/install.log --install-scripts $base/lib/minidrone_bringup --single-version-externally-managed
